#
# There is insufficient memory for the Java Runtime Environment to continue.
# Native memory allocation (malloc) failed to allocate 472496 bytes for Chunk::new
# Possible reasons:
#   The system is out of physical RAM or swap space
#   In 32 bit mode, the process size limit was hit
# Possible solutions:
#   Reduce memory load on the system
#   Increase physical memory or swap space
#   Check if swap backing store is full
#   Use 64 bit Java on a 64 bit OS
#   Decrease Java heap size (-Xmx/-Xms)
#   Decrease number of Java threads
#   Decrease Java thread stack sizes (-Xss)
#   Set larger code cache with -XX:ReservedCodeCacheSize=
# This output file may be truncated or incomplete.
#
#  Out of Memory Error (allocation.cpp:390), pid=4796, tid=0x0000000000002b38
#
# JRE version: Java(TM) SE Runtime Environment (8.0_102-b14) (build 1.8.0_102-b14)
# Java VM: Java HotSpot(TM) 64-Bit Server VM (25.102-b14 mixed mode windows-amd64 compressed oops)
# Failed to write core dump. Minidumps are not enabled by default on client versions of Windows
#

---------------  T H R E A D  ---------------

Current thread (0x0000000014dfa000):  JavaThread "C2 CompilerThread1" daemon [_thread_in_native, id=11064, stack(0x00000000163d0000,0x00000000164d0000)]

Stack: [0x00000000163d0000,0x00000000164d0000]
[error occurred during error reporting (printing stack bounds), id 0xc0000005]

Native frames: (J=compiled Java code, j=interpreted, Vv=VM code, C=native code)


Current CompileTask:
C2:  25039 2243 %     4       com.android.dx.ssa.ConstCollector::getConstsSortedByCountUse @ 27 (386 bytes)


---------------  P R O C E S S  ---------------

Java Threads: ( => current thread )
  0x0000000016727000 JavaThread "pool-1-thread-4" [_thread_blocked, id=10552, stack(0x0000000016fd0000,0x00000000170d0000)]
  0x0000000016726000 JavaThread "pool-1-thread-3" [_thread_blocked, id=11888, stack(0x0000000016ed0000,0x0000000016fd0000)]
  0x0000000016725800 JavaThread "pool-1-thread-2" [_thread_blocked, id=10188, stack(0x0000000016dd0000,0x0000000016ed0000)]
  0x0000000016794800 JavaThread "pool-2-thread-1" [_thread_blocked, id=13672, stack(0x0000000016cd0000,0x0000000016dd0000)]
  0x0000000016750800 JavaThread "pool-1-thread-1" [_thread_blocked, id=14264, stack(0x0000000016bd0000,0x0000000016cd0000)]
  0x00000000164d7000 JavaThread "Service Thread" daemon [_thread_blocked, id=14620, stack(0x00000000169d0000,0x0000000016ad0000)]
  0x00000000164d2000 JavaThread "C1 CompilerThread2" daemon [_thread_blocked, id=11736, stack(0x00000000168d0000,0x00000000169d0000)]
=>0x0000000014dfa000 JavaThread "C2 CompilerThread1" daemon [_thread_in_native, id=11064, stack(0x00000000163d0000,0x00000000164d0000)]
  0x0000000014d9f800 JavaThread "C2 CompilerThread0" daemon [_thread_blocked, id=15048, stack(0x00000000162d0000,0x00000000163d0000)]
  0x0000000014d9c800 JavaThread "Attach Listener" daemon [_thread_blocked, id=8880, stack(0x00000000161d0000,0x00000000162d0000)]
  0x0000000014d9b800 JavaThread "Signal Dispatcher" daemon [_thread_blocked, id=10276, stack(0x00000000160d0000,0x00000000161d0000)]
  0x0000000014d8a800 JavaThread "Finalizer" daemon [_thread_blocked, id=14476, stack(0x0000000015ef0000,0x0000000015ff0000)]
  0x0000000001190000 JavaThread "Reference Handler" daemon [_thread_blocked, id=11928, stack(0x0000000015df0000,0x0000000015ef0000)]
  0x000000000106e000 JavaThread "main" [_thread_blocked, id=12540, stack(0x0000000000ee0000,0x0000000000fe0000)]

Other Threads:
  0x0000000014d67800 VMThread [stack: 0x0000000001ed0000,0x0000000001fd0000] [id=12900]
  0x00000000164db000 WatcherThread [stack: 0x0000000016ad0000,0x0000000016bd0000] [id=14056]

VM state:at safepoint (normal execution)

VM Mutex/Monitor currently owned by a thread:  ([mutex/lock_event])
[0x000000000106cba0] Threads_lock - owner thread: 0x0000000014d67800
[0x000000000106c8a0] Heap_lock - owner thread: 0x000000000106e000

Heap:
 PSYoungGen      total 152576K, used 131092K [0x00000000eab00000, 0x00000000f9680000, 0x0000000100000000)
  eden space 76288K, 100% used [0x00000000eab00000,0x00000000ef580000,0x00000000ef580000)
  from space 76288K, 71% used [0x00000000f4380000,0x00000000f79052f8,0x00000000f8e00000)
  to   space 79872K, 99% used [0x00000000ef580000,0x00000000f437ad90,0x00000000f4380000)
 ParOldGen       total 316416K, used 169751K [0x00000000c0000000, 0x00000000d3500000, 0x00000000eab00000)
  object space 316416K, 53% used [0x00000000c0000000,0x00000000ca5c9fd8,0x00000000d3500000)
 Metaspace       used 6485K, capacity 7192K, committed 7424K, reserved 1056768K
  class space    used 624K, capacity 656K, committed 768K, reserved 1048576K

Card table byte_map: [0x0000000001560000,0x0000000001770000] byte_map_base: 0x0000000000f60000

Marking Bits: (ParMarkBitMap*) 0x000000006914a6c0
 Begin Bits: [0x0000000012400000, 0x0000000013400000)
 End Bits:   [0x0000000013400000, 0x0000000014400000)

Polling page: 0x0000000000fe0000

CodeCache: size=245760Kb used=8186Kb max_used=9365Kb free=237573Kb
 bounds [0x0000000003400000, 0x0000000003d50000, 0x0000000012400000]
 total_blobs=2014 nmethods=1745 adapters=181
 compilation: enabled

Compilation events (10 events):
Event: 24.676 Thread 0x00000000164d2000 2263       3       com.android.dx.cf.code.Ropper::mergeAndWorkAsNecessary (102 bytes)
Event: 24.677 Thread 0x00000000164d2000 nmethod 2263 0x000000000366c750 code [0x000000000366c940, 0x000000000366d478]
Event: 24.683 Thread 0x00000000164d2000 2264       3       com.android.dx.rop.code.Rops::opXor (21 bytes)
Event: 24.683 Thread 0x00000000164d2000 nmethod 2264 0x0000000003823b10 code [0x0000000003823c80, 0x0000000003823e48]
Event: 24.717 Thread 0x00000000164d2000 2265       1       com.android.dx.cf.attrib.AttEnclosingMethod::byteLength (3 bytes)
Event: 24.717 Thread 0x00000000164d2000 nmethod 2265 0x000000000387ea90 code [0x000000000387ebe0, 0x000000000387ecf0]
Event: 24.721 Thread 0x00000000164d2000 2266       3       com.android.dx.rop.cst.CstLiteralBits::<init> (5 bytes)
Event: 24.721 Thread 0x00000000164d2000 nmethod 2266 0x000000000377ea50 code [0x000000000377ebc0, 0x000000000377ee30]
Event: 24.807 Thread 0x00000000164d2000 2272       3       com.android.dx.ssa.SsaBasicBlock::scheduleUseBeforeAssigned (389 bytes)
Event: 24.812 Thread 0x00000000164d2000 nmethod 2272 0x0000000003681710 code [0x0000000003681d60, 0x00000000036863c8]

GC Heap History (10 events):
Event: 22.933 GC heap before
{Heap before GC invocations=8 (full 2):
 PSYoungGen      total 58368K, used 5120K [0x00000000eab00000, 0x0000000100000000, 0x0000000100000000)
  eden space 53248K, 0% used [0x00000000eab00000,0x00000000eab00000,0x00000000edf00000)
  from space 5120K, 100% used [0x00000000f3200000,0x00000000f3700000,0x00000000f3700000)
  to   space 84992K, 0% used [0x00000000edf00000,0x00000000edf00000,0x00000000f3200000)
 ParOldGen       total 218624K, used 167072K [0x00000000c0000000, 0x00000000cd580000, 0x00000000eab00000)
  object space 218624K, 76% used [0x00000000c0000000,0x00000000ca3280b8,0x00000000cd580000)
 Metaspace       used 6404K, capacity 7128K, committed 7424K, reserved 1056768K
  class space    used 624K, capacity 656K, committed 768K, reserved 1048576K
Event: 23.312 GC heap after
Heap after GC invocations=8 (full 2):
 PSYoungGen      total 58368K, used 0K [0x00000000eab00000, 0x0000000100000000, 0x0000000100000000)
  eden space 53248K, 0% used [0x00000000eab00000,0x00000000eab00000,0x00000000edf00000)
  from space 5120K, 0% used [0x00000000f3200000,0x00000000f3200000,0x00000000f3700000)
  to   space 84992K, 0% used [0x00000000edf00000,0x00000000edf00000,0x00000000f3200000)
 ParOldGen       total 316416K, used 167079K [0x00000000c0000000, 0x00000000d3500000, 0x00000000eab00000)
  object space 316416K, 52% used [0x00000000c0000000,0x00000000ca329eb8,0x00000000d3500000)
 Metaspace       used 6404K, capacity 7128K, committed 7424K, reserved 1056768K
  class space    used 624K, capacity 656K, committed 768K, reserved 1048576K
}
Event: 23.369 GC heap before
{Heap before GC invocations=9 (full 2):
 PSYoungGen      total 58368K, used 53248K [0x00000000eab00000, 0x0000000100000000, 0x0000000100000000)
  eden space 53248K, 100% used [0x00000000eab00000,0x00000000edf00000,0x00000000edf00000)
  from space 5120K, 0% used [0x00000000f3200000,0x00000000f3200000,0x00000000f3700000)
  to   space 84992K, 0% used [0x00000000edf00000,0x00000000edf00000,0x00000000f3200000)
 ParOldGen       total 316416K, used 167079K [0x00000000c0000000, 0x00000000d3500000, 0x00000000eab00000)
  object space 316416K, 52% used [0x00000000c0000000,0x00000000ca329eb8,0x00000000d3500000)
 Metaspace       used 6406K, capacity 7128K, committed 7424K, reserved 1056768K
  class space    used 624K, capacity 656K, committed 768K, reserved 1048576K
Event: 23.391 GC heap after
Heap after GC invocations=9 (full 2):
 PSYoungGen      total 138240K, used 20587K [0x00000000eab00000, 0x00000000f8900000, 0x0000000100000000)
  eden space 53248K, 0% used [0x00000000eab00000,0x00000000eab00000,0x00000000edf00000)
  from space 84992K, 24% used [0x00000000edf00000,0x00000000ef31ac00,0x00000000f3200000)
  to   space 80896K, 0% used [0x00000000f3a00000,0x00000000f3a00000,0x00000000f8900000)
 ParOldGen       total 316416K, used 167079K [0x00000000c0000000, 0x00000000d3500000, 0x00000000eab00000)
  object space 316416K, 52% used [0x00000000c0000000,0x00000000ca329eb8,0x00000000d3500000)
 Metaspace       used 6406K, capacity 7128K, committed 7424K, reserved 1056768K
  class space    used 624K, capacity 656K, committed 768K, reserved 1048576K
}
Event: 23.666 GC heap before
{Heap before GC invocations=10 (full 2):
 PSYoungGen      total 138240K, used 73835K [0x00000000eab00000, 0x00000000f8900000, 0x0000000100000000)
  eden space 53248K, 100% used [0x00000000eab00000,0x00000000edf00000,0x00000000edf00000)
  from space 84992K, 24% used [0x00000000edf00000,0x00000000ef31ac00,0x00000000f3200000)
  to   space 80896K, 0% used [0x00000000f3a00000,0x00000000f3a00000,0x00000000f8900000)
 ParOldGen       total 316416K, used 167079K [0x00000000c0000000, 0x00000000d3500000, 0x00000000eab00000)
  object space 316416K, 52% used [0x00000000c0000000,0x00000000ca329eb8,0x00000000d3500000)
 Metaspace       used 6425K, capacity 7192K, committed 7424K, reserved 1056768K
  class space    used 624K, capacity 656K, committed 768K, reserved 1048576K
Event: 23.723 GC heap after
Heap after GC invocations=10 (full 2):
 PSYoungGen      total 138240K, used 30202K [0x00000000eab00000, 0x00000000f7f80000, 0x0000000100000000)
  eden space 67072K, 0% used [0x00000000eab00000,0x00000000eab00000,0x00000000eec80000)
  from space 71168K, 42% used [0x00000000f3a00000,0x00000000f577eb20,0x00000000f7f80000)
  to   space 75264K, 0% used [0x00000000eec80000,0x00000000eec80000,0x00000000f3600000)
 ParOldGen       total 316416K, used 167087K [0x00000000c0000000, 0x00000000d3500000, 0x00000000eab00000)
  object space 316416K, 52% used [0x00000000c0000000,0x00000000ca32beb8,0x00000000d3500000)
 Metaspace       used 6425K, capacity 7192K, committed 7424K, reserved 1056768K
  class space    used 624K, capacity 656K, committed 768K, reserved 1048576K
}
Event: 23.920 GC heap before
{Heap before GC invocations=11 (full 2):
 PSYoungGen      total 138240K, used 97274K [0x00000000eab00000, 0x00000000f7f80000, 0x0000000100000000)
  eden space 67072K, 100% used [0x00000000eab00000,0x00000000eec80000,0x00000000eec80000)
  from space 71168K, 42% used [0x00000000f3a00000,0x00000000f577eb20,0x00000000f7f80000)
  to   space 75264K, 0% used [0x00000000eec80000,0x00000000eec80000,0x00000000f3600000)
 ParOldGen       total 316416K, used 167087K [0x00000000c0000000, 0x00000000d3500000, 0x00000000eab00000)
  object space 316416K, 52% used [0x00000000c0000000,0x00000000ca32beb8,0x00000000d3500000)
 Metaspace       used 6440K, capacity 7192K, committed 7424K, reserved 1056768K
  class space    used 624K, capacity 656K, committed 768K, reserved 1048576K
Event: 23.979 GC heap after
Heap after GC invocations=11 (full 2):
 PSYoungGen      total 142336K, used 45860K [0x00000000eab00000, 0x00000000f8e00000, 0x0000000100000000)
  eden space 67072K, 0% used [0x00000000eab00000,0x00000000eab00000,0x00000000eec80000)
  from space 75264K, 60% used [0x00000000eec80000,0x00000000f19491b0,0x00000000f3600000)
  to   space 76288K, 0% used [0x00000000f4380000,0x00000000f4380000,0x00000000f8e00000)
 ParOldGen       total 316416K, used 167095K [0x00000000c0000000, 0x00000000d3500000, 0x00000000eab00000)
  object space 316416K, 52% used [0x00000000c0000000,0x00000000ca32deb8,0x00000000d3500000)
 Metaspace       used 6440K, capacity 7192K, committed 7424K, reserved 1056768K
  class space    used 624K, capacity 656K, committed 768K, reserved 1048576K
}
Event: 24.200 GC heap before
{Heap before GC invocations=12 (full 2):
 PSYoungGen      total 142336K, used 112932K [0x00000000eab00000, 0x00000000f8e00000, 0x0000000100000000)
  eden space 67072K, 100% used [0x00000000eab00000,0x00000000eec80000,0x00000000eec80000)
  from space 75264K, 60% used [0x00000000eec80000,0x00000000f19491b0,0x00000000f3600000)
  to   space 76288K, 0% used [0x00000000f4380000,0x00000000f4380000,0x00000000f8e00000)
 ParOldGen       total 316416K, used 167095K [0x00000000c0000000, 0x00000000d3500000, 0x00000000eab00000)
  object space 316416K, 52% used [0x00000000c0000000,0x00000000ca32deb8,0x00000000d3500000)
 Metaspace       used 6447K, capacity 7192K, committed 7424K, reserved 1056768K
  class space    used 624K, capacity 656K, committed 768K, reserved 1048576K
Event: 24.282 GC heap after
Heap after GC invocations=12 (full 2):
 PSYoungGen      total 152576K, used 54804K [0x00000000eab00000, 0x00000000f9680000, 0x0000000100000000)
  eden space 76288K, 0% used [0x00000000eab00000,0x00000000eab00000,0x00000000ef580000)
  from space 76288K, 71% used [0x00000000f4380000,0x00000000f79052f8,0x00000000f8e00000)
  to   space 79872K, 0% used [0x00000000ef580000,0x00000000ef580000,0x00000000f4380000)
 ParOldGen       total 316416K, used 167103K [0x00000000c0000000, 0x00000000d3500000, 0x00000000eab00000)
  object space 316416K, 52% used [0x00000000c0000000,0x00000000ca32feb8,0x00000000d3500000)
 Metaspace       used 6447K, capacity 7192K, committed 7424K, reserved 1056768K
  class space    used 624K, capacity 656K, committed 768K, reserved 1048576K
}

Deoptimization events (10 events):
Event: 23.640 Thread 0x0000000016725800 Uncommon trap: reason=class_check action=maybe_recompile pc=0x0000000003ca775c method=com.android.dx.util.BitIntSet.merge(Lcom/android/dx/util/IntSet;)V @ 1
Event: 23.648 Thread 0x0000000016725800 Uncommon trap: reason=class_check action=maybe_recompile pc=0x0000000003ccfa04 method=com.android.dx.ssa.back.InterferenceGraph.mergeInterferenceSet(ILcom/android/dx/util/IntSet;)V @ 20
Event: 23.648 Thread 0x0000000016725800 Uncommon trap: reason=class_check action=maybe_recompile pc=0x0000000003ca775c method=com.android.dx.util.BitIntSet.merge(Lcom/android/dx/util/IntSet;)V @ 1
Event: 23.747 Thread 0x000000000106e000 Uncommon trap: reason=unstable_if action=reinterpret pc=0x00000000038ac14c method=com.android.dx.ssa.MoveParamCombiner$1.visitNonMoveInsn(Lcom/android/dx/ssa/NormalSsaInsn;)V @ 27
Event: 23.909 Thread 0x0000000016727000 Uncommon trap: reason=class_check action=maybe_recompile pc=0x0000000003b7a950 method=com.android.dx.ssa.back.InterferenceGraph.mergeInterferenceSet(ILcom/android/dx/util/IntSet;)V @ 20
Event: 24.040 Thread 0x000000000106e000 Uncommon trap: reason=unstable_if action=reinterpret pc=0x0000000003b8da88 method=com.android.dx.dex.code.RopTranslator.pickOrder()V @ 130
Event: 24.346 Thread 0x000000000106e000 Uncommon trap: reason=class_check action=maybe_recompile pc=0x0000000003ca92dc method=com.android.dx.ssa.SCCP.replaceConstants()V @ 127
Event: 24.563 Thread 0x000000000106e000 Uncommon trap: reason=unstable_if action=reinterpret pc=0x0000000003bd2f54 method=java.util.HashMap.putVal(ILjava/lang/Object;Ljava/lang/Object;ZZ)Ljava/lang/Object; @ 109
Event: 24.662 Thread 0x000000000106e000 Uncommon trap: reason=unstable_if action=reinterpret pc=0x0000000003d2fd88 method=com.android.dx.ssa.Dominators.run()V @ 346
Event: 24.673 Thread 0x000000000106e000 Uncommon trap: reason=unstable_if action=reinterpret pc=0x0000000003be4754 method=com.android.dx.cf.code.Merger.mergeStack(Lcom/android/dx/cf/code/ExecutionStack;Lcom/android/dx/cf/code/ExecutionStack;)Lcom/android/dx/cf/code/ExecutionStack; @ 2

Internal exceptions (6 events):
Event: 0.116 Thread 0x000000000106e000 Exception <a 'java/lang/NoSuchMethodError': Method sun.misc.Unsafe.defineClass(Ljava/lang/String;[BII)Ljava/lang/Class; name or signature does not match> (0x00000000eab07c78) thrown at [C:\re\workspace\8-2-build-windows-amd64-cygwin\jdk8u102\7268\hotspot\sÈˆ…sŠ«½?
Event: 0.116 Thread 0x000000000106e000 Exception <a 'java/lang/NoSuchMethodError': Method sun.misc.Unsafe.prefetchRead(Ljava/lang/Object;J)V name or signature does not match> (0x00000000eab07f60) thrown at [C:\re\workspace\8-2-build-windows-amd64-cygwin\jdk8u102\7268\hotspot\src\share\vm\prims\¦S?ÑÍŒ@
Event: 4.638 Thread 0x0000000016750800 Implicit null exception at 0x00000000036b0062 to 0x00000000036b015a
Event: 8.350 Thread 0x0000000016726000 Exception <a 'java/lang/ArrayIndexOutOfBoundsException': 18> (0x00000000eca96008) thrown at [C:\re\workspace\8-2-build-windows-amd64-cygwin\jdk8u102\7268\hotspot\src\share\vm\interpreter\interpreterRuntime.cpp, line 366]
Event: 8.351 Thread 0x0000000016726000 Exception <a 'java/lang/ArrayIndexOutOfBoundsException'> (0x00000000eca97b88) thrown at [C:\re\workspace\8-2-build-windows-amd64-cygwin\jdk8u102\7268\hotspot\src\share\vm\runtime\sharedRuntime.cpp, line 605]
Event: 8.352 Thread 0x0000000016726000 Exception <a 'java/lang/ArrayIndexOutOfBoundsException'> (0x00000000eca98e70) thrown at [C:\re\workspace\8-2-build-windows-amd64-cygwin\jdk8u102\7268\hotspot\src\share\vm\runtime\sharedRuntime.cpp, line 605]

Events (10 events):
Event: 24.563 Thread 0x000000000106e000 DEOPT PACKING pc=0x0000000003bd2f54 sp=0x0000000000fde5e0
Event: 24.563 Thread 0x000000000106e000 DEOPT UNPACKING pc=0x000000000344582a sp=0x0000000000fde478 mode 2
Event: 24.662 Thread 0x000000000106e000 Uncommon trap: trap_request=0xffffff65 fr.pc=0x0000000003d2fd88
Event: 24.662 Thread 0x000000000106e000 DEOPT PACKING pc=0x0000000003d2fd88 sp=0x0000000000fde620
Event: 24.662 Thread 0x000000000106e000 DEOPT UNPACKING pc=0x000000000344582a sp=0x0000000000fde5d0 mode 2
Event: 24.673 Thread 0x000000000106e000 Uncommon trap: trap_request=0xffffff65 fr.pc=0x0000000003be4754
Event: 24.673 Thread 0x000000000106e000 DEOPT PACKING pc=0x0000000003be4754 sp=0x0000000000fde670
Event: 24.673 Thread 0x000000000106e000 DEOPT UNPACKING pc=0x000000000344582a sp=0x0000000000fde528 mode 2
Event: 24.731 Thread 0x000000000106e000 DEOPT PACKING pc=0x000000000396faf2 sp=0x0000000000fde510
Event: 24.731 Thread 0x000000000106e000 DEOPT UNPACKING pc=0x000000000344787f sp=0x0000000000fde350 mode 0


Dynamic libraries:
0x00007ff60a4e0000 - 0x00007ff60a517000 	C:\Program Files\Java\jdk1.8.0_102\bin\java.exe
0x00007ffde1c50000 - 0x00007ffde1dfd000 	C:\Windows\SYSTEM32\ntdll.dll
0x00007ffddf310000 - 0x00007ffddf44e000 	C:\Windows\system32\KERNEL32.DLL
0x00007ffddeef0000 - 0x00007ffddf005000 	C:\Windows\system32\KERNELBASE.dll
0x00007ffddd930000 - 0x00007ffddd9be000 	C:\Windows\system32\apphelp.dll
0x00007ffdc1e50000 - 0x00007ffdc1ea3000 	C:\Windows\AppPatch\AppPatch64\AcGenral.DLL
0x00007ffde0ea0000 - 0x00007ffde0f4a000 	C:\Windows\system32\msvcrt.dll
0x00007ffddf0c0000 - 0x00007ffddf0ee000 	C:\Windows\system32\SspiCli.dll
0x00007ffde1bf0000 - 0x00007ffde1c44000 	C:\Windows\system32\SHLWAPI.dll
0x00007ffde11f0000 - 0x00007ffde1367000 	C:\Windows\system32\USER32.dll
0x00007ffde1a50000 - 0x00007ffde1be4000 	C:\Windows\system32\ole32.dll
0x00007ffddf770000 - 0x00007ffde0c99000 	C:\Windows\system32\SHELL32.dll
0x00007ffdde390000 - 0x00007ffdde3b1000 	C:\Windows\SYSTEM32\USERENV.dll
0x00007ffde0cb0000 - 0x00007ffde0d5a000 	C:\Windows\system32\ADVAPI32.dll
0x00007ffdd0870000 - 0x00007ffdd088e000 	C:\Windows\SYSTEM32\MPR.dll
0x00007ffde1910000 - 0x00007ffde1a50000 	C:\Windows\system32\RPCRT4.dll
0x00007ffde1190000 - 0x00007ffde11e9000 	C:\Windows\SYSTEM32\sechost.dll
0x00007ffde1380000 - 0x00007ffde1592000 	C:\Windows\SYSTEM32\combase.dll
0x00007ffddf5b0000 - 0x00007ffddf6fb000 	C:\Windows\system32\GDI32.dll
0x00007ffdded70000 - 0x00007ffdded85000 	C:\Windows\SYSTEM32\profapi.dll
0x00007ffddd340000 - 0x00007ffddd3f2000 	C:\Windows\SYSTEM32\SHCORE.dll
0x00007ffddf2d0000 - 0x00007ffddf306000 	C:\Windows\system32\IMM32.DLL
0x00007ffddf450000 - 0x00007ffddf5a2000 	C:\Windows\system32\MSCTF.dll
0x00007ffddcca0000 - 0x00007ffddcf1b000 	C:\Windows\WinSxS\amd64_microsoft.windows.common-controls_6595b64144ccf1df_6.0.9600.18006_none_623f33d3ecbe86e8\COMCTL32.dll
0x00000000691d0000 - 0x00000000692a1000 	C:\Program Files\Java\jdk1.8.0_102\jre\bin\msvcr100.dll
0x0000000068930000 - 0x00000000691ca000 	C:\Program Files\Java\jdk1.8.0_102\jre\bin\server\jvm.dll
0x00007ffdd50e0000 - 0x00007ffdd50e9000 	C:\Windows\SYSTEM32\WSOCK32.dll
0x00007ffdda5c0000 - 0x00007ffdda5e2000 	C:\Windows\SYSTEM32\WINMM.dll
0x00007ffdda5f0000 - 0x00007ffdda5fa000 	C:\Windows\SYSTEM32\VERSION.dll
0x00007ffde0ca0000 - 0x00007ffde0ca7000 	C:\Windows\system32\PSAPI.DLL
0x00007ffde0d60000 - 0x00007ffde0dba000 	C:\Windows\system32\WS2_32.dll
0x00007ffdda580000 - 0x00007ffdda5aa000 	C:\Windows\SYSTEM32\WINMMBASE.dll
0x00007ffddf700000 - 0x00007ffddf709000 	C:\Windows\system32\NSI.dll
0x00007ffddf070000 - 0x00007ffddf0bf000 	C:\Windows\SYSTEM32\cfgmgr32.dll
0x00007ffdddba0000 - 0x00007ffdddbc8000 	C:\Windows\SYSTEM32\DEVOBJ.dll
0x0000000068920000 - 0x000000006892f000 	C:\Program Files\Java\jdk1.8.0_102\jre\bin\verify.dll
0x00000000688f0000 - 0x0000000068919000 	C:\Program Files\Java\jdk1.8.0_102\jre\bin\java.dll
0x00000000688d0000 - 0x00000000688e6000 	C:\Program Files\Java\jdk1.8.0_102\jre\bin\zip.dll

VM Arguments:
jvm_args: -Djava.awt.headless=true -Xmx1024M -Dfile.encoding=windows-1252 -Duser.country=IN -Duser.language=en -Duser.variant 
java_command: com.android.dx.command.Main --dex --num-threads=4 --output C:\Users\Padhavi\Downloads\android files\ngoconnect\app\build\intermediates\pre-dexed\debug\com.google.android.gms-play-services-ads-10.0.1_2a4dbfe2ca795a86a20c9af60622b26a35d202c3.jar C:\Users\Padhavi\Downloads\android files\ngoconnect\app\build\intermediates\exploded-aar\com.google.android.gms\play-services-ads\10.0.1\jars\classes.jar
java_class_path (initial): C:\Users\Padhavi\AppData\Local\Android\sdk\build-tools\24.0.3\lib\dx.jar
Launcher Type: SUN_STANDARD

Environment Variables:
JAVA_HOME=C:\Program Files\Java\jdk1.8.0_121
PATH=C:\oraclexe\app\oracle\product\11.2.0\server\bin;C:\ProgramData\Oracle\Java\javapath;C:\Program Files\Broadcom\Broadcom 802.11;C:\Program Files (x86)\NVIDIA Corporation\PhysX\Common;C:\Program Files (x86)\Intel\iCLS Client\;C:\Program Files\Intel\iCLS Client\;C:\Windows\system32;C:\Windows;C:\Windows\System32\Wbem;C:\Windows\System32\WindowsPowerShell\v1.0\;C:\Program Files\Hewlett-Packard\SimplePass\;C:\Program Files\Intel\Intel(R) Management Engine Components\DAL;C:\Program Files\Intel\Intel(R) Management Engine Components\IPT;C:\Program Files (x86)\Intel\Intel(R) Management Engine Components\DAL;C:\Program Files (x86)\Intel\Intel(R) Management Engine Components\IPT;C:\Program Files (x86)\Windows Live\Shared;C:\Program Files (x86)\Common Files\lenovo\easyplussdk\bin;C:\Program Files\MATLAB\R2016a\bin;C:\Program Files\nodejs\;C:\Program Files\Git\cmd;C:\Users\Padhavi\AppData\Roaming\npm;C:\Program Files\PuTTY\;C:\oraclexe\app\oracle\product\11.2.0\server\bin;;C:\ProgramData\Oracle\Java\javapath;C:\Program Files\Broadcom\Broadcom 802.11;C:\Program Files (x86)\NVIDIA Corporation\PhysX\Common;C:\Program Files (x86)\Intel\iCLS Client\;C:\Program Files\Intel\iCLS Client\;C:\Windows\system32;C:\Windows;C:\Windows\System32\Wbem;C:\Windows\System32\WindowsPowerShell\v1.0\;C:\Program Files\Hewlett-Packard\SimplePass\;C:\Program Files\Intel\Intel(R) Management Engine Components\DAL;C:\Program Files\Intel\Intel(R) Management Engine Components\IPT;C:\Program Files (x86)\Intel\Intel(R) Management Engine Components\DAL;C:\Program Files (x86)\Intel\Intel(R) Management Engine Components\IPT;C:\Program Files (x86)\Windows Live\Shared;C:\Program Files (x86)\Common Files\lenovo\easyplussdk\bin;C:\Program Files\MATLAB\R2016a\bin;C:\Program Files\nodejs\;C:\Program Files (x86)\Skype\Phone\;c:\Python27\;C:\Python34\Scripts
USERNAME=Padhavi
OS=Windows_NT
PROCESSOR_IDENTIFIER=Intel64 Family 6 Model 69 Stepping 1, GenuineIntel



---------------  S Y S T E M  ---------------

OS: Windows 8.1 , 64 bit Build 9600 (6.3.9600.17415)

CPU:total 4 (2 cores per cpu, 2 threads per core) family 6 model 69 stepping 1, cmov, cx8, fxsr, mmx, sse, sse2, sse3, ssse3, sse4.1, sse4.2, popcnt, avx, avx2, aes, clmul, erms, lzcnt, ht, tsc, tscinvbit, bmi1, bmi2

Memory: 4k page, physical 8317080k(1250876k free), swap 11462808k(4936k free)

vm_info: Java HotSpot(TM) 64-Bit Server VM (25.102-b14) for windows-amd64 JRE (1.8.0_102-b14), built on Jun 22 2016 13:15:21 by "java_re" with MS VC++ 10.0 (VS2010)

time: Sun Jul 09 06:37:32 2017
elapsed time: 25 seconds (0d 0h 0m 25s)

