#
# There is insufficient memory for the Java Runtime Environment to continue.
# Native memory allocation (malloc) failed to allocate 32744 bytes for ChunkPool::allocate
# Possible reasons:
#   The system is out of physical RAM or swap space
#   In 32 bit mode, the process size limit was hit
# Possible solutions:
#   Reduce memory load on the system
#   Increase physical memory or swap space
#   Check if swap backing store is full
#   Use 64 bit Java on a 64 bit OS
#   Decrease Java heap size (-Xmx/-Xms)
#   Decrease number of Java threads
#   Decrease Java thread stack sizes (-Xss)
#   Set larger code cache with -XX:ReservedCodeCacheSize=
# This output file may be truncated or incomplete.
#
#  Out of Memory Error (allocation.cpp:273), pid=12756, tid=0x00000000000003fc
#
# JRE version: Java(TM) SE Runtime Environment (8.0_102-b14) (build 1.8.0_102-b14)
# Java VM: Java HotSpot(TM) 64-Bit Server VM (25.102-b14 mixed mode windows-amd64 compressed oops)
# Failed to write core dump. Minidumps are not enabled by default on client versions of Windows
#

---------------  T H R E A D  ---------------

Current thread (0x0000000014fab800):  JavaThread "C1 CompilerThread2" daemon [_thread_in_native, id=1020, stack(0x00000000166e0000,0x00000000167e0000)]

Stack: [0x00000000166e0000,0x00000000167e0000]
[error occurred during error reporting (printing stack bounds), id 0xc0000005]

Native frames: (J=compiled Java code, j=interpreted, Vv=VM code, C=native code)


Current CompileTask:
C1:   5778 1453       2       com.android.dx.cf.direct.StdAttributeFactory::code (613 bytes)


---------------  P R O C E S S  ---------------

Java Threads: ( => current thread )
  0x0000000016abe800 JavaThread "pool-1-thread-4" [_thread_in_vm, id=8040, stack(0x00000000171e0000,0x00000000172e0000)]
  0x0000000016abe000 JavaThread "pool-1-thread-3" [_thread_in_vm, id=14616, stack(0x00000000170e0000,0x00000000171e0000)]
  0x0000000016abd000 JavaThread "pool-1-thread-2" [_thread_blocked, id=8592, stack(0x0000000016fe0000,0x00000000170e0000)]
  0x0000000016b1b000 JavaThread "pool-2-thread-1" [_thread_blocked, id=3036, stack(0x0000000016ee0000,0x0000000016fe0000)]
  0x0000000016b14800 JavaThread "pool-1-thread-1" [_thread_blocked, id=11560, stack(0x0000000016de0000,0x0000000016ee0000)]
  0x0000000014ffe800 JavaThread "Service Thread" daemon [_thread_blocked, id=10868, stack(0x0000000016be0000,0x0000000016ce0000)]
=>0x0000000014fab800 JavaThread "C1 CompilerThread2" daemon [_thread_in_native, id=1020, stack(0x00000000166e0000,0x00000000167e0000)]
  0x0000000014fa8000 JavaThread "C2 CompilerThread1" daemon [_thread_in_native, id=12140, stack(0x00000000165e0000,0x00000000166e0000)]
  0x0000000014fa0000 JavaThread "C2 CompilerThread0" daemon [_thread_in_native, id=5444, stack(0x00000000164e0000,0x00000000165e0000)]
  0x0000000014f9d000 JavaThread "Attach Listener" daemon [_thread_blocked, id=13556, stack(0x00000000163e0000,0x00000000164e0000)]
  0x0000000014f9c000 JavaThread "Signal Dispatcher" daemon [_thread_blocked, id=9664, stack(0x00000000162e0000,0x00000000163e0000)]
  0x000000000134c000 JavaThread "Finalizer" daemon [_thread_blocked, id=14876, stack(0x0000000016100000,0x0000000016200000)]
  0x0000000001340000 JavaThread "Reference Handler" daemon [_thread_blocked, id=7440, stack(0x0000000016000000,0x0000000016100000)]
  0x0000000000c0e000 JavaThread "main" [_thread_blocked, id=11688, stack(0x0000000000e20000,0x0000000000f20000)]

Other Threads:
  0x0000000014f67800 VMThread [stack: 0x0000000015f00000,0x0000000016000000] [id=13456]
  0x0000000016828000 WatcherThread [stack: 0x0000000016ce0000,0x0000000016de0000] [id=3996]

VM state:synchronizing (normal execution)

VM Mutex/Monitor currently owned by a thread:  ([mutex/lock_event])
[0x0000000000c0c920] Threads_lock - owner thread: 0x0000000014f67800
[0x0000000000c0d5a0] Heap_lock - owner thread: 0x0000000016b14800

Heap:
 PSYoungGen      total 38400K, used 38391K [0x00000000eab00000, 0x00000000ef600000, 0x0000000100000000)
  eden space 33280K, 100% used [0x00000000eab00000,0x00000000ecb80000,0x00000000ecb80000)
  from space 5120K, 99% used [0x00000000ecb80000,0x00000000ed07df00,0x00000000ed080000)
  to   space 5120K, 0% used [0x00000000ef100000,0x00000000ef100000,0x00000000ef600000)
 ParOldGen       total 87552K, used 571K [0x00000000c0000000, 0x00000000c5580000, 0x00000000eab00000)
  object space 87552K, 0% used [0x00000000c0000000,0x00000000c008ee60,0x00000000c5580000)
 Metaspace       used 6119K, capacity 6964K, committed 7040K, reserved 1056768K
  class space    used 601K, capacity 620K, committed 640K, reserved 1048576K

Card table byte_map: [0x0000000001710000,0x0000000001920000] byte_map_base: 0x0000000001110000

Marking Bits: (ParMarkBitMap*) 0x000000006914a6c0
 Begin Bits: [0x0000000012400000, 0x0000000013400000)
 End Bits:   [0x0000000013400000, 0x0000000014400000)

Polling page: 0x0000000000c90000

CodeCache: size=245760Kb used=5918Kb max_used=5918Kb free=239841Kb
 bounds [0x0000000003400000, 0x00000000039d0000, 0x0000000012400000]
 total_blobs=1703 nmethods=1431 adapters=181
 compilation: enabled

Compilation events (10 events):
Event: 5.356 Thread 0x0000000014fab800 nmethod 1444 0x00000000039941d0 code [0x0000000003994340, 0x00000000039944c8]
Event: 5.356 Thread 0x0000000014fab800 1445       2       com.android.dx.rop.code.RegisterSpec::getFrameType (10 bytes)
Event: 5.356 Thread 0x0000000014fab800 nmethod 1445 0x0000000003993e50 code [0x0000000003993fc0, 0x0000000003994148]
Event: 5.356 Thread 0x0000000014fab800 1446       2       com.android.dx.cf.code.Ropper::getMinimumUnreservedLabel (19 bytes)
Event: 5.357 Thread 0x0000000014fab800 nmethod 1446 0x0000000003993a50 code [0x0000000003993ba0, 0x0000000003993d10]
Event: 5.762 Thread 0x0000000014fab800 1447       2       com.android.dx.cf.code.BytecodeArray::<init> (43 bytes)
Event: 5.763 Thread 0x0000000014fab800 nmethod 1447 0x0000000003993490 code [0x0000000003993620, 0x00000000039938f8]
Event: 5.763 Thread 0x0000000014fab800 1452       2       com.android.dx.cf.iface.StdAttributeList::byteLength (35 bytes)
Event: 5.763 Thread 0x0000000014fab800 nmethod 1452 0x0000000003992ed0 code [0x0000000003993040, 0x00000000039932d8]
Event: 5.763 Thread 0x0000000014fab800 1453       2       com.android.dx.cf.direct.StdAttributeFactory::code (613 bytes)

GC Heap History (2 events):
Event: 3.736 GC heap before
{Heap before GC invocations=1 (full 0):
 PSYoungGen      total 38400K, used 33280K [0x00000000eab00000, 0x00000000ed580000, 0x0000000100000000)
  eden space 33280K, 100% used [0x00000000eab00000,0x00000000ecb80000,0x00000000ecb80000)
  from space 5120K, 0% used [0x00000000ed080000,0x00000000ed080000,0x00000000ed580000)
  to   space 5120K, 0% used [0x00000000ecb80000,0x00000000ecb80000,0x00000000ed080000)
 ParOldGen       total 87552K, used 0K [0x00000000c0000000, 0x00000000c5580000, 0x00000000eab00000)
  object space 87552K, 0% used [0x00000000c0000000,0x00000000c0000000,0x00000000c5580000)
 Metaspace       used 5924K, capacity 6836K, committed 7040K, reserved 1056768K
  class space    used 600K, capacity 620K, committed 640K, reserved 1048576K
Event: 3.795 GC heap after
Heap after GC invocations=1 (full 0):
 PSYoungGen      total 38400K, used 5111K [0x00000000eab00000, 0x00000000ef600000, 0x0000000100000000)
  eden space 33280K, 0% used [0x00000000eab00000,0x00000000eab00000,0x00000000ecb80000)
  from space 5120K, 99% used [0x00000000ecb80000,0x00000000ed07df00,0x00000000ed080000)
  to   space 5120K, 0% used [0x00000000ef100000,0x00000000ef100000,0x00000000ef600000)
 ParOldGen       total 87552K, used 571K [0x00000000c0000000, 0x00000000c5580000, 0x00000000eab00000)
  object space 87552K, 0% used [0x00000000c0000000,0x00000000c008ee60,0x00000000c5580000)
 Metaspace       used 5924K, capacity 6836K, committed 7040K, reserved 1056768K
  class space    used 600K, capacity 620K, committed 640K, reserved 1048576K
}

Deoptimization events (10 events):
Event: 4.650 Thread 0x0000000016abe000 Uncommon trap: reason=bimorphic action=maybe_recompile pc=0x00000000036cb0bc method=java.util.HashMap.getNode(ILjava/lang/Object;)Ljava/util/HashMap$Node; @ 126
Event: 4.650 Thread 0x0000000016abe000 Uncommon trap: reason=bimorphic action=maybe_recompile pc=0x00000000036cb0bc method=java.util.HashMap.getNode(ILjava/lang/Object;)Ljava/util/HashMap$Node; @ 126
Event: 4.650 Thread 0x0000000016abe000 Uncommon trap: reason=bimorphic action=maybe_recompile pc=0x00000000036f2000 method=java.util.HashMap.getNode(ILjava/lang/Object;)Ljava/util/HashMap$Node; @ 126
Event: 4.686 Thread 0x0000000016b14800 Uncommon trap: reason=null_check action=make_not_entrant pc=0x0000000003708728 method=com.android.dx.rop.type.Type.equals(Ljava/lang/Object;)Z @ 8
Event: 5.324 Thread 0x0000000016abd000 Uncommon trap: reason=bimorphic action=maybe_recompile pc=0x000000000399e5f8 method=com.android.dx.cf.code.BytecodeArray.parseInstruction(ILcom/android/dx/cf/code/BytecodeArray$Visitor;)I @ 955
Event: 5.324 Thread 0x0000000016abd000 Uncommon trap: reason=bimorphic action=maybe_recompile pc=0x000000000399e454 method=com.android.dx.cf.code.BytecodeArray.parseInstruction(ILcom/android/dx/cf/code/BytecodeArray$Visitor;)I @ 907
Event: 5.324 Thread 0x0000000016abd000 Uncommon trap: reason=bimorphic action=maybe_recompile pc=0x000000000399e864 method=com.android.dx.cf.code.BytecodeArray.parseInstruction(ILcom/android/dx/cf/code/BytecodeArray$Visitor;)I @ 1035
Event: 5.324 Thread 0x0000000016abd000 Uncommon trap: reason=bimorphic action=maybe_recompile pc=0x000000000399e4e0 method=com.android.dx.cf.code.BytecodeArray.parseInstruction(ILcom/android/dx/cf/code/BytecodeArray$Visitor;)I @ 923
Event: 5.324 Thread 0x0000000016abd000 Uncommon trap: reason=bimorphic action=maybe_recompile pc=0x000000000399e56c method=com.android.dx.cf.code.BytecodeArray.parseInstruction(ILcom/android/dx/cf/code/BytecodeArray$Visitor;)I @ 939
Event: 5.324 Thread 0x0000000016abd000 Uncommon trap: reason=bimorphic action=maybe_recompile pc=0x000000000399e864 method=com.android.dx.cf.code.BytecodeArray.parseInstruction(ILcom/android/dx/cf/code/BytecodeArray$Visitor;)I @ 1035

Internal exceptions (3 events):
Event: 0.167 Thread 0x0000000000c0e000 Exception <a 'java/lang/NoSuchMethodError': Method sun.misc.Unsafe.defineClass(Ljava/lang/String;[BII)Ljava/lang/Class; name or signature does not match> (0x00000000eab07c78) thrown at [C:\re\workspace\8-2-build-windows-amd64-cygwin\jdk8u102\7268\hotspot\s™A,*>f≈?
Event: 0.167 Thread 0x0000000000c0e000 Exception <a 'java/lang/NoSuchMethodError': Method sun.misc.Unsafe.prefetchRead(Ljava/lang/Object;J)V name or signature does not match> (0x00000000eab07f60) thrown at [C:\re\workspace\8-2-build-windows-amd64-cygwin\jdk8u102\7268\hotspot\src\share\vm\prims\WÜNæ@
Event: 4.686 Thread 0x0000000016b14800 Implicit null exception at 0x0000000003708622 to 0x000000000370871a

Events (10 events):
Event: 5.324 Thread 0x0000000016abd000 Uncommon trap: trap_request=0xffffffc6 fr.pc=0x000000000399e56c
Event: 5.324 Thread 0x0000000016abd000 DEOPT PACKING pc=0x000000000399e56c sp=0x00000000170de4d0
Event: 5.324 Thread 0x0000000016abd000 DEOPT UNPACKING pc=0x000000000344582a sp=0x00000000170de4a8 mode 2
Event: 5.324 Thread 0x0000000016abd000 Uncommon trap: trap_request=0xffffffc6 fr.pc=0x000000000399e864
Event: 5.324 Thread 0x0000000016abd000 DEOPT PACKING pc=0x000000000399e864 sp=0x00000000170de4d0
Event: 5.324 Thread 0x0000000016abd000 DEOPT UNPACKING pc=0x000000000344582a sp=0x00000000170de4a8 mode 2
Event: 5.345 Thread 0x0000000000c0e000 DEOPT PACKING pc=0x00000000037a071b sp=0x0000000000f1e3b0
Event: 5.345 Thread 0x0000000000c0e000 DEOPT UNPACKING pc=0x000000000344787f sp=0x0000000000f1e178 mode 0
Event: 5.358 Executing VM operation: ForceSafepoint
Event: 5.759 Executing VM operation: ForceSafepoint done


Dynamic libraries:
0x00007ff60a4e0000 - 0x00007ff60a517000 	C:\Program Files\Java\jdk1.8.0_102\bin\java.exe
0x00007ffde1c50000 - 0x00007ffde1dfd000 	C:\Windows\SYSTEM32\ntdll.dll
0x00007ffddf310000 - 0x00007ffddf44e000 	C:\Windows\system32\KERNEL32.DLL
0x00007ffddeef0000 - 0x00007ffddf005000 	C:\Windows\system32\KERNELBASE.dll
0x00007ffddd930000 - 0x00007ffddd9be000 	C:\Windows\system32\apphelp.dll
0x00007ffdc1e50000 - 0x00007ffdc1ea3000 	C:\Windows\AppPatch\AppPatch64\AcGenral.DLL
0x00007ffde0ea0000 - 0x00007ffde0f4a000 	C:\Windows\system32\msvcrt.dll
0x00007ffddf0c0000 - 0x00007ffddf0ee000 	C:\Windows\system32\SspiCli.dll
0x00007ffde1bf0000 - 0x00007ffde1c44000 	C:\Windows\system32\SHLWAPI.dll
0x00007ffde11f0000 - 0x00007ffde1367000 	C:\Windows\system32\USER32.dll
0x00007ffde1a50000 - 0x00007ffde1be4000 	C:\Windows\system32\ole32.dll
0x00007ffddf770000 - 0x00007ffde0c99000 	C:\Windows\system32\SHELL32.dll
0x00007ffdde390000 - 0x00007ffdde3b1000 	C:\Windows\SYSTEM32\USERENV.dll
0x00007ffde0cb0000 - 0x00007ffde0d5a000 	C:\Windows\system32\ADVAPI32.dll
0x00007ffdd0870000 - 0x00007ffdd088e000 	C:\Windows\SYSTEM32\MPR.dll
0x00007ffde1910000 - 0x00007ffde1a50000 	C:\Windows\system32\RPCRT4.dll
0x00007ffde1190000 - 0x00007ffde11e9000 	C:\Windows\SYSTEM32\sechost.dll
0x00007ffde1380000 - 0x00007ffde1592000 	C:\Windows\SYSTEM32\combase.dll
0x00007ffddf5b0000 - 0x00007ffddf6fb000 	C:\Windows\system32\GDI32.dll
0x00007ffdded70000 - 0x00007ffdded85000 	C:\Windows\SYSTEM32\profapi.dll
0x00007ffddd340000 - 0x00007ffddd3f2000 	C:\Windows\SYSTEM32\SHCORE.dll
0x00007ffddf2d0000 - 0x00007ffddf306000 	C:\Windows\system32\IMM32.DLL
0x00007ffddf450000 - 0x00007ffddf5a2000 	C:\Windows\system32\MSCTF.dll
0x00007ffddcca0000 - 0x00007ffddcf1b000 	C:\Windows\WinSxS\amd64_microsoft.windows.common-controls_6595b64144ccf1df_6.0.9600.18006_none_623f33d3ecbe86e8\COMCTL32.dll
0x00000000691d0000 - 0x00000000692a1000 	C:\Program Files\Java\jdk1.8.0_102\jre\bin\msvcr100.dll
0x0000000068930000 - 0x00000000691ca000 	C:\Program Files\Java\jdk1.8.0_102\jre\bin\server\jvm.dll
0x00007ffdd50e0000 - 0x00007ffdd50e9000 	C:\Windows\SYSTEM32\WSOCK32.dll
0x00007ffdda5c0000 - 0x00007ffdda5e2000 	C:\Windows\SYSTEM32\WINMM.dll
0x00007ffdda5f0000 - 0x00007ffdda5fa000 	C:\Windows\SYSTEM32\VERSION.dll
0x00007ffde0ca0000 - 0x00007ffde0ca7000 	C:\Windows\system32\PSAPI.DLL
0x00007ffde0d60000 - 0x00007ffde0dba000 	C:\Windows\system32\WS2_32.dll
0x00007ffdda580000 - 0x00007ffdda5aa000 	C:\Windows\SYSTEM32\WINMMBASE.dll
0x00007ffddf700000 - 0x00007ffddf709000 	C:\Windows\system32\NSI.dll
0x00007ffddf070000 - 0x00007ffddf0bf000 	C:\Windows\SYSTEM32\cfgmgr32.dll
0x00007ffdddba0000 - 0x00007ffdddbc8000 	C:\Windows\SYSTEM32\DEVOBJ.dll
0x0000000068920000 - 0x000000006892f000 	C:\Program Files\Java\jdk1.8.0_102\jre\bin\verify.dll
0x00000000688f0000 - 0x0000000068919000 	C:\Program Files\Java\jdk1.8.0_102\jre\bin\java.dll
0x00000000688d0000 - 0x00000000688e6000 	C:\Program Files\Java\jdk1.8.0_102\jre\bin\zip.dll

VM Arguments:
jvm_args: -Djava.awt.headless=true -Xmx1024M -Dfile.encoding=windows-1252 -Duser.country=IN -Duser.language=en -Duser.variant 
java_command: com.android.dx.command.Main --dex --num-threads=4 --output C:\Users\Padhavi\Downloads\android files\ngoconnect\app\build\intermediates\pre-dexed\debug\com.google.android.gms-play-services-ads-10.0.1_2a4dbfe2ca795a86a20c9af60622b26a35d202c3.jar C:\Users\Padhavi\Downloads\android files\ngoconnect\app\build\intermediates\exploded-aar\com.google.android.gms\play-services-ads\10.0.1\jars\classes.jar
java_class_path (initial): C:\Users\Padhavi\AppData\Local\Android\sdk\build-tools\24.0.3\lib\dx.jar
Launcher Type: SUN_STANDARD

Environment Variables:
JAVA_HOME=C:\Program Files\Java\jdk1.8.0_121
PATH=C:\oraclexe\app\oracle\product\11.2.0\server\bin;C:\ProgramData\Oracle\Java\javapath;C:\Program Files\Broadcom\Broadcom 802.11;C:\Program Files (x86)\NVIDIA Corporation\PhysX\Common;C:\Program Files (x86)\Intel\iCLS Client\;C:\Program Files\Intel\iCLS Client\;C:\Windows\system32;C:\Windows;C:\Windows\System32\Wbem;C:\Windows\System32\WindowsPowerShell\v1.0\;C:\Program Files\Hewlett-Packard\SimplePass\;C:\Program Files\Intel\Intel(R) Management Engine Components\DAL;C:\Program Files\Intel\Intel(R) Management Engine Components\IPT;C:\Program Files (x86)\Intel\Intel(R) Management Engine Components\DAL;C:\Program Files (x86)\Intel\Intel(R) Management Engine Components\IPT;C:\Program Files (x86)\Windows Live\Shared;C:\Program Files (x86)\Common Files\lenovo\easyplussdk\bin;C:\Program Files\MATLAB\R2016a\bin;C:\Program Files\nodejs\;C:\Program Files\Git\cmd;C:\Users\Padhavi\AppData\Roaming\npm;C:\Program Files\PuTTY\;C:\oraclexe\app\oracle\product\11.2.0\server\bin;;C:\ProgramData\Oracle\Java\javapath;C:\Program Files\Broadcom\Broadcom 802.11;C:\Program Files (x86)\NVIDIA Corporation\PhysX\Common;C:\Program Files (x86)\Intel\iCLS Client\;C:\Program Files\Intel\iCLS Client\;C:\Windows\system32;C:\Windows;C:\Windows\System32\Wbem;C:\Windows\System32\WindowsPowerShell\v1.0\;C:\Program Files\Hewlett-Packard\SimplePass\;C:\Program Files\Intel\Intel(R) Management Engine Components\DAL;C:\Program Files\Intel\Intel(R) Management Engine Components\IPT;C:\Program Files (x86)\Intel\Intel(R) Management Engine Components\DAL;C:\Program Files (x86)\Intel\Intel(R) Management Engine Components\IPT;C:\Program Files (x86)\Windows Live\Shared;C:\Program Files (x86)\Common Files\lenovo\easyplussdk\bin;C:\Program Files\MATLAB\R2016a\bin;C:\Program Files\nodejs\;C:\Program Files (x86)\Skype\Phone\;c:\Python27\;C:\Python34\Scripts
USERNAME=Padhavi
OS=Windows_NT
PROCESSOR_IDENTIFIER=Intel64 Family 6 Model 69 Stepping 1, GenuineIntel



---------------  S Y S T E M  ---------------

OS: Windows 8.1 , 64 bit Build 9600 (6.3.9600.17415)

CPU:total 4 (2 cores per cpu, 2 threads per core) family 6 model 69 stepping 1, cmov, cx8, fxsr, mmx, sse, sse2, sse3, ssse3, sse4.1, sse4.2, popcnt, avx, avx2, aes, clmul, erms, lzcnt, ht, tsc, tscinvbit, bmi1, bmi2

Memory: 4k page, physical 8317080k(1215188k free), swap 11462808k(5016k free)

vm_info: Java HotSpot(TM) 64-Bit Server VM (25.102-b14) for windows-amd64 JRE (1.8.0_102-b14), built on Jun 22 2016 13:15:21 by "java_re" with MS VC++ 10.0 (VS2010)

time: Sun Jul 09 04:29:04 2017
elapsed time: 5 seconds (0d 0h 0m 5s)

