#
# There is insufficient memory for the Java Runtime Environment to continue.
# Native memory allocation (malloc) failed to allocate 32744 bytes for ChunkPool::allocate
# Possible reasons:
#   The system is out of physical RAM or swap space
#   In 32 bit mode, the process size limit was hit
# Possible solutions:
#   Reduce memory load on the system
#   Increase physical memory or swap space
#   Check if swap backing store is full
#   Use 64 bit Java on a 64 bit OS
#   Decrease Java heap size (-Xmx/-Xms)
#   Decrease number of Java threads
#   Decrease Java thread stack sizes (-Xss)
#   Set larger code cache with -XX:ReservedCodeCacheSize=
# This output file may be truncated or incomplete.
#
#  Out of Memory Error (allocation.cpp:273), pid=9776, tid=0x0000000000003774
#
# JRE version: Java(TM) SE Runtime Environment (8.0_102-b14) (build 1.8.0_102-b14)
# Java VM: Java HotSpot(TM) 64-Bit Server VM (25.102-b14 mixed mode windows-amd64 compressed oops)
# Failed to write core dump. Minidumps are not enabled by default on client versions of Windows
#

---------------  T H R E A D  ---------------

Current thread (0x0000000001de0800):  JavaThread "C2 CompilerThread0" daemon [_thread_in_native, id=14196, stack(0x00000000160c0000,0x00000000161c0000)]

Stack: [0x00000000160c0000,0x00000000161c0000]
[error occurred during error reporting (printing stack bounds), id 0xc0000005]

Native frames: (J=compiled Java code, j=interpreted, Vv=VM code, C=native code)


Current CompileTask:
C2:   6165 1623       4       com.android.dx.ssa.SCCP::run (298 bytes)


---------------  P R O C E S S  ---------------

Java Threads: ( => current thread )
  0x0000000016694000 JavaThread "pool-1-thread-4" [_thread_in_Java, id=13808, stack(0x0000000016dc0000,0x0000000016ec0000)]
  0x0000000016618000 JavaThread "pool-1-thread-3" [_thread_in_Java, id=4612, stack(0x0000000016cc0000,0x0000000016dc0000)]
  0x0000000016616800 JavaThread "pool-1-thread-2" [_thread_blocked, id=8860, stack(0x0000000016bc0000,0x0000000016cc0000)]
  0x0000000016613800 JavaThread "pool-2-thread-1" [_thread_blocked, id=9456, stack(0x0000000016ac0000,0x0000000016bc0000)]
  0x0000000016610800 JavaThread "pool-1-thread-1" [_thread_in_Java, id=5516, stack(0x00000000169c0000,0x0000000016ac0000)]
  0x00000000163c3000 JavaThread "Service Thread" daemon [_thread_blocked, id=8904, stack(0x00000000167c0000,0x00000000168c0000)]
  0x0000000001e3d800 JavaThread "C1 CompilerThread2" daemon [_thread_blocked, id=14960, stack(0x00000000162c0000,0x00000000163c0000)]
  0x0000000001de4800 JavaThread "C2 CompilerThread1" daemon [_thread_blocked, id=8740, stack(0x00000000161c0000,0x00000000162c0000)]
=>0x0000000001de0800 JavaThread "C2 CompilerThread0" daemon [_thread_in_native, id=14196, stack(0x00000000160c0000,0x00000000161c0000)]
  0x0000000001ddd800 JavaThread "Attach Listener" daemon [_thread_blocked, id=12108, stack(0x0000000015fc0000,0x00000000160c0000)]
  0x0000000000f0e800 JavaThread "Signal Dispatcher" daemon [_thread_blocked, id=7948, stack(0x0000000015ec0000,0x0000000015fc0000)]
  0x0000000001dca000 JavaThread "Finalizer" daemon [_thread_blocked, id=13904, stack(0x0000000015ce0000,0x0000000015de0000)]
  0x0000000000f00000 JavaThread "Reference Handler" daemon [_thread_blocked, id=5308, stack(0x0000000015be0000,0x0000000015ce0000)]
  0x0000000000d0e000 JavaThread "main" [_thread_in_Java, id=10108, stack(0x0000000000d10000,0x0000000000e10000)]

Other Threads:
  0x0000000001da7000 VMThread [stack: 0x0000000015ae0000,0x0000000015be0000] [id=15312]
  0x00000000163c7000 WatcherThread [stack: 0x00000000168c0000,0x00000000169c0000] [id=13708]

VM state:synchronizing (normal execution)

VM Mutex/Monitor currently owned by a thread:  ([mutex/lock_event])
[0x0000000000d0cc80] Safepoint_lock - owner thread: 0x0000000001da7000
[0x0000000000d0d600] Threads_lock - owner thread: 0x0000000001da7000

Heap:
 PSYoungGen      total 38400K, used 25636K [0x00000000eab00000, 0x00000000ef600000, 0x0000000100000000)
  eden space 33280K, 61% used [0x00000000eab00000,0x00000000ebf0b3c0,0x00000000ecb80000)
  from space 5120K, 99% used [0x00000000ed080000,0x00000000ed57dc88,0x00000000ed580000)
  to   space 5120K, 0% used [0x00000000ecb80000,0x00000000ecb80000,0x00000000ed080000)
 ParOldGen       total 87552K, used 4829K [0x00000000c0000000, 0x00000000c5580000, 0x00000000eab00000)
  object space 87552K, 5% used [0x00000000c0000000,0x00000000c04b77d8,0x00000000c5580000)
 Metaspace       used 6158K, capacity 7152K, committed 7296K, reserved 1056768K
  class space    used 591K, capacity 616K, committed 640K, reserved 1048576K

Card table byte_map: [0x00000000012d0000,0x00000000014e0000] byte_map_base: 0x0000000000cd0000

Marking Bits: (ParMarkBitMap*) 0x000000006914a6c0
 Begin Bits: [0x0000000012400000, 0x0000000013400000)
 End Bits:   [0x0000000013400000, 0x0000000014400000)

Polling page: 0x0000000000750000

CodeCache: size=245760Kb used=7127Kb max_used=7127Kb free=238632Kb
 bounds [0x0000000003400000, 0x0000000003b00000, 0x0000000012400000]
 total_blobs=1938 nmethods=1672 adapters=176
 compilation: enabled

Compilation events (10 events):
Event: 5.868 Thread 0x0000000001e3d800 1689       2       com.android.dx.rop.cst.CstString::utf8BytesToString (391 bytes)
Event: 5.869 Thread 0x0000000001e3d800 nmethod 1689 0x0000000003af2f50 code [0x0000000003af3180, 0x0000000003af3a18]
Event: 5.870 Thread 0x0000000001e3d800 1690       2       com.android.dx.rop.annotation.Annotations::<init> (16 bytes)
Event: 5.870 Thread 0x0000000001e3d800 nmethod 1690 0x0000000003af4250 code [0x0000000003af43a0, 0x0000000003af4570]
Event: 5.870 Thread 0x0000000001e3d800 1691       1       com.android.dx.rop.code.SourcePosition::getLine (5 bytes)
Event: 5.870 Thread 0x0000000001e3d800 nmethod 1691 0x0000000003af4610 code [0x0000000003af4760, 0x0000000003af4870]
Event: 5.871 Thread 0x0000000001e3d800 1692       2       com.android.dx.dex.code.OutputFinisher::updateInfo (44 bytes)
Event: 5.871 Thread 0x0000000001e3d800 nmethod 1692 0x0000000003af48d0 code [0x0000000003af4a40, 0x0000000003af4c08]
Event: 5.873 Thread 0x0000000001e3d800 1693       2       java.util.Collections$UnmodifiableList::get (11 bytes)
Event: 5.873 Thread 0x0000000001e3d800 nmethod 1693 0x0000000003af4d10 code [0x0000000003af4e80, 0x0000000003af5008]

GC Heap History (4 events):
Event: 3.854 GC heap before
{Heap before GC invocations=1 (full 0):
 PSYoungGen      total 38400K, used 33280K [0x00000000eab00000, 0x00000000ed580000, 0x0000000100000000)
  eden space 33280K, 100% used [0x00000000eab00000,0x00000000ecb80000,0x00000000ecb80000)
  from space 5120K, 0% used [0x00000000ed080000,0x00000000ed080000,0x00000000ed580000)
  to   space 5120K, 0% used [0x00000000ecb80000,0x00000000ecb80000,0x00000000ed080000)
 ParOldGen       total 87552K, used 0K [0x00000000c0000000, 0x00000000c5580000, 0x00000000eab00000)
  object space 87552K, 0% used [0x00000000c0000000,0x00000000c0000000,0x00000000c5580000)
 Metaspace       used 5917K, capacity 6960K, committed 7040K, reserved 1056768K
  class space    used 590K, capacity 616K, committed 640K, reserved 1048576K
Event: 3.865 GC heap after
Heap after GC invocations=1 (full 0):
 PSYoungGen      total 38400K, used 5092K [0x00000000eab00000, 0x00000000ed580000, 0x0000000100000000)
  eden space 33280K, 0% used [0x00000000eab00000,0x00000000eab00000,0x00000000ecb80000)
  from space 5120K, 99% used [0x00000000ecb80000,0x00000000ed079308,0x00000000ed080000)
  to   space 5120K, 0% used [0x00000000ed080000,0x00000000ed080000,0x00000000ed580000)
 ParOldGen       total 87552K, used 1131K [0x00000000c0000000, 0x00000000c5580000, 0x00000000eab00000)
  object space 87552K, 1% used [0x00000000c0000000,0x00000000c011afe0,0x00000000c5580000)
 Metaspace       used 5917K, capacity 6960K, committed 7040K, reserved 1056768K
  class space    used 590K, capacity 616K, committed 640K, reserved 1048576K
}
Event: 4.947 GC heap before
{Heap before GC invocations=2 (full 0):
 PSYoungGen      total 38400K, used 38372K [0x00000000eab00000, 0x00000000ed580000, 0x0000000100000000)
  eden space 33280K, 100% used [0x00000000eab00000,0x00000000ecb80000,0x00000000ecb80000)
  from space 5120K, 99% used [0x00000000ecb80000,0x00000000ed079308,0x00000000ed080000)
  to   space 5120K, 0% used [0x00000000ed080000,0x00000000ed080000,0x00000000ed580000)
 ParOldGen       total 87552K, used 1131K [0x00000000c0000000, 0x00000000c5580000, 0x00000000eab00000)
  object space 87552K, 1% used [0x00000000c0000000,0x00000000c011afe0,0x00000000c5580000)
 Metaspace       used 6138K, capacity 7088K, committed 7296K, reserved 1056768K
  class space    used 591K, capacity 616K, committed 640K, reserved 1048576K
Event: 5.030 GC heap after
Heap after GC invocations=2 (full 0):
 PSYoungGen      total 38400K, used 5111K [0x00000000eab00000, 0x00000000ef600000, 0x0000000100000000)
  eden space 33280K, 0% used [0x00000000eab00000,0x00000000eab00000,0x00000000ecb80000)
  from space 5120K, 99% used [0x00000000ed080000,0x00000000ed57dc88,0x00000000ed580000)
  to   space 5120K, 0% used [0x00000000ecb80000,0x00000000ecb80000,0x00000000ed080000)
 ParOldGen       total 87552K, used 4829K [0x00000000c0000000, 0x00000000c5580000, 0x00000000eab00000)
  object space 87552K, 5% used [0x00000000c0000000,0x00000000c04b77d8,0x00000000c5580000)
 Metaspace       used 6138K, capacity 7088K, committed 7296K, reserved 1056768K
  class space    used 591K, capacity 616K, committed 640K, reserved 1048576K
}

Deoptimization events (10 events):
Event: 4.571 Thread 0x0000000016618000 Uncommon trap: reason=null_check action=make_not_entrant pc=0x00000000038c3da8 method=com.android.dx.rop.type.Type.equals(Ljava/lang/Object;)Z @ 8
Event: 4.628 Thread 0x0000000016616800 Uncommon trap: reason=unstable_if action=reinterpret pc=0x00000000037ce284 method=com.android.dx.rop.code.RegisterSpecSet.<init>(I)V @ 2
Event: 5.829 Thread 0x0000000016610800 Uncommon trap: reason=bimorphic action=maybe_recompile pc=0x0000000003967564 method=com.android.dx.cf.code.BytecodeArray.parseInstruction(ILcom/android/dx/cf/code/BytecodeArray$Visitor;)I @ 1357
Event: 5.829 Thread 0x0000000016610800 Uncommon trap: reason=bimorphic action=maybe_recompile pc=0x0000000003967564 method=com.android.dx.cf.code.BytecodeArray.parseInstruction(ILcom/android/dx/cf/code/BytecodeArray$Visitor;)I @ 1357
Event: 5.829 Thread 0x0000000016610800 Uncommon trap: reason=bimorphic action=maybe_recompile pc=0x0000000003966e94 method=com.android.dx.cf.code.BytecodeArray.parseInstruction(ILcom/android/dx/cf/code/BytecodeArray$Visitor;)I @ 939
Event: 5.829 Thread 0x0000000016610800 Uncommon trap: reason=bimorphic action=maybe_recompile pc=0x0000000003967564 method=com.android.dx.cf.code.BytecodeArray.parseInstruction(ILcom/android/dx/cf/code/BytecodeArray$Visitor;)I @ 1357
Event: 5.837 Thread 0x0000000016610800 Uncommon trap: reason=bimorphic action=maybe_recompile pc=0x0000000003a010a4 method=com.android.dx.ssa.SCCP.simulatePhi(Lcom/android/dx/ssa/PhiInsn;)V @ 124
Event: 5.837 Thread 0x0000000016610800 Uncommon trap: reason=unstable_if action=reinterpret pc=0x000000000393ce18 method=com.android.dx.ssa.SCCP.simulateStmt(Lcom/android/dx/ssa/SsaInsn;)V @ 53
Event: 5.867 Thread 0x0000000000d0e000 Uncommon trap: reason=unstable_if action=reinterpret pc=0x00000000036b8a10 method=java.lang.String.<init>([CII)V @ 18
Event: 5.869 Thread 0x0000000016610800 Uncommon trap: reason=unstable_if action=reinterpret pc=0x000000000384df70 method=com.android.dx.dex.code.OutputFinisher.hasLocalInfo(Lcom/android/dx/dex/code/DalvInsn;)Z @ 24

Internal exceptions (3 events):
Event: 0.165 Thread 0x0000000000d0e000 Exception <a 'java/lang/NoSuchMethodError': Method sun.misc.Unsafe.defineClass(Ljava/lang/String;[BII)Ljava/lang/Class; name or signature does not match> (0x00000000eab07c78) thrown at [C:\re\workspace\8-2-build-windows-amd64-cygwin\jdk8u102\7268\hotspot\s·Öo–®(Å?
Event: 0.165 Thread 0x0000000000d0e000 Exception <a 'java/lang/NoSuchMethodError': Method sun.misc.Unsafe.prefetchRead(Ljava/lang/Object;J)V name or signature does not match> (0x00000000eab07f60) thrown at [C:\re\workspace\8-2-build-windows-amd64-cygwin\jdk8u102\7268\hotspot\src\share\vm\prims\ù­ƒ’H@
Event: 4.571 Thread 0x0000000016618000 Implicit null exception at 0x00000000038c3ca2 to 0x00000000038c3d9a

Events (10 events):
Event: 5.837 Thread 0x0000000016610800 DEOPT UNPACKING pc=0x000000000344582a sp=0x0000000016abe618 mode 2
Event: 5.837 Thread 0x0000000016610800 Uncommon trap: trap_request=0xffffff65 fr.pc=0x000000000393ce18
Event: 5.837 Thread 0x0000000016610800 DEOPT PACKING pc=0x000000000393ce18 sp=0x0000000016abe5d0
Event: 5.837 Thread 0x0000000016610800 DEOPT UNPACKING pc=0x000000000344582a sp=0x0000000016abe5b8 mode 2
Event: 5.867 Thread 0x0000000000d0e000 Uncommon trap: trap_request=0xffffff65 fr.pc=0x00000000036b8a10
Event: 5.867 Thread 0x0000000000d0e000 DEOPT PACKING pc=0x00000000036b8a10 sp=0x0000000000e0eb00
Event: 5.867 Thread 0x0000000000d0e000 DEOPT UNPACKING pc=0x000000000344582a sp=0x0000000000e0ea30 mode 2
Event: 5.869 Thread 0x0000000016610800 Uncommon trap: trap_request=0xffffff65 fr.pc=0x000000000384df70
Event: 5.869 Thread 0x0000000016610800 DEOPT PACKING pc=0x000000000384df70 sp=0x0000000016abe790
Event: 5.869 Thread 0x0000000016610800 DEOPT UNPACKING pc=0x000000000344582a sp=0x0000000016abe6a8 mode 2


Dynamic libraries:
0x00007ff60a4e0000 - 0x00007ff60a517000 	C:\Program Files\Java\jdk1.8.0_102\bin\java.exe
0x00007ffde1c50000 - 0x00007ffde1dfd000 	C:\Windows\SYSTEM32\ntdll.dll
0x00007ffddf310000 - 0x00007ffddf44e000 	C:\Windows\system32\KERNEL32.DLL
0x00007ffddeef0000 - 0x00007ffddf005000 	C:\Windows\system32\KERNELBASE.dll
0x00007ffddd930000 - 0x00007ffddd9be000 	C:\Windows\system32\apphelp.dll
0x00007ffdc1e50000 - 0x00007ffdc1ea3000 	C:\Windows\AppPatch\AppPatch64\AcGenral.DLL
0x00007ffde0ea0000 - 0x00007ffde0f4a000 	C:\Windows\system32\msvcrt.dll
0x00007ffddf0c0000 - 0x00007ffddf0ee000 	C:\Windows\system32\SspiCli.dll
0x00007ffde1bf0000 - 0x00007ffde1c44000 	C:\Windows\system32\SHLWAPI.dll
0x00007ffde11f0000 - 0x00007ffde1367000 	C:\Windows\system32\USER32.dll
0x00007ffde1a50000 - 0x00007ffde1be4000 	C:\Windows\system32\ole32.dll
0x00007ffddf770000 - 0x00007ffde0c99000 	C:\Windows\system32\SHELL32.dll
0x00007ffdde390000 - 0x00007ffdde3b1000 	C:\Windows\SYSTEM32\USERENV.dll
0x00007ffde0cb0000 - 0x00007ffde0d5a000 	C:\Windows\system32\ADVAPI32.dll
0x00007ffdd0870000 - 0x00007ffdd088e000 	C:\Windows\SYSTEM32\MPR.dll
0x00007ffde1910000 - 0x00007ffde1a50000 	C:\Windows\system32\RPCRT4.dll
0x00007ffde1190000 - 0x00007ffde11e9000 	C:\Windows\SYSTEM32\sechost.dll
0x00007ffde1380000 - 0x00007ffde1592000 	C:\Windows\SYSTEM32\combase.dll
0x00007ffddf5b0000 - 0x00007ffddf6fb000 	C:\Windows\system32\GDI32.dll
0x00007ffdded70000 - 0x00007ffdded85000 	C:\Windows\SYSTEM32\profapi.dll
0x00007ffddd340000 - 0x00007ffddd3f2000 	C:\Windows\SYSTEM32\SHCORE.dll
0x00007ffddf2d0000 - 0x00007ffddf306000 	C:\Windows\system32\IMM32.DLL
0x00007ffddf450000 - 0x00007ffddf5a2000 	C:\Windows\system32\MSCTF.dll
0x00007ffddcca0000 - 0x00007ffddcf1b000 	C:\Windows\WinSxS\amd64_microsoft.windows.common-controls_6595b64144ccf1df_6.0.9600.18006_none_623f33d3ecbe86e8\COMCTL32.dll
0x00000000691d0000 - 0x00000000692a1000 	C:\Program Files\Java\jdk1.8.0_102\jre\bin\msvcr100.dll
0x0000000068930000 - 0x00000000691ca000 	C:\Program Files\Java\jdk1.8.0_102\jre\bin\server\jvm.dll
0x00007ffdd50e0000 - 0x00007ffdd50e9000 	C:\Windows\SYSTEM32\WSOCK32.dll
0x00007ffdda5c0000 - 0x00007ffdda5e2000 	C:\Windows\SYSTEM32\WINMM.dll
0x00007ffdda5f0000 - 0x00007ffdda5fa000 	C:\Windows\SYSTEM32\VERSION.dll
0x00007ffde0ca0000 - 0x00007ffde0ca7000 	C:\Windows\system32\PSAPI.DLL
0x00007ffde0d60000 - 0x00007ffde0dba000 	C:\Windows\system32\WS2_32.dll
0x00007ffdda580000 - 0x00007ffdda5aa000 	C:\Windows\SYSTEM32\WINMMBASE.dll
0x00007ffddf700000 - 0x00007ffddf709000 	C:\Windows\system32\NSI.dll
0x00007ffddf070000 - 0x00007ffddf0bf000 	C:\Windows\SYSTEM32\cfgmgr32.dll
0x00007ffdddba0000 - 0x00007ffdddbc8000 	C:\Windows\SYSTEM32\DEVOBJ.dll
0x0000000068920000 - 0x000000006892f000 	C:\Program Files\Java\jdk1.8.0_102\jre\bin\verify.dll
0x00000000688f0000 - 0x0000000068919000 	C:\Program Files\Java\jdk1.8.0_102\jre\bin\java.dll
0x00000000688d0000 - 0x00000000688e6000 	C:\Program Files\Java\jdk1.8.0_102\jre\bin\zip.dll

VM Arguments:
jvm_args: -Djava.awt.headless=true -Xmx1024M -Dfile.encoding=windows-1252 -Duser.country=IN -Duser.language=en -Duser.variant 
java_command: com.android.dx.command.Main --dex --num-threads=4 --output C:\Users\Padhavi\Downloads\android files\ngoconnect\app\build\intermediates\pre-dexed\debug\internal_impl-25.0.1_be732dceab90a94805d30d4f703d450bdf4dc05e.jar C:\Users\Padhavi\Downloads\android files\ngoconnect\app\build\intermediates\exploded-aar\com.android.support\support-compat\25.0.1\jars\libs\internal_impl-25.0.1.jar
java_class_path (initial): C:\Users\Padhavi\AppData\Local\Android\sdk\build-tools\24.0.3\lib\dx.jar
Launcher Type: SUN_STANDARD

Environment Variables:
JAVA_HOME=C:\Program Files\Java\jdk1.8.0_121
PATH=C:\oraclexe\app\oracle\product\11.2.0\server\bin;C:\ProgramData\Oracle\Java\javapath;C:\Program Files\Broadcom\Broadcom 802.11;C:\Program Files (x86)\NVIDIA Corporation\PhysX\Common;C:\Program Files (x86)\Intel\iCLS Client\;C:\Program Files\Intel\iCLS Client\;C:\Windows\system32;C:\Windows;C:\Windows\System32\Wbem;C:\Windows\System32\WindowsPowerShell\v1.0\;C:\Program Files\Hewlett-Packard\SimplePass\;C:\Program Files\Intel\Intel(R) Management Engine Components\DAL;C:\Program Files\Intel\Intel(R) Management Engine Components\IPT;C:\Program Files (x86)\Intel\Intel(R) Management Engine Components\DAL;C:\Program Files (x86)\Intel\Intel(R) Management Engine Components\IPT;C:\Program Files (x86)\Windows Live\Shared;C:\Program Files (x86)\Common Files\lenovo\easyplussdk\bin;C:\Program Files\MATLAB\R2016a\bin;C:\Program Files\nodejs\;C:\Program Files\Git\cmd;C:\Users\Padhavi\AppData\Roaming\npm;C:\Program Files\PuTTY\;C:\oraclexe\app\oracle\product\11.2.0\server\bin;;C:\ProgramData\Oracle\Java\javapath;C:\Program Files\Broadcom\Broadcom 802.11;C:\Program Files (x86)\NVIDIA Corporation\PhysX\Common;C:\Program Files (x86)\Intel\iCLS Client\;C:\Program Files\Intel\iCLS Client\;C:\Windows\system32;C:\Windows;C:\Windows\System32\Wbem;C:\Windows\System32\WindowsPowerShell\v1.0\;C:\Program Files\Hewlett-Packard\SimplePass\;C:\Program Files\Intel\Intel(R) Management Engine Components\DAL;C:\Program Files\Intel\Intel(R) Management Engine Components\IPT;C:\Program Files (x86)\Intel\Intel(R) Management Engine Components\DAL;C:\Program Files (x86)\Intel\Intel(R) Management Engine Components\IPT;C:\Program Files (x86)\Windows Live\Shared;C:\Program Files (x86)\Common Files\lenovo\easyplussdk\bin;C:\Program Files\MATLAB\R2016a\bin;C:\Program Files\nodejs\;C:\Program Files (x86)\Skype\Phone\;c:\Python27\;C:\Python34\Scripts
USERNAME=Padhavi
OS=Windows_NT
PROCESSOR_IDENTIFIER=Intel64 Family 6 Model 69 Stepping 1, GenuineIntel



---------------  S Y S T E M  ---------------

OS: Windows 8.1 , 64 bit Build 9600 (6.3.9600.17415)

CPU:total 4 (2 cores per cpu, 2 threads per core) family 6 model 69 stepping 1, cmov, cx8, fxsr, mmx, sse, sse2, sse3, ssse3, sse4.1, sse4.2, popcnt, avx, avx2, aes, clmul, erms, lzcnt, ht, tsc, tscinvbit, bmi1, bmi2

Memory: 4k page, physical 8317080k(1241064k free), swap 11462808k(5120k free)

vm_info: Java HotSpot(TM) 64-Bit Server VM (25.102-b14) for windows-amd64 JRE (1.8.0_102-b14), built on Jun 22 2016 13:15:21 by "java_re" with MS VC++ 10.0 (VS2010)

time: Sun Jul 09 04:26:08 2017
elapsed time: 6 seconds (0d 0h 0m 6s)

