#
# There is insufficient memory for the Java Runtime Environment to continue.
# Native memory allocation (malloc) failed to allocate 338816 bytes for Chunk::new
# Possible reasons:
#   The system is out of physical RAM or swap space
#   In 32 bit mode, the process size limit was hit
# Possible solutions:
#   Reduce memory load on the system
#   Increase physical memory or swap space
#   Check if swap backing store is full
#   Use 64 bit Java on a 64 bit OS
#   Decrease Java heap size (-Xmx/-Xms)
#   Decrease number of Java threads
#   Decrease Java thread stack sizes (-Xss)
#   Set larger code cache with -XX:ReservedCodeCacheSize=
# This output file may be truncated or incomplete.
#
#  Out of Memory Error (allocation.cpp:390), pid=9076, tid=0x0000000000002c38
#
# JRE version: Java(TM) SE Runtime Environment (8.0_102-b14) (build 1.8.0_102-b14)
# Java VM: Java HotSpot(TM) 64-Bit Server VM (25.102-b14 mixed mode windows-amd64 compressed oops)
# Failed to write core dump. Minidumps are not enabled by default on client versions of Windows
#

---------------  T H R E A D  ---------------

Current thread (0x00000000152a0000):  JavaThread "C2 CompilerThread0" daemon [_thread_in_native, id=11320, stack(0x00000000168d0000,0x00000000169d0000)]

Stack: [0x00000000168d0000,0x00000000169d0000]
[error occurred during error reporting (printing stack bounds), id 0xc0000005]

Native frames: (J=compiled Java code, j=interpreted, Vv=VM code, C=native code)


Current CompileTask:
C2:   6588 1305 %     4       com.android.dx.ssa.SsaMethod::computeReachability @ 8 (131 bytes)


---------------  P R O C E S S  ---------------

Java Threads: ( => current thread )
  0x0000000016d51000 JavaThread "pool-1-thread-4" [_thread_blocked, id=10408, stack(0x00000000175d0000,0x00000000176d0000)]
  0x0000000016d3d800 JavaThread "pool-1-thread-3" [_thread_in_Java, id=13320, stack(0x00000000174d0000,0x00000000175d0000)]
  0x0000000016d3c800 JavaThread "pool-1-thread-2" [_thread_blocked, id=15296, stack(0x00000000173d0000,0x00000000174d0000)]
  0x0000000016d33800 JavaThread "pool-2-thread-1" [_thread_blocked, id=13988, stack(0x00000000172d0000,0x00000000173d0000)]
  0x0000000016d32000 JavaThread "pool-1-thread-1" [_thread_in_Java, id=11964, stack(0x00000000171d0000,0x00000000172d0000)]
  0x0000000016ad7000 JavaThread "Service Thread" daemon [_thread_blocked, id=6508, stack(0x0000000016fd0000,0x00000000170d0000)]
  0x0000000016ad2000 JavaThread "C1 CompilerThread2" daemon [_thread_in_native, id=1656, stack(0x0000000016ed0000,0x0000000016fd0000)]
  0x00000000152fa000 JavaThread "C2 CompilerThread1" daemon [_thread_in_native, id=9052, stack(0x00000000169d0000,0x0000000016ad0000)]
=>0x00000000152a0000 JavaThread "C2 CompilerThread0" daemon [_thread_in_native, id=11320, stack(0x00000000168d0000,0x00000000169d0000)]
  0x000000001529d000 JavaThread "Attach Listener" daemon [_thread_blocked, id=11132, stack(0x00000000167d0000,0x00000000168d0000)]
  0x000000001529b800 JavaThread "Signal Dispatcher" daemon [_thread_blocked, id=6604, stack(0x00000000166d0000,0x00000000167d0000)]
  0x000000001528a800 JavaThread "Finalizer" daemon [_thread_blocked, id=8476, stack(0x00000000164f0000,0x00000000165f0000)]
  0x0000000001720000 JavaThread "Reference Handler" daemon [_thread_blocked, id=10268, stack(0x00000000163f0000,0x00000000164f0000)]
  0x00000000010ae000 JavaThread "main" [_thread_blocked, id=7428, stack(0x00000000011f0000,0x00000000012f0000)]

Other Threads:
  0x0000000015267800 VMThread [stack: 0x00000000162f0000,0x00000000163f0000] [id=10684]
  0x0000000016adc000 WatcherThread [stack: 0x00000000170d0000,0x00000000171d0000] [id=10368]

VM state:not at safepoint (normal execution)

VM Mutex/Monitor currently owned by a thread: None

Heap:
 PSYoungGen      total 38400K, used 11452K [0x00000000eab00000, 0x00000000ed580000, 0x0000000100000000)
  eden space 33280K, 19% used [0x00000000eab00000,0x00000000eb1331b0,0x00000000ecb80000)
  from space 5120K, 99% used [0x00000000ecb80000,0x00000000ed07c1f8,0x00000000ed080000)
  to   space 5120K, 0% used [0x00000000ed080000,0x00000000ed080000,0x00000000ed580000)
 ParOldGen       total 87552K, used 1524K [0x00000000c0000000, 0x00000000c5580000, 0x00000000eab00000)
  object space 87552K, 1% used [0x00000000c0000000,0x00000000c017d270,0x00000000c5580000)
 Metaspace       used 6009K, capacity 6898K, committed 7040K, reserved 1056768K
  class space    used 595K, capacity 618K, committed 640K, reserved 1048576K

Card table byte_map: [0x0000000001af0000,0x0000000001d00000] byte_map_base: 0x00000000014f0000

Marking Bits: (ParMarkBitMap*) 0x000000006914a6c0
 Begin Bits: [0x0000000012700000, 0x0000000013700000)
 End Bits:   [0x0000000013700000, 0x0000000014700000)

Polling page: 0x00000000010b0000

CodeCache: size=245760Kb used=5464Kb max_used=5464Kb free=240295Kb
 bounds [0x0000000003400000, 0x0000000003960000, 0x0000000012400000]
 total_blobs=1588 nmethods=1320 adapters=181
 compilation: enabled

Compilation events (10 events):
Event: 6.578 Thread 0x0000000016ad2000 nmethod 1330 0x000000000394ce10 code [0x000000000394cf80, 0x000000000394d2b0]
Event: 6.578 Thread 0x0000000016ad2000 1331       3       java.util.zip.ZipFile$ZipFileInflaterInputStream::<init> (29 bytes)
Event: 6.578 Thread 0x0000000016ad2000 nmethod 1331 0x000000000394d410 code [0x000000000394d580, 0x000000000394d768]
Event: 6.578 Thread 0x0000000016ad2000 1332       3       java.util.zip.InflaterInputStream::<init> (79 bytes)
Event: 6.579 Thread 0x0000000016ad2000 nmethod 1332 0x000000000394d810 code [0x000000000394d9c0, 0x000000000394e098]
Event: 6.579 Thread 0x0000000016ad2000 1328       3       com.android.dx.dex.file.EncodedMethod::<init> (68 bytes)
Event: 6.579 Thread 0x0000000016ad2000 nmethod 1328 0x000000000394e350 code [0x000000000394e4e0, 0x000000000394e998]
Event: 6.580 Thread 0x0000000016ad2000 1333       3       com.android.dx.dex.cf.AttributeTranslator::getMethodAnnotations (37 bytes)
Event: 6.582 Thread 0x0000000016ad2000 nmethod 1333 0x000000000394eb50 code [0x000000000394ee40, 0x00000000039504a8]
Event: 6.582 Thread 0x0000000016ad2000 1334       3       com.android.dx.ssa.back.FirstFitLocalCombiningAllocator::handleCheckCastResults (413 bytes)

GC Heap History (2 events):
Event: 5.799 GC heap before
{Heap before GC invocations=1 (full 0):
 PSYoungGen      total 38400K, used 33280K [0x00000000eab00000, 0x00000000ed580000, 0x0000000100000000)
  eden space 33280K, 100% used [0x00000000eab00000,0x00000000ecb80000,0x00000000ecb80000)
  from space 5120K, 0% used [0x00000000ed080000,0x00000000ed080000,0x00000000ed580000)
  to   space 5120K, 0% used [0x00000000ecb80000,0x00000000ecb80000,0x00000000ed080000)
 ParOldGen       total 87552K, used 0K [0x00000000c0000000, 0x00000000c5580000, 0x00000000eab00000)
  object space 87552K, 0% used [0x00000000c0000000,0x00000000c0000000,0x00000000c5580000)
 Metaspace       used 5964K, capacity 6898K, committed 7040K, reserved 1056768K
  class space    used 595K, capacity 618K, committed 640K, reserved 1048576K
Event: 6.532 GC heap after
Heap after GC invocations=1 (full 0):
 PSYoungGen      total 38400K, used 5104K [0x00000000eab00000, 0x00000000ed580000, 0x0000000100000000)
  eden space 33280K, 0% used [0x00000000eab00000,0x00000000eab00000,0x00000000ecb80000)
  from space 5120K, 99% used [0x00000000ecb80000,0x00000000ed07c1f8,0x00000000ed080000)
  to   space 5120K, 0% used [0x00000000ed080000,0x00000000ed080000,0x00000000ed580000)
 ParOldGen       total 87552K, used 1524K [0x00000000c0000000, 0x00000000c5580000, 0x00000000eab00000)
  object space 87552K, 1% used [0x00000000c0000000,0x00000000c017d270,0x00000000c5580000)
 Metaspace       used 5964K, capacity 6898K, committed 7040K, reserved 1056768K
  class space    used 595K, capacity 618K, committed 640K, reserved 1048576K
}

Deoptimization events (2 events):
Event: 2.244 Thread 0x0000000016d3c800 Uncommon trap: reason=unstable_if action=reinterpret pc=0x0000000003600544 method=java.util.HashMap.getNode(ILjava/lang/Object;)Ljava/util/HashMap$Node; @ 129
Event: 6.542 Thread 0x0000000016d32000 Uncommon trap: reason=unstable_if action=reinterpret pc=0x000000000386f158 method=com.android.dx.ssa.SCCP.simulateBranch(Lcom/android/dx/ssa/SsaInsn;)V @ 118

Internal exceptions (2 events):
Event: 0.200 Thread 0x00000000010ae000 Exception <a 'java/lang/NoSuchMethodError': Method sun.misc.Unsafe.defineClass(Ljava/lang/String;[BII)Ljava/lang/Class; name or signature does not match> (0x00000000eab07c78) thrown at [C:\re\workspace\8-2-build-windows-amd64-cygwin\jdk8u102\7268\hotspot\s&ый-Э╔?
Event: 0.200 Thread 0x00000000010ae000 Exception <a 'java/lang/NoSuchMethodError': Method sun.misc.Unsafe.prefetchRead(Ljava/lang/Object;J)V name or signature does not match> (0x00000000eab07f60) thrown at [C:\re\workspace\8-2-build-windows-amd64-cygwin\jdk8u102\7268\hotspot\src\share\vm\prims\

Events (10 events):
Event: 4.716 Executing VM operation: EnableBiasedLocking done
Event: 5.316 Thread 0x00000000010ae000 DEOPT PACKING pc=0x00000000036cf18f sp=0x00000000012ee080
Event: 5.316 Thread 0x00000000010ae000 DEOPT UNPACKING pc=0x000000000344787f sp=0x00000000012ede60 mode 0
Event: 5.343 loading class com/android/dx/cf/attrib/AttEnclosingMethod
Event: 5.343 loading class com/android/dx/cf/attrib/AttEnclosingMethod done
Event: 5.799 Executing VM operation: ParallelGCFailedAllocation
Event: 6.532 Executing VM operation: ParallelGCFailedAllocation done
Event: 6.542 Thread 0x0000000016d32000 Uncommon trap: trap_request=0xffffff65 fr.pc=0x000000000386f158
Event: 6.542 Thread 0x0000000016d32000 DEOPT PACKING pc=0x000000000386f158 sp=0x00000000172ceb80
Event: 6.542 Thread 0x0000000016d32000 DEOPT UNPACKING pc=0x000000000344582a sp=0x00000000172ceb10 mode 2


Dynamic libraries:
0x00007ff60a4e0000 - 0x00007ff60a517000 	C:\Program Files\Java\jdk1.8.0_102\bin\java.exe
0x00007ffde1c50000 - 0x00007ffde1dfd000 	C:\Windows\SYSTEM32\ntdll.dll
0x00007ffddf310000 - 0x00007ffddf44e000 	C:\Windows\system32\KERNEL32.DLL
0x00007ffddeef0000 - 0x00007ffddf005000 	C:\Windows\system32\KERNELBASE.dll
0x00007ffddd930000 - 0x00007ffddd9be000 	C:\Windows\system32\apphelp.dll
0x00007ffdc1e50000 - 0x00007ffdc1ea3000 	C:\Windows\AppPatch\AppPatch64\AcGenral.DLL
0x00007ffde0ea0000 - 0x00007ffde0f4a000 	C:\Windows\system32\msvcrt.dll
0x00007ffddf0c0000 - 0x00007ffddf0ee000 	C:\Windows\system32\SspiCli.dll
0x00007ffde1bf0000 - 0x00007ffde1c44000 	C:\Windows\system32\SHLWAPI.dll
0x00007ffde11f0000 - 0x00007ffde1367000 	C:\Windows\system32\USER32.dll
0x00007ffde1a50000 - 0x00007ffde1be4000 	C:\Windows\system32\ole32.dll
0x00007ffddf770000 - 0x00007ffde0c99000 	C:\Windows\system32\SHELL32.dll
0x00007ffdde390000 - 0x00007ffdde3b1000 	C:\Windows\SYSTEM32\USERENV.dll
0x00007ffde0cb0000 - 0x00007ffde0d5a000 	C:\Windows\system32\ADVAPI32.dll
0x00007ffdd0870000 - 0x00007ffdd088e000 	C:\Windows\SYSTEM32\MPR.dll
0x00007ffde1910000 - 0x00007ffde1a50000 	C:\Windows\system32\RPCRT4.dll
0x00007ffde1190000 - 0x00007ffde11e9000 	C:\Windows\SYSTEM32\sechost.dll
0x00007ffde1380000 - 0x00007ffde1592000 	C:\Windows\SYSTEM32\combase.dll
0x00007ffddf5b0000 - 0x00007ffddf6fb000 	C:\Windows\system32\GDI32.dll
0x00007ffdded70000 - 0x00007ffdded85000 	C:\Windows\SYSTEM32\profapi.dll
0x00007ffddd340000 - 0x00007ffddd3f2000 	C:\Windows\SYSTEM32\SHCORE.dll
0x00007ffddf2d0000 - 0x00007ffddf306000 	C:\Windows\system32\IMM32.DLL
0x00007ffddf450000 - 0x00007ffddf5a2000 	C:\Windows\system32\MSCTF.dll
0x00007ffddcca0000 - 0x00007ffddcf1b000 	C:\Windows\WinSxS\amd64_microsoft.windows.common-controls_6595b64144ccf1df_6.0.9600.18006_none_623f33d3ecbe86e8\COMCTL32.dll
0x00000000691d0000 - 0x00000000692a1000 	C:\Program Files\Java\jdk1.8.0_102\jre\bin\msvcr100.dll
0x0000000068930000 - 0x00000000691ca000 	C:\Program Files\Java\jdk1.8.0_102\jre\bin\server\jvm.dll
0x00007ffdd50e0000 - 0x00007ffdd50e9000 	C:\Windows\SYSTEM32\WSOCK32.dll
0x00007ffdda5c0000 - 0x00007ffdda5e2000 	C:\Windows\SYSTEM32\WINMM.dll
0x00007ffdda5f0000 - 0x00007ffdda5fa000 	C:\Windows\SYSTEM32\VERSION.dll
0x00007ffde0ca0000 - 0x00007ffde0ca7000 	C:\Windows\system32\PSAPI.DLL
0x00007ffde0d60000 - 0x00007ffde0dba000 	C:\Windows\system32\WS2_32.dll
0x00007ffdda580000 - 0x00007ffdda5aa000 	C:\Windows\SYSTEM32\WINMMBASE.dll
0x00007ffddf700000 - 0x00007ffddf709000 	C:\Windows\system32\NSI.dll
0x00007ffddf070000 - 0x00007ffddf0bf000 	C:\Windows\SYSTEM32\cfgmgr32.dll
0x00007ffdddba0000 - 0x00007ffdddbc8000 	C:\Windows\SYSTEM32\DEVOBJ.dll
0x0000000068920000 - 0x000000006892f000 	C:\Program Files\Java\jdk1.8.0_102\jre\bin\verify.dll
0x00000000688f0000 - 0x0000000068919000 	C:\Program Files\Java\jdk1.8.0_102\jre\bin\java.dll
0x00000000688d0000 - 0x00000000688e6000 	C:\Program Files\Java\jdk1.8.0_102\jre\bin\zip.dll

VM Arguments:
jvm_args: -Djava.awt.headless=true -Xmx1024M -Dfile.encoding=windows-1252 -Duser.country=IN -Duser.language=en -Duser.variant 
java_command: com.android.dx.command.Main --dex --num-threads=4 --output C:\Users\Padhavi\Downloads\android files\ngoconnect\app\build\intermediates\pre-dexed\debug\com.google.firebase-firebase-database-connection-10.0.1_7fd1feb8dc218fb2e736a66b484f14de8499f127.jar C:\Users\Padhavi\Downloads\android files\ngoconnect\app\build\intermediates\exploded-aar\com.google.firebase\firebase-database-connection\10.0.1\jars\classes.jar
java_class_path (initial): C:\Users\Padhavi\AppData\Local\Android\sdk\build-tools\24.0.3\lib\dx.jar
Launcher Type: SUN_STANDARD

Environment Variables:
JAVA_HOME=C:\Program Files\Java\jdk1.8.0_121
PATH=C:\oraclexe\app\oracle\product\11.2.0\server\bin;C:\ProgramData\Oracle\Java\javapath;C:\Program Files\Broadcom\Broadcom 802.11;C:\Program Files (x86)\NVIDIA Corporation\PhysX\Common;C:\Program Files (x86)\Intel\iCLS Client\;C:\Program Files\Intel\iCLS Client\;C:\Windows\system32;C:\Windows;C:\Windows\System32\Wbem;C:\Windows\System32\WindowsPowerShell\v1.0\;C:\Program Files\Hewlett-Packard\SimplePass\;C:\Program Files\Intel\Intel(R) Management Engine Components\DAL;C:\Program Files\Intel\Intel(R) Management Engine Components\IPT;C:\Program Files (x86)\Intel\Intel(R) Management Engine Components\DAL;C:\Program Files (x86)\Intel\Intel(R) Management Engine Components\IPT;C:\Program Files (x86)\Windows Live\Shared;C:\Program Files (x86)\Common Files\lenovo\easyplussdk\bin;C:\Program Files\MATLAB\R2016a\bin;C:\Program Files\nodejs\;C:\Program Files\Git\cmd;C:\Users\Padhavi\AppData\Roaming\npm;C:\Program Files\PuTTY\;C:\oraclexe\app\oracle\product\11.2.0\server\bin;;C:\ProgramData\Oracle\Java\javapath;C:\Program Files\Broadcom\Broadcom 802.11;C:\Program Files (x86)\NVIDIA Corporation\PhysX\Common;C:\Program Files (x86)\Intel\iCLS Client\;C:\Program Files\Intel\iCLS Client\;C:\Windows\system32;C:\Windows;C:\Windows\System32\Wbem;C:\Windows\System32\WindowsPowerShell\v1.0\;C:\Program Files\Hewlett-Packard\SimplePass\;C:\Program Files\Intel\Intel(R) Management Engine Components\DAL;C:\Program Files\Intel\Intel(R) Management Engine Components\IPT;C:\Program Files (x86)\Intel\Intel(R) Management Engine Components\DAL;C:\Program Files (x86)\Intel\Intel(R) Management Engine Components\IPT;C:\Program Files (x86)\Windows Live\Shared;C:\Program Files (x86)\Common Files\lenovo\easyplussdk\bin;C:\Program Files\MATLAB\R2016a\bin;C:\Program Files\nodejs\;C:\Program Files (x86)\Skype\Phone\;c:\Python27\;C:\Python34\Scripts
USERNAME=Padhavi
OS=Windows_NT
PROCESSOR_IDENTIFIER=Intel64 Family 6 Model 69 Stepping 1, GenuineIntel



---------------  S Y S T E M  ---------------

OS: Windows 8.1 , 64 bit Build 9600 (6.3.9600.17415)

CPU:total 4 (2 cores per cpu, 2 threads per core) family 6 model 69 stepping 1, cmov, cx8, fxsr, mmx, sse, sse2, sse3, ssse3, sse4.1, sse4.2, popcnt, avx, avx2, aes, clmul, erms, lzcnt, ht, tsc, tscinvbit, bmi1, bmi2

Memory: 4k page, physical 8317080k(1144372k free), swap 11462808k(5352k free)

vm_info: Java HotSpot(TM) 64-Bit Server VM (25.102-b14) for windows-amd64 JRE (1.8.0_102-b14), built on Jun 22 2016 13:15:21 by "java_re" with MS VC++ 10.0 (VS2010)

time: Sun Jul 09 04:30:23 2017
elapsed time: 6 seconds (0d 0h 0m 6s)

