#
# There is insufficient memory for the Java Runtime Environment to continue.
# Native memory allocation (malloc) failed to allocate 32744 bytes for ChunkPool::allocate
# Possible reasons:
#   The system is out of physical RAM or swap space
#   In 32 bit mode, the process size limit was hit
# Possible solutions:
#   Reduce memory load on the system
#   Increase physical memory or swap space
#   Check if swap backing store is full
#   Use 64 bit Java on a 64 bit OS
#   Decrease Java heap size (-Xmx/-Xms)
#   Decrease number of Java threads
#   Decrease Java thread stack sizes (-Xss)
#   Set larger code cache with -XX:ReservedCodeCacheSize=
# This output file may be truncated or incomplete.
#
#  Out of Memory Error (allocation.cpp:273), pid=12900, tid=0x0000000000002410
#
# JRE version: Java(TM) SE Runtime Environment (8.0_102-b14) (build 1.8.0_102-b14)
# Java VM: Java HotSpot(TM) 64-Bit Server VM (25.102-b14 mixed mode windows-amd64 compressed oops)
# Failed to write core dump. Minidumps are not enabled by default on client versions of Windows
#

---------------  T H R E A D  ---------------

Current thread (0x0000000014f9e800):  JavaThread "C2 CompilerThread0" daemon [_thread_in_native, id=9232, stack(0x00000000164c0000,0x00000000165c0000)]

Stack: [0x00000000164c0000,0x00000000165c0000]
[error occurred during error reporting (printing stack bounds), id 0xc0000005]

Native frames: (J=compiled Java code, j=interpreted, Vv=VM code, C=native code)


Current CompileTask:
C2:   6308 1389       4       com.android.dx.ssa.SsaRenamer$BlockRenamer::process (191 bytes)


---------------  P R O C E S S  ---------------

Java Threads: ( => current thread )
  0x0000000016922800 JavaThread "pool-1-thread-4" [_thread_blocked, id=12848, stack(0x00000000171c0000,0x00000000172c0000)]
  0x0000000016922000 JavaThread "pool-1-thread-3" [_thread_blocked, id=12896, stack(0x00000000170c0000,0x00000000171c0000)]
  0x000000001691c000 JavaThread "pool-1-thread-2" [_thread_in_Java, id=9708, stack(0x0000000016fc0000,0x00000000170c0000)]
  0x0000000016857000 JavaThread "pool-2-thread-1" [_thread_blocked, id=15260, stack(0x0000000016ec0000,0x0000000016fc0000)]
  0x000000001684f000 JavaThread "pool-1-thread-1" [_thread_blocked, id=10224, stack(0x0000000016dc0000,0x0000000016ec0000)]
  0x0000000014ffe000 JavaThread "Service Thread" daemon [_thread_blocked, id=9224, stack(0x0000000016bc0000,0x0000000016cc0000)]
  0x00000000166d0800 JavaThread "C1 CompilerThread2" daemon [_thread_blocked, id=7484, stack(0x0000000016ac0000,0x0000000016bc0000)]
  0x0000000014fa3000 JavaThread "C2 CompilerThread1" daemon [_thread_in_native, id=12264, stack(0x00000000165c0000,0x00000000166c0000)]
=>0x0000000014f9e800 JavaThread "C2 CompilerThread0" daemon [_thread_in_native, id=9232, stack(0x00000000164c0000,0x00000000165c0000)]
  0x0000000014f9c000 JavaThread "Attach Listener" daemon [_thread_blocked, id=7752, stack(0x00000000163c0000,0x00000000164c0000)]
  0x0000000014f9b000 JavaThread "Signal Dispatcher" daemon [_thread_blocked, id=10000, stack(0x00000000162c0000,0x00000000163c0000)]
  0x0000000014f8a800 JavaThread "Finalizer" daemon [_thread_blocked, id=13948, stack(0x00000000160e0000,0x00000000161e0000)]
  0x00000000012e0000 JavaThread "Reference Handler" daemon [_thread_blocked, id=14880, stack(0x0000000015fe0000,0x00000000160e0000)]
  0x0000000000cbe000 JavaThread "main" [_thread_in_Java, id=8012, stack(0x00000000010f0000,0x00000000011f0000)]

Other Threads:
  0x0000000014f67000 VMThread [stack: 0x0000000015ee0000,0x0000000015fe0000] [id=7712]
  0x00000000166d3800 WatcherThread [stack: 0x0000000016cc0000,0x0000000016dc0000] [id=15096]

VM state:not at safepoint (normal execution)

VM Mutex/Monitor currently owned by a thread: None

Heap:
 PSYoungGen      total 38400K, used 33542K [0x00000000eab00000, 0x00000000ed580000, 0x0000000100000000)
  eden space 33280K, 85% used [0x00000000eab00000,0x00000000ec6c9b00,0x00000000ecb80000)
  from space 5120K, 99% used [0x00000000ecb80000,0x00000000ed078060,0x00000000ed080000)
  to   space 5120K, 0% used [0x00000000ed080000,0x00000000ed080000,0x00000000ed580000)
 ParOldGen       total 87552K, used 2208K [0x00000000c0000000, 0x00000000c5580000, 0x00000000eab00000)
  object space 87552K, 2% used [0x00000000c0000000,0x00000000c0228040,0x00000000c5580000)
 Metaspace       used 5986K, capacity 7024K, committed 7296K, reserved 1056768K
  class space    used 591K, capacity 616K, committed 640K, reserved 1048576K

Card table byte_map: [0x00000000016b0000,0x00000000018c0000] byte_map_base: 0x00000000010b0000

Marking Bits: (ParMarkBitMap*) 0x000000006914a6c0
 Begin Bits: [0x0000000012400000, 0x0000000013400000)
 End Bits:   [0x0000000013400000, 0x0000000014400000)

Polling page: 0x0000000000c40000

CodeCache: size=245760Kb used=5767Kb max_used=5774Kb free=239992Kb
 bounds [0x0000000003400000, 0x00000000039b0000, 0x0000000012400000]
 total_blobs=1631 nmethods=1368 adapters=176
 compilation: enabled

Compilation events (10 events):
Event: 6.299 Thread 0x0000000014f9e800 nmethod 1385 0x00000000039a1690 code [0x00000000039a17e0, 0x00000000039a18d8]
Event: 6.299 Thread 0x0000000014f9e800 1387       4       com.android.dx.rop.code.Insn::hashCode (5 bytes)
Event: 6.299 Thread 0x0000000014f9e800 nmethod 1387 0x0000000003998e10 code [0x0000000003998f60, 0x0000000003999008]
Event: 6.300 Thread 0x00000000166d0800 1388       3       com.android.dx.ssa.NormalSsaInsn::accept (25 bytes)
Event: 6.300 Thread 0x0000000014f9e800 1389       4       com.android.dx.ssa.SsaRenamer$BlockRenamer::process (191 bytes)
Event: 6.300 Thread 0x00000000166d0800 nmethod 1388 0x00000000039a0dd0 code [0x00000000039a0f60, 0x00000000039a1518]
Event: 6.300 Thread 0x0000000014fa3000 nmethod 1386 0x000000000399b290 code [0x000000000399b3e0, 0x000000000399b758]
Event: 6.300 Thread 0x0000000014fa3000 1390       4       com.android.dx.ssa.SsaRenamer$BlockRenamer::updateSuccessorPhis (64 bytes)
Event: 6.302 Thread 0x00000000166d0800 1395       3       com.android.dx.ssa.SsaBasicBlock::getLiveOutRegs (26 bytes)
Event: 6.303 Thread 0x00000000166d0800 nmethod 1395 0x000000000399a8d0 code [0x000000000399aa60, 0x000000000399afe8]

GC Heap History (2 events):
Event: 4.463 GC heap before
{Heap before GC invocations=1 (full 0):
 PSYoungGen      total 38400K, used 33280K [0x00000000eab00000, 0x00000000ed580000, 0x0000000100000000)
  eden space 33280K, 100% used [0x00000000eab00000,0x00000000ecb80000,0x00000000ecb80000)
  from space 5120K, 0% used [0x00000000ed080000,0x00000000ed080000,0x00000000ed580000)
  to   space 5120K, 0% used [0x00000000ecb80000,0x00000000ecb80000,0x00000000ed080000)
 ParOldGen       total 87552K, used 0K [0x00000000c0000000, 0x00000000c5580000, 0x00000000eab00000)
  object space 87552K, 0% used [0x00000000c0000000,0x00000000c0000000,0x00000000c5580000)
 Metaspace       used 5915K, capacity 6960K, committed 7040K, reserved 1056768K
  class space    used 591K, capacity 616K, committed 640K, reserved 1048576K
Event: 4.574 GC heap after
Heap after GC invocations=1 (full 0):
 PSYoungGen      total 38400K, used 5088K [0x00000000eab00000, 0x00000000ed580000, 0x0000000100000000)
  eden space 33280K, 0% used [0x00000000eab00000,0x00000000eab00000,0x00000000ecb80000)
  from space 5120K, 99% used [0x00000000ecb80000,0x00000000ed078060,0x00000000ed080000)
  to   space 5120K, 0% used [0x00000000ed080000,0x00000000ed080000,0x00000000ed580000)
 ParOldGen       total 87552K, used 2208K [0x00000000c0000000, 0x00000000c5580000, 0x00000000eab00000)
  object space 87552K, 2% used [0x00000000c0000000,0x00000000c0228040,0x00000000c5580000)
 Metaspace       used 5915K, capacity 6960K, committed 7040K, reserved 1056768K
  class space    used 591K, capacity 616K, committed 640K, reserved 1048576K
}

Deoptimization events (10 events):
Event: 3.665 Thread 0x000000001684f000 Uncommon trap: reason=unstable_if action=reinterpret pc=0x00000000036c5828 method=java.util.HashMap.getNode(ILjava/lang/Object;)Ljava/util/HashMap$Node; @ 62
Event: 3.934 Thread 0x0000000000cbe000 Uncommon trap: reason=unloaded action=reinterpret pc=0x00000000036c90a8 method=com.android.dx.cf.cst.ConstantPoolParser.parse0(ILjava/util/BitSet;)Lcom/android/dx/rop/cst/Constant; @ 176
Event: 4.301 Thread 0x0000000016922000 Uncommon trap: reason=class_check action=maybe_recompile pc=0x0000000003779620 method=com.android.dx.ssa.NormalSsaInsn.accept(Lcom/android/dx/ssa/SsaInsn$Visitor;)V @ 9
Event: 4.301 Thread 0x0000000016922000 Uncommon trap: reason=class_check action=maybe_recompile pc=0x0000000003744e14 method=com.android.dx.ssa.NormalSsaInsn.accept(Lcom/android/dx/ssa/SsaInsn$Visitor;)V @ 9
Event: 4.301 Thread 0x0000000016922000 Uncommon trap: reason=class_check action=maybe_recompile pc=0x0000000003744e14 method=com.android.dx.ssa.NormalSsaInsn.accept(Lcom/android/dx/ssa/SsaInsn$Visitor;)V @ 9
Event: 4.301 Thread 0x0000000016922000 Uncommon trap: reason=class_check action=maybe_recompile pc=0x0000000003744e14 method=com.android.dx.ssa.NormalSsaInsn.accept(Lcom/android/dx/ssa/SsaInsn$Visitor;)V @ 9
Event: 4.302 Thread 0x0000000016922000 Uncommon trap: reason=class_check action=maybe_recompile pc=0x0000000003779620 method=com.android.dx.ssa.NormalSsaInsn.accept(Lcom/android/dx/ssa/SsaInsn$Visitor;)V @ 9
Event: 4.668 Thread 0x0000000000cbe000 Uncommon trap: reason=unstable_if action=reinterpret pc=0x0000000003720a5c method=com.android.dx.rop.cst.Constant.compareTo(Lcom/android/dx/rop/cst/Constant;)I @ 12
Event: 4.760 Thread 0x000000001691c000 Uncommon trap: reason=null_check action=make_not_entrant pc=0x000000000392a4b0 method=com.android.dx.ssa.SsaRenamer.getLocalForNewReg(I)Lcom/android/dx/rop/code/LocalItem; @ 19
Event: 6.296 Thread 0x0000000000cbe000 Uncommon trap: reason=unstable_if action=reinterpret pc=0x0000000003970424 method=com.android.dx.ssa.SsaRenamer$BlockRenamer.visitMoveInsn(Lcom/android/dx/ssa/NormalSsaInsn;)V @ 104

Internal exceptions (3 events):
Event: 0.145 Thread 0x0000000000cbe000 Exception <a 'java/lang/NoSuchMethodError': Method sun.misc.Unsafe.defineClass(Ljava/lang/String;[BII)Ljava/lang/Class; name or signature does not match> (0x00000000eab07c78) thrown at [C:\re\workspace\8-2-build-windows-amd64-cygwin\jdk8u102\7268\hotspot\skõ·6‹Â?
Event: 0.145 Thread 0x0000000000cbe000 Exception <a 'java/lang/NoSuchMethodError': Method sun.misc.Unsafe.prefetchRead(Ljava/lang/Object;J)V name or signature does not match> (0x00000000eab07f60) thrown at [C:\re\workspace\8-2-build-windows-amd64-cygwin\jdk8u102\7268\hotspot\src\share\vm\prims\¤ït†8
@
Event: 4.760 Thread 0x000000001691c000 Implicit null exception at 0x0000000003929961 to 0x000000000392a48d

Events (10 events):
Event: 4.589 Executing VM operation: EnableBiasedLocking done
Event: 4.668 Thread 0x0000000000cbe000 Uncommon trap: trap_request=0xffffff65 fr.pc=0x0000000003720a5c
Event: 4.668 Thread 0x0000000000cbe000 DEOPT PACKING pc=0x0000000003720a5c sp=0x00000000011ee430
Event: 4.668 Thread 0x0000000000cbe000 DEOPT UNPACKING pc=0x000000000344582a sp=0x00000000011ee3d0 mode 2
Event: 4.760 Thread 0x000000001691c000 Uncommon trap: trap_request=0xfffffff4 fr.pc=0x000000000392a4b0
Event: 4.760 Thread 0x000000001691c000 DEOPT PACKING pc=0x000000000392a4b0 sp=0x00000000170be570
Event: 4.760 Thread 0x000000001691c000 DEOPT UNPACKING pc=0x000000000344582a sp=0x00000000170be3c8 mode 2
Event: 6.296 Thread 0x0000000000cbe000 Uncommon trap: trap_request=0xffffff65 fr.pc=0x0000000003970424
Event: 6.296 Thread 0x0000000000cbe000 DEOPT PACKING pc=0x0000000003970424 sp=0x00000000011ee5f0
Event: 6.296 Thread 0x0000000000cbe000 DEOPT UNPACKING pc=0x000000000344582a sp=0x00000000011ee508 mode 2


Dynamic libraries:
0x00007ff60a4e0000 - 0x00007ff60a517000 	C:\Program Files\Java\jdk1.8.0_102\bin\java.exe
0x00007ffde1c50000 - 0x00007ffde1dfd000 	C:\Windows\SYSTEM32\ntdll.dll
0x00007ffddf310000 - 0x00007ffddf44e000 	C:\Windows\system32\KERNEL32.DLL
0x00007ffddeef0000 - 0x00007ffddf005000 	C:\Windows\system32\KERNELBASE.dll
0x00007ffddd930000 - 0x00007ffddd9be000 	C:\Windows\system32\apphelp.dll
0x00007ffdc1e50000 - 0x00007ffdc1ea3000 	C:\Windows\AppPatch\AppPatch64\AcGenral.DLL
0x00007ffde0ea0000 - 0x00007ffde0f4a000 	C:\Windows\system32\msvcrt.dll
0x00007ffddf0c0000 - 0x00007ffddf0ee000 	C:\Windows\system32\SspiCli.dll
0x00007ffde1bf0000 - 0x00007ffde1c44000 	C:\Windows\system32\SHLWAPI.dll
0x00007ffde11f0000 - 0x00007ffde1367000 	C:\Windows\system32\USER32.dll
0x00007ffde1a50000 - 0x00007ffde1be4000 	C:\Windows\system32\ole32.dll
0x00007ffddf770000 - 0x00007ffde0c99000 	C:\Windows\system32\SHELL32.dll
0x00007ffdde390000 - 0x00007ffdde3b1000 	C:\Windows\SYSTEM32\USERENV.dll
0x00007ffde0cb0000 - 0x00007ffde0d5a000 	C:\Windows\system32\ADVAPI32.dll
0x00007ffdd0870000 - 0x00007ffdd088e000 	C:\Windows\SYSTEM32\MPR.dll
0x00007ffde1910000 - 0x00007ffde1a50000 	C:\Windows\system32\RPCRT4.dll
0x00007ffde1190000 - 0x00007ffde11e9000 	C:\Windows\SYSTEM32\sechost.dll
0x00007ffde1380000 - 0x00007ffde1592000 	C:\Windows\SYSTEM32\combase.dll
0x00007ffddf5b0000 - 0x00007ffddf6fb000 	C:\Windows\system32\GDI32.dll
0x00007ffdded70000 - 0x00007ffdded85000 	C:\Windows\SYSTEM32\profapi.dll
0x00007ffddd340000 - 0x00007ffddd3f2000 	C:\Windows\SYSTEM32\SHCORE.dll
0x00007ffddf2d0000 - 0x00007ffddf306000 	C:\Windows\system32\IMM32.DLL
0x00007ffddf450000 - 0x00007ffddf5a2000 	C:\Windows\system32\MSCTF.dll
0x00007ffddcca0000 - 0x00007ffddcf1b000 	C:\Windows\WinSxS\amd64_microsoft.windows.common-controls_6595b64144ccf1df_6.0.9600.18006_none_623f33d3ecbe86e8\COMCTL32.dll
0x00000000691d0000 - 0x00000000692a1000 	C:\Program Files\Java\jdk1.8.0_102\jre\bin\msvcr100.dll
0x0000000068930000 - 0x00000000691ca000 	C:\Program Files\Java\jdk1.8.0_102\jre\bin\server\jvm.dll
0x00007ffdd50e0000 - 0x00007ffdd50e9000 	C:\Windows\SYSTEM32\WSOCK32.dll
0x00007ffdda5c0000 - 0x00007ffdda5e2000 	C:\Windows\SYSTEM32\WINMM.dll
0x00007ffdda5f0000 - 0x00007ffdda5fa000 	C:\Windows\SYSTEM32\VERSION.dll
0x00007ffde0ca0000 - 0x00007ffde0ca7000 	C:\Windows\system32\PSAPI.DLL
0x00007ffde0d60000 - 0x00007ffde0dba000 	C:\Windows\system32\WS2_32.dll
0x00007ffdda580000 - 0x00007ffdda5aa000 	C:\Windows\SYSTEM32\WINMMBASE.dll
0x00007ffddf700000 - 0x00007ffddf709000 	C:\Windows\system32\NSI.dll
0x00007ffddf070000 - 0x00007ffddf0bf000 	C:\Windows\SYSTEM32\cfgmgr32.dll
0x00007ffdddba0000 - 0x00007ffdddbc8000 	C:\Windows\SYSTEM32\DEVOBJ.dll
0x0000000068920000 - 0x000000006892f000 	C:\Program Files\Java\jdk1.8.0_102\jre\bin\verify.dll
0x00000000688f0000 - 0x0000000068919000 	C:\Program Files\Java\jdk1.8.0_102\jre\bin\java.dll
0x00000000688d0000 - 0x00000000688e6000 	C:\Program Files\Java\jdk1.8.0_102\jre\bin\zip.dll

VM Arguments:
jvm_args: -Djava.awt.headless=true -Xmx1024M -Dfile.encoding=windows-1252 -Duser.country=IN -Duser.language=en -Duser.variant 
java_command: com.android.dx.command.Main --dex --num-threads=4 --output C:\Users\Padhavi\Downloads\android files\ngoconnect\app\build\intermediates\pre-dexed\debug\com.android.support-support-fragment-25.0.1_4e7cc18c209c2501af001f2037f2f2aa4ba8e7e9.jar C:\Users\Padhavi\Downloads\android files\ngoconnect\app\build\intermediates\exploded-aar\com.android.support\support-fragment\25.0.1\jars\classes.jar
java_class_path (initial): C:\Users\Padhavi\AppData\Local\Android\sdk\build-tools\24.0.3\lib\dx.jar
Launcher Type: SUN_STANDARD

Environment Variables:
JAVA_HOME=C:\Program Files\Java\jdk1.8.0_121
PATH=C:\oraclexe\app\oracle\product\11.2.0\server\bin;C:\ProgramData\Oracle\Java\javapath;C:\Program Files\Broadcom\Broadcom 802.11;C:\Program Files (x86)\NVIDIA Corporation\PhysX\Common;C:\Program Files (x86)\Intel\iCLS Client\;C:\Program Files\Intel\iCLS Client\;C:\Windows\system32;C:\Windows;C:\Windows\System32\Wbem;C:\Windows\System32\WindowsPowerShell\v1.0\;C:\Program Files\Hewlett-Packard\SimplePass\;C:\Program Files\Intel\Intel(R) Management Engine Components\DAL;C:\Program Files\Intel\Intel(R) Management Engine Components\IPT;C:\Program Files (x86)\Intel\Intel(R) Management Engine Components\DAL;C:\Program Files (x86)\Intel\Intel(R) Management Engine Components\IPT;C:\Program Files (x86)\Windows Live\Shared;C:\Program Files (x86)\Common Files\lenovo\easyplussdk\bin;C:\Program Files\MATLAB\R2016a\bin;C:\Program Files\nodejs\;C:\Program Files\Git\cmd;C:\Users\Padhavi\AppData\Roaming\npm;C:\Program Files\PuTTY\;C:\oraclexe\app\oracle\product\11.2.0\server\bin;;C:\ProgramData\Oracle\Java\javapath;C:\Program Files\Broadcom\Broadcom 802.11;C:\Program Files (x86)\NVIDIA Corporation\PhysX\Common;C:\Program Files (x86)\Intel\iCLS Client\;C:\Program Files\Intel\iCLS Client\;C:\Windows\system32;C:\Windows;C:\Windows\System32\Wbem;C:\Windows\System32\WindowsPowerShell\v1.0\;C:\Program Files\Hewlett-Packard\SimplePass\;C:\Program Files\Intel\Intel(R) Management Engine Components\DAL;C:\Program Files\Intel\Intel(R) Management Engine Components\IPT;C:\Program Files (x86)\Intel\Intel(R) Management Engine Components\DAL;C:\Program Files (x86)\Intel\Intel(R) Management Engine Components\IPT;C:\Program Files (x86)\Windows Live\Shared;C:\Program Files (x86)\Common Files\lenovo\easyplussdk\bin;C:\Program Files\MATLAB\R2016a\bin;C:\Program Files\nodejs\;C:\Program Files (x86)\Skype\Phone\;c:\Python27\;C:\Python34\Scripts
USERNAME=Padhavi
OS=Windows_NT
PROCESSOR_IDENTIFIER=Intel64 Family 6 Model 69 Stepping 1, GenuineIntel



---------------  S Y S T E M  ---------------

OS: Windows 8.1 , 64 bit Build 9600 (6.3.9600.17415)

CPU:total 4 (2 cores per cpu, 2 threads per core) family 6 model 69 stepping 1, cmov, cx8, fxsr, mmx, sse, sse2, sse3, ssse3, sse4.1, sse4.2, popcnt, avx, avx2, aes, clmul, erms, lzcnt, ht, tsc, tscinvbit, bmi1, bmi2

Memory: 4k page, physical 8317080k(1204300k free), swap 11462808k(5192k free)

vm_info: Java HotSpot(TM) 64-Bit Server VM (25.102-b14) for windows-amd64 JRE (1.8.0_102-b14), built on Jun 22 2016 13:15:21 by "java_re" with MS VC++ 10.0 (VS2010)

time: Sun Jul 09 04:24:40 2017
elapsed time: 6 seconds (0d 0h 0m 6s)

