#
# There is insufficient memory for the Java Runtime Environment to continue.
# Native memory allocation (malloc) failed to allocate 298656 bytes for Chunk::new
# Possible reasons:
#   The system is out of physical RAM or swap space
#   In 32 bit mode, the process size limit was hit
# Possible solutions:
#   Reduce memory load on the system
#   Increase physical memory or swap space
#   Check if swap backing store is full
#   Use 64 bit Java on a 64 bit OS
#   Decrease Java heap size (-Xmx/-Xms)
#   Decrease number of Java threads
#   Decrease Java thread stack sizes (-Xss)
#   Set larger code cache with -XX:ReservedCodeCacheSize=
# This output file may be truncated or incomplete.
#
#  Out of Memory Error (allocation.cpp:390), pid=15036, tid=0x000000000000052c
#
# JRE version: Java(TM) SE Runtime Environment (8.0_102-b14) (build 1.8.0_102-b14)
# Java VM: Java HotSpot(TM) 64-Bit Server VM (25.102-b14 mixed mode windows-amd64 compressed oops)
# Failed to write core dump. Minidumps are not enabled by default on client versions of Windows
#

---------------  T H R E A D  ---------------

Current thread (0x00000000146cf000):  JavaThread "C2 CompilerThread0" daemon [_thread_in_native, id=1324, stack(0x0000000015d00000,0x0000000015e00000)]

Stack: [0x0000000015d00000,0x0000000015e00000]
[error occurred during error reporting (printing stack bounds), id 0xc0000005]

Native frames: (J=compiled Java code, j=interpreted, Vv=VM code, C=native code)


Current CompileTask:
C2:   4852 1167       4       com.android.dx.ssa.SCCP::simulateStmt (481 bytes)


---------------  P R O C E S S  ---------------

Java Threads: ( => current thread )
  0x00000000162e5000 JavaThread "pool-1-thread-4" [_thread_blocked, id=13308, stack(0x0000000016a00000,0x0000000016b00000)]
  0x00000000162e4000 JavaThread "pool-1-thread-3" [_thread_blocked, id=3136, stack(0x0000000016900000,0x0000000016a00000)]
  0x00000000162e3000 JavaThread "pool-1-thread-2" [_thread_blocked, id=1884, stack(0x0000000016800000,0x0000000016900000)]
  0x00000000162a7000 JavaThread "pool-2-thread-1" [_thread_blocked, id=8656, stack(0x0000000016700000,0x0000000016800000)]
  0x000000001629c800 JavaThread "pool-1-thread-1" [_thread_blocked, id=11692, stack(0x0000000016600000,0x0000000016700000)]
  0x0000000016007000 JavaThread "Service Thread" daemon [_thread_blocked, id=13528, stack(0x0000000016400000,0x0000000016500000)]
  0x000000001472c800 JavaThread "C1 CompilerThread2" daemon [_thread_blocked, id=14204, stack(0x0000000015f00000,0x0000000016000000)]
  0x0000000014721000 JavaThread "C2 CompilerThread1" daemon [_thread_in_native, id=14528, stack(0x0000000015e00000,0x0000000015f00000)]
=>0x00000000146cf000 JavaThread "C2 CompilerThread0" daemon [_thread_in_native, id=1324, stack(0x0000000015d00000,0x0000000015e00000)]
  0x00000000146cc000 JavaThread "Attach Listener" daemon [_thread_blocked, id=11764, stack(0x0000000015c00000,0x0000000015d00000)]
  0x00000000146cb000 JavaThread "Signal Dispatcher" daemon [_thread_blocked, id=10848, stack(0x0000000015b00000,0x0000000015c00000)]
  0x00000000146ba800 JavaThread "Finalizer" daemon [_thread_blocked, id=3144, stack(0x0000000015920000,0x0000000015a20000)]
  0x0000000001fa0000 JavaThread "Reference Handler" daemon [_thread_blocked, id=3032, stack(0x0000000015820000,0x0000000015920000)]
  0x0000000001eae000 JavaThread "main" [_thread_in_vm, id=11308, stack(0x0000000001d30000,0x0000000001e30000)]

Other Threads:
  0x0000000014697800 VMThread [stack: 0x0000000015720000,0x0000000015820000] [id=6048]
  0x000000001600b800 WatcherThread [stack: 0x0000000016500000,0x0000000016600000] [id=7256]

VM state:not at safepoint (normal execution)

VM Mutex/Monitor currently owned by a thread: None

Heap:
 PSYoungGen      total 38400K, used 11167K [0x00000000eab00000, 0x00000000ed580000, 0x0000000100000000)
  eden space 33280K, 18% used [0x00000000eab00000,0x00000000eb0ead60,0x00000000ecb80000)
  from space 5120K, 99% used [0x00000000ecb80000,0x00000000ed07d248,0x00000000ed080000)
  to   space 5120K, 0% used [0x00000000ed080000,0x00000000ed080000,0x00000000ed580000)
 ParOldGen       total 87552K, used 736K [0x00000000c0000000, 0x00000000c5580000, 0x00000000eab00000)
  object space 87552K, 0% used [0x00000000c0000000,0x00000000c00b83a8,0x00000000c5580000)
 Metaspace       used 5944K, capacity 6836K, committed 7040K, reserved 1056768K
  class space    used 596K, capacity 620K, committed 640K, reserved 1048576K

Card table byte_map: [0x00000000113c0000,0x00000000115d0000] byte_map_base: 0x0000000010dc0000

Marking Bits: (ParMarkBitMap*) 0x000000006914a6c0
 Begin Bits: [0x0000000011b30000, 0x0000000012b30000)
 End Bits:   [0x0000000012b30000, 0x0000000013b30000)

Polling page: 0x0000000001c40000

CodeCache: size=245760Kb used=4713Kb max_used=4713Kb free=241046Kb
 bounds [0x0000000002000000, 0x00000000024a0000, 0x0000000011000000]
 total_blobs=1460 nmethods=1192 adapters=181
 compilation: enabled

Compilation events (10 events):
Event: 4.847 Thread 0x000000001472c800 1199       3       com.android.dx.rop.cst.CstString::compareTo0 (15 bytes)
Event: 4.848 Thread 0x000000001472c800 nmethod 1199 0x000000000249b7d0 code [0x000000000249b940, 0x000000000249bc48]
Event: 4.848 Thread 0x000000001472c800 1201       3       com.android.dx.rop.type.Type::compareTo (12 bytes)
Event: 4.848 Thread 0x000000001472c800 nmethod 1201 0x000000000249bd50 code [0x000000000249bec0, 0x000000000249c0e8]
Event: 4.848 Thread 0x000000001472c800 1200       3       com.android.dx.rop.type.Type::compareTo (9 bytes)
Event: 4.848 Thread 0x000000001472c800 nmethod 1200 0x000000000249c1d0 code [0x000000000249c340, 0x000000000249c728]
Event: 4.848 Thread 0x000000001472c800 1202       3       java.util.TreeMap::getFirstEntry (26 bytes)
Event: 4.849 Thread 0x000000001472c800 nmethod 1202 0x000000000249c890 code [0x000000000249ca00, 0x000000000249cc30]
Event: 4.849 Thread 0x000000001472c800 1203       3       java.util.TreeMap$PrivateEntryIterator::<init> (28 bytes)
Event: 4.849 Thread 0x000000001472c800 nmethod 1203 0x000000000249cd10 code [0x000000000249ce80, 0x000000000249d090]

GC Heap History (2 events):
Event: 4.179 GC heap before
{Heap before GC invocations=1 (full 0):
 PSYoungGen      total 38400K, used 33280K [0x00000000eab00000, 0x00000000ed580000, 0x0000000100000000)
  eden space 33280K, 100% used [0x00000000eab00000,0x00000000ecb80000,0x00000000ecb80000)
  from space 5120K, 0% used [0x00000000ed080000,0x00000000ed080000,0x00000000ed580000)
  to   space 5120K, 0% used [0x00000000ecb80000,0x00000000ecb80000,0x00000000ed080000)
 ParOldGen       total 87552K, used 0K [0x00000000c0000000, 0x00000000c5580000, 0x00000000eab00000)
  object space 87552K, 0% used [0x00000000c0000000,0x00000000c0000000,0x00000000c5580000)
 Metaspace       used 5894K, capacity 6836K, committed 7040K, reserved 1056768K
  class space    used 596K, capacity 620K, committed 640K, reserved 1048576K
Event: 4.790 GC heap after
Heap after GC invocations=1 (full 0):
 PSYoungGen      total 38400K, used 5108K [0x00000000eab00000, 0x00000000ed580000, 0x0000000100000000)
  eden space 33280K, 0% used [0x00000000eab00000,0x00000000eab00000,0x00000000ecb80000)
  from space 5120K, 99% used [0x00000000ecb80000,0x00000000ed07d248,0x00000000ed080000)
  to   space 5120K, 0% used [0x00000000ed080000,0x00000000ed080000,0x00000000ed580000)
 ParOldGen       total 87552K, used 736K [0x00000000c0000000, 0x00000000c5580000, 0x00000000eab00000)
  object space 87552K, 0% used [0x00000000c0000000,0x00000000c00b83a8,0x00000000c5580000)
 Metaspace       used 5894K, capacity 6836K, committed 7040K, reserved 1056768K
  class space    used 596K, capacity 620K, committed 640K, reserved 1048576K
}

Deoptimization events (6 events):
Event: 3.420 Thread 0x000000001629c800 Uncommon trap: reason=class_check action=maybe_recompile pc=0x00000000022339b0 method=com.android.dx.ssa.NormalSsaInsn.accept(Lcom/android/dx/ssa/SsaInsn$Visitor;)V @ 9
Event: 3.420 Thread 0x000000001629c800 Uncommon trap: reason=class_check action=maybe_recompile pc=0x00000000022339b0 method=com.android.dx.ssa.NormalSsaInsn.accept(Lcom/android/dx/ssa/SsaInsn$Visitor;)V @ 9
Event: 3.420 Thread 0x000000001629c800 Uncommon trap: reason=class_check action=maybe_recompile pc=0x00000000022339b0 method=com.android.dx.ssa.NormalSsaInsn.accept(Lcom/android/dx/ssa/SsaInsn$Visitor;)V @ 9
Event: 3.449 Thread 0x00000000162e4000 Uncommon trap: reason=unstable_if action=reinterpret pc=0x0000000002234bdc method=java.util.HashMap.getNode(ILjava/lang/Object;)Ljava/util/HashMap$Node; @ 129
Event: 3.471 Thread 0x000000001629c800 Uncommon trap: reason=class_check action=maybe_recompile pc=0x00000000022339b0 method=com.android.dx.ssa.NormalSsaInsn.accept(Lcom/android/dx/ssa/SsaInsn$Visitor;)V @ 9
Event: 3.471 Thread 0x000000001629c800 Uncommon trap: reason=unstable_if action=reinterpret pc=0x0000000002230cf4 method=java.util.BitSet.ensureCapacity(I)V @ 6

Internal exceptions (2 events):
Event: 0.117 Thread 0x0000000001eae000 Exception <a 'java/lang/NoSuchMethodError': Method sun.misc.Unsafe.defineClass(Ljava/lang/String;[BII)Ljava/lang/Class; name or signature does not match> (0x00000000eab07c78) thrown at [C:\re\workspace\8-2-build-windows-amd64-cygwin\jdk8u102\7268\hotspot\s¦g1“ß¾?
Event: 0.118 Thread 0x0000000001eae000 Exception <a 'java/lang/NoSuchMethodError': Method sun.misc.Unsafe.prefetchRead(Ljava/lang/Object;J)V name or signature does not match> (0x00000000eab07f60) thrown at [C:\re\workspace\8-2-build-windows-amd64-cygwin\jdk8u102\7268\hotspot\src\share\vm\prims\

Events (10 events):
Event: 3.471 Thread 0x000000001629c800 DEOPT UNPACKING pc=0x000000000204582a sp=0x00000000166fe330 mode 2
Event: 3.471 Thread 0x000000001629c800 Uncommon trap: trap_request=0xffffff65 fr.pc=0x0000000002230cf4
Event: 3.471 Thread 0x000000001629c800 DEOPT PACKING pc=0x0000000002230cf4 sp=0x00000000166fe740
Event: 3.471 Thread 0x000000001629c800 DEOPT UNPACKING pc=0x000000000204582a sp=0x00000000166fe628 mode 2
Event: 3.494 loading class java/util/ArrayList$1
Event: 3.494 loading class java/util/ArrayList$1 done
Event: 3.725 Executing VM operation: ForceSafepoint
Event: 3.751 Executing VM operation: ForceSafepoint done
Event: 4.147 Executing VM operation: ParallelGCFailedAllocation
Event: 4.790 Executing VM operation: ParallelGCFailedAllocation done


Dynamic libraries:
0x00007ff60a4e0000 - 0x00007ff60a517000 	C:\Program Files\Java\jdk1.8.0_102\bin\java.exe
0x00007ffde1c50000 - 0x00007ffde1dfd000 	C:\Windows\SYSTEM32\ntdll.dll
0x00007ffddf310000 - 0x00007ffddf44e000 	C:\Windows\system32\KERNEL32.DLL
0x00007ffddeef0000 - 0x00007ffddf005000 	C:\Windows\system32\KERNELBASE.dll
0x00007ffddd930000 - 0x00007ffddd9be000 	C:\Windows\system32\apphelp.dll
0x00007ffdc1e50000 - 0x00007ffdc1ea3000 	C:\Windows\AppPatch\AppPatch64\AcGenral.DLL
0x00007ffde0ea0000 - 0x00007ffde0f4a000 	C:\Windows\system32\msvcrt.dll
0x00007ffddf0c0000 - 0x00007ffddf0ee000 	C:\Windows\system32\SspiCli.dll
0x00007ffde1bf0000 - 0x00007ffde1c44000 	C:\Windows\system32\SHLWAPI.dll
0x00007ffde11f0000 - 0x00007ffde1367000 	C:\Windows\system32\USER32.dll
0x00007ffde1a50000 - 0x00007ffde1be4000 	C:\Windows\system32\ole32.dll
0x00007ffddf770000 - 0x00007ffde0c99000 	C:\Windows\system32\SHELL32.dll
0x00007ffdde390000 - 0x00007ffdde3b1000 	C:\Windows\SYSTEM32\USERENV.dll
0x00007ffde0cb0000 - 0x00007ffde0d5a000 	C:\Windows\system32\ADVAPI32.dll
0x00007ffdd0870000 - 0x00007ffdd088e000 	C:\Windows\SYSTEM32\MPR.dll
0x00007ffde1910000 - 0x00007ffde1a50000 	C:\Windows\system32\RPCRT4.dll
0x00007ffde1190000 - 0x00007ffde11e9000 	C:\Windows\SYSTEM32\sechost.dll
0x00007ffde1380000 - 0x00007ffde1592000 	C:\Windows\SYSTEM32\combase.dll
0x00007ffddf5b0000 - 0x00007ffddf6fb000 	C:\Windows\system32\GDI32.dll
0x00007ffdded70000 - 0x00007ffdded85000 	C:\Windows\SYSTEM32\profapi.dll
0x00007ffddd340000 - 0x00007ffddd3f2000 	C:\Windows\SYSTEM32\SHCORE.dll
0x00007ffddf2d0000 - 0x00007ffddf306000 	C:\Windows\system32\IMM32.DLL
0x00007ffddf450000 - 0x00007ffddf5a2000 	C:\Windows\system32\MSCTF.dll
0x00007ffddcca0000 - 0x00007ffddcf1b000 	C:\Windows\WinSxS\amd64_microsoft.windows.common-controls_6595b64144ccf1df_6.0.9600.18006_none_623f33d3ecbe86e8\COMCTL32.dll
0x00000000691d0000 - 0x00000000692a1000 	C:\Program Files\Java\jdk1.8.0_102\jre\bin\msvcr100.dll
0x0000000068930000 - 0x00000000691ca000 	C:\Program Files\Java\jdk1.8.0_102\jre\bin\server\jvm.dll
0x00007ffdd50e0000 - 0x00007ffdd50e9000 	C:\Windows\SYSTEM32\WSOCK32.dll
0x00007ffdda5c0000 - 0x00007ffdda5e2000 	C:\Windows\SYSTEM32\WINMM.dll
0x00007ffdda5f0000 - 0x00007ffdda5fa000 	C:\Windows\SYSTEM32\VERSION.dll
0x00007ffde0ca0000 - 0x00007ffde0ca7000 	C:\Windows\system32\PSAPI.DLL
0x00007ffde0d60000 - 0x00007ffde0dba000 	C:\Windows\system32\WS2_32.dll
0x00007ffdda580000 - 0x00007ffdda5aa000 	C:\Windows\SYSTEM32\WINMMBASE.dll
0x00007ffddf700000 - 0x00007ffddf709000 	C:\Windows\system32\NSI.dll
0x00007ffddf070000 - 0x00007ffddf0bf000 	C:\Windows\SYSTEM32\cfgmgr32.dll
0x00007ffdddba0000 - 0x00007ffdddbc8000 	C:\Windows\SYSTEM32\DEVOBJ.dll
0x0000000068920000 - 0x000000006892f000 	C:\Program Files\Java\jdk1.8.0_102\jre\bin\verify.dll
0x00000000688f0000 - 0x0000000068919000 	C:\Program Files\Java\jdk1.8.0_102\jre\bin\java.dll
0x00000000688d0000 - 0x00000000688e6000 	C:\Program Files\Java\jdk1.8.0_102\jre\bin\zip.dll

VM Arguments:
jvm_args: -Djava.awt.headless=true -Xmx1024M -Dfile.encoding=windows-1252 -Duser.country=IN -Duser.language=en -Duser.variant 
java_command: com.android.dx.command.Main --dex --num-threads=4 --output C:\Users\Padhavi\Downloads\android files\ngoconnect\app\build\intermediates\pre-dexed\debug\com.google.android.gms-play-services-ads-10.0.1_2a4dbfe2ca795a86a20c9af60622b26a35d202c3.jar C:\Users\Padhavi\Downloads\android files\ngoconnect\app\build\intermediates\exploded-aar\com.google.android.gms\play-services-ads\10.0.1\jars\classes.jar
java_class_path (initial): C:\Users\Padhavi\AppData\Local\Android\sdk\build-tools\24.0.3\lib\dx.jar
Launcher Type: SUN_STANDARD

Environment Variables:
JAVA_HOME=C:\Program Files\Java\jdk1.8.0_121
PATH=C:\oraclexe\app\oracle\product\11.2.0\server\bin;C:\ProgramData\Oracle\Java\javapath;C:\Program Files\Broadcom\Broadcom 802.11;C:\Program Files (x86)\NVIDIA Corporation\PhysX\Common;C:\Program Files (x86)\Intel\iCLS Client\;C:\Program Files\Intel\iCLS Client\;C:\Windows\system32;C:\Windows;C:\Windows\System32\Wbem;C:\Windows\System32\WindowsPowerShell\v1.0\;C:\Program Files\Hewlett-Packard\SimplePass\;C:\Program Files\Intel\Intel(R) Management Engine Components\DAL;C:\Program Files\Intel\Intel(R) Management Engine Components\IPT;C:\Program Files (x86)\Intel\Intel(R) Management Engine Components\DAL;C:\Program Files (x86)\Intel\Intel(R) Management Engine Components\IPT;C:\Program Files (x86)\Windows Live\Shared;C:\Program Files (x86)\Common Files\lenovo\easyplussdk\bin;C:\Program Files\MATLAB\R2016a\bin;C:\Program Files\nodejs\;C:\Program Files\Git\cmd;C:\Users\Padhavi\AppData\Roaming\npm;C:\Program Files\PuTTY\;C:\oraclexe\app\oracle\product\11.2.0\server\bin;;C:\ProgramData\Oracle\Java\javapath;C:\Program Files\Broadcom\Broadcom 802.11;C:\Program Files (x86)\NVIDIA Corporation\PhysX\Common;C:\Program Files (x86)\Intel\iCLS Client\;C:\Program Files\Intel\iCLS Client\;C:\Windows\system32;C:\Windows;C:\Windows\System32\Wbem;C:\Windows\System32\WindowsPowerShell\v1.0\;C:\Program Files\Hewlett-Packard\SimplePass\;C:\Program Files\Intel\Intel(R) Management Engine Components\DAL;C:\Program Files\Intel\Intel(R) Management Engine Components\IPT;C:\Program Files (x86)\Intel\Intel(R) Management Engine Components\DAL;C:\Program Files (x86)\Intel\Intel(R) Management Engine Components\IPT;C:\Program Files (x86)\Windows Live\Shared;C:\Program Files (x86)\Common Files\lenovo\easyplussdk\bin;C:\Program Files\MATLAB\R2016a\bin;C:\Program Files\nodejs\;C:\Program Files (x86)\Skype\Phone\;c:\Python27\;C:\Python34\Scripts
USERNAME=Padhavi
OS=Windows_NT
PROCESSOR_IDENTIFIER=Intel64 Family 6 Model 69 Stepping 1, GenuineIntel



---------------  S Y S T E M  ---------------

OS: Windows 8.1 , 64 bit Build 9600 (6.3.9600.17415)

CPU:total 4 (2 cores per cpu, 2 threads per core) family 6 model 69 stepping 1, cmov, cx8, fxsr, mmx, sse, sse2, sse3, ssse3, sse4.1, sse4.2, popcnt, avx, avx2, aes, clmul, erms, lzcnt, ht, tsc, tscinvbit, bmi1, bmi2

Memory: 4k page, physical 8317080k(1231904k free), swap 11462808k(5080k free)

vm_info: Java HotSpot(TM) 64-Bit Server VM (25.102-b14) for windows-amd64 JRE (1.8.0_102-b14), built on Jun 22 2016 13:15:21 by "java_re" with MS VC++ 10.0 (VS2010)

time: Sun Jul 09 04:22:40 2017
elapsed time: 4 seconds (0d 0h 0m 4s)

