#
# There is insufficient memory for the Java Runtime Environment to continue.
# Native memory allocation (malloc) failed to allocate 1936656 bytes for Chunk::new
# Possible reasons:
#   The system is out of physical RAM or swap space
#   In 32 bit mode, the process size limit was hit
# Possible solutions:
#   Reduce memory load on the system
#   Increase physical memory or swap space
#   Check if swap backing store is full
#   Use 64 bit Java on a 64 bit OS
#   Decrease Java heap size (-Xmx/-Xms)
#   Decrease number of Java threads
#   Decrease Java thread stack sizes (-Xss)
#   Set larger code cache with -XX:ReservedCodeCacheSize=
# This output file may be truncated or incomplete.
#
#  Out of Memory Error (allocation.cpp:390), pid=12116, tid=0x0000000000002504
#
# JRE version: Java(TM) SE Runtime Environment (8.0_102-b14) (build 1.8.0_102-b14)
# Java VM: Java HotSpot(TM) 64-Bit Server VM (25.102-b14 mixed mode windows-amd64 compressed oops)
# Failed to write core dump. Minidumps are not enabled by default on client versions of Windows
#

---------------  T H R E A D  ---------------

Current thread (0x0000000001e11000):  JavaThread "C2 CompilerThread1" daemon [_thread_in_native, id=9476, stack(0x00000000161d0000,0x00000000162d0000)]

Stack: [0x00000000161d0000,0x00000000162d0000]
[error occurred during error reporting (printing stack bounds), id 0xc0000005]

Native frames: (J=compiled Java code, j=interpreted, Vv=VM code, C=native code)


Current CompileTask:
C2:   5056 1577   !   4       com.android.dx.cf.cst.ConstantPoolParser::parse0 (731 bytes)


---------------  P R O C E S S  ---------------

Java Threads: ( => current thread )
  0x0000000016562000 JavaThread "pool-1-thread-4" [_thread_blocked, id=3896, stack(0x00000000175d0000,0x00000000176d0000)]
  0x00000000169e2000 JavaThread "pool-1-thread-3" [_thread_blocked, id=14340, stack(0x00000000174d0000,0x00000000175d0000)]
  0x0000000016561000 JavaThread "pool-1-thread-2" [_thread_blocked, id=7840, stack(0x00000000173d0000,0x00000000174d0000)]
  0x000000001668e000 JavaThread "pool-2-thread-1" [_thread_blocked, id=10368, stack(0x00000000172d0000,0x00000000173d0000)]
  0x000000001668d000 JavaThread "pool-1-thread-1" [_thread_blocked, id=8624, stack(0x00000000171d0000,0x00000000172d0000)]
  0x00000000162f4800 JavaThread "Service Thread" daemon [_thread_blocked, id=12704, stack(0x00000000167d0000,0x00000000168d0000)]
  0x0000000001e1c800 JavaThread "C1 CompilerThread2" daemon [_thread_blocked, id=11048, stack(0x00000000166d0000,0x00000000167d0000)]
=>0x0000000001e11000 JavaThread "C2 CompilerThread1" daemon [_thread_in_native, id=9476, stack(0x00000000161d0000,0x00000000162d0000)]
  0x0000000001dbe800 JavaThread "C2 CompilerThread0" daemon [_thread_in_native, id=14368, stack(0x00000000160d0000,0x00000000161d0000)]
  0x0000000001dbc000 JavaThread "Attach Listener" daemon [_thread_blocked, id=13756, stack(0x0000000015fd0000,0x00000000160d0000)]
  0x0000000001dbb000 JavaThread "Signal Dispatcher" daemon [_thread_blocked, id=9012, stack(0x0000000015ed0000,0x0000000015fd0000)]
  0x0000000001daa800 JavaThread "Finalizer" daemon [_thread_blocked, id=14768, stack(0x0000000015cf0000,0x0000000015df0000)]
  0x0000000000ee0000 JavaThread "Reference Handler" daemon [_thread_blocked, id=12480, stack(0x0000000015bf0000,0x0000000015cf0000)]
  0x00000000008be000 JavaThread "main" [_thread_blocked, id=10508, stack(0x0000000000cf0000,0x0000000000df0000)]

Other Threads:
  0x0000000001d87000 VMThread [stack: 0x0000000015af0000,0x0000000015bf0000] [id=8468]
  0x00000000162f9800 WatcherThread [stack: 0x00000000168d0000,0x00000000169d0000] [id=15108]

VM state:not at safepoint (normal execution)

VM Mutex/Monitor currently owned by a thread: None

Heap:
 PSYoungGen      total 71680K, used 37048K [0x00000000eab00000, 0x00000000ef600000, 0x0000000100000000)
  eden space 66560K, 47% used [0x00000000eab00000,0x00000000eca2f618,0x00000000eec00000)
  from space 5120K, 99% used [0x00000000ef100000,0x00000000ef5feac8,0x00000000ef600000)
  to   space 5120K, 0% used [0x00000000eec00000,0x00000000eec00000,0x00000000ef100000)
 ParOldGen       total 87552K, used 6364K [0x00000000c0000000, 0x00000000c5580000, 0x00000000eab00000)
  object space 87552K, 7% used [0x00000000c0000000,0x00000000c0637020,0x00000000c5580000)
 Metaspace       used 6271K, capacity 7090K, committed 7296K, reserved 1056768K
  class space    used 602K, capacity 618K, committed 640K, reserved 1048576K

Card table byte_map: [0x00000000012b0000,0x00000000014c0000] byte_map_base: 0x0000000000cb0000

Marking Bits: (ParMarkBitMap*) 0x000000006914a6c0
 Begin Bits: [0x0000000012400000, 0x0000000013400000)
 End Bits:   [0x0000000013400000, 0x0000000014400000)

Polling page: 0x00000000008a0000

CodeCache: size=245760Kb used=6837Kb max_used=6837Kb free=238922Kb
 bounds [0x0000000003400000, 0x0000000003ac0000, 0x0000000012400000]
 total_blobs=1946 nmethods=1677 adapters=181
 compilation: enabled

Compilation events (10 events):
Event: 4.850 Thread 0x0000000001e1c800 1710       2       sun.util.calendar.CalendarDate::setMillis (20 bytes)
Event: 4.850 Thread 0x0000000001e1c800 nmethod 1710 0x0000000003aab490 code [0x0000000003aab5e0, 0x0000000003aab750]
Event: 4.850 Thread 0x0000000001e1c800 1711       2       sun.util.calendar.CalendarDate::setTimeOfDay (6 bytes)
Event: 4.850 Thread 0x0000000001e1c800 nmethod 1711 0x0000000003aab190 code [0x0000000003aab2e0, 0x0000000003aab430]
Event: 4.850 Thread 0x0000000001e1c800 1712       2       sun.util.calendar.CalendarDate::setLeapYear (6 bytes)
Event: 4.850 Thread 0x0000000001e1c800 nmethod 1712 0x0000000003aaae90 code [0x0000000003aaafe0, 0x0000000003aab130]
Event: 4.850 Thread 0x0000000001e1c800 1713       2       java.util.TimeZone::getDefaultRef (32 bytes)
Event: 4.850 Thread 0x0000000001e1c800 nmethod 1713 0x0000000003aaab10 code [0x0000000003aaac80, 0x0000000003aaade8]
Event: 4.850 Thread 0x0000000001e1c800 1714       2       java.util.Date::getTimeImpl (27 bytes)
Event: 4.851 Thread 0x0000000001e1c800 nmethod 1714 0x0000000003aaa710 code [0x0000000003aaa880, 0x0000000003aaaa28]

GC Heap History (4 events):
Event: 2.672 GC heap before
{Heap before GC invocations=1 (full 0):
 PSYoungGen      total 38400K, used 33280K [0x00000000eab00000, 0x00000000ed580000, 0x0000000100000000)
  eden space 33280K, 100% used [0x00000000eab00000,0x00000000ecb80000,0x00000000ecb80000)
  from space 5120K, 0% used [0x00000000ed080000,0x00000000ed080000,0x00000000ed580000)
  to   space 5120K, 0% used [0x00000000ecb80000,0x00000000ecb80000,0x00000000ed080000)
 ParOldGen       total 87552K, used 0K [0x00000000c0000000, 0x00000000c5580000, 0x00000000eab00000)
  object space 87552K, 0% used [0x00000000c0000000,0x00000000c0000000,0x00000000c5580000)
 Metaspace       used 5974K, capacity 6898K, committed 7040K, reserved 1056768K
  class space    used 601K, capacity 618K, committed 640K, reserved 1048576K
Event: 2.726 GC heap after
Heap after GC invocations=1 (full 0):
 PSYoungGen      total 38400K, used 5095K [0x00000000eab00000, 0x00000000ef600000, 0x0000000100000000)
  eden space 33280K, 0% used [0x00000000eab00000,0x00000000eab00000,0x00000000ecb80000)
  from space 5120K, 99% used [0x00000000ecb80000,0x00000000ed079c88,0x00000000ed080000)
  to   space 5120K, 0% used [0x00000000ef100000,0x00000000ef100000,0x00000000ef600000)
 ParOldGen       total 87552K, used 1748K [0x00000000c0000000, 0x00000000c5580000, 0x00000000eab00000)
  object space 87552K, 1% used [0x00000000c0000000,0x00000000c01b5300,0x00000000c5580000)
 Metaspace       used 5974K, capacity 6898K, committed 7040K, reserved 1056768K
  class space    used 601K, capacity 618K, committed 640K, reserved 1048576K
}
Event: 4.046 GC heap before
{Heap before GC invocations=2 (full 0):
 PSYoungGen      total 38400K, used 38375K [0x00000000eab00000, 0x00000000ef600000, 0x0000000100000000)
  eden space 33280K, 100% used [0x00000000eab00000,0x00000000ecb80000,0x00000000ecb80000)
  from space 5120K, 99% used [0x00000000ecb80000,0x00000000ed079c88,0x00000000ed080000)
  to   space 5120K, 0% used [0x00000000ef100000,0x00000000ef100000,0x00000000ef600000)
 ParOldGen       total 87552K, used 1748K [0x00000000c0000000, 0x00000000c5580000, 0x00000000eab00000)
  object space 87552K, 1% used [0x00000000c0000000,0x00000000c01b5300,0x00000000c5580000)
 Metaspace       used 6221K, capacity 7090K, committed 7296K, reserved 1056768K
  class space    used 601K, capacity 618K, committed 640K, reserved 1048576K
Event: 4.217 GC heap after
Heap after GC invocations=2 (full 0):
 PSYoungGen      total 71680K, used 5114K [0x00000000eab00000, 0x00000000ef600000, 0x0000000100000000)
  eden space 66560K, 0% used [0x00000000eab00000,0x00000000eab00000,0x00000000eec00000)
  from space 5120K, 99% used [0x00000000ef100000,0x00000000ef5feac8,0x00000000ef600000)
  to   space 5120K, 0% used [0x00000000eec00000,0x00000000eec00000,0x00000000ef100000)
 ParOldGen       total 87552K, used 6364K [0x00000000c0000000, 0x00000000c5580000, 0x00000000eab00000)
  object space 87552K, 7% used [0x00000000c0000000,0x00000000c0637020,0x00000000c5580000)
 Metaspace       used 6221K, capacity 7090K, committed 7296K, reserved 1056768K
  class space    used 601K, capacity 618K, committed 640K, reserved 1048576K
}

Deoptimization events (10 events):
Event: 2.375 Thread 0x00000000169e2000 Uncommon trap: reason=unstable_if action=reinterpret pc=0x0000000003752b30 method=java.util.BitSet.ensureCapacity(I)V @ 6
Event: 2.665 Thread 0x0000000016561000 Uncommon trap: reason=null_check action=make_not_entrant pc=0x0000000003703fe8 method=com.android.dx.rop.type.Type.equals(Ljava/lang/Object;)Z @ 8
Event: 3.515 Thread 0x00000000169e2000 Uncommon trap: reason=unstable_if action=reinterpret pc=0x0000000003701864 method=com.android.dx.rop.code.RegisterSpec.equals(ILcom/android/dx/rop/type/TypeBearer;Lcom/android/dx/rop/code/LocalItem;)Z @ 16
Event: 3.516 Thread 0x00000000169e2000 Uncommon trap: reason=unstable_if action=reinterpret pc=0x00000000037bf03c method=com.android.dx.util.IntList.binarysearch(I)I @ 105
Event: 3.516 Thread 0x00000000169e2000 Uncommon trap: reason=unstable_if action=reinterpret pc=0x000000000364fbf4 method=java.util.BitSet.ensureCapacity(I)V @ 6
Event: 3.571 Thread 0x00000000008be000 Uncommon trap: reason=unstable_if action=reinterpret pc=0x00000000036353d0 method=java.lang.String.<init>([CII)V @ 18
Event: 4.241 Thread 0x000000001668d000 Uncommon trap: reason=unstable_if action=reinterpret pc=0x0000000003a03a0c method=com.android.dx.ssa.SCCP.simulateBranch(Lcom/android/dx/ssa/SsaInsn;)V @ 140
Event: 4.345 Thread 0x0000000016562000 Uncommon trap: reason=unstable_if action=reinterpret pc=0x0000000003a42454 method=com.android.dx.ssa.MoveParamCombiner$1.visitNonMoveInsn(Lcom/android/dx/ssa/NormalSsaInsn;)V @ 27
Event: 4.827 Thread 0x0000000016562000 Uncommon trap: reason=bimorphic action=maybe_recompile pc=0x0000000003a0dbd8 method=com.android.dx.cf.code.BytecodeArray.parseInstruction(ILcom/android/dx/cf/code/BytecodeArray$Visitor;)I @ 2281
Event: 4.827 Thread 0x0000000016562000 Uncommon trap: reason=bimorphic action=maybe_recompile pc=0x0000000003a0dbd8 method=com.android.dx.cf.code.BytecodeArray.parseInstruction(ILcom/android/dx/cf/code/BytecodeArray$Visitor;)I @ 2281

Internal exceptions (3 events):
Event: 0.126 Thread 0x00000000008be000 Exception <a 'java/lang/NoSuchMethodError': Method sun.misc.Unsafe.defineClass(Ljava/lang/String;[BII)Ljava/lang/Class; name or signature does not match> (0x00000000eab07c78) thrown at [C:\re\workspace\8-2-build-windows-amd64-cygwin\jdk8u102\7268\hotspot\sk§ÑÀ?
Event: 0.126 Thread 0x00000000008be000 Exception <a 'java/lang/NoSuchMethodError': Method sun.misc.Unsafe.prefetchRead(Ljava/lang/Object;J)V name or signature does not match> (0x00000000eab07f60) thrown at [C:\re\workspace\8-2-build-windows-amd64-cygwin\jdk8u102\7268\hotspot\src\share\vm\prims\ÆcE›ÌR@
Event: 2.665 Thread 0x0000000016561000 Implicit null exception at 0x0000000003703ee2 to 0x0000000003703fda

Events (10 events):
Event: 4.345 Thread 0x0000000016562000 DEOPT PACKING pc=0x0000000003a42454 sp=0x00000000176ce790
Event: 4.345 Thread 0x0000000016562000 DEOPT UNPACKING pc=0x000000000344582a sp=0x00000000176ce6e8 mode 2
Event: 4.445 Executing VM operation: EnableBiasedLocking
Event: 4.580 Executing VM operation: EnableBiasedLocking done
Event: 4.827 Thread 0x0000000016562000 Uncommon trap: trap_request=0xffffffc6 fr.pc=0x0000000003a0dbd8
Event: 4.827 Thread 0x0000000016562000 DEOPT PACKING pc=0x0000000003a0dbd8 sp=0x00000000176ce660
Event: 4.827 Thread 0x0000000016562000 DEOPT UNPACKING pc=0x000000000344582a sp=0x00000000176ce620 mode 2
Event: 4.827 Thread 0x0000000016562000 Uncommon trap: trap_request=0xffffffc6 fr.pc=0x0000000003a0dbd8
Event: 4.827 Thread 0x0000000016562000 DEOPT PACKING pc=0x0000000003a0dbd8 sp=0x00000000176ce4c0
Event: 4.827 Thread 0x0000000016562000 DEOPT UNPACKING pc=0x000000000344582a sp=0x00000000176ce480 mode 2


Dynamic libraries:
0x00007ff60a4e0000 - 0x00007ff60a517000 	C:\Program Files\Java\jdk1.8.0_102\bin\java.exe
0x00007ffde1c50000 - 0x00007ffde1dfd000 	C:\Windows\SYSTEM32\ntdll.dll
0x00007ffddf310000 - 0x00007ffddf44e000 	C:\Windows\system32\KERNEL32.DLL
0x00007ffddeef0000 - 0x00007ffddf005000 	C:\Windows\system32\KERNELBASE.dll
0x00007ffddd930000 - 0x00007ffddd9be000 	C:\Windows\system32\apphelp.dll
0x00007ffdc1e50000 - 0x00007ffdc1ea3000 	C:\Windows\AppPatch\AppPatch64\AcGenral.DLL
0x00007ffde0ea0000 - 0x00007ffde0f4a000 	C:\Windows\system32\msvcrt.dll
0x00007ffddf0c0000 - 0x00007ffddf0ee000 	C:\Windows\system32\SspiCli.dll
0x00007ffde1bf0000 - 0x00007ffde1c44000 	C:\Windows\system32\SHLWAPI.dll
0x00007ffde11f0000 - 0x00007ffde1367000 	C:\Windows\system32\USER32.dll
0x00007ffde1a50000 - 0x00007ffde1be4000 	C:\Windows\system32\ole32.dll
0x00007ffddf770000 - 0x00007ffde0c99000 	C:\Windows\system32\SHELL32.dll
0x00007ffdde390000 - 0x00007ffdde3b1000 	C:\Windows\SYSTEM32\USERENV.dll
0x00007ffde0cb0000 - 0x00007ffde0d5a000 	C:\Windows\system32\ADVAPI32.dll
0x00007ffdd0870000 - 0x00007ffdd088e000 	C:\Windows\SYSTEM32\MPR.dll
0x00007ffde1910000 - 0x00007ffde1a50000 	C:\Windows\system32\RPCRT4.dll
0x00007ffde1190000 - 0x00007ffde11e9000 	C:\Windows\SYSTEM32\sechost.dll
0x00007ffde1380000 - 0x00007ffde1592000 	C:\Windows\SYSTEM32\combase.dll
0x00007ffddf5b0000 - 0x00007ffddf6fb000 	C:\Windows\system32\GDI32.dll
0x00007ffdded70000 - 0x00007ffdded85000 	C:\Windows\SYSTEM32\profapi.dll
0x00007ffddd340000 - 0x00007ffddd3f2000 	C:\Windows\SYSTEM32\SHCORE.dll
0x00007ffddf2d0000 - 0x00007ffddf306000 	C:\Windows\system32\IMM32.DLL
0x00007ffddf450000 - 0x00007ffddf5a2000 	C:\Windows\system32\MSCTF.dll
0x00007ffddcca0000 - 0x00007ffddcf1b000 	C:\Windows\WinSxS\amd64_microsoft.windows.common-controls_6595b64144ccf1df_6.0.9600.18006_none_623f33d3ecbe86e8\COMCTL32.dll
0x00000000691d0000 - 0x00000000692a1000 	C:\Program Files\Java\jdk1.8.0_102\jre\bin\msvcr100.dll
0x0000000068930000 - 0x00000000691ca000 	C:\Program Files\Java\jdk1.8.0_102\jre\bin\server\jvm.dll
0x00007ffdd50e0000 - 0x00007ffdd50e9000 	C:\Windows\SYSTEM32\WSOCK32.dll
0x00007ffdda5c0000 - 0x00007ffdda5e2000 	C:\Windows\SYSTEM32\WINMM.dll
0x00007ffdda5f0000 - 0x00007ffdda5fa000 	C:\Windows\SYSTEM32\VERSION.dll
0x00007ffde0ca0000 - 0x00007ffde0ca7000 	C:\Windows\system32\PSAPI.DLL
0x00007ffde0d60000 - 0x00007ffde0dba000 	C:\Windows\system32\WS2_32.dll
0x00007ffdda580000 - 0x00007ffdda5aa000 	C:\Windows\SYSTEM32\WINMMBASE.dll
0x00007ffddf700000 - 0x00007ffddf709000 	C:\Windows\system32\NSI.dll
0x00007ffddf070000 - 0x00007ffddf0bf000 	C:\Windows\SYSTEM32\cfgmgr32.dll
0x00007ffdddba0000 - 0x00007ffdddbc8000 	C:\Windows\SYSTEM32\DEVOBJ.dll
0x0000000068920000 - 0x000000006892f000 	C:\Program Files\Java\jdk1.8.0_102\jre\bin\verify.dll
0x00000000688f0000 - 0x0000000068919000 	C:\Program Files\Java\jdk1.8.0_102\jre\bin\java.dll
0x00000000688d0000 - 0x00000000688e6000 	C:\Program Files\Java\jdk1.8.0_102\jre\bin\zip.dll

VM Arguments:
jvm_args: -Djava.awt.headless=true -Xmx1024M -Dfile.encoding=windows-1252 -Duser.country=IN -Duser.language=en -Duser.variant 
java_command: com.android.dx.command.Main --dex --num-threads=4 --output C:\Users\Padhavi\Downloads\android files\ngoconnect\app\build\intermediates\pre-dexed\debug\com.google.firebase-firebase-auth-10.0.1_2c1bc594e5846cc8d09be25025552fb657d9849f.jar C:\Users\Padhavi\Downloads\android files\ngoconnect\app\build\intermediates\exploded-aar\com.google.firebase\firebase-auth\10.0.1\jars\classes.jar
java_class_path (initial): C:\Users\Padhavi\AppData\Local\Android\sdk\build-tools\24.0.3\lib\dx.jar
Launcher Type: SUN_STANDARD

Environment Variables:
JAVA_HOME=C:\Program Files\Java\jdk1.8.0_121
PATH=C:\oraclexe\app\oracle\product\11.2.0\server\bin;C:\ProgramData\Oracle\Java\javapath;C:\Program Files\Broadcom\Broadcom 802.11;C:\Program Files (x86)\NVIDIA Corporation\PhysX\Common;C:\Program Files (x86)\Intel\iCLS Client\;C:\Program Files\Intel\iCLS Client\;C:\Windows\system32;C:\Windows;C:\Windows\System32\Wbem;C:\Windows\System32\WindowsPowerShell\v1.0\;C:\Program Files\Hewlett-Packard\SimplePass\;C:\Program Files\Intel\Intel(R) Management Engine Components\DAL;C:\Program Files\Intel\Intel(R) Management Engine Components\IPT;C:\Program Files (x86)\Intel\Intel(R) Management Engine Components\DAL;C:\Program Files (x86)\Intel\Intel(R) Management Engine Components\IPT;C:\Program Files (x86)\Windows Live\Shared;C:\Program Files (x86)\Common Files\lenovo\easyplussdk\bin;C:\Program Files\MATLAB\R2016a\bin;C:\Program Files\nodejs\;C:\Program Files\Git\cmd;C:\Users\Padhavi\AppData\Roaming\npm;C:\Program Files\PuTTY\;C:\oraclexe\app\oracle\product\11.2.0\server\bin;;C:\ProgramData\Oracle\Java\javapath;C:\Program Files\Broadcom\Broadcom 802.11;C:\Program Files (x86)\NVIDIA Corporation\PhysX\Common;C:\Program Files (x86)\Intel\iCLS Client\;C:\Program Files\Intel\iCLS Client\;C:\Windows\system32;C:\Windows;C:\Windows\System32\Wbem;C:\Windows\System32\WindowsPowerShell\v1.0\;C:\Program Files\Hewlett-Packard\SimplePass\;C:\Program Files\Intel\Intel(R) Management Engine Components\DAL;C:\Program Files\Intel\Intel(R) Management Engine Components\IPT;C:\Program Files (x86)\Intel\Intel(R) Management Engine Components\DAL;C:\Program Files (x86)\Intel\Intel(R) Management Engine Components\IPT;C:\Program Files (x86)\Windows Live\Shared;C:\Program Files (x86)\Common Files\lenovo\easyplussdk\bin;C:\Program Files\MATLAB\R2016a\bin;C:\Program Files\nodejs\;C:\Program Files (x86)\Skype\Phone\;c:\Python27\;C:\Python34\Scripts
USERNAME=Padhavi
OS=Windows_NT
PROCESSOR_IDENTIFIER=Intel64 Family 6 Model 69 Stepping 1, GenuineIntel



---------------  S Y S T E M  ---------------

OS: Windows 8.1 , 64 bit Build 9600 (6.3.9600.17415)

CPU:total 4 (2 cores per cpu, 2 threads per core) family 6 model 69 stepping 1, cmov, cx8, fxsr, mmx, sse, sse2, sse3, ssse3, sse4.1, sse4.2, popcnt, avx, avx2, aes, clmul, erms, lzcnt, ht, tsc, tscinvbit, bmi1, bmi2

Memory: 4k page, physical 8317080k(1002728k free), swap 11462808k(5548k free)

vm_info: Java HotSpot(TM) 64-Bit Server VM (25.102-b14) for windows-amd64 JRE (1.8.0_102-b14), built on Jun 22 2016 13:15:21 by "java_re" with MS VC++ 10.0 (VS2010)

time: Sun Jul 09 04:18:02 2017
elapsed time: 5 seconds (0d 0h 0m 5s)

