#
# There is insufficient memory for the Java Runtime Environment to continue.
# Native memory allocation (malloc) failed to allocate 294176 bytes for Chunk::new
# Possible reasons:
#   The system is out of physical RAM or swap space
#   In 32 bit mode, the process size limit was hit
# Possible solutions:
#   Reduce memory load on the system
#   Increase physical memory or swap space
#   Check if swap backing store is full
#   Use 64 bit Java on a 64 bit OS
#   Decrease Java heap size (-Xmx/-Xms)
#   Decrease number of Java threads
#   Decrease Java thread stack sizes (-Xss)
#   Set larger code cache with -XX:ReservedCodeCacheSize=
# This output file may be truncated or incomplete.
#
#  Out of Memory Error (allocation.cpp:390), pid=5100, tid=0x000000000000229c
#
# JRE version: Java(TM) SE Runtime Environment (8.0_102-b14) (build 1.8.0_102-b14)
# Java VM: Java HotSpot(TM) 64-Bit Server VM (25.102-b14 mixed mode windows-amd64 compressed oops)
# Failed to write core dump. Minidumps are not enabled by default on client versions of Windows
#

---------------  T H R E A D  ---------------

Current thread (0x0000000001da3000):  JavaThread "C2 CompilerThread1" daemon [_thread_in_native, id=8860, stack(0x00000000161d0000,0x00000000162d0000)]

Stack: [0x00000000161d0000,0x00000000162d0000]
[error occurred during error reporting (printing stack bounds), id 0xc0000005]

Native frames: (J=compiled Java code, j=interpreted, Vv=VM code, C=native code)


Current CompileTask:
C2:   8187 1137       4       com.android.dx.ssa.back.LivenessAnalyzer::run (231 bytes)


---------------  P R O C E S S  ---------------

Java Threads: ( => current thread )
  0x0000000016520800 JavaThread "pool-1-thread-4" [_thread_in_Java, id=11312, stack(0x0000000016dd0000,0x0000000016ed0000)]
  0x0000000016428000 JavaThread "pool-2-thread-1" [_thread_blocked, id=12092, stack(0x0000000016ad0000,0x0000000016bd0000)]
  0x0000000016427000 JavaThread "pool-1-thread-1" [_thread_in_Java, id=14600, stack(0x00000000169d0000,0x0000000016ad0000)]
  0x0000000001dfc800 JavaThread "Service Thread" daemon [_thread_blocked, id=7924, stack(0x00000000167d0000,0x00000000168d0000)]
  0x00000000162d8800 JavaThread "C1 CompilerThread2" daemon [_thread_blocked, id=9868, stack(0x00000000166d0000,0x00000000167d0000)]
=>0x0000000001da3000 JavaThread "C2 CompilerThread1" daemon [_thread_in_native, id=8860, stack(0x00000000161d0000,0x00000000162d0000)]
  0x0000000001d9f000 JavaThread "C2 CompilerThread0" daemon [_thread_in_native, id=9456, stack(0x00000000160d0000,0x00000000161d0000)]
  0x0000000001d9c000 JavaThread "Attach Listener" daemon [_thread_blocked, id=12228, stack(0x0000000015fd0000,0x00000000160d0000)]
  0x0000000001d9b000 JavaThread "Signal Dispatcher" daemon [_thread_blocked, id=12632, stack(0x0000000015ed0000,0x0000000015fd0000)]
  0x0000000000eaa800 JavaThread "Finalizer" daemon [_thread_blocked, id=12948, stack(0x0000000015cf0000,0x0000000015df0000)]
  0x0000000000ea0000 JavaThread "Reference Handler" daemon [_thread_blocked, id=6276, stack(0x0000000015bf0000,0x0000000015cf0000)]
  0x0000000000dae000 JavaThread "main" [_thread_blocked, id=7136, stack(0x0000000000c90000,0x0000000000d90000)]

Other Threads:
  0x0000000001d67800 VMThread [stack: 0x0000000015af0000,0x0000000015bf0000] [id=9764]
  0x00000000162e3000 WatcherThread [stack: 0x00000000168d0000,0x00000000169d0000] [id=12420]

VM state:not at safepoint (normal execution)

VM Mutex/Monitor currently owned by a thread: None

Heap:
 PSYoungGen      total 38400K, used 32929K [0x00000000eab00000, 0x00000000ed580000, 0x0000000100000000)
  eden space 33280K, 98% used [0x00000000eab00000,0x00000000ecb28570,0x00000000ecb80000)
  from space 5120K, 0% used [0x00000000ed080000,0x00000000ed080000,0x00000000ed580000)
  to   space 5120K, 0% used [0x00000000ecb80000,0x00000000ecb80000,0x00000000ed080000)
 ParOldGen       total 87552K, used 0K [0x00000000c0000000, 0x00000000c5580000, 0x00000000eab00000)
  object space 87552K, 0% used [0x00000000c0000000,0x00000000c0000000,0x00000000c5580000)
 Metaspace       used 5845K, capacity 6896K, committed 7040K, reserved 1056768K
  class space    used 591K, capacity 616K, committed 640K, reserved 1048576K

Card table byte_map: [0x0000000001270000,0x0000000001480000] byte_map_base: 0x0000000000c70000

Marking Bits: (ParMarkBitMap*) 0x000000006914a6c0
 Begin Bits: [0x0000000012400000, 0x0000000013400000)
 End Bits:   [0x0000000013400000, 0x0000000014400000)

Polling page: 0x00000000007c0000

CodeCache: size=245760Kb used=4734Kb max_used=4746Kb free=241025Kb
 bounds [0x0000000003400000, 0x00000000038b0000, 0x0000000012400000]
 total_blobs=1418 nmethods=1155 adapters=176
 compilation: enabled

Compilation events (10 events):
Event: 8.138 Thread 0x00000000162d8800 1171       3       com.android.dx.rop.code.LocalItem::make (20 bytes)
Event: 8.138 Thread 0x00000000162d8800 nmethod 1171 0x00000000038a14d0 code [0x00000000038a1640, 0x00000000038a1930]
Event: 8.138 Thread 0x00000000162d8800 1172       3       com.android.dx.rop.code.LocalItem::<init> (15 bytes)
Event: 8.138 Thread 0x00000000162d8800 nmethod 1172 0x00000000038a1a50 code [0x00000000038a1ba0, 0x00000000038a1d70]
Event: 8.138 Thread 0x00000000162d8800 1168       3       com.android.dx.dex.file.IndexedItem::<init> (10 bytes)
Event: 8.138 Thread 0x00000000162d8800 nmethod 1168 0x00000000038a1e10 code [0x00000000038a1f80, 0x00000000038a2190]
Event: 8.138 Thread 0x00000000162d8800 1169       3       com.android.dx.rop.code.RegisterSpec::make (21 bytes)
Event: 8.139 Thread 0x00000000162d8800 nmethod 1169 0x00000000038a2290 code [0x00000000038a2400, 0x00000000038a2658]
Event: 8.143 Thread 0x0000000001da3000 nmethod 1147 0x00000000038a5910 code [0x00000000038a5aa0, 0x00000000038a6018]
Event: 8.143 Thread 0x0000000001da3000 1137       4       com.android.dx.ssa.back.LivenessAnalyzer::run (231 bytes)

GC Heap History (0 events):
No events

Deoptimization events (5 events):
Event: 5.888 Thread 0x0000000016427000 Uncommon trap: reason=unstable_if action=reinterpret pc=0x00000000035f5760 method=java.util.HashMap.getNode(ILjava/lang/Object;)Ljava/util/HashMap$Node; @ 129
Event: 7.160 Thread 0x0000000016520800 Uncommon trap: reason=unstable_if action=reinterpret pc=0x0000000003758a1c method=com.android.dx.rop.cst.Constant.compareTo(Lcom/android/dx/rop/cst/Constant;)I @ 12
Event: 7.729 Thread 0x000000001642c800 Uncommon trap: reason=unstable_if action=reinterpret pc=0x0000000003758dec method=com.android.dx.rop.code.RegisterSpecSet.put(Lcom/android/dx/rop/code/RegisterSpec;)V @ 77
Event: 7.729 Thread 0x000000001642c800 Uncommon trap: reason=unstable_if action=reinterpret pc=0x00000000037840ec method=com.android.dx.rop.code.RegisterSpecSet.put(Lcom/android/dx/rop/code/RegisterSpec;)V @ 77
Event: 7.732 Thread 0x000000001642c800 Uncommon trap: reason=bimorphic action=maybe_recompile pc=0x000000000363576c method=java.util.HashMap.getNode(ILjava/lang/Object;)Ljava/util/HashMap$Node; @ 126

Internal exceptions (2 events):
Event: 0.568 Thread 0x0000000000dae000 Exception <a 'java/lang/NoSuchMethodError': Method sun.misc.Unsafe.defineClass(Ljava/lang/String;[BII)Ljava/lang/Class; name or signature does not match> (0x00000000eab07c78) thrown at [C:\re\workspace\8-2-build-windows-amd64-cygwin\jdk8u102\7268\hotspot\sqF(³/â?
Event: 0.568 Thread 0x0000000000dae000 Exception <a 'java/lang/NoSuchMethodError': Method sun.misc.Unsafe.prefetchRead(Ljava/lang/Object;J)V name or signature does not match> (0x00000000eab07f60) thrown at [C:\re\workspace\8-2-build-windows-amd64-cygwin\jdk8u102\7268\hotspot\src\share\vm\prims\

Events (10 events):
Event: 7.729 Thread 0x000000001642c800 DEOPT PACKING pc=0x0000000003758dec sp=0x0000000016cce9b0
Event: 7.729 Thread 0x000000001642c800 DEOPT UNPACKING pc=0x000000000344582a sp=0x0000000016cce938 mode 2
Event: 7.729 Thread 0x000000001642c800 Uncommon trap: trap_request=0xffffff65 fr.pc=0x00000000037840ec
Event: 7.729 Thread 0x000000001642c800 DEOPT PACKING pc=0x00000000037840ec sp=0x0000000016cce9a0
Event: 7.729 Thread 0x000000001642c800 DEOPT UNPACKING pc=0x000000000344582a sp=0x0000000016cce8c0 mode 2
Event: 7.732 Thread 0x000000001642c800 Uncommon trap: trap_request=0xffffffc6 fr.pc=0x000000000363576c
Event: 7.732 Thread 0x000000001642c800 DEOPT PACKING pc=0x000000000363576c sp=0x0000000016ccea20
Event: 7.732 Thread 0x000000001642c800 DEOPT UNPACKING pc=0x000000000344582a sp=0x0000000016cce938 mode 2
Event: 8.135 Thread 0x000000001642c800 Thread exited: 0x000000001642c800
Event: 8.139 Thread 0x0000000016430000 Thread exited: 0x0000000016430000


Dynamic libraries:
0x00007ff60a4e0000 - 0x00007ff60a517000 	C:\Program Files\Java\jdk1.8.0_102\bin\java.exe
0x00007ffde1c50000 - 0x00007ffde1dfd000 	C:\Windows\SYSTEM32\ntdll.dll
0x00007ffddf310000 - 0x00007ffddf44e000 	C:\Windows\system32\KERNEL32.DLL
0x00007ffddeef0000 - 0x00007ffddf005000 	C:\Windows\system32\KERNELBASE.dll
0x00007ffddd930000 - 0x00007ffddd9be000 	C:\Windows\system32\apphelp.dll
0x00007ffdc1e50000 - 0x00007ffdc1ea3000 	C:\Windows\AppPatch\AppPatch64\AcGenral.DLL
0x00007ffde0ea0000 - 0x00007ffde0f4a000 	C:\Windows\system32\msvcrt.dll
0x00007ffddf0c0000 - 0x00007ffddf0ee000 	C:\Windows\system32\SspiCli.dll
0x00007ffde1bf0000 - 0x00007ffde1c44000 	C:\Windows\system32\SHLWAPI.dll
0x00007ffde11f0000 - 0x00007ffde1367000 	C:\Windows\system32\USER32.dll
0x00007ffde1a50000 - 0x00007ffde1be4000 	C:\Windows\system32\ole32.dll
0x00007ffddf770000 - 0x00007ffde0c99000 	C:\Windows\system32\SHELL32.dll
0x00007ffdde390000 - 0x00007ffdde3b1000 	C:\Windows\SYSTEM32\USERENV.dll
0x00007ffde0cb0000 - 0x00007ffde0d5a000 	C:\Windows\system32\ADVAPI32.dll
0x00007ffdd0870000 - 0x00007ffdd088e000 	C:\Windows\SYSTEM32\MPR.dll
0x00007ffde1910000 - 0x00007ffde1a50000 	C:\Windows\system32\RPCRT4.dll
0x00007ffde1190000 - 0x00007ffde11e9000 	C:\Windows\SYSTEM32\sechost.dll
0x00007ffde1380000 - 0x00007ffde1592000 	C:\Windows\SYSTEM32\combase.dll
0x00007ffddf5b0000 - 0x00007ffddf6fb000 	C:\Windows\system32\GDI32.dll
0x00007ffdded70000 - 0x00007ffdded85000 	C:\Windows\SYSTEM32\profapi.dll
0x00007ffddd340000 - 0x00007ffddd3f2000 	C:\Windows\SYSTEM32\SHCORE.dll
0x00007ffddf2d0000 - 0x00007ffddf306000 	C:\Windows\system32\IMM32.DLL
0x00007ffddf450000 - 0x00007ffddf5a2000 	C:\Windows\system32\MSCTF.dll
0x00007ffddcca0000 - 0x00007ffddcf1b000 	C:\Windows\WinSxS\amd64_microsoft.windows.common-controls_6595b64144ccf1df_6.0.9600.18006_none_623f33d3ecbe86e8\COMCTL32.dll
0x00000000691d0000 - 0x00000000692a1000 	C:\Program Files\Java\jdk1.8.0_102\jre\bin\msvcr100.dll
0x0000000068930000 - 0x00000000691ca000 	C:\Program Files\Java\jdk1.8.0_102\jre\bin\server\jvm.dll
0x00007ffdd50e0000 - 0x00007ffdd50e9000 	C:\Windows\SYSTEM32\WSOCK32.dll
0x00007ffdda5c0000 - 0x00007ffdda5e2000 	C:\Windows\SYSTEM32\WINMM.dll
0x00007ffdda5f0000 - 0x00007ffdda5fa000 	C:\Windows\SYSTEM32\VERSION.dll
0x00007ffde0ca0000 - 0x00007ffde0ca7000 	C:\Windows\system32\PSAPI.DLL
0x00007ffde0d60000 - 0x00007ffde0dba000 	C:\Windows\system32\WS2_32.dll
0x00007ffdda580000 - 0x00007ffdda5aa000 	C:\Windows\SYSTEM32\WINMMBASE.dll
0x00007ffddf700000 - 0x00007ffddf709000 	C:\Windows\system32\NSI.dll
0x00007ffddf070000 - 0x00007ffddf0bf000 	C:\Windows\SYSTEM32\cfgmgr32.dll
0x00007ffdddba0000 - 0x00007ffdddbc8000 	C:\Windows\SYSTEM32\DEVOBJ.dll
0x0000000068920000 - 0x000000006892f000 	C:\Program Files\Java\jdk1.8.0_102\jre\bin\verify.dll
0x00000000688f0000 - 0x0000000068919000 	C:\Program Files\Java\jdk1.8.0_102\jre\bin\java.dll
0x00000000688d0000 - 0x00000000688e6000 	C:\Program Files\Java\jdk1.8.0_102\jre\bin\zip.dll

VM Arguments:
jvm_args: -Djava.awt.headless=true -Xmx1024M -Dfile.encoding=windows-1252 -Duser.country=IN -Duser.language=en -Duser.variant 
java_command: com.android.dx.command.Main --dex --num-threads=4 --output C:\Users\Padhavi\Downloads\android files\ngoconnect\app\build\intermediates\pre-dexed\debug\com.android.support-support-vector-drawable-25.0.1_f86b41e9b351efa2658d24ad7d862cb3b50f235d.jar C:\Users\Padhavi\Downloads\android files\ngoconnect\app\build\intermediates\exploded-aar\com.android.support\support-vector-drawable\25.0.1\jars\classes.jar
java_class_path (initial): C:\Users\Padhavi\AppData\Local\Android\sdk\build-tools\24.0.3\lib\dx.jar
Launcher Type: SUN_STANDARD

Environment Variables:
JAVA_HOME=C:\Program Files\Java\jdk1.8.0_121
PATH=C:\oraclexe\app\oracle\product\11.2.0\server\bin;C:\ProgramData\Oracle\Java\javapath;C:\Program Files\Broadcom\Broadcom 802.11;C:\Program Files (x86)\NVIDIA Corporation\PhysX\Common;C:\Program Files (x86)\Intel\iCLS Client\;C:\Program Files\Intel\iCLS Client\;C:\Windows\system32;C:\Windows;C:\Windows\System32\Wbem;C:\Windows\System32\WindowsPowerShell\v1.0\;C:\Program Files\Hewlett-Packard\SimplePass\;C:\Program Files\Intel\Intel(R) Management Engine Components\DAL;C:\Program Files\Intel\Intel(R) Management Engine Components\IPT;C:\Program Files (x86)\Intel\Intel(R) Management Engine Components\DAL;C:\Program Files (x86)\Intel\Intel(R) Management Engine Components\IPT;C:\Program Files (x86)\Windows Live\Shared;C:\Program Files (x86)\Common Files\lenovo\easyplussdk\bin;C:\Program Files\MATLAB\R2016a\bin;C:\Program Files\nodejs\;C:\Program Files\Git\cmd;C:\Users\Padhavi\AppData\Roaming\npm;C:\Program Files\PuTTY\;C:\oraclexe\app\oracle\product\11.2.0\server\bin;;C:\ProgramData\Oracle\Java\javapath;C:\Program Files\Broadcom\Broadcom 802.11;C:\Program Files (x86)\NVIDIA Corporation\PhysX\Common;C:\Program Files (x86)\Intel\iCLS Client\;C:\Program Files\Intel\iCLS Client\;C:\Windows\system32;C:\Windows;C:\Windows\System32\Wbem;C:\Windows\System32\WindowsPowerShell\v1.0\;C:\Program Files\Hewlett-Packard\SimplePass\;C:\Program Files\Intel\Intel(R) Management Engine Components\DAL;C:\Program Files\Intel\Intel(R) Management Engine Components\IPT;C:\Program Files (x86)\Intel\Intel(R) Management Engine Components\DAL;C:\Program Files (x86)\Intel\Intel(R) Management Engine Components\IPT;C:\Program Files (x86)\Windows Live\Shared;C:\Program Files (x86)\Common Files\lenovo\easyplussdk\bin;C:\Program Files\MATLAB\R2016a\bin;C:\Program Files\nodejs\;C:\Program Files (x86)\Skype\Phone\;c:\Python27\;C:\Python34\Scripts
USERNAME=Padhavi
OS=Windows_NT
PROCESSOR_IDENTIFIER=Intel64 Family 6 Model 69 Stepping 1, GenuineIntel



---------------  S Y S T E M  ---------------

OS: Windows 8.1 , 64 bit Build 9600 (6.3.9600.17415)

CPU:total 4 (2 cores per cpu, 2 threads per core) family 6 model 69 stepping 1, cmov, cx8, fxsr, mmx, sse, sse2, sse3, ssse3, sse4.1, sse4.2, popcnt, avx, avx2, aes, clmul, erms, lzcnt, ht, tsc, tscinvbit, bmi1, bmi2

Memory: 4k page, physical 8317080k(1247488k free), swap 11462808k(5364k free)

vm_info: Java HotSpot(TM) 64-Bit Server VM (25.102-b14) for windows-amd64 JRE (1.8.0_102-b14), built on Jun 22 2016 13:15:21 by "java_re" with MS VC++ 10.0 (VS2010)

time: Sun Jul 09 04:23:15 2017
elapsed time: 8 seconds (0d 0h 0m 8s)

