#
# A fatal error has been detected by the Java Runtime Environment:
#
#  EXCEPTION_STACK_OVERFLOW (0xc00000fd) at pc=0x0000000068b43777, pid=9640, tid=0x0000000000000de8
#
# JRE version: Java(TM) SE Runtime Environment (8.0_102-b14) (build 1.8.0_102-b14)
# Java VM: Java HotSpot(TM) 64-Bit Server VM (25.102-b14 mixed mode windows-amd64 compressed oops)
# Problematic frame:
# V  [jvm.dll+0x213777]
#
# Failed to write core dump. Minidumps are not enabled by default on client versions of Windows
#
# If you would like to submit a bug report, please visit:
#   http://bugreport.java.com/bugreport/crash.jsp
#

---------------  T H R E A D  ---------------

Current thread (0x0000000016900000):  JavaThread "pool-1-thread-2" [_thread_in_vm, id=3560, stack(0x0000000016ed0000,0x0000000016fd0000)]

siginfo: ExceptionCode=0xc00000fd, ExceptionInformation=0x0000000000000001 0x0000000016fcb410 

Registers:
RAX=0x0000000016fcb410, RBX=0x0000000000000005, RCX=0x0000000000004000, RDX=0x0000000000000006
RSP=0x0000000016fcf410, RBP=0x0000000000000000, RSI=0x0000000016fcf410, RDI=0x0000000000000005
R8 =0x0000000000000006, R9 =0x00000000168a4d30, R10=0x000000001442d470, R11=0x0000000016eda148
R12=0x00000000168a4d30, R13=0x0000000016900000, R14=0x0000000016fcf4d8, R15=0x000000001442d470
RIP=0x0000000068b43777, EFLAGS=0x0000000000010202

Top of Stack: (sp=0x0000000016fcf410)
0x0000000016fcf410:   0000000000000000 0000000000000000
0x0000000016fcf420:   0000000016900000 00000000168a4d30
0x0000000016fcf430:   00000000ffffffff 0000000068b446a7
0x0000000016fcf440:   0000000016fcf540 000000001442d470
0x0000000016fcf450:   0000000016900000 00000000689f0183
0x0000000016fcf460:   0000000016fcf4a0 0000000016900000
0x0000000016fcf470:   0000000016fcf530 0000000016900000
0x0000000016fcf480:   000000001442d470 0000000016900000
0x0000000016fcf490:   0000000003413200 0000000016900000
0x0000000016fcf4a0:   000000001442d470 0000000016900000
0x0000000016fcf4b0:   000000001442d470 0000000016900000
0x0000000016fcf4c0:   0000000000000001 000000001442d470
0x0000000016fcf4d0:   0000000016900000 000000001660c640
0x0000000016fcf4e0:   0000000016900000 00000000689f166d
0x0000000016fcf4f0:   0000000016fcf7f8 00000001000069a0
0x0000000016fcf500:   00000001000069a0 0000000000000000 

Instructions: (pc=0x0000000068b43777)
0x0000000068b43757:   48 89 6c 24 30 33 ed 66 90 e8 ab 38 08 00 ff c3
0x0000000068b43767:   48 63 c8 48 8b c6 48 0f af cf 48 ff c7 48 2b c1
0x0000000068b43777:   89 28 48 63 c3 48 3b 05 55 0f 59 00 7e db 48 8b
0x0000000068b43787:   6c 24 30 48 8b 5c 24 38 48 8b 74 24 40 48 83 c4 


Register to memory mapping:

RAX=0x0000000016fcb410 is pointing into the stack for thread: 0x0000000016900000
RBX=0x0000000000000005 is an unknown value
RCX=0x0000000000004000 is an unknown value
RDX=0x0000000000000006 is an unknown value
RSP=0x0000000016fcf410 is pointing into the stack for thread: 0x0000000016900000
RBP=0x0000000000000000 is an unknown value
RSI=0x0000000016fcf410 is pointing into the stack for thread: 0x0000000016900000
RDI=0x0000000000000005 is an unknown value
R8 =0x0000000000000006 is an unknown value
R9 =0x00000000168a4d30 is an unknown value
R10={method} {0x000000001442d478} 'run' '()V' in 'java/lang/Thread'
R11=0x0000000016eda148 is pointing into the stack for thread: 0x0000000016900000
R12=0x00000000168a4d30 is an unknown value
R13=0x0000000016900000 is a thread
R14=0x0000000016fcf4d8 is pointing into the stack for thread: 0x0000000016900000
R15={method} {0x000000001442d478} 'run' '()V' in 'java/lang/Thread'


Stack: [0x0000000016ed0000,0x0000000016fd0000],  sp=0x0000000016fcf410,  free space=1021k
Native frames: (J=compiled Java code, j=interpreted, Vv=VM code, C=native code)


---------------  P R O C E S S  ---------------

Java Threads: ( => current thread )
  0x0000000016901800 JavaThread "pool-1-thread-4" [_thread_blocked, id=6588, stack(0x00000000170d0000,0x00000000171d0000)]
  0x0000000016901000 JavaThread "pool-1-thread-3" [_thread_blocked, id=5792, stack(0x0000000016fd0000,0x00000000170d0000)]
=>0x0000000016900000 JavaThread "pool-1-thread-2" [_thread_in_vm, id=3560, stack(0x0000000016ed0000,0x0000000016fd0000)]
  0x0000000016832000 JavaThread "pool-2-thread-1" [_thread_blocked, id=14968, stack(0x0000000016dd0000,0x0000000016ed0000)]
  0x00000000168aa800 JavaThread "pool-1-thread-1" [_thread_blocked, id=5360, stack(0x0000000016cd0000,0x0000000016dd0000)]
  0x0000000014dfd000 JavaThread "Service Thread" daemon [_thread_blocked, id=7344, stack(0x0000000016ad0000,0x0000000016bd0000)]
  0x00000000165d8800 JavaThread "C1 CompilerThread2" daemon [_thread_blocked, id=9108, stack(0x00000000169d0000,0x0000000016ad0000)]
  0x0000000014df2800 JavaThread "C2 CompilerThread1" daemon [_thread_blocked, id=14552, stack(0x00000000164d0000,0x00000000165d0000)]
  0x0000000014da0800 JavaThread "C2 CompilerThread0" daemon [_thread_blocked, id=7500, stack(0x00000000163d0000,0x00000000164d0000)]
  0x0000000014d9d800 JavaThread "Attach Listener" daemon [_thread_blocked, id=10308, stack(0x00000000162d0000,0x00000000163d0000)]
  0x0000000014d9c800 JavaThread "Signal Dispatcher" daemon [_thread_blocked, id=9060, stack(0x00000000161d0000,0x00000000162d0000)]
  0x0000000014d8a800 JavaThread "Finalizer" daemon [_thread_blocked, id=10540, stack(0x0000000015ff0000,0x00000000160f0000)]
  0x00000000011c0000 JavaThread "Reference Handler" daemon [_thread_blocked, id=9568, stack(0x0000000015ef0000,0x0000000015ff0000)]
  0x0000000000fce000 JavaThread "main" [_thread_blocked, id=10388, stack(0x0000000000fd0000,0x00000000010d0000)]

Other Threads:
  0x0000000014d67000 VMThread [stack: 0x0000000015df0000,0x0000000015ef0000] [id=12564]
  0x000000001660b800 WatcherThread [stack: 0x0000000016bd0000,0x0000000016cd0000] [id=14696]

VM state:synchronizing (normal execution)

VM Mutex/Monitor currently owned by a thread:  ([mutex/lock_event])
[0x0000000000fccd00] Threads_lock - owner thread: 0x0000000014d67000
[0x0000000000fcd180] Heap_lock - owner thread: 0x0000000016901800

Heap:
 PSYoungGen      total 38400K, used 10651K [0x00000000eab00000, 0x00000000ed580000, 0x0000000100000000)
  eden space 33280K, 32% used [0x00000000eab00000,0x00000000eb566f28,0x00000000ecb80000)
  from space 5120K, 0% used [0x00000000ed080000,0x00000000ed080000,0x00000000ed580000)
  to   space 5120K, 0% used [0x00000000ecb80000,0x00000000ecb80000,0x00000000ed080000)
 ParOldGen       total 87552K, used 0K [0x00000000c0000000, 0x00000000c5580000, 0x00000000eab00000)
  object space 87552K, 0% used [0x00000000c0000000,0x00000000c0000000,0x00000000c5580000)
 Metaspace       used 4547K, capacity 5584K, committed 5760K, reserved 1058816K
  class space    used 499K, capacity 520K, committed 640K, reserved 1048576K

Card table byte_map: [0x0000000001590000,0x00000000017a0000] byte_map_base: 0x0000000000f90000

Marking Bits: (ParMarkBitMap*) 0x000000006914a6c0
 Begin Bits: [0x0000000012400000, 0x0000000013400000)
 End Bits:   [0x0000000013400000, 0x0000000014400000)

Polling page: 0x0000000000990000

CodeCache: size=245760Kb used=1798Kb max_used=1798Kb free=243961Kb
 bounds [0x0000000003400000, 0x0000000003670000, 0x0000000012400000]
 total_blobs=560 nmethods=296 adapters=177
 compilation: enabled

Compilation events (10 events):
Event: 1.506 Thread 0x00000000165d8800  290       3       java.nio.charset.CharsetEncoder::implReset (1 bytes)
Event: 1.506 Thread 0x00000000165d8800 nmethod 290 0x00000000035be450 code [0x00000000035be5a0, 0x00000000035be6f0]
Event: 1.518 Thread 0x00000000165d8800  293   !   3       java.net.URLClassLoader$1::run (63 bytes)
Event: 1.519 Thread 0x00000000165d8800 nmethod 293 0x00000000035beb10 code [0x00000000035bece0, 0x00000000035bf1e8]
Event: 1.519 Thread 0x00000000165d8800  294  s    3       sun.misc.Resource::cachedInputStream (20 bytes)
Event: 1.519 Thread 0x00000000165d8800 nmethod 294 0x00000000035bf4d0 code [0x00000000035bf640, 0x00000000035bfa28]
Event: 1.519 Thread 0x00000000165d8800  295       3       java.util.jar.JarFile::maybeInstantiateVerifier (96 bytes)
Event: 1.521 Thread 0x00000000165d8800 nmethod 295 0x00000000035bfad0 code [0x00000000035bfd00, 0x00000000035c0988]
Event: 1.528 Thread 0x00000000165d8800  296   !   3       java.lang.ClassLoader::getPackage (118 bytes)
Event: 1.530 Thread 0x00000000165d8800 nmethod 296 0x00000000035c0fd0 code [0x00000000035c11a0, 0x00000000035c1ca8]

GC Heap History (0 events):
No events

Deoptimization events (0 events):
No events

Internal exceptions (2 events):
Event: 0.169 Thread 0x0000000000fce000 Exception <a 'java/lang/NoSuchMethodError': Method sun.misc.Unsafe.defineClass(Ljava/lang/String;[BII)Ljava/lang/Class; name or signature does not match> (0x00000000eab07c78) thrown at [C:\re\workspace\8-2-build-windows-amd64-cygwin\jdk8u102\7268\hotspot\sô7eü†≈?
Event: 0.169 Thread 0x0000000000fce000 Exception <a 'java/lang/NoSuchMethodError': Method sun.misc.Unsafe.prefetchRead(Ljava/lang/Object;J)V name or signature does not match> (0x00000000eab07f60) thrown at [C:\re\workspace\8-2-build-windows-amd64-cygwin\jdk8u102\7268\hotspot\src\share\vm\prims\

Events (10 events):
Event: 1.528 loading class com/android/dx/rop/code/Rops done
Event: 1.534 loading class com/android/dx/rop/code/Rop
Event: 1.534 loading class com/android/dx/rop/code/Rop done
Event: 1.536 loading class com/android/dx/rop/code/Exceptions
Event: 1.536 loading class com/android/dx/rop/code/Exceptions done
Event: 1.538 loading class com/android/dx/rop/code/RegisterSpecList
Event: 1.538 loading class com/android/dx/rop/code/RegisterSpecList done
Event: 1.540 loading class com/android/dx/rop/code/BasicBlock
Event: 1.540 loading class com/android/dx/rop/code/BasicBlock done
Event: 1.541 Executing VM operation: CollectForMetadataAllocation


Dynamic libraries:
0x00007ff60a4e0000 - 0x00007ff60a517000 	C:\Program Files\Java\jdk1.8.0_102\bin\java.exe
0x00007ffde1c50000 - 0x00007ffde1dfd000 	C:\Windows\SYSTEM32\ntdll.dll
0x00007ffddf310000 - 0x00007ffddf44e000 	C:\Windows\system32\KERNEL32.DLL
0x00007ffddeef0000 - 0x00007ffddf005000 	C:\Windows\system32\KERNELBASE.dll
0x00007ffddd930000 - 0x00007ffddd9be000 	C:\Windows\system32\apphelp.dll
0x00007ffdc1e50000 - 0x00007ffdc1ea3000 	C:\Windows\AppPatch\AppPatch64\AcGenral.DLL
0x00007ffde0ea0000 - 0x00007ffde0f4a000 	C:\Windows\system32\msvcrt.dll
0x00007ffddf0c0000 - 0x00007ffddf0ee000 	C:\Windows\system32\SspiCli.dll
0x00007ffde1bf0000 - 0x00007ffde1c44000 	C:\Windows\system32\SHLWAPI.dll
0x00007ffde11f0000 - 0x00007ffde1367000 	C:\Windows\system32\USER32.dll
0x00007ffde1a50000 - 0x00007ffde1be4000 	C:\Windows\system32\ole32.dll
0x00007ffddf770000 - 0x00007ffde0c99000 	C:\Windows\system32\SHELL32.dll
0x00007ffdde390000 - 0x00007ffdde3b1000 	C:\Windows\SYSTEM32\USERENV.dll
0x00007ffde0cb0000 - 0x00007ffde0d5a000 	C:\Windows\system32\ADVAPI32.dll
0x00007ffdd0870000 - 0x00007ffdd088e000 	C:\Windows\SYSTEM32\MPR.dll
0x00007ffde1910000 - 0x00007ffde1a50000 	C:\Windows\system32\RPCRT4.dll
0x00007ffde1190000 - 0x00007ffde11e9000 	C:\Windows\SYSTEM32\sechost.dll
0x00007ffde1380000 - 0x00007ffde1592000 	C:\Windows\SYSTEM32\combase.dll
0x00007ffddf5b0000 - 0x00007ffddf6fb000 	C:\Windows\system32\GDI32.dll
0x00007ffdded70000 - 0x00007ffdded85000 	C:\Windows\SYSTEM32\profapi.dll
0x00007ffddd340000 - 0x00007ffddd3f2000 	C:\Windows\SYSTEM32\SHCORE.dll
0x00007ffddf2d0000 - 0x00007ffddf306000 	C:\Windows\system32\IMM32.DLL
0x00007ffddf450000 - 0x00007ffddf5a2000 	C:\Windows\system32\MSCTF.dll
0x00007ffddcca0000 - 0x00007ffddcf1b000 	C:\Windows\WinSxS\amd64_microsoft.windows.common-controls_6595b64144ccf1df_6.0.9600.18006_none_623f33d3ecbe86e8\COMCTL32.dll
0x00000000691d0000 - 0x00000000692a1000 	C:\Program Files\Java\jdk1.8.0_102\jre\bin\msvcr100.dll
0x0000000068930000 - 0x00000000691ca000 	C:\Program Files\Java\jdk1.8.0_102\jre\bin\server\jvm.dll
0x00007ffdd50e0000 - 0x00007ffdd50e9000 	C:\Windows\SYSTEM32\WSOCK32.dll
0x00007ffdda5c0000 - 0x00007ffdda5e2000 	C:\Windows\SYSTEM32\WINMM.dll
0x00007ffdda5f0000 - 0x00007ffdda5fa000 	C:\Windows\SYSTEM32\VERSION.dll
0x00007ffde0ca0000 - 0x00007ffde0ca7000 	C:\Windows\system32\PSAPI.DLL
0x00007ffde0d60000 - 0x00007ffde0dba000 	C:\Windows\system32\WS2_32.dll
0x00007ffdda580000 - 0x00007ffdda5aa000 	C:\Windows\SYSTEM32\WINMMBASE.dll
0x00007ffddf700000 - 0x00007ffddf709000 	C:\Windows\system32\NSI.dll
0x00007ffddf070000 - 0x00007ffddf0bf000 	C:\Windows\SYSTEM32\cfgmgr32.dll
0x00007ffdddba0000 - 0x00007ffdddbc8000 	C:\Windows\SYSTEM32\DEVOBJ.dll
0x0000000068920000 - 0x000000006892f000 	C:\Program Files\Java\jdk1.8.0_102\jre\bin\verify.dll
0x00000000688f0000 - 0x0000000068919000 	C:\Program Files\Java\jdk1.8.0_102\jre\bin\java.dll
0x00000000688d0000 - 0x00000000688e6000 	C:\Program Files\Java\jdk1.8.0_102\jre\bin\zip.dll
0x00007ffdd4eb0000 - 0x00007ffdd5039000 	C:\Windows\SYSTEM32\dbghelp.dll

VM Arguments:
jvm_args: -Djava.awt.headless=true -Xmx1024M -Dfile.encoding=windows-1252 -Duser.country=IN -Duser.language=en -Duser.variant 
java_command: com.android.dx.command.Main --dex --num-threads=4 --output C:\Users\Padhavi\Downloads\android files\ngoconnect\app\build\intermediates\pre-dexed\debug\com.google.firebase-firebase-database-10.0.1_cabd3433895d8b22c2c2602c69cd18becd1ed857.jar C:\Users\Padhavi\Downloads\android files\ngoconnect\app\build\intermediates\exploded-aar\com.google.firebase\firebase-database\10.0.1\jars\classes.jar
java_class_path (initial): C:\Users\Padhavi\AppData\Local\Android\sdk\build-tools\24.0.3\lib\dx.jar
Launcher Type: SUN_STANDARD

Environment Variables:
JAVA_HOME=C:\Program Files\Java\jdk1.8.0_121
PATH=C:\oraclexe\app\oracle\product\11.2.0\server\bin;C:\ProgramData\Oracle\Java\javapath;C:\Program Files\Broadcom\Broadcom 802.11;C:\Program Files (x86)\NVIDIA Corporation\PhysX\Common;C:\Program Files (x86)\Intel\iCLS Client\;C:\Program Files\Intel\iCLS Client\;C:\Windows\system32;C:\Windows;C:\Windows\System32\Wbem;C:\Windows\System32\WindowsPowerShell\v1.0\;C:\Program Files\Hewlett-Packard\SimplePass\;C:\Program Files\Intel\Intel(R) Management Engine Components\DAL;C:\Program Files\Intel\Intel(R) Management Engine Components\IPT;C:\Program Files (x86)\Intel\Intel(R) Management Engine Components\DAL;C:\Program Files (x86)\Intel\Intel(R) Management Engine Components\IPT;C:\Program Files (x86)\Windows Live\Shared;C:\Program Files (x86)\Common Files\lenovo\easyplussdk\bin;C:\Program Files\MATLAB\R2016a\bin;C:\Program Files\nodejs\;C:\Program Files\Git\cmd;C:\Users\Padhavi\AppData\Roaming\npm;C:\Program Files\PuTTY\;C:\oraclexe\app\oracle\product\11.2.0\server\bin;;C:\ProgramData\Oracle\Java\javapath;C:\Program Files\Broadcom\Broadcom 802.11;C:\Program Files (x86)\NVIDIA Corporation\PhysX\Common;C:\Program Files (x86)\Intel\iCLS Client\;C:\Program Files\Intel\iCLS Client\;C:\Windows\system32;C:\Windows;C:\Windows\System32\Wbem;C:\Windows\System32\WindowsPowerShell\v1.0\;C:\Program Files\Hewlett-Packard\SimplePass\;C:\Program Files\Intel\Intel(R) Management Engine Components\DAL;C:\Program Files\Intel\Intel(R) Management Engine Components\IPT;C:\Program Files (x86)\Intel\Intel(R) Management Engine Components\DAL;C:\Program Files (x86)\Intel\Intel(R) Management Engine Components\IPT;C:\Program Files (x86)\Windows Live\Shared;C:\Program Files (x86)\Common Files\lenovo\easyplussdk\bin;C:\Program Files\MATLAB\R2016a\bin;C:\Program Files\nodejs\;C:\Program Files (x86)\Skype\Phone\;c:\Python27\;C:\Python34\Scripts
USERNAME=Padhavi
OS=Windows_NT
PROCESSOR_IDENTIFIER=Intel64 Family 6 Model 69 Stepping 1, GenuineIntel



---------------  S Y S T E M  ---------------

OS: Windows 8.1 , 64 bit Build 9600 (6.3.9600.17415)

CPU:total 4 (2 cores per cpu, 2 threads per core) family 6 model 69 stepping 1, cmov, cx8, fxsr, mmx, sse, sse2, sse3, ssse3, sse4.1, sse4.2, popcnt, avx, avx2, aes, clmul, erms, lzcnt, ht, tsc, tscinvbit, bmi1, bmi2

Memory: 4k page, physical 8317080k(1175660k free), swap 11462808k(110516k free)

vm_info: Java HotSpot(TM) 64-Bit Server VM (25.102-b14) for windows-amd64 JRE (1.8.0_102-b14), built on Jun 22 2016 13:15:21 by "java_re" with MS VC++ 10.0 (VS2010)

time: Sun Jul 09 04:17:35 2017
elapsed time: 2 seconds (0d 0h 0m 2s)

