#
# There is insufficient memory for the Java Runtime Environment to continue.
# Native memory allocation (malloc) failed to allocate 32744 bytes for ChunkPool::allocate
# Possible reasons:
#   The system is out of physical RAM or swap space
#   In 32 bit mode, the process size limit was hit
# Possible solutions:
#   Reduce memory load on the system
#   Increase physical memory or swap space
#   Check if swap backing store is full
#   Use 64 bit Java on a 64 bit OS
#   Decrease Java heap size (-Xmx/-Xms)
#   Decrease number of Java threads
#   Decrease Java thread stack sizes (-Xss)
#   Set larger code cache with -XX:ReservedCodeCacheSize=
# This output file may be truncated or incomplete.
#
#  Out of Memory Error (allocation.cpp:273), pid=11800, tid=0x0000000000000ae8
#
# JRE version: Java(TM) SE Runtime Environment (8.0_102-b14) (build 1.8.0_102-b14)
# Java VM: Java HotSpot(TM) 64-Bit Server VM (25.102-b14 mixed mode windows-amd64 compressed oops)
# Failed to write core dump. Minidumps are not enabled by default on client versions of Windows
#

---------------  T H R E A D  ---------------

Current thread (0x000000001458e800):  JavaThread "C2 CompilerThread1" daemon [_thread_in_native, id=2792, stack(0x0000000015ca0000,0x0000000015da0000)]

Stack: [0x0000000015ca0000,0x0000000015da0000]
[error occurred during error reporting (printing stack bounds), id 0xc0000005]

Native frames: (J=compiled Java code, j=interpreted, Vv=VM code, C=native code)


Current CompileTask:
C2:   5102 1455   !   4       com.android.dx.cf.code.RopperMachine::run (1550 bytes)


---------------  P R O C E S S  ---------------

Java Threads: ( => current thread )
  0x00000000161cd000 JavaThread "pool-1-thread-4" [_thread_blocked, id=8008, stack(0x00000000168a0000,0x00000000169a0000)]
  0x00000000161cc800 JavaThread "pool-1-thread-3" [_thread_blocked, id=9364, stack(0x00000000167a0000,0x00000000168a0000)]
  0x0000000016108800 JavaThread "pool-1-thread-2" [_thread_blocked, id=11048, stack(0x00000000166a0000,0x00000000167a0000)]
  0x0000000016150800 JavaThread "pool-2-thread-1" [_thread_blocked, id=8388, stack(0x00000000165a0000,0x00000000166a0000)]
  0x00000000160ef800 JavaThread "pool-1-thread-1" [_thread_blocked, id=9204, stack(0x00000000164a0000,0x00000000165a0000)]
  0x0000000015ea5800 JavaThread "Service Thread" daemon [_thread_blocked, id=14768, stack(0x00000000162a0000,0x00000000163a0000)]
  0x00000000145ce000 JavaThread "C1 CompilerThread2" daemon [_thread_blocked, id=6132, stack(0x0000000015da0000,0x0000000015ea0000)]
=>0x000000001458e800 JavaThread "C2 CompilerThread1" daemon [_thread_in_native, id=2792, stack(0x0000000015ca0000,0x0000000015da0000)]
  0x000000001456e800 JavaThread "C2 CompilerThread0" daemon [_thread_in_native, id=14776, stack(0x0000000015ba0000,0x0000000015ca0000)]
  0x000000001456b800 JavaThread "Attach Listener" daemon [_thread_blocked, id=13212, stack(0x0000000015aa0000,0x0000000015ba0000)]
  0x000000001456a800 JavaThread "Signal Dispatcher" daemon [_thread_blocked, id=12260, stack(0x00000000159a0000,0x0000000015aa0000)]
  0x000000001455a000 JavaThread "Finalizer" daemon [_thread_blocked, id=11328, stack(0x00000000157c0000,0x00000000158c0000)]
  0x0000000001db0000 JavaThread "Reference Handler" daemon [_thread_blocked, id=15036, stack(0x00000000156c0000,0x00000000157c0000)]
  0x00000000002fe000 JavaThread "main" [_thread_blocked, id=6908, stack(0x0000000001ba0000,0x0000000001ca0000)]

Other Threads:
  0x0000000014537000 VMThread [stack: 0x00000000155c0000,0x00000000156c0000] [id=9828]
  0x0000000015ea8800 WatcherThread [stack: 0x00000000163a0000,0x00000000164a0000] [id=12924]

VM state:not at safepoint (normal execution)

VM Mutex/Monitor currently owned by a thread: None

Heap:
 PSYoungGen      total 38400K, used 6747K [0x00000000eab00000, 0x00000000ed580000, 0x0000000100000000)
  eden space 33280K, 4% used [0x00000000eab00000,0x00000000eac9d170,0x00000000ecb80000)
  from space 5120K, 99% used [0x00000000ed080000,0x00000000ed579c78,0x00000000ed580000)
  to   space 5120K, 0% used [0x00000000ecb80000,0x00000000ecb80000,0x00000000ed080000)
 ParOldGen       total 87552K, used 6239K [0x00000000c0000000, 0x00000000c5580000, 0x00000000eab00000)
  object space 87552K, 7% used [0x00000000c0000000,0x00000000c0617dd0,0x00000000c5580000)
 Metaspace       used 6228K, capacity 7090K, committed 7296K, reserved 1056768K
  class space    used 601K, capacity 618K, committed 640K, reserved 1048576K

Card table byte_map: [0x00000000113c0000,0x00000000115d0000] byte_map_base: 0x0000000010dc0000

Marking Bits: (ParMarkBitMap*) 0x000000006914a6c0
 Begin Bits: [0x00000000119d0000, 0x00000000129d0000)
 End Bits:   [0x00000000129d0000, 0x00000000139d0000)

Polling page: 0x0000000001ca0000

CodeCache: size=245760Kb used=6410Kb max_used=6423Kb free=239349Kb
 bounds [0x0000000002000000, 0x0000000002650000, 0x0000000011000000]
 total_blobs=1811 nmethods=1543 adapters=181
 compilation: enabled

Compilation events (10 events):
Event: 5.058 Thread 0x00000000145ce000 1556       3       sun.util.calendar.ZoneInfo::getOffsets (276 bytes)
Event: 5.059 Thread 0x00000000145ce000 nmethod 1556 0x0000000002641810 code [0x0000000002641a40, 0x00000000026427c8]
Event: 5.059 Thread 0x00000000145ce000 1555       1       sun.util.calendar.CalendarDate::isStandardTime (5 bytes)
Event: 5.059 Thread 0x00000000145ce000 nmethod 1555 0x0000000002643010 code [0x0000000002643160, 0x0000000002643270]
Event: 5.060 Thread 0x00000000145ce000 1557       1       sun.util.calendar.BaseCalendar$Date::getCachedYear (5 bytes)
Event: 5.060 Thread 0x00000000145ce000 nmethod 1557 0x00000000026432d0 code [0x0000000002643420, 0x0000000002643530]
Event: 5.068 Thread 0x000000001458e800 nmethod 1457 0x0000000002647090 code [0x0000000002647280, 0x0000000002648148]
Event: 5.068 Thread 0x000000001458e800 1469       4       java.util.HashMap::putVal (300 bytes)
Event: 5.081 Thread 0x000000001458e800 nmethod 1469 0x0000000002649bd0 code [0x0000000002649da0, 0x000000000264a570]
Event: 5.081 Thread 0x000000001458e800 1455   !   4       com.android.dx.cf.code.RopperMachine::run (1550 bytes)

GC Heap History (4 events):
Event: 3.417 GC heap before
{Heap before GC invocations=1 (full 0):
 PSYoungGen      total 38400K, used 33280K [0x00000000eab00000, 0x00000000ed580000, 0x0000000100000000)
  eden space 33280K, 100% used [0x00000000eab00000,0x00000000ecb80000,0x00000000ecb80000)
  from space 5120K, 0% used [0x00000000ed080000,0x00000000ed080000,0x00000000ed580000)
  to   space 5120K, 0% used [0x00000000ecb80000,0x00000000ecb80000,0x00000000ed080000)
 ParOldGen       total 87552K, used 0K [0x00000000c0000000, 0x00000000c5580000, 0x00000000eab00000)
  object space 87552K, 0% used [0x00000000c0000000,0x00000000c0000000,0x00000000c5580000)
 Metaspace       used 5977K, capacity 6898K, committed 7040K, reserved 1056768K
  class space    used 601K, capacity 618K, committed 640K, reserved 1048576K
Event: 3.432 GC heap after
Heap after GC invocations=1 (full 0):
 PSYoungGen      total 38400K, used 5114K [0x00000000eab00000, 0x00000000ed580000, 0x0000000100000000)
  eden space 33280K, 0% used [0x00000000eab00000,0x00000000eab00000,0x00000000ecb80000)
  from space 5120K, 99% used [0x00000000ecb80000,0x00000000ed07eab8,0x00000000ed080000)
  to   space 5120K, 0% used [0x00000000ed080000,0x00000000ed080000,0x00000000ed580000)
 ParOldGen       total 87552K, used 1624K [0x00000000c0000000, 0x00000000c5580000, 0x00000000eab00000)
  object space 87552K, 1% used [0x00000000c0000000,0x00000000c01960b0,0x00000000c5580000)
 Metaspace       used 5977K, capacity 6898K, committed 7040K, reserved 1056768K
  class space    used 601K, capacity 618K, committed 640K, reserved 1048576K
}
Event: 4.979 GC heap before
{Heap before GC invocations=2 (full 0):
 PSYoungGen      total 38400K, used 38394K [0x00000000eab00000, 0x00000000ed580000, 0x0000000100000000)
  eden space 33280K, 100% used [0x00000000eab00000,0x00000000ecb80000,0x00000000ecb80000)
  from space 5120K, 99% used [0x00000000ecb80000,0x00000000ed07eab8,0x00000000ed080000)
  to   space 5120K, 0% used [0x00000000ed080000,0x00000000ed080000,0x00000000ed580000)
 ParOldGen       total 87552K, used 1624K [0x00000000c0000000, 0x00000000c5580000, 0x00000000eab00000)
  object space 87552K, 1% used [0x00000000c0000000,0x00000000c01960b0,0x00000000c5580000)
 Metaspace       used 6221K, capacity 7090K, committed 7296K, reserved 1056768K
  class space    used 601K, capacity 618K, committed 640K, reserved 1048576K
Event: 4.999 GC heap after
Heap after GC invocations=2 (full 0):
 PSYoungGen      total 38400K, used 5095K [0x00000000eab00000, 0x00000000ed580000, 0x0000000100000000)
  eden space 33280K, 0% used [0x00000000eab00000,0x00000000eab00000,0x00000000ecb80000)
  from space 5120K, 99% used [0x00000000ed080000,0x00000000ed579c78,0x00000000ed580000)
  to   space 5120K, 0% used [0x00000000ecb80000,0x00000000ecb80000,0x00000000ed080000)
 ParOldGen       total 87552K, used 6239K [0x00000000c0000000, 0x00000000c5580000, 0x00000000eab00000)
  object space 87552K, 7% used [0x00000000c0000000,0x00000000c0617dd0,0x00000000c5580000)
 Metaspace       used 6221K, capacity 7090K, committed 7296K, reserved 1056768K
  class space    used 601K, capacity 618K, committed 640K, reserved 1048576K
}

Deoptimization events (10 events):
Event: 2.518 Thread 0x00000000161cc800 Uncommon trap: reason=unstable_if action=reinterpret pc=0x00000000022263b0 method=java.util.BitSet.nextSetBit(I)I @ 87
Event: 2.520 Thread 0x00000000002fe000 Uncommon trap: reason=class_check action=maybe_recompile pc=0x00000000022c7700 method=com.android.dx.ssa.NormalSsaInsn.accept(Lcom/android/dx/ssa/SsaInsn$Visitor;)V @ 9
Event: 2.528 Thread 0x00000000161cc800 Uncommon trap: reason=bimorphic action=maybe_recompile pc=0x0000000002327ecc method=com.android.dx.ssa.NormalSsaInsn.mapSourceRegisters(Lcom/android/dx/ssa/RegisterMapper;)V @ 29
Event: 3.448 Thread 0x0000000016108800 Uncommon trap: reason=null_check action=make_not_entrant pc=0x0000000002335be8 method=com.android.dx.rop.type.Type.equals(Ljava/lang/Object;)Z @ 8
Event: 4.823 Thread 0x00000000002fe000 Uncommon trap: reason=unstable_if action=reinterpret pc=0x0000000002270610 method=java.lang.String.<init>([CII)V @ 18
Event: 4.833 Thread 0x0000000016108800 Uncommon trap: reason=unstable_if action=reinterpret pc=0x000000000239cd3c method=com.android.dx.util.IntList.binarysearch(I)I @ 105
Event: 4.834 Thread 0x0000000016108800 Uncommon trap: reason=unstable_if action=reinterpret pc=0x000000000250d590 method=com.android.dx.ssa.SCCP.simulateBranch(Lcom/android/dx/ssa/SsaInsn;)V @ 140
Event: 4.853 Thread 0x00000000002fe000 Uncommon trap: reason=unstable_if action=reinterpret pc=0x000000000226f8f4 method=java.util.BitSet.ensureCapacity(I)V @ 6
Event: 4.853 Thread 0x00000000002fe000 Uncommon trap: reason=unstable_if action=reinterpret pc=0x0000000002516144 method=java.util.BitSet.clone()Ljava/lang/Object; @ 4
Event: 4.855 Thread 0x00000000002fe000 Uncommon trap: reason=unstable_if action=reinterpret pc=0x00000000025f82bc method=java.util.BitSet.clone()Ljava/lang/Object; @ 4

Internal exceptions (3 events):
Event: 0.111 Thread 0x00000000002fe000 Exception <a 'java/lang/NoSuchMethodError': Method sun.misc.Unsafe.defineClass(Ljava/lang/String;[BII)Ljava/lang/Class; name or signature does not match> (0x00000000eab07c78) thrown at [C:\re\workspace\8-2-build-windows-amd64-cygwin\jdk8u102\7268\hotspot\såæd©v¼?
Event: 0.111 Thread 0x00000000002fe000 Exception <a 'java/lang/NoSuchMethodError': Method sun.misc.Unsafe.prefetchRead(Ljava/lang/Object;J)V name or signature does not match> (0x00000000eab07f60) thrown at [C:\re\workspace\8-2-build-windows-amd64-cygwin\jdk8u102\7268\hotspot\src\share\vm\prims\oÉöÒm•@
Event: 3.448 Thread 0x0000000016108800 Implicit null exception at 0x0000000002335ae2 to 0x0000000002335bda

Events (10 events):
Event: 4.853 Thread 0x00000000002fe000 Uncommon trap: trap_request=0xffffff65 fr.pc=0x0000000002516144
Event: 4.853 Thread 0x00000000002fe000 DEOPT PACKING pc=0x0000000002516144 sp=0x0000000001c9e580
Event: 4.853 Thread 0x00000000002fe000 DEOPT UNPACKING pc=0x000000000204582a sp=0x0000000001c9e548 mode 2
Event: 4.855 Thread 0x00000000002fe000 Uncommon trap: trap_request=0xffffff65 fr.pc=0x00000000025f82bc
Event: 4.855 Thread 0x00000000002fe000 DEOPT PACKING pc=0x00000000025f82bc sp=0x0000000001c9e3f0
Event: 4.855 Thread 0x00000000002fe000 DEOPT UNPACKING pc=0x000000000204582a sp=0x0000000001c9e360 mode 2
Event: 4.875 Thread 0x00000000161cc800 DEOPT PACKING pc=0x0000000002330504 sp=0x000000001689e990
Event: 4.875 Thread 0x00000000161cc800 DEOPT UNPACKING pc=0x000000000204787f sp=0x000000001689e758 mode 0
Event: 4.979 Executing VM operation: ParallelGCFailedAllocation
Event: 5.000 Executing VM operation: ParallelGCFailedAllocation done


Dynamic libraries:
0x00007ff60a4e0000 - 0x00007ff60a517000 	C:\Program Files\Java\jdk1.8.0_102\bin\java.exe
0x00007ffde1c50000 - 0x00007ffde1dfd000 	C:\Windows\SYSTEM32\ntdll.dll
0x00007ffddf310000 - 0x00007ffddf44e000 	C:\Windows\system32\KERNEL32.DLL
0x00007ffddeef0000 - 0x00007ffddf005000 	C:\Windows\system32\KERNELBASE.dll
0x00007ffddd930000 - 0x00007ffddd9be000 	C:\Windows\system32\apphelp.dll
0x00007ffdc1e50000 - 0x00007ffdc1ea3000 	C:\Windows\AppPatch\AppPatch64\AcGenral.DLL
0x00007ffde0ea0000 - 0x00007ffde0f4a000 	C:\Windows\system32\msvcrt.dll
0x00007ffddf0c0000 - 0x00007ffddf0ee000 	C:\Windows\system32\SspiCli.dll
0x00007ffde1bf0000 - 0x00007ffde1c44000 	C:\Windows\system32\SHLWAPI.dll
0x00007ffde11f0000 - 0x00007ffde1367000 	C:\Windows\system32\USER32.dll
0x00007ffde1a50000 - 0x00007ffde1be4000 	C:\Windows\system32\ole32.dll
0x00007ffddf770000 - 0x00007ffde0c99000 	C:\Windows\system32\SHELL32.dll
0x00007ffdde390000 - 0x00007ffdde3b1000 	C:\Windows\SYSTEM32\USERENV.dll
0x00007ffde0cb0000 - 0x00007ffde0d5a000 	C:\Windows\system32\ADVAPI32.dll
0x00007ffdd0870000 - 0x00007ffdd088e000 	C:\Windows\SYSTEM32\MPR.dll
0x00007ffde1910000 - 0x00007ffde1a50000 	C:\Windows\system32\RPCRT4.dll
0x00007ffde1190000 - 0x00007ffde11e9000 	C:\Windows\SYSTEM32\sechost.dll
0x00007ffde1380000 - 0x00007ffde1592000 	C:\Windows\SYSTEM32\combase.dll
0x00007ffddf5b0000 - 0x00007ffddf6fb000 	C:\Windows\system32\GDI32.dll
0x00007ffdded70000 - 0x00007ffdded85000 	C:\Windows\SYSTEM32\profapi.dll
0x00007ffddd340000 - 0x00007ffddd3f2000 	C:\Windows\SYSTEM32\SHCORE.dll
0x00007ffddf2d0000 - 0x00007ffddf306000 	C:\Windows\system32\IMM32.DLL
0x00007ffddf450000 - 0x00007ffddf5a2000 	C:\Windows\system32\MSCTF.dll
0x00007ffddcca0000 - 0x00007ffddcf1b000 	C:\Windows\WinSxS\amd64_microsoft.windows.common-controls_6595b64144ccf1df_6.0.9600.18006_none_623f33d3ecbe86e8\COMCTL32.dll
0x00000000691d0000 - 0x00000000692a1000 	C:\Program Files\Java\jdk1.8.0_102\jre\bin\msvcr100.dll
0x0000000068930000 - 0x00000000691ca000 	C:\Program Files\Java\jdk1.8.0_102\jre\bin\server\jvm.dll
0x00007ffdd50e0000 - 0x00007ffdd50e9000 	C:\Windows\SYSTEM32\WSOCK32.dll
0x00007ffdda5c0000 - 0x00007ffdda5e2000 	C:\Windows\SYSTEM32\WINMM.dll
0x00007ffdda5f0000 - 0x00007ffdda5fa000 	C:\Windows\SYSTEM32\VERSION.dll
0x00007ffde0ca0000 - 0x00007ffde0ca7000 	C:\Windows\system32\PSAPI.DLL
0x00007ffde0d60000 - 0x00007ffde0dba000 	C:\Windows\system32\WS2_32.dll
0x00007ffdda580000 - 0x00007ffdda5aa000 	C:\Windows\SYSTEM32\WINMMBASE.dll
0x00007ffddf700000 - 0x00007ffddf709000 	C:\Windows\system32\NSI.dll
0x00007ffddf070000 - 0x00007ffddf0bf000 	C:\Windows\SYSTEM32\cfgmgr32.dll
0x00007ffdddba0000 - 0x00007ffdddbc8000 	C:\Windows\SYSTEM32\DEVOBJ.dll
0x0000000068920000 - 0x000000006892f000 	C:\Program Files\Java\jdk1.8.0_102\jre\bin\verify.dll
0x00000000688f0000 - 0x0000000068919000 	C:\Program Files\Java\jdk1.8.0_102\jre\bin\java.dll
0x00000000688d0000 - 0x00000000688e6000 	C:\Program Files\Java\jdk1.8.0_102\jre\bin\zip.dll

VM Arguments:
jvm_args: -Djava.awt.headless=true -Xmx1024M -Dfile.encoding=windows-1252 -Duser.country=IN -Duser.language=en -Duser.variant 
java_command: com.android.dx.command.Main --dex --num-threads=4 --output C:\Users\Padhavi\Downloads\android files\ngoconnect\app\build\intermediates\pre-dexed\debug\com.google.firebase-firebase-auth-10.0.1_2c1bc594e5846cc8d09be25025552fb657d9849f.jar C:\Users\Padhavi\Downloads\android files\ngoconnect\app\build\intermediates\exploded-aar\com.google.firebase\firebase-auth\10.0.1\jars\classes.jar
java_class_path (initial): C:\Users\Padhavi\AppData\Local\Android\sdk\build-tools\24.0.3\lib\dx.jar
Launcher Type: SUN_STANDARD

Environment Variables:
JAVA_HOME=C:\Program Files\Java\jdk1.8.0_121
PATH=C:\oraclexe\app\oracle\product\11.2.0\server\bin;C:\ProgramData\Oracle\Java\javapath;C:\Program Files\Broadcom\Broadcom 802.11;C:\Program Files (x86)\NVIDIA Corporation\PhysX\Common;C:\Program Files (x86)\Intel\iCLS Client\;C:\Program Files\Intel\iCLS Client\;C:\Windows\system32;C:\Windows;C:\Windows\System32\Wbem;C:\Windows\System32\WindowsPowerShell\v1.0\;C:\Program Files\Hewlett-Packard\SimplePass\;C:\Program Files\Intel\Intel(R) Management Engine Components\DAL;C:\Program Files\Intel\Intel(R) Management Engine Components\IPT;C:\Program Files (x86)\Intel\Intel(R) Management Engine Components\DAL;C:\Program Files (x86)\Intel\Intel(R) Management Engine Components\IPT;C:\Program Files (x86)\Windows Live\Shared;C:\Program Files (x86)\Common Files\lenovo\easyplussdk\bin;C:\Program Files\MATLAB\R2016a\bin;C:\Program Files\nodejs\;C:\Program Files\Git\cmd;C:\Users\Padhavi\AppData\Roaming\npm;C:\Program Files\PuTTY\;C:\oraclexe\app\oracle\product\11.2.0\server\bin;;C:\ProgramData\Oracle\Java\javapath;C:\Program Files\Broadcom\Broadcom 802.11;C:\Program Files (x86)\NVIDIA Corporation\PhysX\Common;C:\Program Files (x86)\Intel\iCLS Client\;C:\Program Files\Intel\iCLS Client\;C:\Windows\system32;C:\Windows;C:\Windows\System32\Wbem;C:\Windows\System32\WindowsPowerShell\v1.0\;C:\Program Files\Hewlett-Packard\SimplePass\;C:\Program Files\Intel\Intel(R) Management Engine Components\DAL;C:\Program Files\Intel\Intel(R) Management Engine Components\IPT;C:\Program Files (x86)\Intel\Intel(R) Management Engine Components\DAL;C:\Program Files (x86)\Intel\Intel(R) Management Engine Components\IPT;C:\Program Files (x86)\Windows Live\Shared;C:\Program Files (x86)\Common Files\lenovo\easyplussdk\bin;C:\Program Files\MATLAB\R2016a\bin;C:\Program Files\nodejs\;C:\Program Files (x86)\Skype\Phone\;c:\Python27\;C:\Python34\Scripts
USERNAME=Padhavi
OS=Windows_NT
PROCESSOR_IDENTIFIER=Intel64 Family 6 Model 69 Stepping 1, GenuineIntel



---------------  S Y S T E M  ---------------

OS: Windows 8.1 , 64 bit Build 9600 (6.3.9600.17415)

CPU:total 4 (2 cores per cpu, 2 threads per core) family 6 model 69 stepping 1, cmov, cx8, fxsr, mmx, sse, sse2, sse3, ssse3, sse4.1, sse4.2, popcnt, avx, avx2, aes, clmul, erms, lzcnt, ht, tsc, tscinvbit, bmi1, bmi2

Memory: 4k page, physical 8317080k(1155880k free), swap 11462808k(5144k free)

vm_info: Java HotSpot(TM) 64-Bit Server VM (25.102-b14) for windows-amd64 JRE (1.8.0_102-b14), built on Jun 22 2016 13:15:21 by "java_re" with MS VC++ 10.0 (VS2010)

time: Sun Jul 09 04:30:06 2017
elapsed time: 5 seconds (0d 0h 0m 5s)

