#
# There is insufficient memory for the Java Runtime Environment to continue.
# Native memory allocation (malloc) failed to allocate 65552 bytes for Chunk::new
# Possible reasons:
#   The system is out of physical RAM or swap space
#   In 32 bit mode, the process size limit was hit
# Possible solutions:
#   Reduce memory load on the system
#   Increase physical memory or swap space
#   Check if swap backing store is full
#   Use 64 bit Java on a 64 bit OS
#   Decrease Java heap size (-Xmx/-Xms)
#   Decrease number of Java threads
#   Decrease Java thread stack sizes (-Xss)
#   Set larger code cache with -XX:ReservedCodeCacheSize=
# This output file may be truncated or incomplete.
#
#  Out of Memory Error (allocation.cpp:390), pid=8648, tid=0x000000000000248c
#
# JRE version: Java(TM) SE Runtime Environment (8.0_102-b14) (build 1.8.0_102-b14)
# Java VM: Java HotSpot(TM) 64-Bit Server VM (25.102-b14 mixed mode windows-amd64 compressed oops)
# Failed to write core dump. Minidumps are not enabled by default on client versions of Windows
#

---------------  T H R E A D  ---------------

Current thread (0x00000000155ae800):  JavaThread "C2 CompilerThread0" daemon [_thread_in_native, id=9356, stack(0x0000000016be0000,0x0000000016ce0000)]

Stack: [0x0000000016be0000,0x0000000016ce0000]
[error occurred during error reporting (printing stack bounds), id 0xc0000005]

Native frames: (J=compiled Java code, j=interpreted, Vv=VM code, C=native code)


Current CompileTask:
C2:   6115 1112       4       com.android.dx.ssa.SCCP::simulatePhi (169 bytes)


---------------  P R O C E S S  ---------------

Java Threads: ( => current thread )
  0x000000001719d000 JavaThread "pool-1-thread-4" [_thread_in_Java, id=8476, stack(0x00000000178e0000,0x00000000179e0000)]
  0x000000001719c800 JavaThread "pool-1-thread-3" [_thread_in_Java, id=10268, stack(0x00000000177e0000,0x00000000178e0000)]
  0x000000001719c000 JavaThread "pool-1-thread-2" [_thread_blocked, id=10684, stack(0x00000000176e0000,0x00000000177e0000)]
  0x0000000017182000 JavaThread "pool-2-thread-1" [_thread_blocked, id=14884, stack(0x00000000175e0000,0x00000000176e0000)]
  0x0000000017180800 JavaThread "pool-1-thread-1" [_thread_blocked, id=8296, stack(0x00000000174e0000,0x00000000175e0000)]
  0x0000000016ee8000 JavaThread "Service Thread" daemon [_thread_blocked, id=4624, stack(0x00000000172e0000,0x00000000173e0000)]
  0x000000001560c800 JavaThread "C1 CompilerThread2" daemon [_thread_in_native, id=15212, stack(0x0000000016de0000,0x0000000016ee0000)]
  0x00000000155f9000 JavaThread "C2 CompilerThread1" daemon [_thread_in_native, id=15024, stack(0x0000000016ce0000,0x0000000016de0000)]
=>0x00000000155ae800 JavaThread "C2 CompilerThread0" daemon [_thread_in_native, id=9356, stack(0x0000000016be0000,0x0000000016ce0000)]
  0x00000000155ac000 JavaThread "Attach Listener" daemon [_thread_blocked, id=13516, stack(0x0000000016ae0000,0x0000000016be0000)]
  0x00000000019ee800 JavaThread "Signal Dispatcher" daemon [_thread_blocked, id=9088, stack(0x00000000169e0000,0x0000000016ae0000)]
  0x000000001559a800 JavaThread "Finalizer" daemon [_thread_blocked, id=12520, stack(0x0000000016800000,0x0000000016900000)]
  0x00000000019e0000 JavaThread "Reference Handler" daemon [_thread_blocked, id=11568, stack(0x0000000016700000,0x0000000016800000)]
  0x0000000001aae000 JavaThread "main" [_thread_in_vm, id=8832, stack(0x0000000001740000,0x0000000001840000)]

Other Threads:
  0x0000000015577800 VMThread [stack: 0x0000000016600000,0x0000000016700000] [id=12108]
  0x0000000016eed000 WatcherThread [stack: 0x00000000173e0000,0x00000000174e0000] [id=11804]

VM state:not at safepoint (normal execution)

VM Mutex/Monitor currently owned by a thread: None

Heap:
 PSYoungGen      total 38400K, used 32895K [0x00000000eab00000, 0x00000000ed580000, 0x0000000100000000)
  eden space 33280K, 98% used [0x00000000eab00000,0x00000000ecb1ffa0,0x00000000ecb80000)
  from space 5120K, 0% used [0x00000000ed080000,0x00000000ed080000,0x00000000ed580000)
  to   space 5120K, 0% used [0x00000000ecb80000,0x00000000ecb80000,0x00000000ed080000)
 ParOldGen       total 87552K, used 0K [0x00000000c0000000, 0x00000000c5580000, 0x00000000eab00000)
  object space 87552K, 0% used [0x00000000c0000000,0x00000000c0000000,0x00000000c5580000)
 Metaspace       used 5986K, capacity 6898K, committed 7040K, reserved 1056768K
  class space    used 597K, capacity 618K, committed 640K, reserved 1048576K

Card table byte_map: [0x0000000012400000,0x0000000012610000] byte_map_base: 0x0000000011e00000

Marking Bits: (ParMarkBitMap*) 0x000000006914a6c0
 Begin Bits: [0x0000000012a10000, 0x0000000013a10000)
 End Bits:   [0x0000000013a10000, 0x0000000014a10000)

Polling page: 0x0000000001220000

CodeCache: size=245760Kb used=4780Kb max_used=4780Kb free=240979Kb
 bounds [0x0000000003400000, 0x00000000038c0000, 0x0000000012400000]
 total_blobs=1463 nmethods=1195 adapters=181
 compilation: enabled

Compilation events (10 events):
Event: 5.689 Thread 0x000000001560c800 1204       3       com.android.dx.rop.code.RegisterSpecSet::intersect (117 bytes)
Event: 5.690 Thread 0x000000001560c800 nmethod 1204 0x00000000038a94d0 code [0x00000000038a96c0, 0x00000000038aa0b8]
Event: 5.691 Thread 0x000000001560c800 1205       3       com.android.dx.ssa.back.LivenessAnalyzer::coInterferePhis (128 bytes)
Event: 5.692 Thread 0x000000001560c800 nmethod 1205 0x00000000038abd10 code [0x00000000038abfa0, 0x00000000038ad298]
Event: 5.692 Thread 0x000000001560c800 1208       3       com.android.dx.cf.code.BasicBlocker::getBlockList (208 bytes)
Event: 5.694 Thread 0x000000001560c800 nmethod 1208 0x00000000038adc90 code [0x00000000038adf00, 0x00000000038af148]
Event: 5.694 Thread 0x000000001560c800 1206       3       com.android.dx.dex.file.StringIdsSection::intern (13 bytes)
Event: 5.695 Thread 0x000000001560c800 nmethod 1206 0x00000000038a8b90 code [0x00000000038a8d40, 0x00000000038a9258]
Event: 5.695 Thread 0x000000001560c800 1207       3       com.android.dx.dex.file.StringIdItem::<init> (29 bytes)
Event: 5.695 Thread 0x000000001560c800 nmethod 1207 0x00000000038afbd0 code [0x00000000038afd60, 0x00000000038b0108]

GC Heap History (0 events):
No events

Deoptimization events (9 events):
Event: 4.556 Thread 0x000000001719d000 Uncommon trap: reason=unstable_if action=reinterpret pc=0x0000000003607ce8 method=java.util.HashMap.getNode(ILjava/lang/Object;)Ljava/util/HashMap$Node; @ 62
Event: 4.575 Thread 0x000000001719d000 Uncommon trap: reason=class_check action=maybe_recompile pc=0x0000000003672ff0 method=com.android.dx.ssa.NormalSsaInsn.accept(Lcom/android/dx/ssa/SsaInsn$Visitor;)V @ 9
Event: 4.576 Thread 0x000000001719d000 Uncommon trap: reason=class_check action=maybe_recompile pc=0x0000000003672ff0 method=com.android.dx.ssa.NormalSsaInsn.accept(Lcom/android/dx/ssa/SsaInsn$Visitor;)V @ 9
Event: 4.576 Thread 0x000000001719d000 Uncommon trap: reason=class_check action=maybe_recompile pc=0x0000000003672ff0 method=com.android.dx.ssa.NormalSsaInsn.accept(Lcom/android/dx/ssa/SsaInsn$Visitor;)V @ 9
Event: 4.583 Thread 0x000000001719d000 Uncommon trap: reason=class_check action=maybe_recompile pc=0x0000000003672ff0 method=com.android.dx.ssa.NormalSsaInsn.accept(Lcom/android/dx/ssa/SsaInsn$Visitor;)V @ 9
Event: 4.691 Thread 0x0000000001aae000 Uncommon trap: reason=unstable_if action=reinterpret pc=0x00000000036d24b0 method=java.util.BitSet.ensureCapacity(I)V @ 6
Event: 4.704 Thread 0x000000001719c000 Uncommon trap: reason=unstable_if action=reinterpret pc=0x000000000361f070 method=java.util.BitSet.nextSetBit(I)I @ 87
Event: 4.970 Thread 0x000000001719d000 Uncommon trap: reason=unstable_if action=reinterpret pc=0x0000000003662b74 method=java.util.BitSet.ensureCapacity(I)V @ 6
Event: 5.548 Thread 0x000000001719d000 Uncommon trap: reason=null_check action=make_not_entrant pc=0x000000000373c4e8 method=com.android.dx.rop.type.Type.equals(Ljava/lang/Object;)Z @ 8

Internal exceptions (3 events):
Event: 0.171 Thread 0x0000000001aae000 Exception <a 'java/lang/NoSuchMethodError': Method sun.misc.Unsafe.defineClass(Ljava/lang/String;[BII)Ljava/lang/Class; name or signature does not match> (0x00000000eab07c78) thrown at [C:\re\workspace\8-2-build-windows-amd64-cygwin\jdk8u102\7268\hotspot\sõŠ"/$÷Å?
Event: 0.172 Thread 0x0000000001aae000 Exception <a 'java/lang/NoSuchMethodError': Method sun.misc.Unsafe.prefetchRead(Ljava/lang/Object;J)V name or signature does not match> (0x00000000eab07f60) thrown at [C:\re\workspace\8-2-build-windows-amd64-cygwin\jdk8u102\7268\hotspot\src\share\vm\prims\!¾‡1@
Event: 5.548 Thread 0x000000001719d000 Implicit null exception at 0x000000000373c3e2 to 0x000000000373c4da

Events (10 events):
Event: 4.714 Executing VM operation: ForceSafepoint
Event: 4.912 Executing VM operation: ForceSafepoint done
Event: 4.970 Thread 0x000000001719d000 Uncommon trap: trap_request=0xffffff65 fr.pc=0x0000000003662b74
Event: 4.970 Thread 0x000000001719d000 DEOPT PACKING pc=0x0000000003662b74 sp=0x00000000179deb10
Event: 4.970 Thread 0x000000001719d000 DEOPT UNPACKING pc=0x000000000344582a sp=0x00000000179de9f8 mode 2
Event: 5.548 Thread 0x000000001719d000 Uncommon trap: trap_request=0xfffffff4 fr.pc=0x000000000373c4e8
Event: 5.548 Thread 0x000000001719d000 DEOPT PACKING pc=0x000000000373c4e8 sp=0x00000000179de6e0
Event: 5.548 Thread 0x000000001719d000 DEOPT UNPACKING pc=0x000000000344582a sp=0x00000000179de668 mode 2
Event: 5.695 Executing VM operation: ForceSafepoint
Event: 6.092 Executing VM operation: ForceSafepoint done


Dynamic libraries:
0x00007ff60a4e0000 - 0x00007ff60a517000 	C:\Program Files\Java\jdk1.8.0_102\bin\java.exe
0x00007ffde1c50000 - 0x00007ffde1dfd000 	C:\Windows\SYSTEM32\ntdll.dll
0x00007ffddf310000 - 0x00007ffddf44e000 	C:\Windows\system32\KERNEL32.DLL
0x00007ffddeef0000 - 0x00007ffddf005000 	C:\Windows\system32\KERNELBASE.dll
0x00007ffddd930000 - 0x00007ffddd9be000 	C:\Windows\system32\apphelp.dll
0x00007ffdc1e50000 - 0x00007ffdc1ea3000 	C:\Windows\AppPatch\AppPatch64\AcGenral.DLL
0x00007ffde0ea0000 - 0x00007ffde0f4a000 	C:\Windows\system32\msvcrt.dll
0x00007ffddf0c0000 - 0x00007ffddf0ee000 	C:\Windows\system32\SspiCli.dll
0x00007ffde1bf0000 - 0x00007ffde1c44000 	C:\Windows\system32\SHLWAPI.dll
0x00007ffde11f0000 - 0x00007ffde1367000 	C:\Windows\system32\USER32.dll
0x00007ffde1a50000 - 0x00007ffde1be4000 	C:\Windows\system32\ole32.dll
0x00007ffddf770000 - 0x00007ffde0c99000 	C:\Windows\system32\SHELL32.dll
0x00007ffdde390000 - 0x00007ffdde3b1000 	C:\Windows\SYSTEM32\USERENV.dll
0x00007ffde0cb0000 - 0x00007ffde0d5a000 	C:\Windows\system32\ADVAPI32.dll
0x00007ffdd0870000 - 0x00007ffdd088e000 	C:\Windows\SYSTEM32\MPR.dll
0x00007ffde1910000 - 0x00007ffde1a50000 	C:\Windows\system32\RPCRT4.dll
0x00007ffde1190000 - 0x00007ffde11e9000 	C:\Windows\SYSTEM32\sechost.dll
0x00007ffde1380000 - 0x00007ffde1592000 	C:\Windows\SYSTEM32\combase.dll
0x00007ffddf5b0000 - 0x00007ffddf6fb000 	C:\Windows\system32\GDI32.dll
0x00007ffdded70000 - 0x00007ffdded85000 	C:\Windows\SYSTEM32\profapi.dll
0x00007ffddd340000 - 0x00007ffddd3f2000 	C:\Windows\SYSTEM32\SHCORE.dll
0x00007ffddf2d0000 - 0x00007ffddf306000 	C:\Windows\system32\IMM32.DLL
0x00007ffddf450000 - 0x00007ffddf5a2000 	C:\Windows\system32\MSCTF.dll
0x00007ffddcca0000 - 0x00007ffddcf1b000 	C:\Windows\WinSxS\amd64_microsoft.windows.common-controls_6595b64144ccf1df_6.0.9600.18006_none_623f33d3ecbe86e8\COMCTL32.dll
0x00000000691d0000 - 0x00000000692a1000 	C:\Program Files\Java\jdk1.8.0_102\jre\bin\msvcr100.dll
0x0000000068930000 - 0x00000000691ca000 	C:\Program Files\Java\jdk1.8.0_102\jre\bin\server\jvm.dll
0x00007ffdd50e0000 - 0x00007ffdd50e9000 	C:\Windows\SYSTEM32\WSOCK32.dll
0x00007ffdda5c0000 - 0x00007ffdda5e2000 	C:\Windows\SYSTEM32\WINMM.dll
0x00007ffdda5f0000 - 0x00007ffdda5fa000 	C:\Windows\SYSTEM32\VERSION.dll
0x00007ffde0ca0000 - 0x00007ffde0ca7000 	C:\Windows\system32\PSAPI.DLL
0x00007ffde0d60000 - 0x00007ffde0dba000 	C:\Windows\system32\WS2_32.dll
0x00007ffdda580000 - 0x00007ffdda5aa000 	C:\Windows\SYSTEM32\WINMMBASE.dll
0x00007ffddf700000 - 0x00007ffddf709000 	C:\Windows\system32\NSI.dll
0x00007ffddf070000 - 0x00007ffddf0bf000 	C:\Windows\SYSTEM32\cfgmgr32.dll
0x00007ffdddba0000 - 0x00007ffdddbc8000 	C:\Windows\SYSTEM32\DEVOBJ.dll
0x0000000068920000 - 0x000000006892f000 	C:\Program Files\Java\jdk1.8.0_102\jre\bin\verify.dll
0x00000000688f0000 - 0x0000000068919000 	C:\Program Files\Java\jdk1.8.0_102\jre\bin\java.dll
0x00000000688d0000 - 0x00000000688e6000 	C:\Program Files\Java\jdk1.8.0_102\jre\bin\zip.dll

VM Arguments:
jvm_args: -Djava.awt.headless=true -Xmx1024M -Dfile.encoding=windows-1252 -Duser.country=IN -Duser.language=en -Duser.variant 
java_command: com.android.dx.command.Main --dex --num-threads=4 --output C:\Users\Padhavi\Downloads\android files\ngoconnect\app\build\intermediates\pre-dexed\debug\com.google.firebase-firebase-database-10.0.1_cabd3433895d8b22c2c2602c69cd18becd1ed857.jar C:\Users\Padhavi\Downloads\android files\ngoconnect\app\build\intermediates\exploded-aar\com.google.firebase\firebase-database\10.0.1\jars\classes.jar
java_class_path (initial): C:\Users\Padhavi\AppData\Local\Android\sdk\build-tools\24.0.3\lib\dx.jar
Launcher Type: SUN_STANDARD

Environment Variables:
JAVA_HOME=C:\Program Files\Java\jdk1.8.0_121
PATH=C:\oraclexe\app\oracle\product\11.2.0\server\bin;C:\ProgramData\Oracle\Java\javapath;C:\Program Files\Broadcom\Broadcom 802.11;C:\Program Files (x86)\NVIDIA Corporation\PhysX\Common;C:\Program Files (x86)\Intel\iCLS Client\;C:\Program Files\Intel\iCLS Client\;C:\Windows\system32;C:\Windows;C:\Windows\System32\Wbem;C:\Windows\System32\WindowsPowerShell\v1.0\;C:\Program Files\Hewlett-Packard\SimplePass\;C:\Program Files\Intel\Intel(R) Management Engine Components\DAL;C:\Program Files\Intel\Intel(R) Management Engine Components\IPT;C:\Program Files (x86)\Intel\Intel(R) Management Engine Components\DAL;C:\Program Files (x86)\Intel\Intel(R) Management Engine Components\IPT;C:\Program Files (x86)\Windows Live\Shared;C:\Program Files (x86)\Common Files\lenovo\easyplussdk\bin;C:\Program Files\MATLAB\R2016a\bin;C:\Program Files\nodejs\;C:\Program Files\Git\cmd;C:\Users\Padhavi\AppData\Roaming\npm;C:\Program Files\PuTTY\;C:\oraclexe\app\oracle\product\11.2.0\server\bin;;C:\ProgramData\Oracle\Java\javapath;C:\Program Files\Broadcom\Broadcom 802.11;C:\Program Files (x86)\NVIDIA Corporation\PhysX\Common;C:\Program Files (x86)\Intel\iCLS Client\;C:\Program Files\Intel\iCLS Client\;C:\Windows\system32;C:\Windows;C:\Windows\System32\Wbem;C:\Windows\System32\WindowsPowerShell\v1.0\;C:\Program Files\Hewlett-Packard\SimplePass\;C:\Program Files\Intel\Intel(R) Management Engine Components\DAL;C:\Program Files\Intel\Intel(R) Management Engine Components\IPT;C:\Program Files (x86)\Intel\Intel(R) Management Engine Components\DAL;C:\Program Files (x86)\Intel\Intel(R) Management Engine Components\IPT;C:\Program Files (x86)\Windows Live\Shared;C:\Program Files (x86)\Common Files\lenovo\easyplussdk\bin;C:\Program Files\MATLAB\R2016a\bin;C:\Program Files\nodejs\;C:\Program Files (x86)\Skype\Phone\;c:\Python27\;C:\Python34\Scripts
USERNAME=Padhavi
OS=Windows_NT
PROCESSOR_IDENTIFIER=Intel64 Family 6 Model 69 Stepping 1, GenuineIntel



---------------  S Y S T E M  ---------------

OS: Windows 8.1 , 64 bit Build 9600 (6.3.9600.17415)

CPU:total 4 (2 cores per cpu, 2 threads per core) family 6 model 69 stepping 1, cmov, cx8, fxsr, mmx, sse, sse2, sse3, ssse3, sse4.1, sse4.2, popcnt, avx, avx2, aes, clmul, erms, lzcnt, ht, tsc, tscinvbit, bmi1, bmi2

Memory: 4k page, physical 8317080k(1088640k free), swap 11462808k(5112k free)

vm_info: Java HotSpot(TM) 64-Bit Server VM (25.102-b14) for windows-amd64 JRE (1.8.0_102-b14), built on Jun 22 2016 13:15:21 by "java_re" with MS VC++ 10.0 (VS2010)

time: Sun Jul 09 04:34:16 2017
elapsed time: 6 seconds (0d 0h 0m 6s)

