#
# There is insufficient memory for the Java Runtime Environment to continue.
# Native memory allocation (malloc) failed to allocate 32744 bytes for ChunkPool::allocate
# Possible reasons:
#   The system is out of physical RAM or swap space
#   In 32 bit mode, the process size limit was hit
# Possible solutions:
#   Reduce memory load on the system
#   Increase physical memory or swap space
#   Check if swap backing store is full
#   Use 64 bit Java on a 64 bit OS
#   Decrease Java heap size (-Xmx/-Xms)
#   Decrease number of Java threads
#   Decrease Java thread stack sizes (-Xss)
#   Set larger code cache with -XX:ReservedCodeCacheSize=
# This output file may be truncated or incomplete.
#
#  Out of Memory Error (allocation.cpp:273), pid=12860, tid=0x00000000000036a8
#
# JRE version: Java(TM) SE Runtime Environment (8.0_102-b14) (build 1.8.0_102-b14)
# Java VM: Java HotSpot(TM) 64-Bit Server VM (25.102-b14 mixed mode windows-amd64 compressed oops)
# Failed to write core dump. Minidumps are not enabled by default on client versions of Windows
#

---------------  T H R E A D  ---------------

Current thread (0x0000000001e1a000):  JavaThread "C2 CompilerThread1" daemon [_thread_in_native, id=13992, stack(0x00000000161d0000,0x00000000162d0000)]

Stack: [0x00000000161d0000,0x00000000162d0000]
[error occurred during error reporting (printing stack bounds), id 0xc0000005]

Native frames: (J=compiled Java code, j=interpreted, Vv=VM code, C=native code)


Current CompileTask:
C2:   5796 1034       4       com.android.dx.ssa.DeadCodeRemover::isCircularNoSideEffect (140 bytes)


---------------  P R O C E S S  ---------------

Java Threads: ( => current thread )
  0x0000000016536000 JavaThread "pool-1-thread-2" [_thread_in_Java, id=10420, stack(0x0000000016bd0000,0x0000000016cd0000)]
  0x0000000016534800 JavaThread "pool-2-thread-1" [_thread_blocked, id=6088, stack(0x0000000016ad0000,0x0000000016bd0000)]
  0x00000000163d7800 JavaThread "Service Thread" daemon [_thread_blocked, id=13960, stack(0x00000000167d0000,0x00000000168d0000)]
  0x0000000001e1d800 JavaThread "C1 CompilerThread2" daemon [_thread_in_vm, id=3272, stack(0x00000000162d0000,0x00000000163d0000)]
=>0x0000000001e1a000 JavaThread "C2 CompilerThread1" daemon [_thread_in_native, id=13992, stack(0x00000000161d0000,0x00000000162d0000)]
  0x0000000001dbf800 JavaThread "C2 CompilerThread0" daemon [_thread_in_vm, id=15064, stack(0x00000000160d0000,0x00000000161d0000)]
  0x0000000001dbd000 JavaThread "Attach Listener" daemon [_thread_blocked, id=12172, stack(0x0000000015fd0000,0x00000000160d0000)]
  0x0000000001dbb800 JavaThread "Signal Dispatcher" daemon [_thread_blocked, id=7288, stack(0x0000000015ed0000,0x0000000015fd0000)]
  0x0000000000eec000 JavaThread "Finalizer" daemon [_thread_blocked, id=13820, stack(0x0000000015cf0000,0x0000000015df0000)]
  0x0000000000ee0000 JavaThread "Reference Handler" daemon [_thread_blocked, id=7776, stack(0x0000000015bf0000,0x0000000015cf0000)]
  0x00000000009be000 JavaThread "main" [_thread_blocked, id=7484, stack(0x0000000000cf0000,0x0000000000df0000)]

Other Threads:
  0x0000000001d87800 VMThread [stack: 0x0000000015af0000,0x0000000015bf0000] [id=15096]
  0x00000000163db000 WatcherThread [stack: 0x00000000168d0000,0x00000000169d0000] [id=11256]

VM state:not at safepoint (normal execution)

VM Mutex/Monitor currently owned by a thread: None

Heap:
 PSYoungGen      total 38400K, used 21583K [0x00000000eab00000, 0x00000000ed580000, 0x0000000100000000)
  eden space 33280K, 64% used [0x00000000eab00000,0x00000000ec013c98,0x00000000ecb80000)
  from space 5120K, 0% used [0x00000000ed080000,0x00000000ed080000,0x00000000ed580000)
  to   space 5120K, 0% used [0x00000000ecb80000,0x00000000ecb80000,0x00000000ed080000)
 ParOldGen       total 87552K, used 0K [0x00000000c0000000, 0x00000000c5580000, 0x00000000eab00000)
  object space 87552K, 0% used [0x00000000c0000000,0x00000000c0000000,0x00000000c5580000)
 Metaspace       used 5846K, capacity 6836K, committed 7040K, reserved 1056768K
  class space    used 598K, capacity 620K, committed 640K, reserved 1048576K

Card table byte_map: [0x00000000012b0000,0x00000000014c0000] byte_map_base: 0x0000000000cb0000

Marking Bits: (ParMarkBitMap*) 0x000000006914a6c0
 Begin Bits: [0x0000000012400000, 0x0000000013400000)
 End Bits:   [0x0000000013400000, 0x0000000014400000)

Polling page: 0x0000000000770000

CodeCache: size=245760Kb used=4221Kb max_used=4225Kb free=241538Kb
 bounds [0x0000000003400000, 0x0000000003830000, 0x0000000012400000]
 total_blobs=1310 nmethods=1041 adapters=182
 compilation: enabled

Compilation events (10 events):
Event: 5.446 Thread 0x0000000001e1d800 1038       3       com.android.dx.ssa.PhiTypeResolver::equalsHandlesNulls (23 bytes)
Event: 5.446 Thread 0x0000000001e1d800 nmethod 1038 0x0000000003819550 code [0x00000000038196e0, 0x0000000003819b28]
Event: 5.448 Thread 0x0000000001e1d800 1039       3       com.android.dx.rop.code.ThrowingInsn::withNewRegisters (21 bytes)
Event: 5.448 Thread 0x0000000001e1d800 nmethod 1039 0x0000000003821290 code [0x0000000003821400, 0x0000000003821728]
Event: 5.449 Thread 0x0000000001dbf800 1040       4       com.android.dx.rop.code.PlainInsn::<init> (73 bytes)
Event: 5.451 Thread 0x0000000001dbf800 nmethod 1040 0x0000000003812d50 code [0x0000000003812ea0, 0x0000000003812ff8]
Event: 5.452 Thread 0x0000000001e1d800 1041       3       com.android.dx.ssa.back.IdenticalBlockCombiner::compareInsns (12 bytes)
Event: 5.452 Thread 0x0000000001e1d800 nmethod 1041 0x0000000003820cd0 code [0x0000000003820e40, 0x0000000003821168]
Event: 5.778 Thread 0x0000000001e1d800 1042       3       com.android.dx.ssa.SsaMethod::makeNewGotoBlock (52 bytes)
Event: 5.779 Thread 0x0000000001e1d800 nmethod 1042 0x0000000003822d10 code [0x0000000003822f60, 0x0000000003823d88]

GC Heap History (0 events):
No events

Deoptimization events (8 events):
Event: 2.629 Thread 0x000000001655c000 Uncommon trap: reason=unstable_if action=reinterpret pc=0x00000000035f1544 method=java.util.HashMap.getNode(ILjava/lang/Object;)Ljava/util/HashMap$Node; @ 62
Event: 3.062 Thread 0x0000000016536000 Uncommon trap: reason=class_check action=maybe_recompile pc=0x000000000367b630 method=com.android.dx.ssa.NormalSsaInsn.accept(Lcom/android/dx/ssa/SsaInsn$Visitor;)V @ 9
Event: 3.062 Thread 0x0000000016536000 Uncommon trap: reason=class_check action=maybe_recompile pc=0x000000000367b630 method=com.android.dx.ssa.NormalSsaInsn.accept(Lcom/android/dx/ssa/SsaInsn$Visitor;)V @ 9
Event: 3.062 Thread 0x0000000016536000 Uncommon trap: reason=class_check action=maybe_recompile pc=0x000000000367b630 method=com.android.dx.ssa.NormalSsaInsn.accept(Lcom/android/dx/ssa/SsaInsn$Visitor;)V @ 9
Event: 3.082 Thread 0x0000000016536000 Uncommon trap: reason=class_check action=maybe_recompile pc=0x000000000367b630 method=com.android.dx.ssa.NormalSsaInsn.accept(Lcom/android/dx/ssa/SsaInsn$Visitor;)V @ 9
Event: 3.463 Thread 0x0000000016536000 Uncommon trap: reason=unstable_if action=reinterpret pc=0x0000000003619f30 method=java.util.BitSet.nextSetBit(I)I @ 87
Event: 3.463 Thread 0x0000000016536000 Uncommon trap: reason=unstable_if action=reinterpret pc=0x000000000367ba74 method=java.util.BitSet.ensureCapacity(I)V @ 6
Event: 3.783 Thread 0x0000000016536000 Uncommon trap: reason=unstable_if action=reinterpret pc=0x000000000374acdc method=com.android.dx.rop.cst.Constant.compareTo(Lcom/android/dx/rop/cst/Constant;)I @ 12

Internal exceptions (2 events):
Event: 0.113 Thread 0x00000000009be000 Exception <a 'java/lang/NoSuchMethodError': Method sun.misc.Unsafe.defineClass(Ljava/lang/String;[BII)Ljava/lang/Class; name or signature does not match> (0x00000000eab07c78) thrown at [C:\re\workspace\8-2-build-windows-amd64-cygwin\jdk8u102\7268\hotspot\s’u+â¼?
Event: 0.113 Thread 0x00000000009be000 Exception <a 'java/lang/NoSuchMethodError': Method sun.misc.Unsafe.prefetchRead(Ljava/lang/Object;J)V name or signature does not match> (0x00000000eab07f60) thrown at [C:\re\workspace\8-2-build-windows-amd64-cygwin\jdk8u102\7268\hotspot\src\share\vm\prims\

Events (10 events):
Event: 3.463 Thread 0x0000000016536000 DEOPT PACKING pc=0x0000000003619f30 sp=0x0000000016cced70
Event: 3.463 Thread 0x0000000016536000 DEOPT UNPACKING pc=0x000000000344582a sp=0x0000000016cced08 mode 2
Event: 3.463 Thread 0x0000000016536000 Uncommon trap: trap_request=0xffffff65 fr.pc=0x000000000367ba74
Event: 3.463 Thread 0x0000000016536000 DEOPT PACKING pc=0x000000000367ba74 sp=0x0000000016cced40
Event: 3.463 Thread 0x0000000016536000 DEOPT UNPACKING pc=0x000000000344582a sp=0x0000000016ccec28 mode 2
Event: 3.783 Thread 0x0000000016536000 Uncommon trap: trap_request=0xffffff65 fr.pc=0x000000000374acdc
Event: 3.783 Thread 0x0000000016536000 DEOPT PACKING pc=0x000000000374acdc sp=0x0000000016cce990
Event: 3.783 Thread 0x0000000016536000 DEOPT UNPACKING pc=0x000000000344582a sp=0x0000000016cce930 mode 2
Event: 4.414 Executing VM operation: EnableBiasedLocking
Event: 4.490 Executing VM operation: EnableBiasedLocking done


Dynamic libraries:
0x00007ff60a4e0000 - 0x00007ff60a517000 	C:\Program Files\Java\jdk1.8.0_102\bin\java.exe
0x00007ffde1c50000 - 0x00007ffde1dfd000 	C:\Windows\SYSTEM32\ntdll.dll
0x00007ffddf310000 - 0x00007ffddf44e000 	C:\Windows\system32\KERNEL32.DLL
0x00007ffddeef0000 - 0x00007ffddf005000 	C:\Windows\system32\KERNELBASE.dll
0x00007ffddd930000 - 0x00007ffddd9be000 	C:\Windows\system32\apphelp.dll
0x00007ffdc1e50000 - 0x00007ffdc1ea3000 	C:\Windows\AppPatch\AppPatch64\AcGenral.DLL
0x00007ffde0ea0000 - 0x00007ffde0f4a000 	C:\Windows\system32\msvcrt.dll
0x00007ffddf0c0000 - 0x00007ffddf0ee000 	C:\Windows\system32\SspiCli.dll
0x00007ffde1bf0000 - 0x00007ffde1c44000 	C:\Windows\system32\SHLWAPI.dll
0x00007ffde11f0000 - 0x00007ffde1367000 	C:\Windows\system32\USER32.dll
0x00007ffde1a50000 - 0x00007ffde1be4000 	C:\Windows\system32\ole32.dll
0x00007ffddf770000 - 0x00007ffde0c99000 	C:\Windows\system32\SHELL32.dll
0x00007ffdde390000 - 0x00007ffdde3b1000 	C:\Windows\SYSTEM32\USERENV.dll
0x00007ffde0cb0000 - 0x00007ffde0d5a000 	C:\Windows\system32\ADVAPI32.dll
0x00007ffdd0870000 - 0x00007ffdd088e000 	C:\Windows\SYSTEM32\MPR.dll
0x00007ffde1910000 - 0x00007ffde1a50000 	C:\Windows\system32\RPCRT4.dll
0x00007ffde1190000 - 0x00007ffde11e9000 	C:\Windows\SYSTEM32\sechost.dll
0x00007ffde1380000 - 0x00007ffde1592000 	C:\Windows\SYSTEM32\combase.dll
0x00007ffddf5b0000 - 0x00007ffddf6fb000 	C:\Windows\system32\GDI32.dll
0x00007ffdded70000 - 0x00007ffdded85000 	C:\Windows\SYSTEM32\profapi.dll
0x00007ffddd340000 - 0x00007ffddd3f2000 	C:\Windows\SYSTEM32\SHCORE.dll
0x00007ffddf2d0000 - 0x00007ffddf306000 	C:\Windows\system32\IMM32.DLL
0x00007ffddf450000 - 0x00007ffddf5a2000 	C:\Windows\system32\MSCTF.dll
0x00007ffddcca0000 - 0x00007ffddcf1b000 	C:\Windows\WinSxS\amd64_microsoft.windows.common-controls_6595b64144ccf1df_6.0.9600.18006_none_623f33d3ecbe86e8\COMCTL32.dll
0x00000000691d0000 - 0x00000000692a1000 	C:\Program Files\Java\jdk1.8.0_102\jre\bin\msvcr100.dll
0x0000000068930000 - 0x00000000691ca000 	C:\Program Files\Java\jdk1.8.0_102\jre\bin\server\jvm.dll
0x00007ffdd50e0000 - 0x00007ffdd50e9000 	C:\Windows\SYSTEM32\WSOCK32.dll
0x00007ffdda5c0000 - 0x00007ffdda5e2000 	C:\Windows\SYSTEM32\WINMM.dll
0x00007ffdda5f0000 - 0x00007ffdda5fa000 	C:\Windows\SYSTEM32\VERSION.dll
0x00007ffde0ca0000 - 0x00007ffde0ca7000 	C:\Windows\system32\PSAPI.DLL
0x00007ffde0d60000 - 0x00007ffde0dba000 	C:\Windows\system32\WS2_32.dll
0x00007ffdda580000 - 0x00007ffdda5aa000 	C:\Windows\SYSTEM32\WINMMBASE.dll
0x00007ffddf700000 - 0x00007ffddf709000 	C:\Windows\system32\NSI.dll
0x00007ffddf070000 - 0x00007ffddf0bf000 	C:\Windows\SYSTEM32\cfgmgr32.dll
0x00007ffdddba0000 - 0x00007ffdddbc8000 	C:\Windows\SYSTEM32\DEVOBJ.dll
0x0000000068920000 - 0x000000006892f000 	C:\Program Files\Java\jdk1.8.0_102\jre\bin\verify.dll
0x00000000688f0000 - 0x0000000068919000 	C:\Program Files\Java\jdk1.8.0_102\jre\bin\java.dll
0x00000000688d0000 - 0x00000000688e6000 	C:\Program Files\Java\jdk1.8.0_102\jre\bin\zip.dll

VM Arguments:
jvm_args: -Djava.awt.headless=true -Xmx1024M -Dfile.encoding=windows-1252 -Duser.country=IN -Duser.language=en -Duser.variant 
java_command: com.android.dx.command.Main --dex --num-threads=4 --output C:\Users\Padhavi\Downloads\android files\ngoconnect\app\build\intermediates\pre-dexed\debug\firebase-client-android-2.3.1_eb5ed36f398055accb882195d3000292d66f6d34.jar C:\Users\Padhavi\.gradle\caches\modules-2\files-2.1\com.firebase\firebase-client-android\2.3.1\be29b24233711c419ce935aa0a1b12ebc49d1c9a\firebase-client-android-2.3.1.jar
java_class_path (initial): C:\Users\Padhavi\AppData\Local\Android\sdk\build-tools\24.0.3\lib\dx.jar
Launcher Type: SUN_STANDARD

Environment Variables:
JAVA_HOME=C:\Program Files\Java\jdk1.8.0_121
PATH=C:\oraclexe\app\oracle\product\11.2.0\server\bin;C:\ProgramData\Oracle\Java\javapath;C:\Program Files\Broadcom\Broadcom 802.11;C:\Program Files (x86)\NVIDIA Corporation\PhysX\Common;C:\Program Files (x86)\Intel\iCLS Client\;C:\Program Files\Intel\iCLS Client\;C:\Windows\system32;C:\Windows;C:\Windows\System32\Wbem;C:\Windows\System32\WindowsPowerShell\v1.0\;C:\Program Files\Hewlett-Packard\SimplePass\;C:\Program Files\Intel\Intel(R) Management Engine Components\DAL;C:\Program Files\Intel\Intel(R) Management Engine Components\IPT;C:\Program Files (x86)\Intel\Intel(R) Management Engine Components\DAL;C:\Program Files (x86)\Intel\Intel(R) Management Engine Components\IPT;C:\Program Files (x86)\Windows Live\Shared;C:\Program Files (x86)\Common Files\lenovo\easyplussdk\bin;C:\Program Files\MATLAB\R2016a\bin;C:\Program Files\nodejs\;C:\Program Files\Git\cmd;C:\Users\Padhavi\AppData\Roaming\npm;C:\Program Files\PuTTY\;C:\oraclexe\app\oracle\product\11.2.0\server\bin;;C:\ProgramData\Oracle\Java\javapath;C:\Program Files\Broadcom\Broadcom 802.11;C:\Program Files (x86)\NVIDIA Corporation\PhysX\Common;C:\Program Files (x86)\Intel\iCLS Client\;C:\Program Files\Intel\iCLS Client\;C:\Windows\system32;C:\Windows;C:\Windows\System32\Wbem;C:\Windows\System32\WindowsPowerShell\v1.0\;C:\Program Files\Hewlett-Packard\SimplePass\;C:\Program Files\Intel\Intel(R) Management Engine Components\DAL;C:\Program Files\Intel\Intel(R) Management Engine Components\IPT;C:\Program Files (x86)\Intel\Intel(R) Management Engine Components\DAL;C:\Program Files (x86)\Intel\Intel(R) Management Engine Components\IPT;C:\Program Files (x86)\Windows Live\Shared;C:\Program Files (x86)\Common Files\lenovo\easyplussdk\bin;C:\Program Files\MATLAB\R2016a\bin;C:\Program Files\nodejs\;C:\Program Files (x86)\Skype\Phone\;c:\Python27\;C:\Python34\Scripts
USERNAME=Padhavi
OS=Windows_NT
PROCESSOR_IDENTIFIER=Intel64 Family 6 Model 69 Stepping 1, GenuineIntel



---------------  S Y S T E M  ---------------

OS: Windows 8.1 , 64 bit Build 9600 (6.3.9600.17415)

CPU:total 4 (2 cores per cpu, 2 threads per core) family 6 model 69 stepping 1, cmov, cx8, fxsr, mmx, sse, sse2, sse3, ssse3, sse4.1, sse4.2, popcnt, avx, avx2, aes, clmul, erms, lzcnt, ht, tsc, tscinvbit, bmi1, bmi2

Memory: 4k page, physical 8317080k(1215188k free), swap 11462808k(5020k free)

vm_info: Java HotSpot(TM) 64-Bit Server VM (25.102-b14) for windows-amd64 JRE (1.8.0_102-b14), built on Jun 22 2016 13:15:21 by "java_re" with MS VC++ 10.0 (VS2010)

time: Sun Jul 09 04:29:04 2017
elapsed time: 5 seconds (0d 0h 0m 5s)

