#
# There is insufficient memory for the Java Runtime Environment to continue.
# Native memory allocation (malloc) failed to allocate 134896 bytes for Chunk::new
# Possible reasons:
#   The system is out of physical RAM or swap space
#   In 32 bit mode, the process size limit was hit
# Possible solutions:
#   Reduce memory load on the system
#   Increase physical memory or swap space
#   Check if swap backing store is full
#   Use 64 bit Java on a 64 bit OS
#   Decrease Java heap size (-Xmx/-Xms)
#   Decrease number of Java threads
#   Decrease Java thread stack sizes (-Xss)
#   Set larger code cache with -XX:ReservedCodeCacheSize=
# This output file may be truncated or incomplete.
#
#  Out of Memory Error (allocation.cpp:390), pid=11096, tid=0x0000000000002914
#
# JRE version: Java(TM) SE Runtime Environment (8.0_102-b14) (build 1.8.0_102-b14)
# Java VM: Java HotSpot(TM) 64-Bit Server VM (25.102-b14 mixed mode windows-amd64 compressed oops)
# Failed to write core dump. Minidumps are not enabled by default on client versions of Windows
#

---------------  T H R E A D  ---------------

Current thread (0x00000000147ce800):  JavaThread "C2 CompilerThread0" daemon [_thread_in_native, id=10516, stack(0x0000000015e00000,0x0000000015f00000)]

Stack: [0x0000000015e00000,0x0000000015f00000]
[error occurred during error reporting (printing stack bounds), id 0xc0000005]

Native frames: (J=compiled Java code, j=interpreted, Vv=VM code, C=native code)


Current CompileTask:
C2:   3805 1019       4       com.android.dx.ssa.SsaMethod::deleteInsns (239 bytes)


---------------  P R O C E S S  ---------------

Java Threads: ( => current thread )
  0x00000000162dd000 JavaThread "pool-1-thread-4" [_thread_in_Java, id=1456, stack(0x0000000016b00000,0x0000000016c00000)]
  0x00000000162dc000 JavaThread "pool-1-thread-3" [_thread_in_Java, id=13908, stack(0x0000000016a00000,0x0000000016b00000)]
  0x00000000162d4000 JavaThread "pool-1-thread-2" [_thread_in_Java, id=10060, stack(0x0000000016900000,0x0000000016a00000)]
  0x000000001633d000 JavaThread "pool-2-thread-1" [_thread_blocked, id=10412, stack(0x0000000016800000,0x0000000016900000)]
  0x0000000016337800 JavaThread "pool-1-thread-1" [_thread_in_Java, id=10284, stack(0x0000000016700000,0x0000000016800000)]
  0x0000000016006000 JavaThread "Service Thread" daemon [_thread_blocked, id=9204, stack(0x0000000016500000,0x0000000016600000)]
  0x0000000016001000 JavaThread "C1 CompilerThread2" daemon [_thread_in_vm_trans, id=10932, stack(0x0000000016400000,0x0000000016500000)]
  0x0000000014829000 JavaThread "C2 CompilerThread1" daemon [_thread_in_native, id=10372, stack(0x0000000015f00000,0x0000000016000000)]
=>0x00000000147ce800 JavaThread "C2 CompilerThread0" daemon [_thread_in_native, id=10516, stack(0x0000000015e00000,0x0000000015f00000)]
  0x00000000147cc000 JavaThread "Attach Listener" daemon [_thread_blocked, id=12948, stack(0x0000000015d00000,0x0000000015e00000)]
  0x00000000147cb000 JavaThread "Signal Dispatcher" daemon [_thread_blocked, id=15208, stack(0x0000000015c00000,0x0000000015d00000)]
  0x00000000147ba800 JavaThread "Finalizer" daemon [_thread_blocked, id=11548, stack(0x0000000015a20000,0x0000000015b20000)]
  0x00000000020f0000 JavaThread "Reference Handler" daemon [_thread_blocked, id=10884, stack(0x0000000015920000,0x0000000015a20000)]
  0x0000000001f6e000 JavaThread "main" [_thread_in_Java, id=11440, stack(0x0000000001e10000,0x0000000001f10000)]

Other Threads:
  0x0000000014797000 VMThread [stack: 0x0000000015820000,0x0000000015920000] [id=6276]
  0x000000001600b000 WatcherThread [stack: 0x0000000016600000,0x0000000016700000] [id=12316]

VM state:not at safepoint (normal execution)

VM Mutex/Monitor currently owned by a thread: None

Heap:
 PSYoungGen      total 38400K, used 27347K [0x00000000eab00000, 0x00000000ed580000, 0x0000000100000000)
  eden space 33280K, 82% used [0x00000000eab00000,0x00000000ec5b4cf8,0x00000000ecb80000)
  from space 5120K, 0% used [0x00000000ed080000,0x00000000ed080000,0x00000000ed580000)
  to   space 5120K, 0% used [0x00000000ecb80000,0x00000000ecb80000,0x00000000ed080000)
 ParOldGen       total 87552K, used 0K [0x00000000c0000000, 0x00000000c5580000, 0x00000000eab00000)
  object space 87552K, 0% used [0x00000000c0000000,0x00000000c0000000,0x00000000c5580000)
 Metaspace       used 5891K, capacity 6834K, committed 7040K, reserved 1056768K
  class space    used 600K, capacity 618K, committed 640K, reserved 1048576K

Card table byte_map: [0x00000000114c0000,0x00000000116d0000] byte_map_base: 0x0000000010ec0000

Marking Bits: (ParMarkBitMap*) 0x000000006914a6c0
 Begin Bits: [0x0000000011c30000, 0x0000000012c30000)
 End Bits:   [0x0000000012c30000, 0x0000000013c30000)

Polling page: 0x0000000001f10000

CodeCache: size=245760Kb used=3949Kb max_used=3949Kb free=241810Kb
 bounds [0x0000000002100000, 0x00000000024e0000, 0x0000000011100000]
 total_blobs=1264 nmethods=996 adapters=181
 compilation: enabled

Compilation events (10 events):
Event: 3.771 Thread 0x00000000147ce800 nmethod 1018 0x00000000024b2f90 code [0x00000000024b30c0, 0x00000000024b3118]
Event: 3.772 Thread 0x00000000147ce800 1019       4       com.android.dx.ssa.SsaMethod::deleteInsns (239 bytes)
Event: 3.774 Thread 0x0000000014829000 nmethod 1017 0x00000000024c8990 code [0x00000000024c8ae0, 0x00000000024c8d38]
Event: 3.774 Thread 0x0000000014829000 1021       4       com.android.dx.ssa.SsaMethod::forEachInsn (36 bytes)
Event: 3.790 Thread 0x0000000016001000 nmethod 962 0x00000000024ca8d0 code [0x00000000024cab80, 0x00000000024cbd48]
Event: 3.790 Thread 0x0000000016001000  994   !   3       com.android.dx.ssa.BasicRegisterMapper::map (44 bytes)
Event: 3.790 Thread 0x0000000016001000 nmethod 994 0x00000000024c7f50 code [0x00000000024c8100, 0x00000000024c8728]
Event: 3.790 Thread 0x0000000016001000  999       1       com.android.dx.rop.cst.CstString::getType (4 bytes)
Event: 3.790 Thread 0x0000000016001000 nmethod 999 0x00000000024c7c50 code [0x00000000024c7da0, 0x00000000024c7eb0]
Event: 3.790 Thread 0x0000000016001000  973       3       com.android.dx.rop.code.RopMethod::calcPredecessors (227 bytes)

GC Heap History (0 events):
No events

Deoptimization events (10 events):
Event: 3.223 Thread 0x00000000162d4000 Uncommon trap: reason=unstable_if action=reinterpret pc=0x00000000023c9ae4 method=com.android.dx.rop.code.RegisterSpec.equals(ILcom/android/dx/rop/type/TypeBearer;Lcom/android/dx/rop/code/LocalItem;)Z @ 16
Event: 3.223 Thread 0x00000000162d4000 Uncommon trap: reason=class_check action=maybe_recompile pc=0x00000000023ea9d0 method=com.android.dx.rop.type.Type.equals(Ljava/lang/Object;)Z @ 8
Event: 3.223 Thread 0x00000000162d4000 Uncommon trap: reason=unstable_if action=reinterpret pc=0x00000000023ea8ec method=com.android.dx.rop.code.RegisterSpec.equals(ILcom/android/dx/rop/type/TypeBearer;Lcom/android/dx/rop/code/LocalItem;)Z @ 16
Event: 3.223 Thread 0x00000000162d4000 Uncommon trap: reason=class_check action=maybe_recompile pc=0x00000000023c80e8 method=com.android.dx.rop.type.Type.equals(Ljava/lang/Object;)Z @ 8
Event: 3.223 Thread 0x00000000162d4000 Uncommon trap: reason=unstable_if action=reinterpret pc=0x00000000023b7eb0 method=java.util.HashMap.getNode(ILjava/lang/Object;)Ljava/util/HashMap$Node; @ 62
Event: 3.236 Thread 0x0000000001f6e000 Uncommon trap: reason=class_check action=maybe_recompile pc=0x00000000023c80e8 method=com.android.dx.rop.type.Type.equals(Ljava/lang/Object;)Z @ 8
Event: 3.240 Thread 0x0000000001f6e000 Uncommon trap: reason=unstable_if action=reinterpret pc=0x0000000002321e30 method=java.util.BitSet.nextSetBit(I)I @ 87
Event: 3.242 Thread 0x0000000001f6e000 Uncommon trap: reason=unstable_if action=reinterpret pc=0x0000000002320d68 method=java.util.HashMap.getNode(ILjava/lang/Object;)Ljava/util/HashMap$Node; @ 62
Event: 3.246 Thread 0x0000000001f6e000 Uncommon trap: reason=unstable_if action=reinterpret pc=0x0000000002413a5c method=com.android.dx.ssa.SsaMethod.onSourcesChanged(Lcom/android/dx/ssa/SsaInsn;Lcom/android/dx/rop/code/RegisterSpecList;)V @ 4
Event: 3.750 Thread 0x00000000162dc000 Uncommon trap: reason=unstable_if action=reinterpret pc=0x0000000002479634 method=java.util.HashMap.getNode(ILjava/lang/Object;)Ljava/util/HashMap$Node; @ 129

Internal exceptions (2 events):
Event: 0.213 Thread 0x0000000001f6e000 Exception <a 'java/lang/NoSuchMethodError': Method sun.misc.Unsafe.defineClass(Ljava/lang/String;[BII)Ljava/lang/Class; name or signature does not match> (0x00000000eab07c78) thrown at [C:\re\workspace\8-2-build-windows-amd64-cygwin\jdk8u102\7268\hotspot\s…7ŒÎHÀ?
Event: 0.213 Thread 0x0000000001f6e000 Exception <a 'java/lang/NoSuchMethodError': Method sun.misc.Unsafe.prefetchRead(Ljava/lang/Object;J)V name or signature does not match> (0x00000000eab07f60) thrown at [C:\re\workspace\8-2-build-windows-amd64-cygwin\jdk8u102\7268\hotspot\src\share\vm\prims\

Events (10 events):
Event: 3.752 loading class com/android/dx/cf/code/BytecodeArray$ConstantParserVisitor
Event: 3.752 loading class com/android/dx/cf/code/BytecodeArray$ConstantParserVisitor done
Event: 3.760 loading class java/util/DualPivotQuicksort
Event: 3.760 loading class java/util/DualPivotQuicksort done
Event: 3.766 loading class com/android/dx/cf/code/Ropper$ExceptionHandlerSetup
Event: 3.766 loading class com/android/dx/cf/code/Ropper$ExceptionHandlerSetup done
Event: 3.767 loading class java/util/HashMap$Values
Event: 3.767 loading class java/util/HashMap$Values done
Event: 3.768 loading class java/util/HashMap$ValueIterator
Event: 3.768 loading class java/util/HashMap$ValueIterator done


Dynamic libraries:
0x00007ff60a4e0000 - 0x00007ff60a517000 	C:\Program Files\Java\jdk1.8.0_102\bin\java.exe
0x00007ffde1c50000 - 0x00007ffde1dfd000 	C:\Windows\SYSTEM32\ntdll.dll
0x00007ffddf310000 - 0x00007ffddf44e000 	C:\Windows\system32\KERNEL32.DLL
0x00007ffddeef0000 - 0x00007ffddf005000 	C:\Windows\system32\KERNELBASE.dll
0x00007ffddd930000 - 0x00007ffddd9be000 	C:\Windows\system32\apphelp.dll
0x00007ffdc1e50000 - 0x00007ffdc1ea3000 	C:\Windows\AppPatch\AppPatch64\AcGenral.DLL
0x00007ffde0ea0000 - 0x00007ffde0f4a000 	C:\Windows\system32\msvcrt.dll
0x00007ffddf0c0000 - 0x00007ffddf0ee000 	C:\Windows\system32\SspiCli.dll
0x00007ffde1bf0000 - 0x00007ffde1c44000 	C:\Windows\system32\SHLWAPI.dll
0x00007ffde11f0000 - 0x00007ffde1367000 	C:\Windows\system32\USER32.dll
0x00007ffde1a50000 - 0x00007ffde1be4000 	C:\Windows\system32\ole32.dll
0x00007ffddf770000 - 0x00007ffde0c99000 	C:\Windows\system32\SHELL32.dll
0x00007ffdde390000 - 0x00007ffdde3b1000 	C:\Windows\SYSTEM32\USERENV.dll
0x00007ffde0cb0000 - 0x00007ffde0d5a000 	C:\Windows\system32\ADVAPI32.dll
0x00007ffdd0870000 - 0x00007ffdd088e000 	C:\Windows\SYSTEM32\MPR.dll
0x00007ffde1910000 - 0x00007ffde1a50000 	C:\Windows\system32\RPCRT4.dll
0x00007ffde1190000 - 0x00007ffde11e9000 	C:\Windows\SYSTEM32\sechost.dll
0x00007ffde1380000 - 0x00007ffde1592000 	C:\Windows\SYSTEM32\combase.dll
0x00007ffddf5b0000 - 0x00007ffddf6fb000 	C:\Windows\system32\GDI32.dll
0x00007ffdded70000 - 0x00007ffdded85000 	C:\Windows\SYSTEM32\profapi.dll
0x00007ffddd340000 - 0x00007ffddd3f2000 	C:\Windows\SYSTEM32\SHCORE.dll
0x00007ffddf2d0000 - 0x00007ffddf306000 	C:\Windows\system32\IMM32.DLL
0x00007ffddf450000 - 0x00007ffddf5a2000 	C:\Windows\system32\MSCTF.dll
0x00007ffddcca0000 - 0x00007ffddcf1b000 	C:\Windows\WinSxS\amd64_microsoft.windows.common-controls_6595b64144ccf1df_6.0.9600.18006_none_623f33d3ecbe86e8\COMCTL32.dll
0x00000000691d0000 - 0x00000000692a1000 	C:\Program Files\Java\jdk1.8.0_102\jre\bin\msvcr100.dll
0x0000000068930000 - 0x00000000691ca000 	C:\Program Files\Java\jdk1.8.0_102\jre\bin\server\jvm.dll
0x00007ffdd50e0000 - 0x00007ffdd50e9000 	C:\Windows\SYSTEM32\WSOCK32.dll
0x00007ffdda5c0000 - 0x00007ffdda5e2000 	C:\Windows\SYSTEM32\WINMM.dll
0x00007ffdda5f0000 - 0x00007ffdda5fa000 	C:\Windows\SYSTEM32\VERSION.dll
0x00007ffde0ca0000 - 0x00007ffde0ca7000 	C:\Windows\system32\PSAPI.DLL
0x00007ffde0d60000 - 0x00007ffde0dba000 	C:\Windows\system32\WS2_32.dll
0x00007ffdda580000 - 0x00007ffdda5aa000 	C:\Windows\SYSTEM32\WINMMBASE.dll
0x00007ffddf700000 - 0x00007ffddf709000 	C:\Windows\system32\NSI.dll
0x00007ffddf070000 - 0x00007ffddf0bf000 	C:\Windows\SYSTEM32\cfgmgr32.dll
0x00007ffdddba0000 - 0x00007ffdddbc8000 	C:\Windows\SYSTEM32\DEVOBJ.dll
0x0000000068920000 - 0x000000006892f000 	C:\Program Files\Java\jdk1.8.0_102\jre\bin\verify.dll
0x00000000688f0000 - 0x0000000068919000 	C:\Program Files\Java\jdk1.8.0_102\jre\bin\java.dll
0x00000000688d0000 - 0x00000000688e6000 	C:\Program Files\Java\jdk1.8.0_102\jre\bin\zip.dll

VM Arguments:
jvm_args: -Djava.awt.headless=true -Xmx1024M -Dfile.encoding=windows-1252 -Duser.country=IN -Duser.language=en -Duser.variant 
java_command: com.android.dx.command.Main --dex --num-threads=4 --output C:\Users\Padhavi\Downloads\android files\ngoconnect\app\build\intermediates\pre-dexed\debug\com.google.firebase-firebase-auth-10.0.1_2c1bc594e5846cc8d09be25025552fb657d9849f.jar C:\Users\Padhavi\Downloads\android files\ngoconnect\app\build\intermediates\exploded-aar\com.google.firebase\firebase-auth\10.0.1\jars\classes.jar
java_class_path (initial): C:\Users\Padhavi\AppData\Local\Android\sdk\build-tools\24.0.3\lib\dx.jar
Launcher Type: SUN_STANDARD

Environment Variables:
JAVA_HOME=C:\Program Files\Java\jdk1.8.0_121
PATH=C:\oraclexe\app\oracle\product\11.2.0\server\bin;C:\ProgramData\Oracle\Java\javapath;C:\Program Files\Broadcom\Broadcom 802.11;C:\Program Files (x86)\NVIDIA Corporation\PhysX\Common;C:\Program Files (x86)\Intel\iCLS Client\;C:\Program Files\Intel\iCLS Client\;C:\Windows\system32;C:\Windows;C:\Windows\System32\Wbem;C:\Windows\System32\WindowsPowerShell\v1.0\;C:\Program Files\Hewlett-Packard\SimplePass\;C:\Program Files\Intel\Intel(R) Management Engine Components\DAL;C:\Program Files\Intel\Intel(R) Management Engine Components\IPT;C:\Program Files (x86)\Intel\Intel(R) Management Engine Components\DAL;C:\Program Files (x86)\Intel\Intel(R) Management Engine Components\IPT;C:\Program Files (x86)\Windows Live\Shared;C:\Program Files (x86)\Common Files\lenovo\easyplussdk\bin;C:\Program Files\MATLAB\R2016a\bin;C:\Program Files\nodejs\;C:\Program Files\Git\cmd;C:\Users\Padhavi\AppData\Roaming\npm;C:\Program Files\PuTTY\;C:\oraclexe\app\oracle\product\11.2.0\server\bin;;C:\ProgramData\Oracle\Java\javapath;C:\Program Files\Broadcom\Broadcom 802.11;C:\Program Files (x86)\NVIDIA Corporation\PhysX\Common;C:\Program Files (x86)\Intel\iCLS Client\;C:\Program Files\Intel\iCLS Client\;C:\Windows\system32;C:\Windows;C:\Windows\System32\Wbem;C:\Windows\System32\WindowsPowerShell\v1.0\;C:\Program Files\Hewlett-Packard\SimplePass\;C:\Program Files\Intel\Intel(R) Management Engine Components\DAL;C:\Program Files\Intel\Intel(R) Management Engine Components\IPT;C:\Program Files (x86)\Intel\Intel(R) Management Engine Components\DAL;C:\Program Files (x86)\Intel\Intel(R) Management Engine Components\IPT;C:\Program Files (x86)\Windows Live\Shared;C:\Program Files (x86)\Common Files\lenovo\easyplussdk\bin;C:\Program Files\MATLAB\R2016a\bin;C:\Program Files\nodejs\;C:\Program Files (x86)\Skype\Phone\;c:\Python27\;C:\Python34\Scripts
USERNAME=Padhavi
OS=Windows_NT
PROCESSOR_IDENTIFIER=Intel64 Family 6 Model 69 Stepping 1, GenuineIntel



---------------  S Y S T E M  ---------------

OS: Windows 8.1 , 64 bit Build 9600 (6.3.9600.17415)

CPU:total 4 (2 cores per cpu, 2 threads per core) family 6 model 69 stepping 1, cmov, cx8, fxsr, mmx, sse, sse2, sse3, ssse3, sse4.1, sse4.2, popcnt, avx, avx2, aes, clmul, erms, lzcnt, ht, tsc, tscinvbit, bmi1, bmi2

Memory: 4k page, physical 8317080k(1270120k free), swap 11462808k(5132k free)

vm_info: Java HotSpot(TM) 64-Bit Server VM (25.102-b14) for windows-amd64 JRE (1.8.0_102-b14), built on Jun 22 2016 13:15:21 by "java_re" with MS VC++ 10.0 (VS2010)

time: Sun Jul 09 04:20:55 2017
elapsed time: 3 seconds (0d 0h 0m 3s)

