#
# There is insufficient memory for the Java Runtime Environment to continue.
# Native memory allocation (malloc) failed to allocate 103776 bytes for Chunk::new
# Possible reasons:
#   The system is out of physical RAM or swap space
#   In 32 bit mode, the process size limit was hit
# Possible solutions:
#   Reduce memory load on the system
#   Increase physical memory or swap space
#   Check if swap backing store is full
#   Use 64 bit Java on a 64 bit OS
#   Decrease Java heap size (-Xmx/-Xms)
#   Decrease number of Java threads
#   Decrease Java thread stack sizes (-Xss)
#   Set larger code cache with -XX:ReservedCodeCacheSize=
# This output file may be truncated or incomplete.
#
#  Out of Memory Error (allocation.cpp:390), pid=2316, tid=0x0000000000003230
#
# JRE version: Java(TM) SE Runtime Environment (8.0_102-b14) (build 1.8.0_102-b14)
# Java VM: Java HotSpot(TM) 64-Bit Server VM (25.102-b14 mixed mode windows-amd64 compressed oops)
# Failed to write core dump. Minidumps are not enabled by default on client versions of Windows
#

---------------  T H R E A D  ---------------

Current thread (0x00000000147cf000):  JavaThread "C2 CompilerThread0" daemon [_thread_in_native, id=12848, stack(0x0000000015e10000,0x0000000015f10000)]

Stack: [0x0000000015e10000,0x0000000015f10000]
[error occurred during error reporting (printing stack bounds), id 0xc0000005]

Native frames: (J=compiled Java code, j=interpreted, Vv=VM code, C=native code)


Current CompileTask:
C2:   5076 1495       4       sun.security.provider.SHA::implCompress (491 bytes)


---------------  P R O C E S S  ---------------

Java Threads: ( => current thread )
  0x000000001611e800 JavaThread "Service Thread" daemon [_thread_blocked, id=12932, stack(0x0000000016510000,0x0000000016610000)]
  0x000000001482c800 JavaThread "C1 CompilerThread2" daemon [_thread_blocked, id=4492, stack(0x0000000016010000,0x0000000016110000)]
  0x00000000147d3000 JavaThread "C2 CompilerThread1" daemon [_thread_blocked, id=9832, stack(0x0000000015f10000,0x0000000016010000)]
=>0x00000000147cf000 JavaThread "C2 CompilerThread0" daemon [_thread_in_native, id=12848, stack(0x0000000015e10000,0x0000000015f10000)]
  0x00000000147cc000 JavaThread "Attach Listener" daemon [_thread_blocked, id=7524, stack(0x0000000015d10000,0x0000000015e10000)]
  0x00000000147cb000 JavaThread "Signal Dispatcher" daemon [_thread_blocked, id=14956, stack(0x0000000015c10000,0x0000000015d10000)]
  0x00000000020fa800 JavaThread "Finalizer" daemon [_thread_blocked, id=8992, stack(0x0000000015a30000,0x0000000015b30000)]
  0x00000000020f1800 JavaThread "Reference Handler" daemon [_thread_blocked, id=10668, stack(0x0000000015930000,0x0000000015a30000)]
  0x0000000001f9e000 JavaThread "main" [_thread_in_vm, id=3716, stack(0x0000000001e60000,0x0000000001f60000)]

Other Threads:
  0x0000000014796800 VMThread [stack: 0x0000000015830000,0x0000000015930000] [id=10116]
  0x0000000016116000 WatcherThread [stack: 0x0000000016610000,0x0000000016710000] [id=9884]

VM state:not at safepoint (normal execution)

VM Mutex/Monitor currently owned by a thread: None

Heap:
 PSYoungGen      total 38400K, used 7097K [0x00000000eab00000, 0x00000000ef600000, 0x0000000100000000)
  eden space 33280K, 5% used [0x00000000eab00000,0x00000000eacf0b60,0x00000000ecb80000)
  from space 5120K, 99% used [0x00000000ecb80000,0x00000000ed07da50,0x00000000ed080000)
  to   space 5120K, 0% used [0x00000000ef100000,0x00000000ef100000,0x00000000ef600000)
 ParOldGen       total 87552K, used 212K [0x00000000c0000000, 0x00000000c5580000, 0x00000000eab00000)
  object space 87552K, 0% used [0x00000000c0000000,0x00000000c0035038,0x00000000c5580000)
 Metaspace       used 6517K, capacity 7224K, committed 7424K, reserved 1056768K
  class space    used 655K, capacity 688K, committed 768K, reserved 1048576K

Card table byte_map: [0x00000000114c0000,0x00000000116d0000] byte_map_base: 0x0000000010ec0000

Marking Bits: (ParMarkBitMap*) 0x000000006914a6c0
 Begin Bits: [0x0000000011c30000, 0x0000000012c30000)
 End Bits:   [0x0000000012c30000, 0x0000000013c30000)

Polling page: 0x00000000006d0000

CodeCache: size=245760Kb used=5425Kb max_used=5437Kb free=240334Kb
 bounds [0x0000000002100000, 0x0000000002660000, 0x0000000011100000]
 total_blobs=1756 nmethods=1480 adapters=189
 compilation: enabled

Compilation events (10 events):
Event: 5.058 Thread 0x000000001482c800 nmethod 1490 0x000000000264b390 code [0x000000000264b4e0, 0x000000000264b630]
Event: 5.060 Thread 0x00000000147cf000 1491       4       java.lang.Integer::reverseBytes (26 bytes)
Event: 5.060 Thread 0x00000000147cf000 nmethod 1491 0x0000000002649350 code [0x0000000002649480, 0x00000000026494f8]
Event: 5.060 Thread 0x000000001482c800 1492       3       sun.security.provider.SHA::implCompress (491 bytes)
Event: 5.061 Thread 0x000000001482c800 nmethod 1492 0x000000000264f590 code [0x000000000264f780, 0x0000000002650068]
Event: 5.062 Thread 0x000000001482c800 1493       3       sun.security.provider.ByteArrayAccess::b2iBig64 (614 bytes)
Event: 5.064 Thread 0x000000001482c800 nmethod 1493 0x000000000264df50 code [0x000000000264e160, 0x000000000264ef28]
Event: 5.064 Thread 0x00000000147d3000 1494 %     4       sun.security.provider.SHA::implCompress @ 364 (491 bytes)
Event: 5.071 Thread 0x00000000147d3000 nmethod 1494% 0x000000000264d790 code [0x000000000264d8e0, 0x000000000264dcb8]
Event: 5.072 Thread 0x00000000147cf000 1495       4       sun.security.provider.SHA::implCompress (491 bytes)

GC Heap History (2 events):
Event: 3.851 GC heap before
{Heap before GC invocations=1 (full 0):
 PSYoungGen      total 38400K, used 33280K [0x00000000eab00000, 0x00000000ed580000, 0x0000000100000000)
  eden space 33280K, 100% used [0x00000000eab00000,0x00000000ecb80000,0x00000000ecb80000)
  from space 5120K, 0% used [0x00000000ed080000,0x00000000ed080000,0x00000000ed580000)
  to   space 5120K, 0% used [0x00000000ecb80000,0x00000000ecb80000,0x00000000ed080000)
 ParOldGen       total 87552K, used 0K [0x00000000c0000000, 0x00000000c5580000, 0x00000000eab00000)
  object space 87552K, 0% used [0x00000000c0000000,0x00000000c0000000,0x00000000c5580000)
 Metaspace       used 6032K, capacity 6936K, committed 7168K, reserved 1056768K
  class space    used 612K, capacity 656K, committed 768K, reserved 1048576K
Event: 3.956 GC heap after
Heap after GC invocations=1 (full 0):
 PSYoungGen      total 38400K, used 5110K [0x00000000eab00000, 0x00000000ef600000, 0x0000000100000000)
  eden space 33280K, 0% used [0x00000000eab00000,0x00000000eab00000,0x00000000ecb80000)
  from space 5120K, 99% used [0x00000000ecb80000,0x00000000ed07da50,0x00000000ed080000)
  to   space 5120K, 0% used [0x00000000ef100000,0x00000000ef100000,0x00000000ef600000)
 ParOldGen       total 87552K, used 212K [0x00000000c0000000, 0x00000000c5580000, 0x00000000eab00000)
  object space 87552K, 0% used [0x00000000c0000000,0x00000000c0035038,0x00000000c5580000)
 Metaspace       used 6032K, capacity 6936K, committed 7168K, reserved 1056768K
  class space    used 612K, capacity 656K, committed 768K, reserved 1048576K
}

Deoptimization events (10 events):
Event: 3.999 Thread 0x0000000001f9e000 Uncommon trap: reason=speculate_class_check action=maybe_recompile pc=0x00000000024ca92c method=com.android.dx.util.FixedSizeList.equals(Ljava/lang/Object;)Z @ 25
Event: 3.999 Thread 0x0000000001f9e000 Uncommon trap: reason=speculate_class_check action=maybe_recompile pc=0x00000000024ca92c method=com.android.dx.util.FixedSizeList.equals(Ljava/lang/Object;)Z @ 25
Event: 3.999 Thread 0x0000000001f9e000 Uncommon trap: reason=speculate_class_check action=maybe_recompile pc=0x00000000024ca92c method=com.android.dx.util.FixedSizeList.equals(Ljava/lang/Object;)Z @ 25
Event: 3.999 Thread 0x0000000001f9e000 Uncommon trap: reason=speculate_class_check action=maybe_recompile pc=0x00000000024ca92c method=com.android.dx.util.FixedSizeList.equals(Ljava/lang/Object;)Z @ 25
Event: 4.975 Thread 0x0000000001f9e000 Uncommon trap: reason=unstable_if action=reinterpret pc=0x00000000022d6aa0 method=java.lang.String.indexOf([CII[CIII)I @ 3
Event: 4.975 Thread 0x0000000001f9e000 Uncommon trap: reason=unstable_if action=reinterpret pc=0x0000000002456b00 method=java.util.Arrays.copyOf([Ljava/lang/Object;ILjava/lang/Class;)[Ljava/lang/Object; @ 3
Event: 4.977 Thread 0x0000000001f9e000 Uncommon trap: reason=class_check action=maybe_recompile pc=0x0000000002600550 method=java.util.HashMap.putVal(ILjava/lang/Object;Ljava/lang/Object;ZZ)Ljava/lang/Object; @ 56
Event: 4.977 Thread 0x0000000001f9e000 Uncommon trap: reason=class_check action=maybe_recompile pc=0x00000000026005f8 method=java.util.HashMap.putVal(ILjava/lang/Object;Ljava/lang/Object;ZZ)Ljava/lang/Object; @ 152
Event: 4.977 Thread 0x0000000001f9e000 Uncommon trap: reason=class_check action=maybe_recompile pc=0x0000000002600550 method=java.util.HashMap.putVal(ILjava/lang/Object;Ljava/lang/Object;ZZ)Ljava/lang/Object; @ 56
Event: 5.048 Thread 0x0000000001f9e000 Uncommon trap: reason=bimorphic action=maybe_recompile pc=0x00000000023b93dc method=java.util.HashMap.getNode(ILjava/lang/Object;)Ljava/util/HashMap$Node; @ 126

Internal exceptions (4 events):
Event: 0.143 Thread 0x0000000001f9e000 Exception <a 'java/lang/NoSuchMethodError': Method sun.misc.Unsafe.defineClass(Ljava/lang/String;[BII)Ljava/lang/Class; name or signature does not match> (0x00000000eab07c78) thrown at [C:\re\workspace\8-2-build-windows-amd64-cygwin\jdk8u102\7268\hotspot\sxÿ^LÂ?
Event: 0.143 Thread 0x0000000001f9e000 Exception <a 'java/lang/NoSuchMethodError': Method sun.misc.Unsafe.prefetchRead(Ljava/lang/Object;J)V name or signature does not match> (0x00000000eab07f60) thrown at [C:\re\workspace\8-2-build-windows-amd64-cygwin\jdk8u102\7268\hotspot\src\share\vm\prims\ÐXN'É@
Event: 2.598 Thread 0x000000001627a000 Implicit null exception at 0x0000000002411c22 to 0x0000000002411d1a
Event: 2.626 Thread 0x0000000001f9e000 Implicit null exception at 0x000000000244e52f to 0x0000000002450335

Events (10 events):
Event: 5.057 loading class java/security/MessageDigest$Delegate
Event: 5.057 loading class java/security/MessageDigest$Delegate done
Event: 5.057 loading class sun/security/provider/ByteArrayAccess
Event: 5.057 loading class sun/security/provider/ByteArrayAccess done
Event: 5.072 Thread 0x0000000001f9e000 DEOPT PACKING pc=0x000000000264ff31 sp=0x0000000001f5f120
Event: 5.072 Thread 0x0000000001f9e000 DEOPT UNPACKING pc=0x000000000214787f sp=0x0000000001f5ee38 mode 0
Event: 5.072 loading class java/util/zip/Adler32
Event: 5.072 loading class java/util/zip/Adler32 done
Event: 5.073 loading class com/android/dex/Dex
Event: 5.073 loading class com/android/dex/Dex done


Dynamic libraries:
0x00007ff60a4e0000 - 0x00007ff60a517000 	C:\Program Files\Java\jdk1.8.0_102\bin\java.exe
0x00007ffde1c50000 - 0x00007ffde1dfd000 	C:\Windows\SYSTEM32\ntdll.dll
0x00007ffddf310000 - 0x00007ffddf44e000 	C:\Windows\system32\KERNEL32.DLL
0x00007ffddeef0000 - 0x00007ffddf005000 	C:\Windows\system32\KERNELBASE.dll
0x00007ffddd930000 - 0x00007ffddd9be000 	C:\Windows\system32\apphelp.dll
0x00007ffdc1e50000 - 0x00007ffdc1ea3000 	C:\Windows\AppPatch\AppPatch64\AcGenral.DLL
0x00007ffde0ea0000 - 0x00007ffde0f4a000 	C:\Windows\system32\msvcrt.dll
0x00007ffddf0c0000 - 0x00007ffddf0ee000 	C:\Windows\system32\SspiCli.dll
0x00007ffde1bf0000 - 0x00007ffde1c44000 	C:\Windows\system32\SHLWAPI.dll
0x00007ffde11f0000 - 0x00007ffde1367000 	C:\Windows\system32\USER32.dll
0x00007ffde1a50000 - 0x00007ffde1be4000 	C:\Windows\system32\ole32.dll
0x00007ffddf770000 - 0x00007ffde0c99000 	C:\Windows\system32\SHELL32.dll
0x00007ffdde390000 - 0x00007ffdde3b1000 	C:\Windows\SYSTEM32\USERENV.dll
0x00007ffde0cb0000 - 0x00007ffde0d5a000 	C:\Windows\system32\ADVAPI32.dll
0x00007ffdd0870000 - 0x00007ffdd088e000 	C:\Windows\SYSTEM32\MPR.dll
0x00007ffde1910000 - 0x00007ffde1a50000 	C:\Windows\system32\RPCRT4.dll
0x00007ffde1190000 - 0x00007ffde11e9000 	C:\Windows\SYSTEM32\sechost.dll
0x00007ffde1380000 - 0x00007ffde1592000 	C:\Windows\SYSTEM32\combase.dll
0x00007ffddf5b0000 - 0x00007ffddf6fb000 	C:\Windows\system32\GDI32.dll
0x00007ffdded70000 - 0x00007ffdded85000 	C:\Windows\SYSTEM32\profapi.dll
0x00007ffddd340000 - 0x00007ffddd3f2000 	C:\Windows\SYSTEM32\SHCORE.dll
0x00007ffddf2d0000 - 0x00007ffddf306000 	C:\Windows\system32\IMM32.DLL
0x00007ffddf450000 - 0x00007ffddf5a2000 	C:\Windows\system32\MSCTF.dll
0x00007ffddcca0000 - 0x00007ffddcf1b000 	C:\Windows\WinSxS\amd64_microsoft.windows.common-controls_6595b64144ccf1df_6.0.9600.18006_none_623f33d3ecbe86e8\COMCTL32.dll
0x00000000691d0000 - 0x00000000692a1000 	C:\Program Files\Java\jdk1.8.0_102\jre\bin\msvcr100.dll
0x0000000068930000 - 0x00000000691ca000 	C:\Program Files\Java\jdk1.8.0_102\jre\bin\server\jvm.dll
0x00007ffdd50e0000 - 0x00007ffdd50e9000 	C:\Windows\SYSTEM32\WSOCK32.dll
0x00007ffdda5c0000 - 0x00007ffdda5e2000 	C:\Windows\SYSTEM32\WINMM.dll
0x00007ffdda5f0000 - 0x00007ffdda5fa000 	C:\Windows\SYSTEM32\VERSION.dll
0x00007ffde0ca0000 - 0x00007ffde0ca7000 	C:\Windows\system32\PSAPI.DLL
0x00007ffde0d60000 - 0x00007ffde0dba000 	C:\Windows\system32\WS2_32.dll
0x00007ffdda580000 - 0x00007ffdda5aa000 	C:\Windows\SYSTEM32\WINMMBASE.dll
0x00007ffddf700000 - 0x00007ffddf709000 	C:\Windows\system32\NSI.dll
0x00007ffddf070000 - 0x00007ffddf0bf000 	C:\Windows\SYSTEM32\cfgmgr32.dll
0x00007ffdddba0000 - 0x00007ffdddbc8000 	C:\Windows\SYSTEM32\DEVOBJ.dll
0x0000000068920000 - 0x000000006892f000 	C:\Program Files\Java\jdk1.8.0_102\jre\bin\verify.dll
0x00000000688f0000 - 0x0000000068919000 	C:\Program Files\Java\jdk1.8.0_102\jre\bin\java.dll
0x00000000688d0000 - 0x00000000688e6000 	C:\Program Files\Java\jdk1.8.0_102\jre\bin\zip.dll

VM Arguments:
jvm_args: -Djava.awt.headless=true -Xmx1024M -Dfile.encoding=windows-1252 -Duser.country=IN -Duser.language=en -Duser.variant 
java_command: com.android.dx.command.Main --dex --num-threads=4 --output C:\Users\Padhavi\Downloads\android files\ngoconnect\app\build\intermediates\pre-dexed\debug\tubesock-0.0.11_efcbde6939c4ea6888360449957a35a05fa69857.jar C:\Users\Padhavi\.gradle\caches\modules-2\files-2.1\com.firebase\tubesock\0.0.11\d37cb67277928cf59344b4196af8d9cee1f1a27c\tubesock-0.0.11.jar
java_class_path (initial): C:\Users\Padhavi\AppData\Local\Android\sdk\build-tools\24.0.3\lib\dx.jar
Launcher Type: SUN_STANDARD

Environment Variables:
JAVA_HOME=C:\Program Files\Java\jdk1.8.0_121
PATH=C:\oraclexe\app\oracle\product\11.2.0\server\bin;C:\ProgramData\Oracle\Java\javapath;C:\Program Files\Broadcom\Broadcom 802.11;C:\Program Files (x86)\NVIDIA Corporation\PhysX\Common;C:\Program Files (x86)\Intel\iCLS Client\;C:\Program Files\Intel\iCLS Client\;C:\Windows\system32;C:\Windows;C:\Windows\System32\Wbem;C:\Windows\System32\WindowsPowerShell\v1.0\;C:\Program Files\Hewlett-Packard\SimplePass\;C:\Program Files\Intel\Intel(R) Management Engine Components\DAL;C:\Program Files\Intel\Intel(R) Management Engine Components\IPT;C:\Program Files (x86)\Intel\Intel(R) Management Engine Components\DAL;C:\Program Files (x86)\Intel\Intel(R) Management Engine Components\IPT;C:\Program Files (x86)\Windows Live\Shared;C:\Program Files (x86)\Common Files\lenovo\easyplussdk\bin;C:\Program Files\MATLAB\R2016a\bin;C:\Program Files\nodejs\;C:\Program Files\Git\cmd;C:\Users\Padhavi\AppData\Roaming\npm;C:\Program Files\PuTTY\;C:\oraclexe\app\oracle\product\11.2.0\server\bin;;C:\ProgramData\Oracle\Java\javapath;C:\Program Files\Broadcom\Broadcom 802.11;C:\Program Files (x86)\NVIDIA Corporation\PhysX\Common;C:\Program Files (x86)\Intel\iCLS Client\;C:\Program Files\Intel\iCLS Client\;C:\Windows\system32;C:\Windows;C:\Windows\System32\Wbem;C:\Windows\System32\WindowsPowerShell\v1.0\;C:\Program Files\Hewlett-Packard\SimplePass\;C:\Program Files\Intel\Intel(R) Management Engine Components\DAL;C:\Program Files\Intel\Intel(R) Management Engine Components\IPT;C:\Program Files (x86)\Intel\Intel(R) Management Engine Components\DAL;C:\Program Files (x86)\Intel\Intel(R) Management Engine Components\IPT;C:\Program Files (x86)\Windows Live\Shared;C:\Program Files (x86)\Common Files\lenovo\easyplussdk\bin;C:\Program Files\MATLAB\R2016a\bin;C:\Program Files\nodejs\;C:\Program Files (x86)\Skype\Phone\;c:\Python27\;C:\Python34\Scripts
USERNAME=Padhavi
OS=Windows_NT
PROCESSOR_IDENTIFIER=Intel64 Family 6 Model 69 Stepping 1, GenuineIntel



---------------  S Y S T E M  ---------------

OS: Windows 8.1 , 64 bit Build 9600 (6.3.9600.17415)

CPU:total 4 (2 cores per cpu, 2 threads per core) family 6 model 69 stepping 1, cmov, cx8, fxsr, mmx, sse, sse2, sse3, ssse3, sse4.1, sse4.2, popcnt, avx, avx2, aes, clmul, erms, lzcnt, ht, tsc, tscinvbit, bmi1, bmi2

Memory: 4k page, physical 8317080k(979272k free), swap 11462808k(5216k free)

vm_info: Java HotSpot(TM) 64-Bit Server VM (25.102-b14) for windows-amd64 JRE (1.8.0_102-b14), built on Jun 22 2016 13:15:21 by "java_re" with MS VC++ 10.0 (VS2010)

time: Sun Jul 09 04:18:12 2017
elapsed time: 5 seconds (0d 0h 0m 5s)

