#
# There is insufficient memory for the Java Runtime Environment to continue.
# Native memory allocation (malloc) failed to allocate 32744 bytes for ChunkPool::allocate
# Possible reasons:
#   The system is out of physical RAM or swap space
#   In 32 bit mode, the process size limit was hit
# Possible solutions:
#   Reduce memory load on the system
#   Increase physical memory or swap space
#   Check if swap backing store is full
#   Use 64 bit Java on a 64 bit OS
#   Decrease Java heap size (-Xmx/-Xms)
#   Decrease number of Java threads
#   Decrease Java thread stack sizes (-Xss)
#   Set larger code cache with -XX:ReservedCodeCacheSize=
# This output file may be truncated or incomplete.
#
#  Out of Memory Error (allocation.cpp:273), pid=5992, tid=0x0000000000001980
#
# JRE version: Java(TM) SE Runtime Environment (8.0_102-b14) (build 1.8.0_102-b14)
# Java VM: Java HotSpot(TM) 64-Bit Server VM (25.102-b14 mixed mode windows-amd64 compressed oops)
# Failed to write core dump. Minidumps are not enabled by default on client versions of Windows
#

---------------  T H R E A D  ---------------

Current thread (0x00000000154fe800):  JavaThread "C2 CompilerThread0" daemon [_thread_in_native, id=6528, stack(0x0000000016b30000,0x0000000016c30000)]

Stack: [0x0000000016b30000,0x0000000016c30000]
[error occurred during error reporting (printing stack bounds), id 0xc0000005]

Native frames: (J=compiled Java code, j=interpreted, Vv=VM code, C=native code)


Current CompileTask:
C2:   8088 1171   !   4       com.android.dx.cf.code.BytecodeArray::parseInstruction (2764 bytes)


---------------  P R O C E S S  ---------------

Java Threads: ( => current thread )
  0x0000000016fe5000 JavaThread "pool-1-thread-4" [_thread_blocked, id=14476, stack(0x0000000017830000,0x0000000017930000)]
  0x0000000016f88000 JavaThread "pool-1-thread-3" [_thread_in_Java, id=13764, stack(0x0000000017730000,0x0000000017830000)]
  0x0000000016f86800 JavaThread "pool-1-thread-2" [_thread_blocked, id=4512, stack(0x0000000017630000,0x0000000017730000)]
  0x0000000016f84000 JavaThread "pool-2-thread-1" [_thread_blocked, id=7656, stack(0x0000000017530000,0x0000000017630000)]
  0x0000000016f81000 JavaThread "pool-1-thread-1" [_thread_blocked, id=10332, stack(0x0000000017430000,0x0000000017530000)]
  0x0000000016d33800 JavaThread "Service Thread" daemon [_thread_blocked, id=13116, stack(0x0000000017230000,0x0000000017330000)]
  0x0000000016d32000 JavaThread "C1 CompilerThread2" daemon [_thread_blocked, id=8168, stack(0x0000000017130000,0x0000000017230000)]
  0x0000000015503000 JavaThread "C2 CompilerThread1" daemon [_thread_in_native, id=4780, stack(0x0000000016c30000,0x0000000016d30000)]
=>0x00000000154fe800 JavaThread "C2 CompilerThread0" daemon [_thread_in_native, id=6528, stack(0x0000000016b30000,0x0000000016c30000)]
  0x00000000154fc000 JavaThread "Attach Listener" daemon [_thread_blocked, id=8792, stack(0x0000000016a30000,0x0000000016b30000)]
  0x00000000154fb000 JavaThread "Signal Dispatcher" daemon [_thread_blocked, id=8468, stack(0x0000000016930000,0x0000000016a30000)]
  0x00000000154ea800 JavaThread "Finalizer" daemon [_thread_blocked, id=10932, stack(0x0000000016750000,0x0000000016850000)]
  0x0000000001910000 JavaThread "Reference Handler" daemon [_thread_blocked, id=10516, stack(0x0000000016650000,0x0000000016750000)]
  0x00000000019de000 JavaThread "main" [_thread_blocked, id=11364, stack(0x0000000001670000,0x0000000001770000)]

Other Threads:
  0x00000000154c7000 VMThread [stack: 0x0000000016550000,0x0000000016650000] [id=10884]
  0x0000000016d3c800 WatcherThread [stack: 0x0000000017330000,0x0000000017430000] [id=13108]

VM state:not at safepoint (normal execution)

VM Mutex/Monitor currently owned by a thread: None

Heap:
 PSYoungGen      total 38400K, used 29309K [0x00000000eab00000, 0x00000000ed580000, 0x0000000100000000)
  eden space 33280K, 88% used [0x00000000eab00000,0x00000000ec79f5b8,0x00000000ecb80000)
  from space 5120K, 0% used [0x00000000ed080000,0x00000000ed080000,0x00000000ed580000)
  to   space 5120K, 0% used [0x00000000ecb80000,0x00000000ecb80000,0x00000000ed080000)
 ParOldGen       total 87552K, used 0K [0x00000000c0000000, 0x00000000c5580000, 0x00000000eab00000)
  object space 87552K, 0% used [0x00000000c0000000,0x00000000c0000000,0x00000000c5580000)
 Metaspace       used 5923K, capacity 6960K, committed 7040K, reserved 1056768K
  class space    used 590K, capacity 616K, committed 640K, reserved 1048576K

Card table byte_map: [0x0000000001da0000,0x0000000001fb0000] byte_map_base: 0x00000000017a0000

Marking Bits: (ParMarkBitMap*) 0x000000006914a6c0
 Begin Bits: [0x0000000012960000, 0x0000000013960000)
 End Bits:   [0x0000000013960000, 0x0000000014960000)

Polling page: 0x00000000011b0000

CodeCache: size=245760Kb used=4935Kb max_used=4935Kb free=240824Kb
 bounds [0x0000000003400000, 0x00000000038e0000, 0x0000000012400000]
 total_blobs=1496 nmethods=1230 adapters=179
 compilation: enabled

Compilation events (10 events):
Event: 8.011 Thread 0x0000000016d32000 1235       3       com.android.dx.cf.code.Ropper::addExceptionSetupBlocks (203 bytes)
Event: 8.014 Thread 0x0000000016d32000 nmethod 1235 0x00000000038ce010 code [0x00000000038ce400, 0x00000000038d07e8]
Event: 8.016 Thread 0x0000000016d32000 1236  s    3       com.android.dx.dex.file.TypeIdsSection::intern (60 bytes)
Event: 8.017 Thread 0x0000000016d32000 nmethod 1236 0x00000000038d23d0 code [0x00000000038d2600, 0x00000000038d32c8]
Event: 8.018 Thread 0x0000000016d32000 1237       3       com.android.dx.rop.cst.CstBaseMethodRef::getType (8 bytes)
Event: 8.018 Thread 0x0000000016d32000 nmethod 1237 0x00000000038d3950 code [0x00000000038d3aa0, 0x00000000038d3c90]
Event: 8.019 Thread 0x0000000016d32000 1238       1       java.util.HashMap$Node::getValue (5 bytes)
Event: 8.019 Thread 0x0000000016d32000 nmethod 1238 0x00000000038d3d50 code [0x00000000038d3ea0, 0x00000000038d3fb0]
Event: 8.019 Thread 0x0000000016d32000 1239       3       com.android.dx.rop.type.Prototype::compareTo (120 bytes)
Event: 8.020 Thread 0x0000000016d32000 nmethod 1239 0x00000000038d4010 code [0x00000000038d4220, 0x00000000038d50b8]

GC Heap History (0 events):
No events

Deoptimization events (10 events):
Event: 7.555 Thread 0x0000000016f88000 Uncommon trap: reason=unstable_if action=reinterpret pc=0x0000000003767a60 method=com.android.dx.rop.code.RegisterSpecSet.put(Lcom/android/dx/rop/code/RegisterSpec;)V @ 77
Event: 7.578 Thread 0x0000000016fe5000 Uncommon trap: reason=unstable_if action=reinterpret pc=0x000000000375d89c method=com.android.dx.rop.cst.Constant.compareTo(Lcom/android/dx/rop/cst/Constant;)I @ 12
Event: 7.579 Thread 0x0000000016fe5000 Uncommon trap: reason=bimorphic action=maybe_recompile pc=0x000000000379b034 method=java.util.HashMap.getNode(ILjava/lang/Object;)Ljava/util/HashMap$Node; @ 126
Event: 7.579 Thread 0x0000000016fe5000 Uncommon trap: reason=bimorphic action=maybe_recompile pc=0x000000000379b034 method=java.util.HashMap.getNode(ILjava/lang/Object;)Ljava/util/HashMap$Node; @ 126
Event: 7.605 Thread 0x0000000016f81000 Uncommon trap: reason=unstable_if action=reinterpret pc=0x0000000003814200 method=com.android.dx.ssa.SsaRenamer$BlockRenamer.addMapping(ILcom/android/dx/rop/code/RegisterSpec;)V @ 120
Event: 7.613 Thread 0x0000000016f81000 Uncommon trap: reason=bimorphic action=maybe_recompile pc=0x0000000003803eec method=java.util.HashMap.putVal(ILjava/lang/Object;Ljava/lang/Object;ZZ)Ljava/lang/Object; @ 91
Event: 7.613 Thread 0x0000000016f81000 Uncommon trap: reason=bimorphic action=maybe_recompile pc=0x0000000003803eec method=java.util.HashMap.putVal(ILjava/lang/Object;Ljava/lang/Object;ZZ)Ljava/lang/Object; @ 91
Event: 7.613 Thread 0x0000000016f81000 Uncommon trap: reason=bimorphic action=maybe_recompile pc=0x0000000003803eec method=java.util.HashMap.putVal(ILjava/lang/Object;Ljava/lang/Object;ZZ)Ljava/lang/Object; @ 91
Event: 7.613 Thread 0x0000000016f81000 Uncommon trap: reason=bimorphic action=maybe_recompile pc=0x0000000003803eec method=java.util.HashMap.putVal(ILjava/lang/Object;Ljava/lang/Object;ZZ)Ljava/lang/Object; @ 91
Event: 7.613 Thread 0x0000000016f81000 Uncommon trap: reason=bimorphic action=maybe_recompile pc=0x0000000003808cb0 method=java.util.HashMap.putVal(ILjava/lang/Object;Ljava/lang/Object;ZZ)Ljava/lang/Object; @ 91

Internal exceptions (3 events):
Event: 0.589 Thread 0x00000000019de000 Exception <a 'java/lang/NoSuchMethodError': Method sun.misc.Unsafe.defineClass(Ljava/lang/String;[BII)Ljava/lang/Class; name or signature does not match> (0x00000000eab07c78) thrown at [C:\re\workspace\8-2-build-windows-amd64-cygwin\jdk8u102\7268\hotspot\skÇKW>Ûâ?
Event: 0.589 Thread 0x00000000019de000 Exception <a 'java/lang/NoSuchMethodError': Method sun.misc.Unsafe.prefetchRead(Ljava/lang/Object;J)V name or signature does not match> (0x00000000eab07f60) thrown at [C:\re\workspace\8-2-build-windows-amd64-cygwin\jdk8u102\7268\hotspot\src\share\vm\prims\ïÏÝ‡¾@
Event: 6.936 Thread 0x00000000019de000 Implicit null exception at 0x00000000036eaea2 to 0x00000000036eafa9

Events (10 events):
Event: 7.613 Thread 0x0000000016f81000 DEOPT PACKING pc=0x0000000003803eec sp=0x000000001752e5e0
Event: 7.613 Thread 0x0000000016f81000 DEOPT UNPACKING pc=0x000000000344582a sp=0x000000001752e508 mode 2
Event: 7.613 Thread 0x0000000016f81000 Uncommon trap: trap_request=0xffffffc6 fr.pc=0x0000000003803eec
Event: 7.613 Thread 0x0000000016f81000 DEOPT PACKING pc=0x0000000003803eec sp=0x000000001752e5e0
Event: 7.613 Thread 0x0000000016f81000 DEOPT UNPACKING pc=0x000000000344582a sp=0x000000001752e508 mode 2
Event: 7.613 Thread 0x0000000016f81000 Uncommon trap: trap_request=0xffffffc6 fr.pc=0x0000000003808cb0
Event: 7.613 Thread 0x0000000016f81000 DEOPT PACKING pc=0x0000000003808cb0 sp=0x000000001752e550
Event: 7.613 Thread 0x0000000016f81000 DEOPT UNPACKING pc=0x000000000344582a sp=0x000000001752e508 mode 2
Event: 7.835 Executing VM operation: ForceSafepoint
Event: 7.836 Executing VM operation: ForceSafepoint done


Dynamic libraries:
0x00007ff60a4e0000 - 0x00007ff60a517000 	C:\Program Files\Java\jdk1.8.0_102\bin\java.exe
0x00007ffde1c50000 - 0x00007ffde1dfd000 	C:\Windows\SYSTEM32\ntdll.dll
0x00007ffddf310000 - 0x00007ffddf44e000 	C:\Windows\system32\KERNEL32.DLL
0x00007ffddeef0000 - 0x00007ffddf005000 	C:\Windows\system32\KERNELBASE.dll
0x00007ffddd930000 - 0x00007ffddd9be000 	C:\Windows\system32\apphelp.dll
0x00007ffdc1e50000 - 0x00007ffdc1ea3000 	C:\Windows\AppPatch\AppPatch64\AcGenral.DLL
0x00007ffde0ea0000 - 0x00007ffde0f4a000 	C:\Windows\system32\msvcrt.dll
0x00007ffddf0c0000 - 0x00007ffddf0ee000 	C:\Windows\system32\SspiCli.dll
0x00007ffde1bf0000 - 0x00007ffde1c44000 	C:\Windows\system32\SHLWAPI.dll
0x00007ffde11f0000 - 0x00007ffde1367000 	C:\Windows\system32\USER32.dll
0x00007ffde1a50000 - 0x00007ffde1be4000 	C:\Windows\system32\ole32.dll
0x00007ffddf770000 - 0x00007ffde0c99000 	C:\Windows\system32\SHELL32.dll
0x00007ffdde390000 - 0x00007ffdde3b1000 	C:\Windows\SYSTEM32\USERENV.dll
0x00007ffde0cb0000 - 0x00007ffde0d5a000 	C:\Windows\system32\ADVAPI32.dll
0x00007ffdd0870000 - 0x00007ffdd088e000 	C:\Windows\SYSTEM32\MPR.dll
0x00007ffde1910000 - 0x00007ffde1a50000 	C:\Windows\system32\RPCRT4.dll
0x00007ffde1190000 - 0x00007ffde11e9000 	C:\Windows\SYSTEM32\sechost.dll
0x00007ffde1380000 - 0x00007ffde1592000 	C:\Windows\SYSTEM32\combase.dll
0x00007ffddf5b0000 - 0x00007ffddf6fb000 	C:\Windows\system32\GDI32.dll
0x00007ffdded70000 - 0x00007ffdded85000 	C:\Windows\SYSTEM32\profapi.dll
0x00007ffddd340000 - 0x00007ffddd3f2000 	C:\Windows\SYSTEM32\SHCORE.dll
0x00007ffddf2d0000 - 0x00007ffddf306000 	C:\Windows\system32\IMM32.DLL
0x00007ffddf450000 - 0x00007ffddf5a2000 	C:\Windows\system32\MSCTF.dll
0x00007ffddcca0000 - 0x00007ffddcf1b000 	C:\Windows\WinSxS\amd64_microsoft.windows.common-controls_6595b64144ccf1df_6.0.9600.18006_none_623f33d3ecbe86e8\COMCTL32.dll
0x00000000691d0000 - 0x00000000692a1000 	C:\Program Files\Java\jdk1.8.0_102\jre\bin\msvcr100.dll
0x0000000068930000 - 0x00000000691ca000 	C:\Program Files\Java\jdk1.8.0_102\jre\bin\server\jvm.dll
0x00007ffdd50e0000 - 0x00007ffdd50e9000 	C:\Windows\SYSTEM32\WSOCK32.dll
0x00007ffdda5c0000 - 0x00007ffdda5e2000 	C:\Windows\SYSTEM32\WINMM.dll
0x00007ffdda5f0000 - 0x00007ffdda5fa000 	C:\Windows\SYSTEM32\VERSION.dll
0x00007ffde0ca0000 - 0x00007ffde0ca7000 	C:\Windows\system32\PSAPI.DLL
0x00007ffde0d60000 - 0x00007ffde0dba000 	C:\Windows\system32\WS2_32.dll
0x00007ffdda580000 - 0x00007ffdda5aa000 	C:\Windows\SYSTEM32\WINMMBASE.dll
0x00007ffddf700000 - 0x00007ffddf709000 	C:\Windows\system32\NSI.dll
0x00007ffddf070000 - 0x00007ffddf0bf000 	C:\Windows\SYSTEM32\cfgmgr32.dll
0x00007ffdddba0000 - 0x00007ffdddbc8000 	C:\Windows\SYSTEM32\DEVOBJ.dll
0x0000000068920000 - 0x000000006892f000 	C:\Program Files\Java\jdk1.8.0_102\jre\bin\verify.dll
0x00000000688f0000 - 0x0000000068919000 	C:\Program Files\Java\jdk1.8.0_102\jre\bin\java.dll
0x00000000688d0000 - 0x00000000688e6000 	C:\Program Files\Java\jdk1.8.0_102\jre\bin\zip.dll

VM Arguments:
jvm_args: -Djava.awt.headless=true -Xmx1024M -Dfile.encoding=windows-1252 -Duser.country=IN -Duser.language=en -Duser.variant 
java_command: com.android.dx.command.Main --dex --num-threads=4 --output C:\Users\Padhavi\Downloads\android files\ngoconnect\app\build\intermediates\pre-dexed\debug\com.android.support-transition-25.0.1_681fba2abb3604622c0ffd1bdc461e0b79f01be5.jar C:\Users\Padhavi\Downloads\android files\ngoconnect\app\build\intermediates\exploded-aar\com.android.support\transition\25.0.1\jars\classes.jar
java_class_path (initial): C:\Users\Padhavi\AppData\Local\Android\sdk\build-tools\24.0.3\lib\dx.jar
Launcher Type: SUN_STANDARD

Environment Variables:
JAVA_HOME=C:\Program Files\Java\jdk1.8.0_121
PATH=C:\oraclexe\app\oracle\product\11.2.0\server\bin;C:\ProgramData\Oracle\Java\javapath;C:\Program Files\Broadcom\Broadcom 802.11;C:\Program Files (x86)\NVIDIA Corporation\PhysX\Common;C:\Program Files (x86)\Intel\iCLS Client\;C:\Program Files\Intel\iCLS Client\;C:\Windows\system32;C:\Windows;C:\Windows\System32\Wbem;C:\Windows\System32\WindowsPowerShell\v1.0\;C:\Program Files\Hewlett-Packard\SimplePass\;C:\Program Files\Intel\Intel(R) Management Engine Components\DAL;C:\Program Files\Intel\Intel(R) Management Engine Components\IPT;C:\Program Files (x86)\Intel\Intel(R) Management Engine Components\DAL;C:\Program Files (x86)\Intel\Intel(R) Management Engine Components\IPT;C:\Program Files (x86)\Windows Live\Shared;C:\Program Files (x86)\Common Files\lenovo\easyplussdk\bin;C:\Program Files\MATLAB\R2016a\bin;C:\Program Files\nodejs\;C:\Program Files\Git\cmd;C:\Users\Padhavi\AppData\Roaming\npm;C:\Program Files\PuTTY\;C:\oraclexe\app\oracle\product\11.2.0\server\bin;;C:\ProgramData\Oracle\Java\javapath;C:\Program Files\Broadcom\Broadcom 802.11;C:\Program Files (x86)\NVIDIA Corporation\PhysX\Common;C:\Program Files (x86)\Intel\iCLS Client\;C:\Program Files\Intel\iCLS Client\;C:\Windows\system32;C:\Windows;C:\Windows\System32\Wbem;C:\Windows\System32\WindowsPowerShell\v1.0\;C:\Program Files\Hewlett-Packard\SimplePass\;C:\Program Files\Intel\Intel(R) Management Engine Components\DAL;C:\Program Files\Intel\Intel(R) Management Engine Components\IPT;C:\Program Files (x86)\Intel\Intel(R) Management Engine Components\DAL;C:\Program Files (x86)\Intel\Intel(R) Management Engine Components\IPT;C:\Program Files (x86)\Windows Live\Shared;C:\Program Files (x86)\Common Files\lenovo\easyplussdk\bin;C:\Program Files\MATLAB\R2016a\bin;C:\Program Files\nodejs\;C:\Program Files (x86)\Skype\Phone\;c:\Python27\;C:\Python34\Scripts
USERNAME=Padhavi
OS=Windows_NT
PROCESSOR_IDENTIFIER=Intel64 Family 6 Model 69 Stepping 1, GenuineIntel



---------------  S Y S T E M  ---------------

OS: Windows 8.1 , 64 bit Build 9600 (6.3.9600.17415)

CPU:total 4 (2 cores per cpu, 2 threads per core) family 6 model 69 stepping 1, cmov, cx8, fxsr, mmx, sse, sse2, sse3, ssse3, sse4.1, sse4.2, popcnt, avx, avx2, aes, clmul, erms, lzcnt, ht, tsc, tscinvbit, bmi1, bmi2

Memory: 4k page, physical 8317080k(1253584k free), swap 11462808k(5108k free)

vm_info: Java HotSpot(TM) 64-Bit Server VM (25.102-b14) for windows-amd64 JRE (1.8.0_102-b14), built on Jun 22 2016 13:15:21 by "java_re" with MS VC++ 10.0 (VS2010)

time: Sun Jul 09 04:23:15 2017
elapsed time: 8 seconds (0d 0h 0m 8s)

