#
# There is insufficient memory for the Java Runtime Environment to continue.
# Native memory allocation (malloc) failed to allocate 281296 bytes for Chunk::new
# Possible reasons:
#   The system is out of physical RAM or swap space
#   In 32 bit mode, the process size limit was hit
# Possible solutions:
#   Reduce memory load on the system
#   Increase physical memory or swap space
#   Check if swap backing store is full
#   Use 64 bit Java on a 64 bit OS
#   Decrease Java heap size (-Xmx/-Xms)
#   Decrease number of Java threads
#   Decrease Java thread stack sizes (-Xss)
#   Set larger code cache with -XX:ReservedCodeCacheSize=
# This output file may be truncated or incomplete.
#
#  Out of Memory Error (allocation.cpp:390), pid=10908, tid=0x000000000000258c
#
# JRE version: Java(TM) SE Runtime Environment (8.0_102-b14) (build 1.8.0_102-b14)
# Java VM: Java HotSpot(TM) 64-Bit Server VM (25.102-b14 mixed mode windows-amd64 compressed oops)
# Failed to write core dump. Minidumps are not enabled by default on client versions of Windows
#

---------------  T H R E A D  ---------------

Current thread (0x0000000015459000):  JavaThread "C2 CompilerThread1" daemon [_thread_in_native, id=9612, stack(0x0000000016b40000,0x0000000016c40000)]

Stack: [0x0000000016b40000,0x0000000016c40000]
[error occurred during error reporting (printing stack bounds), id 0xc0000005]

Native frames: (J=compiled Java code, j=interpreted, Vv=VM code, C=native code)


Current CompileTask:
C2:   5743 1332       4       com.android.dx.ssa.SsaMethod::deleteInsns (239 bytes)


---------------  P R O C E S S  ---------------

Java Threads: ( => current thread )
  0x0000000016f1f800 JavaThread "pool-1-thread-4" [_thread_blocked, id=13520, stack(0x0000000017740000,0x0000000017840000)]
  0x0000000016ea8000 JavaThread "pool-1-thread-3" [_thread_in_Java, id=14364, stack(0x0000000017640000,0x0000000017740000)]
  0x0000000016ee5800 JavaThread "pool-1-thread-2" [_thread_blocked, id=10552, stack(0x0000000017540000,0x0000000017640000)]
  0x0000000016ecb000 JavaThread "pool-2-thread-1" [_thread_blocked, id=13228, stack(0x0000000017440000,0x0000000017540000)]
  0x0000000016ec8800 JavaThread "pool-1-thread-1" [_thread_in_Java, id=3392, stack(0x0000000017340000,0x0000000017440000)]
  0x0000000016c46000 JavaThread "Service Thread" daemon [_thread_blocked, id=5660, stack(0x0000000017140000,0x0000000017240000)]
  0x0000000016c41000 JavaThread "C1 CompilerThread2" daemon [_thread_in_native, id=3240, stack(0x0000000017040000,0x0000000017140000)]
=>0x0000000015459000 JavaThread "C2 CompilerThread1" daemon [_thread_in_native, id=9612, stack(0x0000000016b40000,0x0000000016c40000)]
  0x00000000153fe800 JavaThread "C2 CompilerThread0" daemon [_thread_in_native, id=7312, stack(0x0000000016a40000,0x0000000016b40000)]
  0x00000000153fc000 JavaThread "Attach Listener" daemon [_thread_blocked, id=12384, stack(0x0000000016940000,0x0000000016a40000)]
  0x00000000153fb000 JavaThread "Signal Dispatcher" daemon [_thread_blocked, id=11616, stack(0x0000000016840000,0x0000000016940000)]
  0x00000000153ea800 JavaThread "Finalizer" daemon [_thread_blocked, id=9340, stack(0x0000000016660000,0x0000000016760000)]
  0x0000000001870000 JavaThread "Reference Handler" daemon [_thread_blocked, id=11812, stack(0x0000000016560000,0x0000000016660000)]
  0x00000000018fe000 JavaThread "main" [_thread_blocked, id=5544, stack(0x0000000001600000,0x0000000001700000)]

Other Threads:
  0x00000000153c7000 VMThread [stack: 0x0000000016460000,0x0000000016560000] [id=4216]
  0x0000000016c4a800 WatcherThread [stack: 0x0000000017240000,0x0000000017340000] [id=7324]

VM state:not at safepoint (normal execution)

VM Mutex/Monitor currently owned by a thread: None

Heap:
 PSYoungGen      total 38400K, used 13368K [0x00000000eab00000, 0x00000000ef600000, 0x0000000100000000)
  eden space 33280K, 24% used [0x00000000eab00000,0x00000000eb316300,0x00000000ecb80000)
  from space 5120K, 99% used [0x00000000ecb80000,0x00000000ed078068,0x00000000ed080000)
  to   space 5120K, 0% used [0x00000000ef100000,0x00000000ef100000,0x00000000ef600000)
 ParOldGen       total 87552K, used 839K [0x00000000c0000000, 0x00000000c5580000, 0x00000000eab00000)
  object space 87552K, 0% used [0x00000000c0000000,0x00000000c00d1dd0,0x00000000c5580000)
 Metaspace       used 5948K, capacity 6960K, committed 7040K, reserved 1056768K
  class space    used 586K, capacity 616K, committed 640K, reserved 1048576K

Card table byte_map: [0x0000000001cc0000,0x0000000001ed0000] byte_map_base: 0x00000000016c0000

Marking Bits: (ParMarkBitMap*) 0x000000006914a6c0
 Begin Bits: [0x0000000012860000, 0x0000000013860000)
 End Bits:   [0x0000000013860000, 0x0000000014860000)

Polling page: 0x00000000010c0000

CodeCache: size=245760Kb used=5871Kb max_used=5871Kb free=239888Kb
 bounds [0x0000000003400000, 0x00000000039d0000, 0x0000000012400000]
 total_blobs=1619 nmethods=1356 adapters=176
 compilation: enabled

Compilation events (10 events):
Event: 5.715 Thread 0x0000000016c41000 nmethod 1356 0x0000000003997e10 code [0x0000000003997f80, 0x00000000039981c8]
Event: 5.717 Thread 0x0000000016c41000 1358       3       com.android.dx.cf.direct.MethodListParser::set (30 bytes)
Event: 5.718 Thread 0x0000000016c41000 nmethod 1358 0x0000000003998290 code [0x0000000003998480, 0x0000000003998eb8]
Event: 5.718 Thread 0x0000000016c41000 1359       3       com.android.dx.cf.iface.StdMethod::<init> (40 bytes)
Event: 5.719 Thread 0x0000000016c41000 nmethod 1359 0x0000000003999710 code [0x00000000039998e0, 0x000000000399a348]
Event: 5.719 Thread 0x0000000016c41000 1360       3       com.android.dx.rop.type.Prototype::intern (31 bytes)
Event: 5.719 Thread 0x0000000016c41000 nmethod 1360 0x000000000399a7d0 code [0x000000000399a960, 0x000000000399ace8]
Event: 5.721 Thread 0x0000000016c41000 1361       3       com.android.dx.cf.iface.StdMethodList::get (9 bytes)
Event: 5.721 Thread 0x0000000016c41000 nmethod 1361 0x000000000399ae50 code [0x000000000399afc0, 0x000000000399b2c8]
Event: 5.721 Thread 0x0000000016c41000 1362   !   3       com.android.dx.cf.code.BytecodeArray::parseInstruction (2764 bytes)

GC Heap History (2 events):
Event: 5.306 GC heap before
{Heap before GC invocations=1 (full 0):
 PSYoungGen      total 38400K, used 33280K [0x00000000eab00000, 0x00000000ed580000, 0x0000000100000000)
  eden space 33280K, 100% used [0x00000000eab00000,0x00000000ecb80000,0x00000000ecb80000)
  from space 5120K, 0% used [0x00000000ed080000,0x00000000ed080000,0x00000000ed580000)
  to   space 5120K, 0% used [0x00000000ecb80000,0x00000000ecb80000,0x00000000ed080000)
 ParOldGen       total 87552K, used 0K [0x00000000c0000000, 0x00000000c5580000, 0x00000000eab00000)
  object space 87552K, 0% used [0x00000000c0000000,0x00000000c0000000,0x00000000c5580000)
 Metaspace       used 5914K, capacity 6960K, committed 7040K, reserved 1056768K
  class space    used 586K, capacity 616K, committed 640K, reserved 1048576K
Event: 5.613 GC heap after
Heap after GC invocations=1 (full 0):
 PSYoungGen      total 38400K, used 5088K [0x00000000eab00000, 0x00000000ef600000, 0x0000000100000000)
  eden space 33280K, 0% used [0x00000000eab00000,0x00000000eab00000,0x00000000ecb80000)
  from space 5120K, 99% used [0x00000000ecb80000,0x00000000ed078068,0x00000000ed080000)
  to   space 5120K, 0% used [0x00000000ef100000,0x00000000ef100000,0x00000000ef600000)
 ParOldGen       total 87552K, used 839K [0x00000000c0000000, 0x00000000c5580000, 0x00000000eab00000)
  object space 87552K, 0% used [0x00000000c0000000,0x00000000c00d1dd0,0x00000000c5580000)
 Metaspace       used 5914K, capacity 6960K, committed 7040K, reserved 1056768K
  class space    used 586K, capacity 616K, committed 640K, reserved 1048576K
}

Deoptimization events (10 events):
Event: 5.731 Thread 0x0000000016ea8000 Uncommon trap: reason=class_check action=maybe_recompile pc=0x00000000038b6f3c method=java.util.HashMap.putVal(ILjava/lang/Object;Ljava/lang/Object;ZZ)Ljava/lang/Object; @ 203
Event: 5.733 Thread 0x0000000016ea8000 Uncommon trap: reason=unstable_if action=reinterpret pc=0x00000000037e816c method=com.android.dx.rop.code.RegisterSpecSet.put(Lcom/android/dx/rop/code/RegisterSpec;)V @ 77
Event: 5.733 Thread 0x0000000016ea8000 Uncommon trap: reason=unstable_if action=reinterpret pc=0x00000000037ffb60 method=com.android.dx.rop.code.RegisterSpecSet.put(Lcom/android/dx/rop/code/RegisterSpec;)V @ 77
Event: 5.734 Thread 0x0000000016ea8000 Uncommon trap: reason=bimorphic action=maybe_recompile pc=0x000000000382e454 method=java.util.HashMap.getNode(ILjava/lang/Object;)Ljava/util/HashMap$Node; @ 126
Event: 5.734 Thread 0x0000000016ea8000 Uncommon trap: reason=class_check action=maybe_recompile pc=0x00000000038b6f3c method=java.util.HashMap.putVal(ILjava/lang/Object;Ljava/lang/Object;ZZ)Ljava/lang/Object; @ 203
Event: 5.734 Thread 0x0000000016ea8000 Uncommon trap: reason=bimorphic action=maybe_recompile pc=0x000000000382e454 method=java.util.HashMap.getNode(ILjava/lang/Object;)Ljava/util/HashMap$Node; @ 126
Event: 5.734 Thread 0x0000000016ea8000 Uncommon trap: reason=class_check action=maybe_recompile pc=0x00000000038b6f3c method=java.util.HashMap.putVal(ILjava/lang/Object;Ljava/lang/Object;ZZ)Ljava/lang/Object; @ 203
Event: 5.734 Thread 0x0000000016ea8000 Uncommon trap: reason=bimorphic action=maybe_recompile pc=0x000000000382e454 method=java.util.HashMap.getNode(ILjava/lang/Object;)Ljava/util/HashMap$Node; @ 126
Event: 5.734 Thread 0x0000000016ea8000 Uncommon trap: reason=class_check action=maybe_recompile pc=0x00000000038b6f3c method=java.util.HashMap.putVal(ILjava/lang/Object;Ljava/lang/Object;ZZ)Ljava/lang/Object; @ 203
Event: 5.734 Thread 0x0000000016ea8000 Uncommon trap: reason=bimorphic action=maybe_recompile pc=0x000000000367b6ec method=java.util.HashMap.getNode(ILjava/lang/Object;)Ljava/util/HashMap$Node; @ 126

Internal exceptions (3 events):
Event: 0.127 Thread 0x00000000018fe000 Exception <a 'java/lang/NoSuchMethodError': Method sun.misc.Unsafe.defineClass(Ljava/lang/String;[BII)Ljava/lang/Class; name or signature does not match> (0x00000000eab07c78) thrown at [C:\re\workspace\8-2-build-windows-amd64-cygwin\jdk8u102\7268\hotspot\s§bð^89À?
Event: 0.127 Thread 0x00000000018fe000 Exception <a 'java/lang/NoSuchMethodError': Method sun.misc.Unsafe.prefetchRead(Ljava/lang/Object;J)V name or signature does not match> (0x00000000eab07f60) thrown at [C:\re\workspace\8-2-build-windows-amd64-cygwin\jdk8u102\7268\hotspot\src\share\vm\prims\PÓ­ÿ¥N@
Event: 3.538 Thread 0x0000000016ec8800 Implicit null exception at 0x000000000378cfe1 to 0x000000000378d9e5

Events (10 events):
Event: 5.734 Thread 0x0000000016ea8000 DEOPT UNPACKING pc=0x000000000344582a sp=0x000000001773e9b8 mode 2
Event: 5.734 Thread 0x0000000016ea8000 Uncommon trap: trap_request=0xffffffc6 fr.pc=0x000000000382e454
Event: 5.734 Thread 0x0000000016ea8000 DEOPT PACKING pc=0x000000000382e454 sp=0x000000001773ea60
Event: 5.734 Thread 0x0000000016ea8000 DEOPT UNPACKING pc=0x000000000344582a sp=0x000000001773e9e0 mode 2
Event: 5.734 Thread 0x0000000016ea8000 Uncommon trap: trap_request=0xffffffde fr.pc=0x00000000038b6f3c
Event: 5.734 Thread 0x0000000016ea8000 DEOPT PACKING pc=0x00000000038b6f3c sp=0x000000001773ea40
Event: 5.734 Thread 0x0000000016ea8000 DEOPT UNPACKING pc=0x000000000344582a sp=0x000000001773e9b8 mode 2
Event: 5.734 Thread 0x0000000016ea8000 Uncommon trap: trap_request=0xffffffc6 fr.pc=0x000000000367b6ec
Event: 5.734 Thread 0x0000000016ea8000 DEOPT PACKING pc=0x000000000367b6ec sp=0x000000001773e770
Event: 5.734 Thread 0x0000000016ea8000 DEOPT UNPACKING pc=0x000000000344582a sp=0x000000001773e688 mode 2


Dynamic libraries:
0x00007ff60a4e0000 - 0x00007ff60a517000 	C:\Program Files\Java\jdk1.8.0_102\bin\java.exe
0x00007ffde1c50000 - 0x00007ffde1dfd000 	C:\Windows\SYSTEM32\ntdll.dll
0x00007ffddf310000 - 0x00007ffddf44e000 	C:\Windows\system32\KERNEL32.DLL
0x00007ffddeef0000 - 0x00007ffddf005000 	C:\Windows\system32\KERNELBASE.dll
0x00007ffddd930000 - 0x00007ffddd9be000 	C:\Windows\system32\apphelp.dll
0x00007ffdc1e50000 - 0x00007ffdc1ea3000 	C:\Windows\AppPatch\AppPatch64\AcGenral.DLL
0x00007ffde0ea0000 - 0x00007ffde0f4a000 	C:\Windows\system32\msvcrt.dll
0x00007ffddf0c0000 - 0x00007ffddf0ee000 	C:\Windows\system32\SspiCli.dll
0x00007ffde1bf0000 - 0x00007ffde1c44000 	C:\Windows\system32\SHLWAPI.dll
0x00007ffde11f0000 - 0x00007ffde1367000 	C:\Windows\system32\USER32.dll
0x00007ffde1a50000 - 0x00007ffde1be4000 	C:\Windows\system32\ole32.dll
0x00007ffddf770000 - 0x00007ffde0c99000 	C:\Windows\system32\SHELL32.dll
0x00007ffdde390000 - 0x00007ffdde3b1000 	C:\Windows\SYSTEM32\USERENV.dll
0x00007ffde0cb0000 - 0x00007ffde0d5a000 	C:\Windows\system32\ADVAPI32.dll
0x00007ffdd0870000 - 0x00007ffdd088e000 	C:\Windows\SYSTEM32\MPR.dll
0x00007ffde1910000 - 0x00007ffde1a50000 	C:\Windows\system32\RPCRT4.dll
0x00007ffde1190000 - 0x00007ffde11e9000 	C:\Windows\SYSTEM32\sechost.dll
0x00007ffde1380000 - 0x00007ffde1592000 	C:\Windows\SYSTEM32\combase.dll
0x00007ffddf5b0000 - 0x00007ffddf6fb000 	C:\Windows\system32\GDI32.dll
0x00007ffdded70000 - 0x00007ffdded85000 	C:\Windows\SYSTEM32\profapi.dll
0x00007ffddd340000 - 0x00007ffddd3f2000 	C:\Windows\SYSTEM32\SHCORE.dll
0x00007ffddf2d0000 - 0x00007ffddf306000 	C:\Windows\system32\IMM32.DLL
0x00007ffddf450000 - 0x00007ffddf5a2000 	C:\Windows\system32\MSCTF.dll
0x00007ffddcca0000 - 0x00007ffddcf1b000 	C:\Windows\WinSxS\amd64_microsoft.windows.common-controls_6595b64144ccf1df_6.0.9600.18006_none_623f33d3ecbe86e8\COMCTL32.dll
0x00000000691d0000 - 0x00000000692a1000 	C:\Program Files\Java\jdk1.8.0_102\jre\bin\msvcr100.dll
0x0000000068930000 - 0x00000000691ca000 	C:\Program Files\Java\jdk1.8.0_102\jre\bin\server\jvm.dll
0x00007ffdd50e0000 - 0x00007ffdd50e9000 	C:\Windows\SYSTEM32\WSOCK32.dll
0x00007ffdda5c0000 - 0x00007ffdda5e2000 	C:\Windows\SYSTEM32\WINMM.dll
0x00007ffdda5f0000 - 0x00007ffdda5fa000 	C:\Windows\SYSTEM32\VERSION.dll
0x00007ffde0ca0000 - 0x00007ffde0ca7000 	C:\Windows\system32\PSAPI.DLL
0x00007ffde0d60000 - 0x00007ffde0dba000 	C:\Windows\system32\WS2_32.dll
0x00007ffdda580000 - 0x00007ffdda5aa000 	C:\Windows\SYSTEM32\WINMMBASE.dll
0x00007ffddf700000 - 0x00007ffddf709000 	C:\Windows\system32\NSI.dll
0x00007ffddf070000 - 0x00007ffddf0bf000 	C:\Windows\SYSTEM32\cfgmgr32.dll
0x00007ffdddba0000 - 0x00007ffdddbc8000 	C:\Windows\SYSTEM32\DEVOBJ.dll
0x0000000068920000 - 0x000000006892f000 	C:\Program Files\Java\jdk1.8.0_102\jre\bin\verify.dll
0x00000000688f0000 - 0x0000000068919000 	C:\Program Files\Java\jdk1.8.0_102\jre\bin\java.dll
0x00000000688d0000 - 0x00000000688e6000 	C:\Program Files\Java\jdk1.8.0_102\jre\bin\zip.dll

VM Arguments:
jvm_args: -Djava.awt.headless=true -Xmx1024M -Dfile.encoding=windows-1252 -Duser.country=IN -Duser.language=en -Duser.variant 
java_command: com.android.dx.command.Main --dex --num-threads=4 --output C:\Users\Padhavi\Downloads\android files\ngoconnect\app\build\intermediates\pre-dexed\debug\com.android.support-recyclerview-v7-25.0.1_aeb52fb7841ab256974f027b6fdb6f5a8aa687e0.jar C:\Users\Padhavi\Downloads\android files\ngoconnect\app\build\intermediates\exploded-aar\com.android.support\recyclerview-v7\25.0.1\jars\classes.jar
java_class_path (initial): C:\Users\Padhavi\AppData\Local\Android\sdk\build-tools\24.0.3\lib\dx.jar
Launcher Type: SUN_STANDARD

Environment Variables:
JAVA_HOME=C:\Program Files\Java\jdk1.8.0_121
PATH=C:\oraclexe\app\oracle\product\11.2.0\server\bin;C:\ProgramData\Oracle\Java\javapath;C:\Program Files\Broadcom\Broadcom 802.11;C:\Program Files (x86)\NVIDIA Corporation\PhysX\Common;C:\Program Files (x86)\Intel\iCLS Client\;C:\Program Files\Intel\iCLS Client\;C:\Windows\system32;C:\Windows;C:\Windows\System32\Wbem;C:\Windows\System32\WindowsPowerShell\v1.0\;C:\Program Files\Hewlett-Packard\SimplePass\;C:\Program Files\Intel\Intel(R) Management Engine Components\DAL;C:\Program Files\Intel\Intel(R) Management Engine Components\IPT;C:\Program Files (x86)\Intel\Intel(R) Management Engine Components\DAL;C:\Program Files (x86)\Intel\Intel(R) Management Engine Components\IPT;C:\Program Files (x86)\Windows Live\Shared;C:\Program Files (x86)\Common Files\lenovo\easyplussdk\bin;C:\Program Files\MATLAB\R2016a\bin;C:\Program Files\nodejs\;C:\Program Files\Git\cmd;C:\Users\Padhavi\AppData\Roaming\npm;C:\Program Files\PuTTY\;C:\oraclexe\app\oracle\product\11.2.0\server\bin;;C:\ProgramData\Oracle\Java\javapath;C:\Program Files\Broadcom\Broadcom 802.11;C:\Program Files (x86)\NVIDIA Corporation\PhysX\Common;C:\Program Files (x86)\Intel\iCLS Client\;C:\Program Files\Intel\iCLS Client\;C:\Windows\system32;C:\Windows;C:\Windows\System32\Wbem;C:\Windows\System32\WindowsPowerShell\v1.0\;C:\Program Files\Hewlett-Packard\SimplePass\;C:\Program Files\Intel\Intel(R) Management Engine Components\DAL;C:\Program Files\Intel\Intel(R) Management Engine Components\IPT;C:\Program Files (x86)\Intel\Intel(R) Management Engine Components\DAL;C:\Program Files (x86)\Intel\Intel(R) Management Engine Components\IPT;C:\Program Files (x86)\Windows Live\Shared;C:\Program Files (x86)\Common Files\lenovo\easyplussdk\bin;C:\Program Files\MATLAB\R2016a\bin;C:\Program Files\nodejs\;C:\Program Files (x86)\Skype\Phone\;c:\Python27\;C:\Python34\Scripts
USERNAME=Padhavi
OS=Windows_NT
PROCESSOR_IDENTIFIER=Intel64 Family 6 Model 69 Stepping 1, GenuineIntel



---------------  S Y S T E M  ---------------

OS: Windows 8.1 , 64 bit Build 9600 (6.3.9600.17415)

CPU:total 4 (2 cores per cpu, 2 threads per core) family 6 model 69 stepping 1, cmov, cx8, fxsr, mmx, sse, sse2, sse3, ssse3, sse4.1, sse4.2, popcnt, avx, avx2, aes, clmul, erms, lzcnt, ht, tsc, tscinvbit, bmi1, bmi2

Memory: 4k page, physical 8317080k(1212412k free), swap 11462808k(5124k free)

vm_info: Java HotSpot(TM) 64-Bit Server VM (25.102-b14) for windows-amd64 JRE (1.8.0_102-b14), built on Jun 22 2016 13:15:21 by "java_re" with MS VC++ 10.0 (VS2010)

time: Sun Jul 09 04:29:04 2017
elapsed time: 5 seconds (0d 0h 0m 5s)

