#
# A fatal error has been detected by the Java Runtime Environment:
#
#  EXCEPTION_ACCESS_VIOLATION (0xc0000005) at pc=0x0000000068b43777, pid=4100, tid=0x0000000000002128
#
# JRE version:  (8.0_102-b14) (build )
# Java VM: Java HotSpot(TM) 64-Bit Server VM (25.102-b14 mixed mode windows-amd64 compressed oops)
# Problematic frame:
# V  [jvm.dll+0x213777]
#
# Failed to write core dump. Minidumps are not enabled by default on client versions of Windows
#
# If you would like to submit a bug report, please visit:
#   http://bugreport.java.com/bugreport/crash.jsp
#

---------------  T H R E A D  ---------------

Current thread (0x0000000000fbe000):  JavaThread "main" [_thread_in_vm, id=8488, stack(0x0000000000fc0000,0x00000000010c0000)]

siginfo: ExceptionCode=0xc0000005, writing address 0x00000000010b7910

Registers:
RAX=0x00000000010b7910, RBX=0x0000000000000007, RCX=0x0000000000006000, RDX=0x000000000000000e
RSP=0x00000000010bd910, RBP=0x0000000000000000, RSI=0x00000000010bd910, RDI=0x0000000000000007
R8 =0x000000000000000e, R9 =0x0000000000fb8550, R10=0x00000000144ca690, R11=0x0000000000fca150
R12=0x0000000000fb8550, R13=0x0000000000fbe000, R14=0x00000000010bda40, R15=0x00000000144ca690
RIP=0x0000000068b43777, EFLAGS=0x0000000000010202

Top of Stack: (sp=0x00000000010bd910)
0x00000000010bd910:   0000000000fbe510 0000000000fbe000
0x00000000010bd920:   0000000000fbe000 0000000000fb8550
0x00000000010bd930:   00000000ffffffff 0000000068b446a7
0x00000000010bd940:   00000000010bda40 00000000144ca690
0x00000000010bd950:   0000000000fbe000 0000000068a57dcc
0x00000000010bd960:   0000000000000000 0000000000000015
0x00000000010bd970:   0000000100000f28 00000000144c9530
0x00000000010bd980:   00000000144ca690 0000000000fbe000
0x00000000010bd990:   0000000003413200 0000000000000000
0x00000000010bd9a0:   0000000000000007 0000000000fbe540
0x00000000010bd9b0:   00000000000000a8 0000000000000015
0x00000000010bd9c0:   0000000000fbe520 00000000144ca690
0x00000000010bd9d0:   0000000000fbe000 0000000100016f40
0x00000000010bd9e0:   0000000000fbe000 0000000000000005
0x00000000010bd9f0:   00000000010bdb88 0000000068a5d701
0x00000000010bda00:   0000000000fbe000 00000000144c9c38 

Instructions: (pc=0x0000000068b43777)
0x0000000068b43757:   48 89 6c 24 30 33 ed 66 90 e8 ab 38 08 00 ff c3
0x0000000068b43767:   48 63 c8 48 8b c6 48 0f af cf 48 ff c7 48 2b c1
0x0000000068b43777:   89 28 48 63 c3 48 3b 05 55 0f 59 00 7e db 48 8b
0x0000000068b43787:   6c 24 30 48 8b 5c 24 38 48 8b 74 24 40 48 83 c4 


Register to memory mapping:

RAX=0x00000000010b7910 is pointing into the stack for thread: 0x0000000000fbe000
RBX=0x0000000000000007 is an unknown value
RCX=0x0000000000006000 is an unknown value
RDX=0x000000000000000e is an unknown value
RSP=0x00000000010bd910 is pointing into the stack for thread: 0x0000000000fbe000
RBP=0x0000000000000000 is an unknown value
RSI=0x00000000010bd910 is pointing into the stack for thread: 0x0000000000fbe000
RDI=0x0000000000000007 is an unknown value
R8 =0x000000000000000e is an unknown value
R9 =0x0000000000fb8550 is an unknown value
R10={method} {0x00000000144ca698} '<clinit>' '()V' in 'sun/reflect/ReflectionFactory'
R11=0x0000000000fca150 is pointing into the stack for thread: 0x0000000000fbe000
R12=0x0000000000fb8550 is an unknown value
R13=0x0000000000fbe000 is a thread
R14=0x00000000010bda40 is pointing into the stack for thread: 0x0000000000fbe000
R15={method} {0x00000000144ca698} '<clinit>' '()V' in 'sun/reflect/ReflectionFactory'


Stack: [0x0000000000fc0000,0x00000000010c0000],  sp=0x00000000010bd910,  free space=1014k
Native frames: (J=compiled Java code, j=interpreted, Vv=VM code, C=native code)

Java frames: (J=compiled Java code, j=interpreted, Vv=VM code)
j  sun.reflect.ReflectionFactory$GetReflectionFactoryAction.run()Lsun/reflect/ReflectionFactory;+0
j  sun.reflect.ReflectionFactory$GetReflectionFactoryAction.run()Ljava/lang/Object;+1
v  ~StubRoutines::call_stub
j  java.security.AccessController.doPrivileged(Ljava/security/PrivilegedAction;)Ljava/lang/Object;+0
j  java.lang.reflect.AccessibleObject.<clinit>()V+19
v  ~StubRoutines::call_stub

---------------  P R O C E S S  ---------------

Java Threads: ( => current thread )
=>0x0000000000fbe000 JavaThread "main" [_thread_in_vm, id=8488, stack(0x0000000000fc0000,0x00000000010c0000)]

Other Threads:
  0x0000000014d67800 VMThread [stack: 0x0000000015e00000,0x0000000015f00000] [id=6132]

VM state:not at safepoint (normal execution)

VM Mutex/Monitor currently owned by a thread: None

Heap:
 PSYoungGen      total 38400K, used 665K [0x00000000eab00000, 0x00000000ed580000, 0x0000000100000000)
  eden space 33280K, 2% used [0x00000000eab00000,0x00000000eaba6670,0x00000000ecb80000)
  from space 5120K, 0% used [0x00000000ed080000,0x00000000ed080000,0x00000000ed580000)
  to   space 5120K, 0% used [0x00000000ecb80000,0x00000000ecb80000,0x00000000ed080000)
 ParOldGen       total 87552K, used 0K [0x00000000c0000000, 0x00000000c5580000, 0x00000000eab00000)
  object space 87552K, 0% used [0x00000000c0000000,0x00000000c0000000,0x00000000c5580000)
 Metaspace       used 904K, capacity 4480K, committed 4480K, reserved 1056768K
  class space    used 92K, capacity 384K, committed 384K, reserved 1048576K

Card table byte_map: [0x00000000015c0000,0x00000000017d0000] byte_map_base: 0x0000000000fc0000

Marking Bits: (ParMarkBitMap*) 0x000000006914a6c0
 Begin Bits: [0x0000000012400000, 0x0000000013400000)
 End Bits:   [0x0000000013400000, 0x0000000014400000)

Polling page: 0x0000000000af0000

CodeCache: size=245760Kb used=397Kb max_used=397Kb free=245362Kb
 bounds [0x0000000003400000, 0x0000000003670000, 0x0000000012400000]
 total_blobs=88 nmethods=0 adapters=62
 compilation: enabled

Compilation events (0 events):
No events

GC Heap History (0 events):
No events

Deoptimization events (0 events):
No events

Internal exceptions (0 events):
No events

Events (10 events):
Event: 1.372 loading class java/util/RandomAccess done
Event: 1.372 loading class java/util/AbstractList
Event: 1.372 loading class java/util/AbstractCollection
Event: 1.372 loading class java/util/AbstractCollection done
Event: 1.372 loading class java/util/AbstractList done
Event: 1.372 loading class java/util/Vector done
Event: 1.373 loading class java/util/Stack
Event: 1.373 loading class java/util/Stack done
Event: 1.373 loading class sun/reflect/ReflectionFactory
Event: 1.373 loading class sun/reflect/ReflectionFactory done


Dynamic libraries:
0x00007ff60a4e0000 - 0x00007ff60a517000 	C:\Program Files\Java\jdk1.8.0_102\bin\java.exe
0x00007ffde1c50000 - 0x00007ffde1dfd000 	C:\Windows\SYSTEM32\ntdll.dll
0x00007ffddf310000 - 0x00007ffddf44e000 	C:\Windows\system32\KERNEL32.DLL
0x00007ffddeef0000 - 0x00007ffddf005000 	C:\Windows\system32\KERNELBASE.dll
0x00007ffddd930000 - 0x00007ffddd9be000 	C:\Windows\system32\apphelp.dll
0x00007ffdc1e50000 - 0x00007ffdc1ea3000 	C:\Windows\AppPatch\AppPatch64\AcGenral.DLL
0x00007ffde0ea0000 - 0x00007ffde0f4a000 	C:\Windows\system32\msvcrt.dll
0x00007ffddf0c0000 - 0x00007ffddf0ee000 	C:\Windows\system32\SspiCli.dll
0x00007ffde1bf0000 - 0x00007ffde1c44000 	C:\Windows\system32\SHLWAPI.dll
0x00007ffde11f0000 - 0x00007ffde1367000 	C:\Windows\system32\USER32.dll
0x00007ffde1a50000 - 0x00007ffde1be4000 	C:\Windows\system32\ole32.dll
0x00007ffddf770000 - 0x00007ffde0c99000 	C:\Windows\system32\SHELL32.dll
0x00007ffdde390000 - 0x00007ffdde3b1000 	C:\Windows\SYSTEM32\USERENV.dll
0x00007ffde0cb0000 - 0x00007ffde0d5a000 	C:\Windows\system32\ADVAPI32.dll
0x00007ffdd0870000 - 0x00007ffdd088e000 	C:\Windows\SYSTEM32\MPR.dll
0x00007ffde1910000 - 0x00007ffde1a50000 	C:\Windows\system32\RPCRT4.dll
0x00007ffde1190000 - 0x00007ffde11e9000 	C:\Windows\SYSTEM32\sechost.dll
0x00007ffde1380000 - 0x00007ffde1592000 	C:\Windows\SYSTEM32\combase.dll
0x00007ffddf5b0000 - 0x00007ffddf6fb000 	C:\Windows\system32\GDI32.dll
0x00007ffdded70000 - 0x00007ffdded85000 	C:\Windows\SYSTEM32\profapi.dll
0x00007ffddd340000 - 0x00007ffddd3f2000 	C:\Windows\SYSTEM32\SHCORE.dll
0x00007ffddf2d0000 - 0x00007ffddf306000 	C:\Windows\system32\IMM32.DLL
0x00007ffddf450000 - 0x00007ffddf5a2000 	C:\Windows\system32\MSCTF.dll
0x00007ffddcca0000 - 0x00007ffddcf1b000 	C:\Windows\WinSxS\amd64_microsoft.windows.common-controls_6595b64144ccf1df_6.0.9600.18006_none_623f33d3ecbe86e8\COMCTL32.dll
0x00000000691d0000 - 0x00000000692a1000 	C:\Program Files\Java\jdk1.8.0_102\jre\bin\msvcr100.dll
0x0000000068930000 - 0x00000000691ca000 	C:\Program Files\Java\jdk1.8.0_102\jre\bin\server\jvm.dll
0x00007ffdd50e0000 - 0x00007ffdd50e9000 	C:\Windows\SYSTEM32\WSOCK32.dll
0x00007ffdda5c0000 - 0x00007ffdda5e2000 	C:\Windows\SYSTEM32\WINMM.dll
0x00007ffdda5f0000 - 0x00007ffdda5fa000 	C:\Windows\SYSTEM32\VERSION.dll
0x00007ffde0ca0000 - 0x00007ffde0ca7000 	C:\Windows\system32\PSAPI.DLL
0x00007ffde0d60000 - 0x00007ffde0dba000 	C:\Windows\system32\WS2_32.dll
0x00007ffdda580000 - 0x00007ffdda5aa000 	C:\Windows\SYSTEM32\WINMMBASE.dll
0x00007ffddf700000 - 0x00007ffddf709000 	C:\Windows\system32\NSI.dll
0x00007ffddf070000 - 0x00007ffddf0bf000 	C:\Windows\SYSTEM32\cfgmgr32.dll
0x00007ffdddba0000 - 0x00007ffdddbc8000 	C:\Windows\SYSTEM32\DEVOBJ.dll
0x0000000068920000 - 0x000000006892f000 	C:\Program Files\Java\jdk1.8.0_102\jre\bin\verify.dll
0x00000000688f0000 - 0x0000000068919000 	C:\Program Files\Java\jdk1.8.0_102\jre\bin\java.dll
0x00000000688d0000 - 0x00000000688e6000 	C:\Program Files\Java\jdk1.8.0_102\jre\bin\zip.dll

VM Arguments:
jvm_args: -Djava.awt.headless=true -Xmx1024M -Dfile.encoding=windows-1252 -Duser.country=IN -Duser.language=en -Duser.variant 
java_command: com.android.dx.command.Main --dex --num-threads=4 --output C:\Users\Padhavi\Downloads\android files\ngoconnect\app\build\intermediates\pre-dexed\debug\com.google.android.gms-play-services-wearable-10.0.1_1a2741ba23d02c73eb94066e84b5d9f9a39fd1f0.jar C:\Users\Padhavi\Downloads\android files\ngoconnect\app\build\intermediates\exploded-aar\com.google.android.gms\play-services-wearable\10.0.1\jars\classes.jar
java_class_path (initial): C:\Users\Padhavi\AppData\Local\Android\sdk\build-tools\24.0.3\lib\dx.jar
Launcher Type: SUN_STANDARD

Environment Variables:
JAVA_HOME=C:\Program Files\Java\jdk1.8.0_121
PATH=C:\oraclexe\app\oracle\product\11.2.0\server\bin;C:\ProgramData\Oracle\Java\javapath;C:\Program Files\Broadcom\Broadcom 802.11;C:\Program Files (x86)\NVIDIA Corporation\PhysX\Common;C:\Program Files (x86)\Intel\iCLS Client\;C:\Program Files\Intel\iCLS Client\;C:\Windows\system32;C:\Windows;C:\Windows\System32\Wbem;C:\Windows\System32\WindowsPowerShell\v1.0\;C:\Program Files\Hewlett-Packard\SimplePass\;C:\Program Files\Intel\Intel(R) Management Engine Components\DAL;C:\Program Files\Intel\Intel(R) Management Engine Components\IPT;C:\Program Files (x86)\Intel\Intel(R) Management Engine Components\DAL;C:\Program Files (x86)\Intel\Intel(R) Management Engine Components\IPT;C:\Program Files (x86)\Windows Live\Shared;C:\Program Files (x86)\Common Files\lenovo\easyplussdk\bin;C:\Program Files\MATLAB\R2016a\bin;C:\Program Files\nodejs\;C:\Program Files\Git\cmd;C:\Users\Padhavi\AppData\Roaming\npm;C:\Program Files\PuTTY\;C:\oraclexe\app\oracle\product\11.2.0\server\bin;;C:\ProgramData\Oracle\Java\javapath;C:\Program Files\Broadcom\Broadcom 802.11;C:\Program Files (x86)\NVIDIA Corporation\PhysX\Common;C:\Program Files (x86)\Intel\iCLS Client\;C:\Program Files\Intel\iCLS Client\;C:\Windows\system32;C:\Windows;C:\Windows\System32\Wbem;C:\Windows\System32\WindowsPowerShell\v1.0\;C:\Program Files\Hewlett-Packard\SimplePass\;C:\Program Files\Intel\Intel(R) Management Engine Components\DAL;C:\Program Files\Intel\Intel(R) Management Engine Components\IPT;C:\Program Files (x86)\Intel\Intel(R) Management Engine Components\DAL;C:\Program Files (x86)\Intel\Intel(R) Management Engine Components\IPT;C:\Program Files (x86)\Windows Live\Shared;C:\Program Files (x86)\Common Files\lenovo\easyplussdk\bin;C:\Program Files\MATLAB\R2016a\bin;C:\Program Files\nodejs\;C:\Program Files (x86)\Skype\Phone\;c:\Python27\;C:\Python34\Scripts
USERNAME=Padhavi
OS=Windows_NT
PROCESSOR_IDENTIFIER=Intel64 Family 6 Model 69 Stepping 1, GenuineIntel



---------------  S Y S T E M  ---------------

OS: Windows 8.1 , 64 bit Build 9600 (6.3.9600.17415)

CPU:total 4 (2 cores per cpu, 2 threads per core) family 6 model 69 stepping 1, cmov, cx8, fxsr, mmx, sse, sse2, sse3, ssse3, sse4.1, sse4.2, popcnt, avx, avx2, aes, clmul, erms, lzcnt, ht, tsc, tscinvbit, bmi1, bmi2

Memory: 4k page, physical 8317080k(1250836k free), swap 11462808k(4884k free)

vm_info: Java HotSpot(TM) 64-Bit Server VM (25.102-b14) for windows-amd64 JRE (1.8.0_102-b14), built on Jun 22 2016 13:15:21 by "java_re" with MS VC++ 10.0 (VS2010)

time: Sun Jul 09 06:37:32 2017
elapsed time: 1 seconds (0d 0h 0m 1s)

