#
# There is insufficient memory for the Java Runtime Environment to continue.
# Native memory allocation (malloc) failed to allocate 32744 bytes for ChunkPool::allocate
# Possible reasons:
#   The system is out of physical RAM or swap space
#   In 32 bit mode, the process size limit was hit
# Possible solutions:
#   Reduce memory load on the system
#   Increase physical memory or swap space
#   Check if swap backing store is full
#   Use 64 bit Java on a 64 bit OS
#   Decrease Java heap size (-Xmx/-Xms)
#   Decrease number of Java threads
#   Decrease Java thread stack sizes (-Xss)
#   Set larger code cache with -XX:ReservedCodeCacheSize=
# This output file may be truncated or incomplete.
#
#  Out of Memory Error (allocation.cpp:273), pid=2900, tid=0x0000000000001ed8
#
# JRE version: Java(TM) SE Runtime Environment (8.0_102-b14) (build 1.8.0_102-b14)
# Java VM: Java HotSpot(TM) 64-Bit Server VM (25.102-b14 mixed mode windows-amd64 compressed oops)
# Failed to write core dump. Minidumps are not enabled by default on client versions of Windows
#

---------------  T H R E A D  ---------------

Current thread (0x00000000145cf800):  JavaThread "C2 CompilerThread0" daemon [_thread_in_native, id=7896, stack(0x0000000015c00000,0x0000000015d00000)]

Stack: [0x0000000015c00000,0x0000000015d00000]
[error occurred during error reporting (printing stack bounds), id 0xc0000005]

Native frames: (J=compiled Java code, j=interpreted, Vv=VM code, C=native code)


Current CompileTask:
C2:   8329 1539   !   4       com.android.dx.cf.code.BytecodeArray::parseInstruction (2764 bytes)


---------------  P R O C E S S  ---------------

Java Threads: ( => current thread )
  0x0000000016144800 JavaThread "pool-1-thread-4" [_thread_blocked, id=10704, stack(0x0000000016900000,0x0000000016a00000)]
  0x0000000016101800 JavaThread "pool-1-thread-3" [_thread_blocked, id=13352, stack(0x0000000016800000,0x0000000016900000)]
  0x0000000016101000 JavaThread "pool-1-thread-2" [_thread_blocked, id=14376, stack(0x0000000016700000,0x0000000016800000)]
  0x00000000160f6800 JavaThread "pool-2-thread-1" [_thread_blocked, id=12888, stack(0x0000000016600000,0x0000000016700000)]
  0x00000000160f5800 JavaThread "pool-1-thread-1" [_thread_blocked, id=5416, stack(0x0000000016500000,0x0000000016600000)]
  0x000000001462d000 JavaThread "Service Thread" daemon [_thread_blocked, id=15224, stack(0x0000000016300000,0x0000000016400000)]
  0x0000000015e10800 JavaThread "C1 CompilerThread2" daemon [_thread_blocked, id=10304, stack(0x0000000016200000,0x0000000016300000)]
  0x0000000014622000 JavaThread "C2 CompilerThread1" daemon [_thread_in_native, id=14432, stack(0x0000000015d00000,0x0000000015e00000)]
=>0x00000000145cf800 JavaThread "C2 CompilerThread0" daemon [_thread_in_native, id=7896, stack(0x0000000015c00000,0x0000000015d00000)]
  0x00000000145cc800 JavaThread "Attach Listener" daemon [_thread_blocked, id=14544, stack(0x0000000015b00000,0x0000000015c00000)]
  0x00000000145cb800 JavaThread "Signal Dispatcher" daemon [_thread_blocked, id=11612, stack(0x0000000015a00000,0x0000000015b00000)]
  0x0000000001ebc000 JavaThread "Finalizer" daemon [_thread_blocked, id=10276, stack(0x0000000015820000,0x0000000015920000)]
  0x0000000001eb0000 JavaThread "Reference Handler" daemon [_thread_blocked, id=13652, stack(0x0000000015720000,0x0000000015820000)]
  0x000000000035e000 JavaThread "main" [_thread_blocked, id=14680, stack(0x0000000001cc0000,0x0000000001dc0000)]

Other Threads:
  0x0000000014597000 VMThread [stack: 0x0000000015620000,0x0000000015720000] [id=12592]
  0x000000001462e800 WatcherThread [stack: 0x0000000016400000,0x0000000016500000] [id=13692]

VM state:at safepoint (normal execution)

VM Mutex/Monitor currently owned by a thread:  ([mutex/lock_event])
[0x000000000035cd00] Threads_lock - owner thread: 0x0000000014597000
[0x000000000035d780] Heap_lock - owner thread: 0x000000000035e000

Heap:
 PSYoungGen      total 38400K, used 38391K [0x00000000eab00000, 0x00000000ed580000, 0x0000000100000000)
  eden space 33280K, 100% used [0x00000000eab00000,0x00000000ecb80000,0x00000000ecb80000)
  from space 5120K, 99% used [0x00000000ed080000,0x00000000ed57df00,0x00000000ed580000)
  to   space 5120K, 99% used [0x00000000ecb80000,0x00000000ed07df00,0x00000000ed080000)
 ParOldGen       total 87552K, used 20892K [0x00000000c0000000, 0x00000000c5580000, 0x00000000eab00000)
  object space 87552K, 23% used [0x00000000c0000000,0x00000000c14671d8,0x00000000c5580000)
 Metaspace       used 6352K, capacity 7128K, committed 7424K, reserved 1056768K
  class space    used 619K, capacity 656K, committed 768K, reserved 1048576K

Card table byte_map: [0x00000000113c0000,0x00000000115d0000] byte_map_base: 0x0000000010dc0000

Marking Bits: (ParMarkBitMap*) 0x000000006914a6c0
 Begin Bits: [0x0000000011a30000, 0x0000000012a30000)
 End Bits:   [0x0000000012a30000, 0x0000000013a30000)

Polling page: 0x0000000000310000

CodeCache: size=245760Kb used=6661Kb max_used=6695Kb free=239098Kb
 bounds [0x0000000002000000, 0x0000000002690000, 0x0000000011000000]
 total_blobs=1919 nmethods=1649 adapters=181
 compilation: disabled (not enough contiguous free space left)

Compilation events (10 events):
Event: 5.089 Thread 0x0000000015e10800 nmethod 1638 0x0000000002653610 code [0x0000000002653780, 0x0000000002653aa8]
Event: 5.089 Thread 0x0000000015e10800 1639       2       java.util.concurrent.FutureTask::done (1 bytes)
Event: 5.089 Thread 0x0000000015e10800 nmethod 1639 0x0000000002653c10 code [0x0000000002653d60, 0x0000000002653eb0]
Event: 5.095 Thread 0x0000000014622000 nmethod 1521 0x00000000026578d0 code [0x0000000002657b00, 0x0000000002658810]
Event: 5.095 Thread 0x0000000014622000 1636       4       com.android.dx.util.IntList::mutableCopy (39 bytes)
Event: 5.106 Thread 0x0000000014622000 nmethod 1636 0x0000000002659f90 code [0x000000000265a100, 0x000000000265a678]
Event: 5.106 Thread 0x0000000014622000 1520       4       com.android.dx.cf.code.RopperMachine::getSources (264 bytes)
Event: 5.205 Thread 0x0000000014622000 nmethod 1520 0x000000000265f510 code [0x000000000265f940, 0x0000000002662c28]
Event: 5.206 Thread 0x0000000014622000 1518       4       com.android.dx.cf.code.ByteBlock::<init> (181 bytes)
Event: 5.210 Thread 0x0000000014622000 nmethod 1518 0x0000000002654410 code [0x0000000002654560, 0x00000000026547f8]

GC Heap History (6 events):
Event: 3.140 GC heap before
{Heap before GC invocations=1 (full 0):
 PSYoungGen      total 38400K, used 33280K [0x00000000eab00000, 0x00000000ed580000, 0x0000000100000000)
  eden space 33280K, 100% used [0x00000000eab00000,0x00000000ecb80000,0x00000000ecb80000)
  from space 5120K, 0% used [0x00000000ed080000,0x00000000ed080000,0x00000000ed580000)
  to   space 5120K, 0% used [0x00000000ecb80000,0x00000000ecb80000,0x00000000ed080000)
 ParOldGen       total 87552K, used 0K [0x00000000c0000000, 0x00000000c5580000, 0x00000000eab00000)
  object space 87552K, 0% used [0x00000000c0000000,0x00000000c0000000,0x00000000c5580000)
 Metaspace       used 5972K, capacity 6898K, committed 7040K, reserved 1056768K
  class space    used 598K, capacity 618K, committed 640K, reserved 1048576K
Event: 3.155 GC heap after
Heap after GC invocations=1 (full 0):
 PSYoungGen      total 38400K, used 5115K [0x00000000eab00000, 0x00000000ed580000, 0x0000000100000000)
  eden space 33280K, 0% used [0x00000000eab00000,0x00000000eab00000,0x00000000ecb80000)
  from space 5120K, 99% used [0x00000000ecb80000,0x00000000ed07eec0,0x00000000ed080000)
  to   space 5120K, 0% used [0x00000000ed080000,0x00000000ed080000,0x00000000ed580000)
 ParOldGen       total 87552K, used 1404K [0x00000000c0000000, 0x00000000c5580000, 0x00000000eab00000)
  object space 87552K, 1% used [0x00000000c0000000,0x00000000c015f110,0x00000000c5580000)
 Metaspace       used 5972K, capacity 6898K, committed 7040K, reserved 1056768K
  class space    used 598K, capacity 618K, committed 640K, reserved 1048576K
}
Event: 4.364 GC heap before
{Heap before GC invocations=2 (full 0):
 PSYoungGen      total 38400K, used 38395K [0x00000000eab00000, 0x00000000ed580000, 0x0000000100000000)
  eden space 33280K, 100% used [0x00000000eab00000,0x00000000ecb80000,0x00000000ecb80000)
  from space 5120K, 99% used [0x00000000ecb80000,0x00000000ed07eec0,0x00000000ed080000)
  to   space 5120K, 0% used [0x00000000ed080000,0x00000000ed080000,0x00000000ed580000)
 ParOldGen       total 87552K, used 1404K [0x00000000c0000000, 0x00000000c5580000, 0x00000000eab00000)
  object space 87552K, 1% used [0x00000000c0000000,0x00000000c015f110,0x00000000c5580000)
 Metaspace       used 6151K, capacity 7026K, committed 7296K, reserved 1056768K
  class space    used 599K, capacity 618K, committed 640K, reserved 1048576K
Event: 4.388 GC heap after
Heap after GC invocations=2 (full 0):
 PSYoungGen      total 38400K, used 5106K [0x00000000eab00000, 0x00000000ed580000, 0x0000000100000000)
  eden space 33280K, 0% used [0x00000000eab00000,0x00000000eab00000,0x00000000ecb80000)
  from space 5120K, 99% used [0x00000000ed080000,0x00000000ed57c9b0,0x00000000ed580000)
  to   space 5120K, 0% used [0x00000000ecb80000,0x00000000ecb80000,0x00000000ed080000)
 ParOldGen       total 87552K, used 6203K [0x00000000c0000000, 0x00000000c5580000, 0x00000000eab00000)
  object space 87552K, 7% used [0x00000000c0000000,0x00000000c060ec30,0x00000000c5580000)
 Metaspace       used 6151K, capacity 7026K, committed 7296K, reserved 1056768K
  class space    used 599K, capacity 618K, committed 640K, reserved 1048576K
}
Event: 5.009 GC heap before
{Heap before GC invocations=3 (full 0):
 PSYoungGen      total 38400K, used 38386K [0x00000000eab00000, 0x00000000ed580000, 0x0000000100000000)
  eden space 33280K, 100% used [0x00000000eab00000,0x00000000ecb80000,0x00000000ecb80000)
  from space 5120K, 99% used [0x00000000ed080000,0x00000000ed57c9b0,0x00000000ed580000)
  to   space 5120K, 0% used [0x00000000ecb80000,0x00000000ecb80000,0x00000000ed080000)
 ParOldGen       total 87552K, used 6203K [0x00000000c0000000, 0x00000000c5580000, 0x00000000eab00000)
  object space 87552K, 7% used [0x00000000c0000000,0x00000000c060ec30,0x00000000c5580000)
 Metaspace       used 6232K, capacity 7090K, committed 7296K, reserved 1056768K
  class space    used 599K, capacity 618K, committed 640K, reserved 1048576K
Event: 5.060 GC heap after
Heap after GC invocations=3 (full 0):
 PSYoungGen      total 38400K, used 5091K [0x00000000eab00000, 0x00000000ed580000, 0x0000000100000000)
  eden space 33280K, 0% used [0x00000000eab00000,0x00000000eab00000,0x00000000ecb80000)
  from space 5120K, 99% used [0x00000000ecb80000,0x00000000ed078d30,0x00000000ed080000)
  to   space 5120K, 0% used [0x00000000ed080000,0x00000000ed080000,0x00000000ed580000)
 ParOldGen       total 87552K, used 11139K [0x00000000c0000000, 0x00000000c5580000, 0x00000000eab00000)
  object space 87552K, 12% used [0x00000000c0000000,0x00000000c0ae0e08,0x00000000c5580000)
 Metaspace       used 6232K, capacity 7090K, committed 7296K, reserved 1056768K
  class space    used 599K, capacity 618K, committed 640K, reserved 1048576K
}

Deoptimization events (10 events):
Event: 2.966 Thread 0x00000000160f5800 Uncommon trap: reason=null_check action=make_not_entrant pc=0x00000000022c59e8 method=com.android.dx.rop.type.Type.equals(Ljava/lang/Object;)Z @ 8
Event: 3.125 Thread 0x0000000016144800 Uncommon trap: reason=unstable_if action=reinterpret pc=0x000000000224677c method=java.util.HashMap.getNode(ILjava/lang/Object;)Ljava/util/HashMap$Node; @ 62
Event: 3.596 Thread 0x000000000035e000 Uncommon trap: reason=unstable_if action=reinterpret pc=0x00000000022ba010 method=java.lang.String.<init>([CII)V @ 18
Event: 4.255 Thread 0x0000000016101000 Uncommon trap: reason=bimorphic action=maybe_recompile pc=0x000000000253c878 method=com.android.dx.ssa.SCCP.setLatticeValueTo(IILcom/android/dx/rop/cst/Constant;)Z @ 43
Event: 4.279 Thread 0x000000000035e000 Uncommon trap: reason=unstable_if action=reinterpret pc=0x00000000021ee5b8 method=java.lang.String.<init>([CII)V @ 18
Event: 4.477 Thread 0x0000000016101000 Uncommon trap: reason=bimorphic action=maybe_recompile pc=0x0000000002552e38 method=com.android.dx.cf.code.BytecodeArray.parseInstruction(ILcom/android/dx/cf/code/BytecodeArray$Visitor;)I @ 1357
Event: 4.477 Thread 0x0000000016101000 Uncommon trap: reason=bimorphic action=maybe_recompile pc=0x0000000002552e38 method=com.android.dx.cf.code.BytecodeArray.parseInstruction(ILcom/android/dx/cf/code/BytecodeArray$Visitor;)I @ 1357
Event: 4.479 Thread 0x0000000016101000 Uncommon trap: reason=bimorphic action=maybe_recompile pc=0x0000000002551a98 method=com.android.dx.cf.code.BytecodeArray.parseInstruction(ILcom/android/dx/cf/code/BytecodeArray$Visitor;)I @ 1501
Event: 4.480 Thread 0x0000000016101000 Uncommon trap: reason=bimorphic action=maybe_recompile pc=0x0000000002551a98 method=com.android.dx.cf.code.BytecodeArray.parseInstruction(ILcom/android/dx/cf/code/BytecodeArray$Visitor;)I @ 1501
Event: 5.091 Thread 0x00000000160f5800 Uncommon trap: reason=unstable_if action=reinterpret pc=0x00000000023506a0 method=java.util.HashMap.putVal(ILjava/lang/Object;Ljava/lang/Object;ZZ)Ljava/lang/Object; @ 162

Internal exceptions (3 events):
Event: 0.121 Thread 0x000000000035e000 Exception <a 'java/lang/NoSuchMethodError': Method sun.misc.Unsafe.defineClass(Ljava/lang/String;[BII)Ljava/lang/Class; name or signature does not match> (0x00000000eab07c78) thrown at [C:\re\workspace\8-2-build-windows-amd64-cygwin\jdk8u102\7268\hotspot\sëKùø%¿?
Event: 0.122 Thread 0x000000000035e000 Exception <a 'java/lang/NoSuchMethodError': Method sun.misc.Unsafe.prefetchRead(Ljava/lang/Object;J)V name or signature does not match> (0x00000000eab07f60) thrown at [C:\re\workspace\8-2-build-windows-amd64-cygwin\jdk8u102\7268\hotspot\src\share\vm\prims\jÖuë±º@
Event: 2.966 Thread 0x00000000160f5800 Implicit null exception at 0x00000000022c58e2 to 0x00000000022c59da

Events (10 events):
Event: 4.479 Thread 0x0000000016101000 DEOPT UNPACKING pc=0x000000000204582a sp=0x00000000167fe620 mode 2
Event: 4.480 Thread 0x0000000016101000 Uncommon trap: trap_request=0xffffffc6 fr.pc=0x0000000002551a98
Event: 4.480 Thread 0x0000000016101000 DEOPT PACKING pc=0x0000000002551a98 sp=0x00000000167fe4c0
Event: 4.480 Thread 0x0000000016101000 DEOPT UNPACKING pc=0x000000000204582a sp=0x00000000167fe480 mode 2
Event: 5.008 Executing VM operation: ParallelGCFailedAllocation
Event: 5.060 Executing VM operation: ParallelGCFailedAllocation done
Event: 5.091 Thread 0x00000000160f5800 Uncommon trap: trap_request=0xffffff65 fr.pc=0x00000000023506a0
Event: 5.091 Thread 0x00000000160f5800 DEOPT PACKING pc=0x00000000023506a0 sp=0x00000000165fdb10
Event: 5.091 Thread 0x00000000160f5800 DEOPT UNPACKING pc=0x000000000204582a sp=0x00000000165fd9b0 mode 2
Event: 5.091 loading class sun/reflect/generics/scope/ClassScope


Dynamic libraries:
0x00007ff60a4e0000 - 0x00007ff60a517000 	C:\Program Files\Java\jdk1.8.0_102\bin\java.exe
0x00007ffde1c50000 - 0x00007ffde1dfd000 	C:\Windows\SYSTEM32\ntdll.dll
0x00007ffddf310000 - 0x00007ffddf44e000 	C:\Windows\system32\KERNEL32.DLL
0x00007ffddeef0000 - 0x00007ffddf005000 	C:\Windows\system32\KERNELBASE.dll
0x00007ffddd930000 - 0x00007ffddd9be000 	C:\Windows\system32\apphelp.dll
0x00007ffdc1e50000 - 0x00007ffdc1ea3000 	C:\Windows\AppPatch\AppPatch64\AcGenral.DLL
0x00007ffde0ea0000 - 0x00007ffde0f4a000 	C:\Windows\system32\msvcrt.dll
0x00007ffddf0c0000 - 0x00007ffddf0ee000 	C:\Windows\system32\SspiCli.dll
0x00007ffde1bf0000 - 0x00007ffde1c44000 	C:\Windows\system32\SHLWAPI.dll
0x00007ffde11f0000 - 0x00007ffde1367000 	C:\Windows\system32\USER32.dll
0x00007ffde1a50000 - 0x00007ffde1be4000 	C:\Windows\system32\ole32.dll
0x00007ffddf770000 - 0x00007ffde0c99000 	C:\Windows\system32\SHELL32.dll
0x00007ffdde390000 - 0x00007ffdde3b1000 	C:\Windows\SYSTEM32\USERENV.dll
0x00007ffde0cb0000 - 0x00007ffde0d5a000 	C:\Windows\system32\ADVAPI32.dll
0x00007ffdd0870000 - 0x00007ffdd088e000 	C:\Windows\SYSTEM32\MPR.dll
0x00007ffde1910000 - 0x00007ffde1a50000 	C:\Windows\system32\RPCRT4.dll
0x00007ffde1190000 - 0x00007ffde11e9000 	C:\Windows\SYSTEM32\sechost.dll
0x00007ffde1380000 - 0x00007ffde1592000 	C:\Windows\SYSTEM32\combase.dll
0x00007ffddf5b0000 - 0x00007ffddf6fb000 	C:\Windows\system32\GDI32.dll
0x00007ffdded70000 - 0x00007ffdded85000 	C:\Windows\SYSTEM32\profapi.dll
0x00007ffddd340000 - 0x00007ffddd3f2000 	C:\Windows\SYSTEM32\SHCORE.dll
0x00007ffddf2d0000 - 0x00007ffddf306000 	C:\Windows\system32\IMM32.DLL
0x00007ffddf450000 - 0x00007ffddf5a2000 	C:\Windows\system32\MSCTF.dll
0x00007ffddcca0000 - 0x00007ffddcf1b000 	C:\Windows\WinSxS\amd64_microsoft.windows.common-controls_6595b64144ccf1df_6.0.9600.18006_none_623f33d3ecbe86e8\COMCTL32.dll
0x00000000691d0000 - 0x00000000692a1000 	C:\Program Files\Java\jdk1.8.0_102\jre\bin\msvcr100.dll
0x0000000068930000 - 0x00000000691ca000 	C:\Program Files\Java\jdk1.8.0_102\jre\bin\server\jvm.dll
0x00007ffdd50e0000 - 0x00007ffdd50e9000 	C:\Windows\SYSTEM32\WSOCK32.dll
0x00007ffdda5c0000 - 0x00007ffdda5e2000 	C:\Windows\SYSTEM32\WINMM.dll
0x00007ffdda5f0000 - 0x00007ffdda5fa000 	C:\Windows\SYSTEM32\VERSION.dll
0x00007ffde0ca0000 - 0x00007ffde0ca7000 	C:\Windows\system32\PSAPI.DLL
0x00007ffde0d60000 - 0x00007ffde0dba000 	C:\Windows\system32\WS2_32.dll
0x00007ffdda580000 - 0x00007ffdda5aa000 	C:\Windows\SYSTEM32\WINMMBASE.dll
0x00007ffddf700000 - 0x00007ffddf709000 	C:\Windows\system32\NSI.dll
0x00007ffddf070000 - 0x00007ffddf0bf000 	C:\Windows\SYSTEM32\cfgmgr32.dll
0x00007ffdddba0000 - 0x00007ffdddbc8000 	C:\Windows\SYSTEM32\DEVOBJ.dll
0x0000000068920000 - 0x000000006892f000 	C:\Program Files\Java\jdk1.8.0_102\jre\bin\verify.dll
0x00000000688f0000 - 0x0000000068919000 	C:\Program Files\Java\jdk1.8.0_102\jre\bin\java.dll
0x00000000688d0000 - 0x00000000688e6000 	C:\Program Files\Java\jdk1.8.0_102\jre\bin\zip.dll

VM Arguments:
jvm_args: -Djava.awt.headless=true -Xmx1024M -Dfile.encoding=windows-1252 -Duser.country=IN -Duser.language=en -Duser.variant 
java_command: com.android.dx.command.Main --dex --num-threads=4 --output C:\Users\Padhavi\Downloads\android files\ngoconnect\app\build\intermediates\pre-dexed\debug\com.google.firebase-firebase-database-10.0.1_cabd3433895d8b22c2c2602c69cd18becd1ed857.jar C:\Users\Padhavi\Downloads\android files\ngoconnect\app\build\intermediates\exploded-aar\com.google.firebase\firebase-database\10.0.1\jars\classes.jar
java_class_path (initial): C:\Users\Padhavi\AppData\Local\Android\sdk\build-tools\24.0.3\lib\dx.jar
Launcher Type: SUN_STANDARD

Environment Variables:
JAVA_HOME=C:\Program Files\Java\jdk1.8.0_121
PATH=C:\oraclexe\app\oracle\product\11.2.0\server\bin;C:\ProgramData\Oracle\Java\javapath;C:\Program Files\Broadcom\Broadcom 802.11;C:\Program Files (x86)\NVIDIA Corporation\PhysX\Common;C:\Program Files (x86)\Intel\iCLS Client\;C:\Program Files\Intel\iCLS Client\;C:\Windows\system32;C:\Windows;C:\Windows\System32\Wbem;C:\Windows\System32\WindowsPowerShell\v1.0\;C:\Program Files\Hewlett-Packard\SimplePass\;C:\Program Files\Intel\Intel(R) Management Engine Components\DAL;C:\Program Files\Intel\Intel(R) Management Engine Components\IPT;C:\Program Files (x86)\Intel\Intel(R) Management Engine Components\DAL;C:\Program Files (x86)\Intel\Intel(R) Management Engine Components\IPT;C:\Program Files (x86)\Windows Live\Shared;C:\Program Files (x86)\Common Files\lenovo\easyplussdk\bin;C:\Program Files\MATLAB\R2016a\bin;C:\Program Files\nodejs\;C:\Program Files\Git\cmd;C:\Users\Padhavi\AppData\Roaming\npm;C:\Program Files\PuTTY\;C:\oraclexe\app\oracle\product\11.2.0\server\bin;;C:\ProgramData\Oracle\Java\javapath;C:\Program Files\Broadcom\Broadcom 802.11;C:\Program Files (x86)\NVIDIA Corporation\PhysX\Common;C:\Program Files (x86)\Intel\iCLS Client\;C:\Program Files\Intel\iCLS Client\;C:\Windows\system32;C:\Windows;C:\Windows\System32\Wbem;C:\Windows\System32\WindowsPowerShell\v1.0\;C:\Program Files\Hewlett-Packard\SimplePass\;C:\Program Files\Intel\Intel(R) Management Engine Components\DAL;C:\Program Files\Intel\Intel(R) Management Engine Components\IPT;C:\Program Files (x86)\Intel\Intel(R) Management Engine Components\DAL;C:\Program Files (x86)\Intel\Intel(R) Management Engine Components\IPT;C:\Program Files (x86)\Windows Live\Shared;C:\Program Files (x86)\Common Files\lenovo\easyplussdk\bin;C:\Program Files\MATLAB\R2016a\bin;C:\Program Files\nodejs\;C:\Program Files (x86)\Skype\Phone\;c:\Python27\;C:\Python34\Scripts
USERNAME=Padhavi
OS=Windows_NT
PROCESSOR_IDENTIFIER=Intel64 Family 6 Model 69 Stepping 1, GenuineIntel



---------------  S Y S T E M  ---------------

OS: Windows 8.1 , 64 bit Build 9600 (6.3.9600.17415)

CPU:total 4 (2 cores per cpu, 2 threads per core) family 6 model 69 stepping 1, cmov, cx8, fxsr, mmx, sse, sse2, sse3, ssse3, sse4.1, sse4.2, popcnt, avx, avx2, aes, clmul, erms, lzcnt, ht, tsc, tscinvbit, bmi1, bmi2

Memory: 4k page, physical 8317080k(889228k free), swap 11462808k(106476k free)

vm_info: Java HotSpot(TM) 64-Bit Server VM (25.102-b14) for windows-amd64 JRE (1.8.0_102-b14), built on Jun 22 2016 13:15:21 by "java_re" with MS VC++ 10.0 (VS2010)

time: Sun Jul 09 03:29:32 2017
elapsed time: 9 seconds (0d 0h 0m 9s)

