#
# There is insufficient memory for the Java Runtime Environment to continue.
# Native memory allocation (malloc) failed to allocate 83536 bytes for Chunk::new
# Possible reasons:
#   The system is out of physical RAM or swap space
#   In 32 bit mode, the process size limit was hit
# Possible solutions:
#   Reduce memory load on the system
#   Increase physical memory or swap space
#   Check if swap backing store is full
#   Use 64 bit Java on a 64 bit OS
#   Decrease Java heap size (-Xmx/-Xms)
#   Decrease number of Java threads
#   Decrease Java thread stack sizes (-Xss)
#   Set larger code cache with -XX:ReservedCodeCacheSize=
# This output file may be truncated or incomplete.
#
#  Out of Memory Error (allocation.cpp:390), pid=13276, tid=0x0000000000002370
#
# JRE version: Java(TM) SE Runtime Environment (8.0_102-b14) (build 1.8.0_102-b14)
# Java VM: Java HotSpot(TM) 64-Bit Server VM (25.102-b14 mixed mode windows-amd64 compressed oops)
# Failed to write core dump. Minidumps are not enabled by default on client versions of Windows
#

---------------  T H R E A D  ---------------

Current thread (0x000000001519e800):  JavaThread "C2 CompilerThread0" daemon [_thread_in_native, id=9072, stack(0x00000000167e0000,0x00000000168e0000)]

Stack: [0x00000000167e0000,0x00000000168e0000]
[error occurred during error reporting (printing stack bounds), id 0xc0000005]

Native frames: (J=compiled Java code, j=interpreted, Vv=VM code, C=native code)


Current CompileTask:
C2:  19682 2413 %     4       com.android.dx.dex.code.DalvInsnList::getOutsSize @ 9 (105 bytes)


---------------  P R O C E S S  ---------------

Java Threads: ( => current thread )
  0x00000000151fc000 JavaThread "Service Thread" daemon [_thread_blocked, id=13552, stack(0x0000000016ee0000,0x0000000016fe0000)]
  0x00000000169f0800 JavaThread "C1 CompilerThread2" daemon [_thread_blocked, id=13720, stack(0x0000000016de0000,0x0000000016ee0000)]
  0x00000000151f1000 JavaThread "C2 CompilerThread1" daemon [_thread_in_native, id=5552, stack(0x00000000168e0000,0x00000000169e0000)]
=>0x000000001519e800 JavaThread "C2 CompilerThread0" daemon [_thread_in_native, id=9072, stack(0x00000000167e0000,0x00000000168e0000)]
  0x000000001519c000 JavaThread "Attach Listener" daemon [_thread_blocked, id=7096, stack(0x00000000166e0000,0x00000000167e0000)]
  0x000000001519b000 JavaThread "Signal Dispatcher" daemon [_thread_blocked, id=3716, stack(0x00000000165e0000,0x00000000166e0000)]
  0x000000001518a000 JavaThread "Finalizer" daemon [_thread_blocked, id=8640, stack(0x0000000016400000,0x0000000016500000)]
  0x0000000001610000 JavaThread "Reference Handler" daemon [_thread_blocked, id=14876, stack(0x0000000016300000,0x0000000016400000)]
  0x00000000010ce000 JavaThread "main" [_thread_in_vm, id=5432, stack(0x0000000001420000,0x0000000001520000)]

Other Threads:
  0x0000000015167000 VMThread [stack: 0x0000000016200000,0x0000000016300000] [id=13268]
  0x00000000169f3000 WatcherThread [stack: 0x0000000016fe0000,0x00000000170e0000] [id=7940]

VM state:not at safepoint (normal execution)

VM Mutex/Monitor currently owned by a thread: None

Heap:
 PSYoungGen      total 71680K, used 37446K [0x00000000eab00000, 0x00000000f3700000, 0x0000000100000000)
  eden space 66560K, 48% used [0x00000000eab00000,0x00000000eca93890,0x00000000eec00000)
  from space 5120K, 99% used [0x00000000eec00000,0x00000000ef0fdff8,0x00000000ef100000)
  to   space 5120K, 0% used [0x00000000f3200000,0x00000000f3200000,0x00000000f3700000)
 ParOldGen       total 87552K, used 14835K [0x00000000c0000000, 0x00000000c5580000, 0x00000000eab00000)
  object space 87552K, 16% used [0x00000000c0000000,0x00000000c0e7cd70,0x00000000c5580000)
 Metaspace       used 6725K, capacity 7608K, committed 7936K, reserved 1056768K
  class space    used 633K, capacity 688K, committed 768K, reserved 1048576K

Card table byte_map: [0x00000000019e0000,0x0000000001bf0000] byte_map_base: 0x00000000013e0000

Marking Bits: (ParMarkBitMap*) 0x000000006914a6c0
 Begin Bits: [0x0000000012600000, 0x0000000013600000)
 End Bits:   [0x0000000013600000, 0x0000000014600000)

Polling page: 0x0000000001050000

CodeCache: size=245760Kb used=10539Kb max_used=10539Kb free=235220Kb
 bounds [0x0000000003400000, 0x0000000003e60000, 0x0000000012400000]
 total_blobs=2598 nmethods=2333 adapters=177
 compilation: enabled

Compilation events (10 events):
Event: 19.604 Thread 0x00000000169f0800 nmethod 2408 0x0000000003e4ce50 code [0x0000000003e4d060, 0x0000000003e4dd68]
Event: 19.605 Thread 0x00000000169f0800 2409       3       com.android.dx.dex.code.form.Form10t::writeTo (22 bytes)
Event: 19.606 Thread 0x00000000169f0800 nmethod 2409 0x0000000003e4fb10 code [0x0000000003e4fce0, 0x0000000003e504d8]
Event: 19.606 Thread 0x00000000169f0800 2410   !   3       com.android.dx.dex.file.CodeItem::writeCodes (50 bytes)
Event: 19.606 Thread 0x00000000169f0800 nmethod 2410 0x0000000003e51290 code [0x0000000003e514a0, 0x0000000003e51ee8]
Event: 19.606 Thread 0x00000000169f0800 2411       3       com.android.dx.dex.code.form.Form21c::writeTo (34 bytes)
Event: 19.607 Thread 0x00000000169f0800 nmethod 2411 0x0000000003e52410 code [0x0000000003e525e0, 0x0000000003e52e28]
Event: 19.607 Thread 0x00000000169f0800 2412       3       com.android.dx.dex.code.form.Form10x::writeTo (10 bytes)
Event: 19.607 Thread 0x00000000169f0800 nmethod 2412 0x0000000003e531d0 code [0x0000000003e53360, 0x0000000003e535b8]
Event: 19.610 Thread 0x000000001519e800 2413 %     4       com.android.dx.dex.code.DalvInsnList::getOutsSize @ 9 (105 bytes)

GC Heap History (6 events):
Event: 3.977 GC heap before
{Heap before GC invocations=1 (full 0):
 PSYoungGen      total 38400K, used 33280K [0x00000000eab00000, 0x00000000ed580000, 0x0000000100000000)
  eden space 33280K, 100% used [0x00000000eab00000,0x00000000ecb80000,0x00000000ecb80000)
  from space 5120K, 0% used [0x00000000ed080000,0x00000000ed080000,0x00000000ed580000)
  to   space 5120K, 0% used [0x00000000ecb80000,0x00000000ecb80000,0x00000000ed080000)
 ParOldGen       total 87552K, used 0K [0x00000000c0000000, 0x00000000c5580000, 0x00000000eab00000)
  object space 87552K, 0% used [0x00000000c0000000,0x00000000c0000000,0x00000000c5580000)
 Metaspace       used 5941K, capacity 6960K, committed 7040K, reserved 1056768K
  class space    used 591K, capacity 616K, committed 640K, reserved 1048576K
Event: 4.413 GC heap after
Heap after GC invocations=1 (full 0):
 PSYoungGen      total 38400K, used 5093K [0x00000000eab00000, 0x00000000ef600000, 0x0000000100000000)
  eden space 33280K, 0% used [0x00000000eab00000,0x00000000eab00000,0x00000000ecb80000)
  from space 5120K, 99% used [0x00000000ecb80000,0x00000000ed079410,0x00000000ed080000)
  to   space 5120K, 0% used [0x00000000ef100000,0x00000000ef100000,0x00000000ef600000)
 ParOldGen       total 87552K, used 1652K [0x00000000c0000000, 0x00000000c5580000, 0x00000000eab00000)
  object space 87552K, 1% used [0x00000000c0000000,0x00000000c019d1d0,0x00000000c5580000)
 Metaspace       used 5941K, capacity 6960K, committed 7040K, reserved 1056768K
  class space    used 591K, capacity 616K, committed 640K, reserved 1048576K
}
Event: 8.010 GC heap before
{Heap before GC invocations=2 (full 0):
 PSYoungGen      total 38400K, used 38373K [0x00000000eab00000, 0x00000000ef600000, 0x0000000100000000)
  eden space 33280K, 100% used [0x00000000eab00000,0x00000000ecb80000,0x00000000ecb80000)
  from space 5120K, 99% used [0x00000000ecb80000,0x00000000ed079410,0x00000000ed080000)
  to   space 5120K, 0% used [0x00000000ef100000,0x00000000ef100000,0x00000000ef600000)
 ParOldGen       total 87552K, used 1652K [0x00000000c0000000, 0x00000000c5580000, 0x00000000eab00000)
  object space 87552K, 1% used [0x00000000c0000000,0x00000000c019d1d0,0x00000000c5580000)
 Metaspace       used 6141K, capacity 7096K, committed 7296K, reserved 1056768K
  class space    used 611K, capacity 624K, committed 640K, reserved 1048576K
Event: 9.084 GC heap after
Heap after GC invocations=2 (full 0):
 PSYoungGen      total 71680K, used 5106K [0x00000000eab00000, 0x00000000ef600000, 0x0000000100000000)
  eden space 66560K, 0% used [0x00000000eab00000,0x00000000eab00000,0x00000000eec00000)
  from space 5120K, 99% used [0x00000000ef100000,0x00000000ef5fcb30,0x00000000ef600000)
  to   space 5120K, 0% used [0x00000000eec00000,0x00000000eec00000,0x00000000ef100000)
 ParOldGen       total 87552K, used 5643K [0x00000000c0000000, 0x00000000c5580000, 0x00000000eab00000)
  object space 87552K, 6% used [0x00000000c0000000,0x00000000c0582f80,0x00000000c5580000)
 Metaspace       used 6141K, capacity 7096K, committed 7296K, reserved 1056768K
  class space    used 611K, capacity 624K, committed 640K, reserved 1048576K
}
Event: 13.679 GC heap before
{Heap before GC invocations=3 (full 0):
 PSYoungGen      total 71680K, used 71666K [0x00000000eab00000, 0x00000000ef600000, 0x0000000100000000)
  eden space 66560K, 100% used [0x00000000eab00000,0x00000000eec00000,0x00000000eec00000)
  from space 5120K, 99% used [0x00000000ef100000,0x00000000ef5fcb30,0x00000000ef600000)
  to   space 5120K, 0% used [0x00000000eec00000,0x00000000eec00000,0x00000000ef100000)
 ParOldGen       total 87552K, used 5643K [0x00000000c0000000, 0x00000000c5580000, 0x00000000eab00000)
  object space 87552K, 6% used [0x00000000c0000000,0x00000000c0582f80,0x00000000c5580000)
 Metaspace       used 6252K, capacity 7192K, committed 7424K, reserved 1056768K
  class space    used 613K, capacity 656K, committed 768K, reserved 1048576K
Event: 15.035 GC heap after
Heap after GC invocations=3 (full 0):
 PSYoungGen      total 71680K, used 5111K [0x00000000eab00000, 0x00000000f3700000, 0x0000000100000000)
  eden space 66560K, 0% used [0x00000000eab00000,0x00000000eab00000,0x00000000eec00000)
  from space 5120K, 99% used [0x00000000eec00000,0x00000000ef0fdff8,0x00000000ef100000)
  to   space 5120K, 0% used [0x00000000f3200000,0x00000000f3200000,0x00000000f3700000)
 ParOldGen       total 87552K, used 14835K [0x00000000c0000000, 0x00000000c5580000, 0x00000000eab00000)
  object space 87552K, 16% used [0x00000000c0000000,0x00000000c0e7cd70,0x00000000c5580000)
 Metaspace       used 6252K, capacity 7192K, committed 7424K, reserved 1056768K
  class space    used 613K, capacity 656K, committed 768K, reserved 1048576K
}

Deoptimization events (10 events):
Event: 17.874 Thread 0x00000000010ce000 Uncommon trap: reason=speculate_class_check action=maybe_recompile pc=0x00000000037dd4a0 method=com.android.dx.util.FixedSizeList.equals(Ljava/lang/Object;)Z @ 25
Event: 17.879 Thread 0x00000000010ce000 Uncommon trap: reason=speculate_class_check action=maybe_recompile pc=0x00000000037dd4a0 method=com.android.dx.util.FixedSizeList.equals(Ljava/lang/Object;)Z @ 25
Event: 17.889 Thread 0x00000000010ce000 Uncommon trap: reason=unstable_if action=reinterpret pc=0x0000000003b895c8 method=java.util.TreeMap.put(Ljava/lang/Object;Ljava/lang/Object;)Ljava/lang/Object; @ 163
Event: 17.915 Thread 0x00000000010ce000 Uncommon trap: reason=unstable_if action=reinterpret pc=0x0000000003ceac00 method=com.android.dx.dex.code.OutputFinisher.findOpcodeForInsn(Lcom/android/dx/dex/code/DalvInsn;Lcom/android/dx/dex/code/Dop;)Lcom/android/dx/dex/code/Dop; @ 1
Event: 18.225 Thread 0x00000000010ce000 Uncommon trap: reason=unstable_if action=reinterpret pc=0x0000000003d0580c method=com.android.dx.rop.code.RegisterSpec.matchesVariable(Lcom/android/dx/rop/code/RegisterSpec;)Z @ 59
Event: 18.368 Thread 0x00000000010ce000 Uncommon trap: reason=unstable_if action=reinterpret pc=0x0000000003ae1014 method=com.android.dx.rop.code.RegisterSpecSet.equals(Ljava/lang/Object;)Z @ 30
Event: 18.722 Thread 0x00000000010ce000 Uncommon trap: reason=unstable_if action=reinterpret pc=0x0000000003d1abc4 method=com.android.dx.dex.code.LocalList$MakeState.filterSpec(Lcom/android/dx/rop/code/RegisterSpec;)Lcom/android/dx/rop/code/RegisterSpec; @ 11
Event: 19.252 Thread 0x00000000010ce000 Uncommon trap: reason=unstable_if action=reinterpret pc=0x0000000003d06578 method=java.util.ArrayList.<init>(I)V @ 5
Event: 19.465 Thread 0x00000000010ce000 Uncommon trap: reason=unstable_if action=reinterpret pc=0x00000000036d8e3c method=java.lang.Long.numberOfTrailingZeros(J)I @ 3
Event: 19.491 Thread 0x00000000010ce000 Uncommon trap: reason=unstable_if action=reinterpret pc=0x0000000003db5384 method=com.android.dx.util.ByteArrayAnnotatedOutput.writeByte(I)V @ 13

Internal exceptions (7 events):
Event: 0.123 Thread 0x00000000010ce000 Exception <a 'java/lang/NoSuchMethodError': Method sun.misc.Unsafe.defineClass(Ljava/lang/String;[BII)Ljava/lang/Class; name or signature does not match> (0x00000000eab07c78) thrown at [C:\re\workspace\8-2-build-windows-amd64-cygwin\jdk8u102\7268\hotspot\s•Ïø«¿?
Event: 0.124 Thread 0x00000000010ce000 Exception <a 'java/lang/NoSuchMethodError': Method sun.misc.Unsafe.prefetchRead(Ljava/lang/Object;J)V name or signature does not match> (0x00000000eab07f60) thrown at [C:\re\workspace\8-2-build-windows-amd64-cygwin\jdk8u102\7268\hotspot\src\share\vm\prims\‡ŒªK$Ä@
Event: 4.442 Thread 0x0000000016c65800 Implicit null exception at 0x00000000036dc303 to 0x00000000036de489
Event: 4.873 Thread 0x0000000016c65800 Exception <a 'java/lang/ArrayIndexOutOfBoundsException': 18> (0x00000000eb723148) thrown at [C:\re\workspace\8-2-build-windows-amd64-cygwin\jdk8u102\7268\hotspot\src\share\vm\interpreter\interpreterRuntime.cpp, line 366]
Event: 4.873 Thread 0x0000000016c65800 Exception <a 'java/lang/ArrayIndexOutOfBoundsException'> (0x00000000eb724cc8) thrown at [C:\re\workspace\8-2-build-windows-amd64-cygwin\jdk8u102\7268\hotspot\src\share\vm\runtime\sharedRuntime.cpp, line 605]
Event: 4.875 Thread 0x0000000016c65800 Exception <a 'java/lang/ArrayIndexOutOfBoundsException'> (0x00000000eb725fb0) thrown at [C:\re\workspace\8-2-build-windows-amd64-cygwin\jdk8u102\7268\hotspot\src\share\vm\runtime\sharedRuntime.cpp, line 605]
Event: 6.197 Thread 0x00000000010ce000 Implicit null exception at 0x00000000036f8be2 to 0x00000000036f8cda

Events (10 events):
Event: 19.465 Thread 0x00000000010ce000 Uncommon trap: trap_request=0xffffff65 fr.pc=0x00000000036d8e3c
Event: 19.465 Thread 0x00000000010ce000 DEOPT PACKING pc=0x00000000036d8e3c sp=0x000000000151f1c0
Event: 19.465 Thread 0x00000000010ce000 DEOPT UNPACKING pc=0x000000000344582a sp=0x000000000151f150 mode 2
Event: 19.475 loading class com/android/dx/dex/file/MapItem
Event: 19.475 loading class com/android/dx/dex/file/MapItem done
Event: 19.481 loading class com/android/dex/DexFormat
Event: 19.481 loading class com/android/dex/DexFormat done
Event: 19.491 Thread 0x00000000010ce000 Uncommon trap: trap_request=0xffffff65 fr.pc=0x0000000003db5384
Event: 19.491 Thread 0x00000000010ce000 DEOPT PACKING pc=0x0000000003db5384 sp=0x000000000151f3c0
Event: 19.491 Thread 0x00000000010ce000 DEOPT UNPACKING pc=0x000000000344582a sp=0x000000000151f378 mode 2


Dynamic libraries:
0x00007ff60a4e0000 - 0x00007ff60a517000 	C:\Program Files\Java\jdk1.8.0_102\bin\java.exe
0x00007ffde1c50000 - 0x00007ffde1dfd000 	C:\Windows\SYSTEM32\ntdll.dll
0x00007ffddf310000 - 0x00007ffddf44e000 	C:\Windows\system32\KERNEL32.DLL
0x00007ffddeef0000 - 0x00007ffddf005000 	C:\Windows\system32\KERNELBASE.dll
0x00007ffddd930000 - 0x00007ffddd9be000 	C:\Windows\system32\apphelp.dll
0x00007ffdc1e50000 - 0x00007ffdc1ea3000 	C:\Windows\AppPatch\AppPatch64\AcGenral.DLL
0x00007ffde0ea0000 - 0x00007ffde0f4a000 	C:\Windows\system32\msvcrt.dll
0x00007ffddf0c0000 - 0x00007ffddf0ee000 	C:\Windows\system32\SspiCli.dll
0x00007ffde1bf0000 - 0x00007ffde1c44000 	C:\Windows\system32\SHLWAPI.dll
0x00007ffde11f0000 - 0x00007ffde1367000 	C:\Windows\system32\USER32.dll
0x00007ffde1a50000 - 0x00007ffde1be4000 	C:\Windows\system32\ole32.dll
0x00007ffddf770000 - 0x00007ffde0c99000 	C:\Windows\system32\SHELL32.dll
0x00007ffdde390000 - 0x00007ffdde3b1000 	C:\Windows\SYSTEM32\USERENV.dll
0x00007ffde0cb0000 - 0x00007ffde0d5a000 	C:\Windows\system32\ADVAPI32.dll
0x00007ffdd0870000 - 0x00007ffdd088e000 	C:\Windows\SYSTEM32\MPR.dll
0x00007ffde1910000 - 0x00007ffde1a50000 	C:\Windows\system32\RPCRT4.dll
0x00007ffde1190000 - 0x00007ffde11e9000 	C:\Windows\SYSTEM32\sechost.dll
0x00007ffde1380000 - 0x00007ffde1592000 	C:\Windows\SYSTEM32\combase.dll
0x00007ffddf5b0000 - 0x00007ffddf6fb000 	C:\Windows\system32\GDI32.dll
0x00007ffdded70000 - 0x00007ffdded85000 	C:\Windows\SYSTEM32\profapi.dll
0x00007ffddd340000 - 0x00007ffddd3f2000 	C:\Windows\SYSTEM32\SHCORE.dll
0x00007ffddf2d0000 - 0x00007ffddf306000 	C:\Windows\system32\IMM32.DLL
0x00007ffddf450000 - 0x00007ffddf5a2000 	C:\Windows\system32\MSCTF.dll
0x00007ffddcca0000 - 0x00007ffddcf1b000 	C:\Windows\WinSxS\amd64_microsoft.windows.common-controls_6595b64144ccf1df_6.0.9600.18006_none_623f33d3ecbe86e8\COMCTL32.dll
0x00000000691d0000 - 0x00000000692a1000 	C:\Program Files\Java\jdk1.8.0_102\jre\bin\msvcr100.dll
0x0000000068930000 - 0x00000000691ca000 	C:\Program Files\Java\jdk1.8.0_102\jre\bin\server\jvm.dll
0x00007ffdd50e0000 - 0x00007ffdd50e9000 	C:\Windows\SYSTEM32\WSOCK32.dll
0x00007ffdda5c0000 - 0x00007ffdda5e2000 	C:\Windows\SYSTEM32\WINMM.dll
0x00007ffdda5f0000 - 0x00007ffdda5fa000 	C:\Windows\SYSTEM32\VERSION.dll
0x00007ffde0ca0000 - 0x00007ffde0ca7000 	C:\Windows\system32\PSAPI.DLL
0x00007ffde0d60000 - 0x00007ffde0dba000 	C:\Windows\system32\WS2_32.dll
0x00007ffdda580000 - 0x00007ffdda5aa000 	C:\Windows\SYSTEM32\WINMMBASE.dll
0x00007ffddf700000 - 0x00007ffddf709000 	C:\Windows\system32\NSI.dll
0x00007ffddf070000 - 0x00007ffddf0bf000 	C:\Windows\SYSTEM32\cfgmgr32.dll
0x00007ffdddba0000 - 0x00007ffdddbc8000 	C:\Windows\SYSTEM32\DEVOBJ.dll
0x0000000068920000 - 0x000000006892f000 	C:\Program Files\Java\jdk1.8.0_102\jre\bin\verify.dll
0x00000000688f0000 - 0x0000000068919000 	C:\Program Files\Java\jdk1.8.0_102\jre\bin\java.dll
0x00000000688d0000 - 0x00000000688e6000 	C:\Program Files\Java\jdk1.8.0_102\jre\bin\zip.dll

VM Arguments:
jvm_args: -Djava.awt.headless=true -Xmx1024M -Dfile.encoding=windows-1252 -Duser.country=IN -Duser.language=en -Duser.variant 
java_command: com.android.dx.command.Main --dex --num-threads=4 --output C:\Users\Padhavi\Downloads\android files\ngoconnect\app\build\intermediates\pre-dexed\debug\com.android.support-support-core-ui-25.0.1_1a2ef20e08f88071efdc0cb3bd359f7f3d8f312b.jar C:\Users\Padhavi\Downloads\android files\ngoconnect\app\build\intermediates\exploded-aar\com.android.support\support-core-ui\25.0.1\jars\classes.jar
java_class_path (initial): C:\Users\Padhavi\AppData\Local\Android\sdk\build-tools\24.0.3\lib\dx.jar
Launcher Type: SUN_STANDARD

Environment Variables:
JAVA_HOME=C:\Program Files\Java\jdk1.8.0_121
PATH=C:\oraclexe\app\oracle\product\11.2.0\server\bin;C:\ProgramData\Oracle\Java\javapath;C:\Program Files\Broadcom\Broadcom 802.11;C:\Program Files (x86)\NVIDIA Corporation\PhysX\Common;C:\Program Files (x86)\Intel\iCLS Client\;C:\Program Files\Intel\iCLS Client\;C:\Windows\system32;C:\Windows;C:\Windows\System32\Wbem;C:\Windows\System32\WindowsPowerShell\v1.0\;C:\Program Files\Hewlett-Packard\SimplePass\;C:\Program Files\Intel\Intel(R) Management Engine Components\DAL;C:\Program Files\Intel\Intel(R) Management Engine Components\IPT;C:\Program Files (x86)\Intel\Intel(R) Management Engine Components\DAL;C:\Program Files (x86)\Intel\Intel(R) Management Engine Components\IPT;C:\Program Files (x86)\Windows Live\Shared;C:\Program Files (x86)\Common Files\lenovo\easyplussdk\bin;C:\Program Files\MATLAB\R2016a\bin;C:\Program Files\nodejs\;C:\Program Files\Git\cmd;C:\Users\Padhavi\AppData\Roaming\npm;C:\Program Files\PuTTY\;C:\oraclexe\app\oracle\product\11.2.0\server\bin;;C:\ProgramData\Oracle\Java\javapath;C:\Program Files\Broadcom\Broadcom 802.11;C:\Program Files (x86)\NVIDIA Corporation\PhysX\Common;C:\Program Files (x86)\Intel\iCLS Client\;C:\Program Files\Intel\iCLS Client\;C:\Windows\system32;C:\Windows;C:\Windows\System32\Wbem;C:\Windows\System32\WindowsPowerShell\v1.0\;C:\Program Files\Hewlett-Packard\SimplePass\;C:\Program Files\Intel\Intel(R) Management Engine Components\DAL;C:\Program Files\Intel\Intel(R) Management Engine Components\IPT;C:\Program Files (x86)\Intel\Intel(R) Management Engine Components\DAL;C:\Program Files (x86)\Intel\Intel(R) Management Engine Components\IPT;C:\Program Files (x86)\Windows Live\Shared;C:\Program Files (x86)\Common Files\lenovo\easyplussdk\bin;C:\Program Files\MATLAB\R2016a\bin;C:\Program Files\nodejs\;C:\Program Files (x86)\Skype\Phone\;c:\Python27\;C:\Python34\Scripts
USERNAME=Padhavi
OS=Windows_NT
PROCESSOR_IDENTIFIER=Intel64 Family 6 Model 69 Stepping 1, GenuineIntel



---------------  S Y S T E M  ---------------

OS: Windows 8.1 , 64 bit Build 9600 (6.3.9600.17415)

CPU:total 4 (2 cores per cpu, 2 threads per core) family 6 model 69 stepping 1, cmov, cx8, fxsr, mmx, sse, sse2, sse3, ssse3, sse4.1, sse4.2, popcnt, avx, avx2, aes, clmul, erms, lzcnt, ht, tsc, tscinvbit, bmi1, bmi2

Memory: 4k page, physical 8317080k(1138868k free), swap 11462808k(5228k free)

vm_info: Java HotSpot(TM) 64-Bit Server VM (25.102-b14) for windows-amd64 JRE (1.8.0_102-b14), built on Jun 22 2016 13:15:21 by "java_re" with MS VC++ 10.0 (VS2010)

time: Sun Jul 09 06:42:26 2017
elapsed time: 19 seconds (0d 0h 0m 19s)

