#
# There is insufficient memory for the Java Runtime Environment to continue.
# Native memory allocation (malloc) failed to allocate 638576 bytes for Chunk::new
# Possible reasons:
#   The system is out of physical RAM or swap space
#   In 32 bit mode, the process size limit was hit
# Possible solutions:
#   Reduce memory load on the system
#   Increase physical memory or swap space
#   Check if swap backing store is full
#   Use 64 bit Java on a 64 bit OS
#   Decrease Java heap size (-Xmx/-Xms)
#   Decrease number of Java threads
#   Decrease Java thread stack sizes (-Xss)
#   Set larger code cache with -XX:ReservedCodeCacheSize=
# This output file may be truncated or incomplete.
#
#  Out of Memory Error (allocation.cpp:390), pid=2972, tid=0x00000000000036ac
#
# JRE version: Java(TM) SE Runtime Environment (8.0_102-b14) (build 1.8.0_102-b14)
# Java VM: Java HotSpot(TM) 64-Bit Server VM (25.102-b14 mixed mode windows-amd64 compressed oops)
# Failed to write core dump. Minidumps are not enabled by default on client versions of Windows
#

---------------  T H R E A D  ---------------

Current thread (0x00000000151a0000):  JavaThread "C2 CompilerThread0" daemon [_thread_in_native, id=13996, stack(0x00000000167d0000,0x00000000168d0000)]

Stack: [0x00000000167d0000,0x00000000168d0000]
[error occurred during error reporting (printing stack bounds), id 0xc0000005]

Native frames: (J=compiled Java code, j=interpreted, Vv=VM code, C=native code)


Current CompileTask:
C2:   4378 1416       4       com.android.dx.ssa.LocalVariableExtractor::processBlock (383 bytes)


---------------  P R O C E S S  ---------------

Java Threads: ( => current thread )
  0x0000000016b03000 JavaThread "Service Thread" daemon [_thread_blocked, id=15224, stack(0x0000000016ed0000,0x0000000016fd0000)]
  0x00000000151ea800 JavaThread "C1 CompilerThread2" daemon [_thread_blocked, id=8472, stack(0x00000000169d0000,0x0000000016ad0000)]
  0x00000000151a4000 JavaThread "C2 CompilerThread1" daemon [_thread_in_vm, id=14660, stack(0x00000000168d0000,0x00000000169d0000)]
=>0x00000000151a0000 JavaThread "C2 CompilerThread0" daemon [_thread_in_native, id=13996, stack(0x00000000167d0000,0x00000000168d0000)]
  0x000000001519d000 JavaThread "Attach Listener" daemon [_thread_blocked, id=11500, stack(0x00000000166d0000,0x00000000167d0000)]
  0x000000001519b800 JavaThread "Signal Dispatcher" daemon [_thread_blocked, id=3412, stack(0x00000000165d0000,0x00000000166d0000)]
  0x000000001518a800 JavaThread "Finalizer" daemon [_thread_blocked, id=9112, stack(0x00000000163f0000,0x00000000164f0000)]
  0x00000000015c0000 JavaThread "Reference Handler" daemon [_thread_blocked, id=10644, stack(0x00000000162f0000,0x00000000163f0000)]
  0x00000000014ce000 JavaThread "main" [_thread_blocked, id=14288, stack(0x0000000001380000,0x0000000001480000)]

Other Threads:
  0x0000000015167800 VMThread [stack: 0x00000000161f0000,0x00000000162f0000] [id=9228]
  0x0000000016b08000 WatcherThread [stack: 0x0000000016fd0000,0x00000000170d0000] [id=13664]

VM state:not at safepoint (normal execution)

VM Mutex/Monitor currently owned by a thread: None

Heap:
 PSYoungGen      total 38400K, used 20060K [0x00000000eab00000, 0x00000000ed580000, 0x0000000100000000)
  eden space 33280K, 44% used [0x00000000eab00000,0x00000000eb998800,0x00000000ecb80000)
  from space 5120K, 99% used [0x00000000ecb80000,0x00000000ed07eac8,0x00000000ed080000)
  to   space 5120K, 0% used [0x00000000ed080000,0x00000000ed080000,0x00000000ed580000)
 ParOldGen       total 87552K, used 1742K [0x00000000c0000000, 0x00000000c5580000, 0x00000000eab00000)
  object space 87552K, 1% used [0x00000000c0000000,0x00000000c01b3840,0x00000000c5580000)
 Metaspace       used 6095K, capacity 7088K, committed 7296K, reserved 1056768K
  class space    used 598K, capacity 616K, committed 640K, reserved 1048576K

Card table byte_map: [0x0000000001990000,0x0000000001ba0000] byte_map_base: 0x0000000001390000

Marking Bits: (ParMarkBitMap*) 0x000000006914a6c0
 Begin Bits: [0x0000000012600000, 0x0000000013600000)
 End Bits:   [0x0000000013600000, 0x0000000014600000)

Polling page: 0x0000000000f70000

CodeCache: size=245760Kb used=5995Kb max_used=5995Kb free=239764Kb
 bounds [0x0000000003400000, 0x00000000039f0000, 0x0000000012400000]
 total_blobs=1765 nmethods=1502 adapters=176
 compilation: enabled

Compilation events (10 events):
Event: 4.272 Thread 0x00000000151ea800 1427       3       com.android.dx.rop.code.AccessFlags::isAbstract (14 bytes)
Event: 4.272 Thread 0x00000000151ea800 nmethod 1427 0x000000000399c250 code [0x000000000399c3a0, 0x000000000399c530]
Event: 4.272 Thread 0x00000000151ea800 1428       3       com.android.dx.rop.code.Rops::pickBinaryOp (158 bytes)
Event: 4.273 Thread 0x00000000151ea800 nmethod 1428 0x00000000039a6e50 code [0x00000000039a70a0, 0x00000000039a7f38]
Event: 4.274 Thread 0x00000000151ea800 1429       3       com.android.dx.dex.cf.AttributeTranslator::getMethodAnnotations (37 bytes)
Event: 4.276 Thread 0x00000000151ea800 nmethod 1429 0x00000000039a4910 code [0x00000000039a4c00, 0x00000000039a61f8]
Event: 4.276 Thread 0x00000000151ea800 1430       3       com.android.dx.rop.code.Rops::pickIf (154 bytes)
Event: 4.277 Thread 0x00000000151ea800 nmethod 1430 0x00000000039a2d10 code [0x00000000039a2fa0, 0x00000000039a4118]
Event: 4.318 Thread 0x00000000151ea800 1431       1       com.android.dx.rop.cst.CstFloat::getType (4 bytes)
Event: 4.318 Thread 0x00000000151ea800 nmethod 1431 0x000000000399bf90 code [0x000000000399c0e0, 0x000000000399c1f0]

GC Heap History (2 events):
Event: 3.928 GC heap before
{Heap before GC invocations=1 (full 0):
 PSYoungGen      total 38400K, used 33280K [0x00000000eab00000, 0x00000000ed580000, 0x0000000100000000)
  eden space 33280K, 100% used [0x00000000eab00000,0x00000000ecb80000,0x00000000ecb80000)
  from space 5120K, 0% used [0x00000000ed080000,0x00000000ed080000,0x00000000ed580000)
  to   space 5120K, 0% used [0x00000000ecb80000,0x00000000ecb80000,0x00000000ed080000)
 ParOldGen       total 87552K, used 0K [0x00000000c0000000, 0x00000000c5580000, 0x00000000eab00000)
  object space 87552K, 0% used [0x00000000c0000000,0x00000000c0000000,0x00000000c5580000)
 Metaspace       used 5935K, capacity 6960K, committed 7040K, reserved 1056768K
  class space    used 590K, capacity 616K, committed 640K, reserved 1048576K
Event: 4.038 GC heap after
Heap after GC invocations=1 (full 0):
 PSYoungGen      total 38400K, used 5114K [0x00000000eab00000, 0x00000000ed580000, 0x0000000100000000)
  eden space 33280K, 0% used [0x00000000eab00000,0x00000000eab00000,0x00000000ecb80000)
  from space 5120K, 99% used [0x00000000ecb80000,0x00000000ed07eac8,0x00000000ed080000)
  to   space 5120K, 0% used [0x00000000ed080000,0x00000000ed080000,0x00000000ed580000)
 ParOldGen       total 87552K, used 1742K [0x00000000c0000000, 0x00000000c5580000, 0x00000000eab00000)
  object space 87552K, 1% used [0x00000000c0000000,0x00000000c01b3840,0x00000000c5580000)
 Metaspace       used 5935K, capacity 6960K, committed 7040K, reserved 1056768K
  class space    used 590K, capacity 616K, committed 640K, reserved 1048576K
}

Deoptimization events (10 events):
Event: 2.814 Thread 0x0000000016ceb800 Uncommon trap: reason=class_check action=maybe_recompile pc=0x000000000364ecf0 method=com.android.dx.ssa.NormalSsaInsn.accept(Lcom/android/dx/ssa/SsaInsn$Visitor;)V @ 9
Event: 3.123 Thread 0x0000000016c5e800 Uncommon trap: reason=unstable_if action=reinterpret pc=0x00000000036a15dc method=com.android.dx.rop.cst.Constant.compareTo(Lcom/android/dx/rop/cst/Constant;)I @ 12
Event: 4.100 Thread 0x0000000016ceb800 Uncommon trap: reason=null_check action=make_not_entrant pc=0x000000000384a3e8 method=com.android.dx.rop.type.Type.equals(Ljava/lang/Object;)Z @ 8
Event: 4.106 Thread 0x0000000016c5e800 Uncommon trap: reason=unstable_if action=reinterpret pc=0x0000000003915a40 method=com.android.dx.ssa.SCCP.simulateStmt(Lcom/android/dx/ssa/SsaInsn;)V @ 435
Event: 4.113 Thread 0x0000000016c5e800 Uncommon trap: reason=bimorphic action=maybe_recompile pc=0x000000000367a6a4 method=java.util.HashMap.getNode(ILjava/lang/Object;)Ljava/util/HashMap$Node; @ 126
Event: 4.113 Thread 0x0000000016c5e800 Uncommon trap: reason=class_check action=maybe_recompile pc=0x0000000003863800 method=java.util.HashMap.putVal(ILjava/lang/Object;Ljava/lang/Object;ZZ)Ljava/lang/Object; @ 203
Event: 4.225 Thread 0x0000000016c64800 Uncommon trap: reason=bimorphic action=maybe_recompile pc=0x000000000392a768 method=com.android.dx.cf.code.BytecodeArray.parseInstruction(ILcom/android/dx/cf/code/BytecodeArray$Visitor;)I @ 1161
Event: 4.225 Thread 0x0000000016c64800 Uncommon trap: reason=bimorphic action=maybe_recompile pc=0x000000000392a768 method=com.android.dx.cf.code.BytecodeArray.parseInstruction(ILcom/android/dx/cf/code/BytecodeArray$Visitor;)I @ 1161
Event: 4.230 Thread 0x0000000016c5e800 Uncommon trap: reason=bimorphic action=maybe_recompile pc=0x00000000039ab370 method=com.android.dx.ssa.SCCP.simulatePhi(Lcom/android/dx/ssa/PhiInsn;)V @ 124
Event: 4.316 Thread 0x0000000016c5e800 Uncommon trap: reason=bimorphic action=maybe_recompile pc=0x00000000039ab370 method=com.android.dx.ssa.SCCP.simulatePhi(Lcom/android/dx/ssa/PhiInsn;)V @ 124

Internal exceptions (4 events):
Event: 0.135 Thread 0x00000000014ce000 Exception <a 'java/lang/NoSuchMethodError': Method sun.misc.Unsafe.defineClass(Ljava/lang/String;[BII)Ljava/lang/Class; name or signature does not match> (0x00000000eab07c78) thrown at [C:\re\workspace\8-2-build-windows-amd64-cygwin\jdk8u102\7268\hotspot\sBê>?Á?
Event: 0.135 Thread 0x00000000014ce000 Exception <a 'java/lang/NoSuchMethodError': Method sun.misc.Unsafe.prefetchRead(Ljava/lang/Object;J)V name or signature does not match> (0x00000000eab07f60) thrown at [C:\re\workspace\8-2-build-windows-amd64-cygwin\jdk8u102\7268\hotspot\src\share\vm\prims\¸óg³~@
Event: 2.812 Thread 0x0000000016ceb800 Implicit null exception at 0x0000000003699fef to 0x000000000369b869
Event: 4.100 Thread 0x0000000016ceb800 Implicit null exception at 0x000000000384a2e2 to 0x000000000384a3da

Events (10 events):
Event: 4.225 Thread 0x0000000016c64800 Uncommon trap: trap_request=0xffffffc6 fr.pc=0x000000000392a768
Event: 4.225 Thread 0x0000000016c64800 DEOPT PACKING pc=0x000000000392a768 sp=0x00000000173ceac0
Event: 4.225 Thread 0x0000000016c64800 DEOPT UNPACKING pc=0x000000000344582a sp=0x00000000173cea48 mode 2
Event: 4.228 Thread 0x0000000016c64800 Thread exited: 0x0000000016c64800
Event: 4.230 Thread 0x0000000016c5e800 Uncommon trap: trap_request=0xffffffc6 fr.pc=0x00000000039ab370
Event: 4.230 Thread 0x0000000016c5e800 DEOPT PACKING pc=0x00000000039ab370 sp=0x00000000171ce840
Event: 4.230 Thread 0x0000000016c5e800 DEOPT UNPACKING pc=0x000000000344582a sp=0x00000000171ce808 mode 2
Event: 4.316 Thread 0x0000000016c5e800 Uncommon trap: trap_request=0xffffffc6 fr.pc=0x00000000039ab370
Event: 4.316 Thread 0x0000000016c5e800 DEOPT PACKING pc=0x00000000039ab370 sp=0x00000000171ce8c0
Event: 4.316 Thread 0x0000000016c5e800 DEOPT UNPACKING pc=0x000000000344582a sp=0x00000000171ce888 mode 2


Dynamic libraries:
0x00007ff60a4e0000 - 0x00007ff60a517000 	C:\Program Files\Java\jdk1.8.0_102\bin\java.exe
0x00007ffde1c50000 - 0x00007ffde1dfd000 	C:\Windows\SYSTEM32\ntdll.dll
0x00007ffddf310000 - 0x00007ffddf44e000 	C:\Windows\system32\KERNEL32.DLL
0x00007ffddeef0000 - 0x00007ffddf005000 	C:\Windows\system32\KERNELBASE.dll
0x00007ffddd930000 - 0x00007ffddd9be000 	C:\Windows\system32\apphelp.dll
0x00007ffdc1e50000 - 0x00007ffdc1ea3000 	C:\Windows\AppPatch\AppPatch64\AcGenral.DLL
0x00007ffde0ea0000 - 0x00007ffde0f4a000 	C:\Windows\system32\msvcrt.dll
0x00007ffddf0c0000 - 0x00007ffddf0ee000 	C:\Windows\system32\SspiCli.dll
0x00007ffde1bf0000 - 0x00007ffde1c44000 	C:\Windows\system32\SHLWAPI.dll
0x00007ffde11f0000 - 0x00007ffde1367000 	C:\Windows\system32\USER32.dll
0x00007ffde1a50000 - 0x00007ffde1be4000 	C:\Windows\system32\ole32.dll
0x00007ffddf770000 - 0x00007ffde0c99000 	C:\Windows\system32\SHELL32.dll
0x00007ffdde390000 - 0x00007ffdde3b1000 	C:\Windows\SYSTEM32\USERENV.dll
0x00007ffde0cb0000 - 0x00007ffde0d5a000 	C:\Windows\system32\ADVAPI32.dll
0x00007ffdd0870000 - 0x00007ffdd088e000 	C:\Windows\SYSTEM32\MPR.dll
0x00007ffde1910000 - 0x00007ffde1a50000 	C:\Windows\system32\RPCRT4.dll
0x00007ffde1190000 - 0x00007ffde11e9000 	C:\Windows\SYSTEM32\sechost.dll
0x00007ffde1380000 - 0x00007ffde1592000 	C:\Windows\SYSTEM32\combase.dll
0x00007ffddf5b0000 - 0x00007ffddf6fb000 	C:\Windows\system32\GDI32.dll
0x00007ffdded70000 - 0x00007ffdded85000 	C:\Windows\SYSTEM32\profapi.dll
0x00007ffddd340000 - 0x00007ffddd3f2000 	C:\Windows\SYSTEM32\SHCORE.dll
0x00007ffddf2d0000 - 0x00007ffddf306000 	C:\Windows\system32\IMM32.DLL
0x00007ffddf450000 - 0x00007ffddf5a2000 	C:\Windows\system32\MSCTF.dll
0x00007ffddcca0000 - 0x00007ffddcf1b000 	C:\Windows\WinSxS\amd64_microsoft.windows.common-controls_6595b64144ccf1df_6.0.9600.18006_none_623f33d3ecbe86e8\COMCTL32.dll
0x00000000691d0000 - 0x00000000692a1000 	C:\Program Files\Java\jdk1.8.0_102\jre\bin\msvcr100.dll
0x0000000068930000 - 0x00000000691ca000 	C:\Program Files\Java\jdk1.8.0_102\jre\bin\server\jvm.dll
0x00007ffdd50e0000 - 0x00007ffdd50e9000 	C:\Windows\SYSTEM32\WSOCK32.dll
0x00007ffdda5c0000 - 0x00007ffdda5e2000 	C:\Windows\SYSTEM32\WINMM.dll
0x00007ffdda5f0000 - 0x00007ffdda5fa000 	C:\Windows\SYSTEM32\VERSION.dll
0x00007ffde0ca0000 - 0x00007ffde0ca7000 	C:\Windows\system32\PSAPI.DLL
0x00007ffde0d60000 - 0x00007ffde0dba000 	C:\Windows\system32\WS2_32.dll
0x00007ffdda580000 - 0x00007ffdda5aa000 	C:\Windows\SYSTEM32\WINMMBASE.dll
0x00007ffddf700000 - 0x00007ffddf709000 	C:\Windows\system32\NSI.dll
0x00007ffddf070000 - 0x00007ffddf0bf000 	C:\Windows\SYSTEM32\cfgmgr32.dll
0x00007ffdddba0000 - 0x00007ffdddbc8000 	C:\Windows\SYSTEM32\DEVOBJ.dll
0x0000000068920000 - 0x000000006892f000 	C:\Program Files\Java\jdk1.8.0_102\jre\bin\verify.dll
0x00000000688f0000 - 0x0000000068919000 	C:\Program Files\Java\jdk1.8.0_102\jre\bin\java.dll
0x00000000688d0000 - 0x00000000688e6000 	C:\Program Files\Java\jdk1.8.0_102\jre\bin\zip.dll

VM Arguments:
jvm_args: -Djava.awt.headless=true -Xmx1024M -Dfile.encoding=windows-1252 -Duser.country=IN -Duser.language=en -Duser.variant 
java_command: com.android.dx.command.Main --dex --num-threads=4 --output C:\Users\Padhavi\Downloads\android files\ngoconnect\app\build\intermediates\pre-dexed\debug\com.android.support-support-core-utils-25.0.1_42120c13fea35a4be065abf1ced584556eb81ace.jar C:\Users\Padhavi\Downloads\android files\ngoconnect\app\build\intermediates\exploded-aar\com.android.support\support-core-utils\25.0.1\jars\classes.jar
java_class_path (initial): C:\Users\Padhavi\AppData\Local\Android\sdk\build-tools\24.0.3\lib\dx.jar
Launcher Type: SUN_STANDARD

Environment Variables:
JAVA_HOME=C:\Program Files\Java\jdk1.8.0_121
PATH=C:\oraclexe\app\oracle\product\11.2.0\server\bin;C:\ProgramData\Oracle\Java\javapath;C:\Program Files\Broadcom\Broadcom 802.11;C:\Program Files (x86)\NVIDIA Corporation\PhysX\Common;C:\Program Files (x86)\Intel\iCLS Client\;C:\Program Files\Intel\iCLS Client\;C:\Windows\system32;C:\Windows;C:\Windows\System32\Wbem;C:\Windows\System32\WindowsPowerShell\v1.0\;C:\Program Files\Hewlett-Packard\SimplePass\;C:\Program Files\Intel\Intel(R) Management Engine Components\DAL;C:\Program Files\Intel\Intel(R) Management Engine Components\IPT;C:\Program Files (x86)\Intel\Intel(R) Management Engine Components\DAL;C:\Program Files (x86)\Intel\Intel(R) Management Engine Components\IPT;C:\Program Files (x86)\Windows Live\Shared;C:\Program Files (x86)\Common Files\lenovo\easyplussdk\bin;C:\Program Files\MATLAB\R2016a\bin;C:\Program Files\nodejs\;C:\Program Files\Git\cmd;C:\Users\Padhavi\AppData\Roaming\npm;C:\Program Files\PuTTY\;C:\oraclexe\app\oracle\product\11.2.0\server\bin;;C:\ProgramData\Oracle\Java\javapath;C:\Program Files\Broadcom\Broadcom 802.11;C:\Program Files (x86)\NVIDIA Corporation\PhysX\Common;C:\Program Files (x86)\Intel\iCLS Client\;C:\Program Files\Intel\iCLS Client\;C:\Windows\system32;C:\Windows;C:\Windows\System32\Wbem;C:\Windows\System32\WindowsPowerShell\v1.0\;C:\Program Files\Hewlett-Packard\SimplePass\;C:\Program Files\Intel\Intel(R) Management Engine Components\DAL;C:\Program Files\Intel\Intel(R) Management Engine Components\IPT;C:\Program Files (x86)\Intel\Intel(R) Management Engine Components\DAL;C:\Program Files (x86)\Intel\Intel(R) Management Engine Components\IPT;C:\Program Files (x86)\Windows Live\Shared;C:\Program Files (x86)\Common Files\lenovo\easyplussdk\bin;C:\Program Files\MATLAB\R2016a\bin;C:\Program Files\nodejs\;C:\Program Files (x86)\Skype\Phone\;c:\Python27\;C:\Python34\Scripts
USERNAME=Padhavi
OS=Windows_NT
PROCESSOR_IDENTIFIER=Intel64 Family 6 Model 69 Stepping 1, GenuineIntel



---------------  S Y S T E M  ---------------

OS: Windows 8.1 , 64 bit Build 9600 (6.3.9600.17415)

CPU:total 4 (2 cores per cpu, 2 threads per core) family 6 model 69 stepping 1, cmov, cx8, fxsr, mmx, sse, sse2, sse3, ssse3, sse4.1, sse4.2, popcnt, avx, avx2, aes, clmul, erms, lzcnt, ht, tsc, tscinvbit, bmi1, bmi2

Memory: 4k page, physical 8317080k(1197104k free), swap 11462808k(6740k free)

vm_info: Java HotSpot(TM) 64-Bit Server VM (25.102-b14) for windows-amd64 JRE (1.8.0_102-b14), built on Jun 22 2016 13:15:21 by "java_re" with MS VC++ 10.0 (VS2010)

time: Sun Jul 09 04:25:42 2017
elapsed time: 4 seconds (0d 0h 0m 4s)

