#
# There is insufficient memory for the Java Runtime Environment to continue.
# Native memory allocation (malloc) failed to allocate 1318592 bytes for Chunk::new
# Possible reasons:
#   The system is out of physical RAM or swap space
#   In 32 bit mode, the process size limit was hit
# Possible solutions:
#   Reduce memory load on the system
#   Increase physical memory or swap space
#   Check if swap backing store is full
#   Use 64 bit Java on a 64 bit OS
#   Decrease Java heap size (-Xmx/-Xms)
#   Decrease number of Java threads
#   Decrease Java thread stack sizes (-Xss)
#   Set larger code cache with -XX:ReservedCodeCacheSize=
# This output file may be truncated or incomplete.
#
#  Out of Memory Error (allocation.cpp:390), pid=13156, tid=0x0000000000002b98
#
# JRE version: Java(TM) SE Runtime Environment (8.0_102-b14) (build 1.8.0_102-b14)
# Java VM: Java HotSpot(TM) 64-Bit Server VM (25.102-b14 mixed mode windows-amd64 compressed oops)
# Failed to write core dump. Minidumps are not enabled by default on client versions of Windows
#

---------------  T H R E A D  ---------------

Current thread (0x0000000014621000):  JavaThread "C2 CompilerThread1" daemon [_thread_in_native, id=11160, stack(0x0000000015c30000,0x0000000015d30000)]

Stack: [0x0000000015c30000,0x0000000015d30000]
[error occurred during error reporting (printing stack bounds), id 0xc0000005]

Native frames: (J=compiled Java code, j=interpreted, Vv=VM code, C=native code)


Current CompileTask:
C2:   5238 1391   !   4       com.android.dx.cf.cst.ConstantPoolParser::parse0 (731 bytes)


---------------  P R O C E S S  ---------------

Java Threads: ( => current thread )
  0x0000000015fb4000 JavaThread "pool-1-thread-4" [_thread_in_vm, id=9980, stack(0x0000000016830000,0x0000000016930000)]
  0x0000000015fb3800 JavaThread "pool-1-thread-3" [_thread_in_Java, id=8016, stack(0x0000000016730000,0x0000000016830000)]
  0x0000000015fb0800 JavaThread "pool-1-thread-2" [_thread_in_vm, id=11992, stack(0x0000000016630000,0x0000000016730000)]
  0x0000000015ffc000 JavaThread "pool-2-thread-1" [_thread_blocked, id=8684, stack(0x0000000016530000,0x0000000016630000)]
  0x0000000015fff800 JavaThread "pool-1-thread-1" [_thread_blocked, id=15076, stack(0x0000000016430000,0x0000000016530000)]
  0x000000001462e000 JavaThread "Service Thread" daemon [_thread_blocked, id=9636, stack(0x0000000016230000,0x0000000016330000)]
  0x0000000014629000 JavaThread "C1 CompilerThread2" daemon [_thread_in_native, id=11564, stack(0x0000000016130000,0x0000000016230000)]
=>0x0000000014621000 JavaThread "C2 CompilerThread1" daemon [_thread_in_native, id=11160, stack(0x0000000015c30000,0x0000000015d30000)]
  0x00000000145cf000 JavaThread "C2 CompilerThread0" daemon [_thread_in_native, id=10136, stack(0x0000000015b30000,0x0000000015c30000)]
  0x00000000145cc000 JavaThread "Attach Listener" daemon [_thread_blocked, id=12160, stack(0x0000000015a30000,0x0000000015b30000)]
  0x00000000145cb800 JavaThread "Signal Dispatcher" daemon [_thread_blocked, id=14448, stack(0x0000000015930000,0x0000000015a30000)]
  0x00000000145ba800 JavaThread "Finalizer" daemon [_thread_blocked, id=8892, stack(0x0000000015830000,0x0000000015930000)]
  0x0000000001dc0000 JavaThread "Reference Handler" daemon [_thread_blocked, id=10032, stack(0x0000000015730000,0x0000000015830000)]
  0x0000000001ebe000 JavaThread "main" [_thread_in_vm, id=2876, stack(0x0000000001b10000,0x0000000001c10000)]

Other Threads:
  0x0000000014597800 VMThread [stack: 0x0000000015630000,0x0000000015730000] [id=13080]
  0x0000000015d45000 WatcherThread [stack: 0x0000000016330000,0x0000000016430000] [id=12636]

VM state:not at safepoint (normal execution)

VM Mutex/Monitor currently owned by a thread: None

Heap:
 PSYoungGen      total 38400K, used 32942K [0x00000000eab00000, 0x00000000ed580000, 0x0000000100000000)
  eden space 33280K, 83% used [0x00000000eab00000,0x00000000ec62f8b8,0x00000000ecb80000)
  from space 5120K, 99% used [0x00000000ecb80000,0x00000000ed07c218,0x00000000ed080000)
  to   space 5120K, 0% used [0x00000000ed080000,0x00000000ed080000,0x00000000ed580000)
 ParOldGen       total 87552K, used 1479K [0x00000000c0000000, 0x00000000c5580000, 0x00000000eab00000)
  object space 87552K, 1% used [0x00000000c0000000,0x00000000c0171e70,0x00000000c5580000)
 Metaspace       used 6142K, capacity 7026K, committed 7296K, reserved 1056768K
  class space    used 597K, capacity 618K, committed 640K, reserved 1048576K

Card table byte_map: [0x00000000113c0000,0x00000000115d0000] byte_map_base: 0x0000000010dc0000

Marking Bits: (ParMarkBitMap*) 0x000000006914a6c0
 Begin Bits: [0x0000000011a30000, 0x0000000012a30000)
 End Bits:   [0x0000000012a30000, 0x0000000013a30000)

Polling page: 0x0000000000280000

CodeCache: size=245760Kb used=6335Kb max_used=6335Kb free=239424Kb
 bounds [0x0000000002000000, 0x0000000002640000, 0x0000000011000000]
 total_blobs=1772 nmethods=1504 adapters=181
 compilation: enabled

Compilation events (10 events):
Event: 5.175 Thread 0x0000000014629000 1508       3       com.android.dx.cf.code.ExecutionStack::clear (40 bytes)
Event: 5.176 Thread 0x0000000014629000 nmethod 1508 0x00000000025dd110 code [0x00000000025dd2c0, 0x00000000025dd828]
Event: 5.176 Thread 0x0000000014629000 1509       3       com.android.dx.cf.code.Ropper$CatchInfo::getSetup (53 bytes)
Event: 5.177 Thread 0x0000000014629000 nmethod 1509 0x00000000026323d0 code [0x00000000026325a0, 0x0000000002632c88]
Event: 5.178 Thread 0x0000000014629000 1510       1       com.android.dx.rop.cst.CstType::getType (4 bytes)
Event: 5.178 Thread 0x0000000014629000 nmethod 1510 0x00000000025dce50 code [0x00000000025dcfa0, 0x00000000025dd0b0]
Event: 5.179 Thread 0x0000000014629000 1511       3       com.android.dx.rop.type.Type::isArray (19 bytes)
Event: 5.179 Thread 0x0000000014629000 nmethod 1511 0x0000000002632fd0 code [0x0000000002633160, 0x0000000002633508]
Event: 5.181 Thread 0x0000000014629000 1512       3       java.util.BitSet::trimToSize (32 bytes)
Event: 5.182 Thread 0x0000000014629000 nmethod 1512 0x0000000002633690 code [0x0000000002633820, 0x0000000002633c58]

GC Heap History (2 events):
Event: 4.423 GC heap before
{Heap before GC invocations=1 (full 0):
 PSYoungGen      total 38400K, used 33280K [0x00000000eab00000, 0x00000000ed580000, 0x0000000100000000)
  eden space 33280K, 100% used [0x00000000eab00000,0x00000000ecb80000,0x00000000ecb80000)
  from space 5120K, 0% used [0x00000000ed080000,0x00000000ed080000,0x00000000ed580000)
  to   space 5120K, 0% used [0x00000000ecb80000,0x00000000ecb80000,0x00000000ed080000)
 ParOldGen       total 87552K, used 0K [0x00000000c0000000, 0x00000000c5580000, 0x00000000eab00000)
  object space 87552K, 0% used [0x00000000c0000000,0x00000000c0000000,0x00000000c5580000)
 Metaspace       used 5998K, capacity 6898K, committed 7040K, reserved 1056768K
  class space    used 595K, capacity 618K, committed 640K, reserved 1048576K
Event: 4.520 GC heap after
Heap after GC invocations=1 (full 0):
 PSYoungGen      total 38400K, used 5104K [0x00000000eab00000, 0x00000000ed580000, 0x0000000100000000)
  eden space 33280K, 0% used [0x00000000eab00000,0x00000000eab00000,0x00000000ecb80000)
  from space 5120K, 99% used [0x00000000ecb80000,0x00000000ed07c218,0x00000000ed080000)
  to   space 5120K, 0% used [0x00000000ed080000,0x00000000ed080000,0x00000000ed580000)
 ParOldGen       total 87552K, used 1479K [0x00000000c0000000, 0x00000000c5580000, 0x00000000eab00000)
  object space 87552K, 1% used [0x00000000c0000000,0x00000000c0171e70,0x00000000c5580000)
 Metaspace       used 5998K, capacity 6898K, committed 7040K, reserved 1056768K
  class space    used 595K, capacity 618K, committed 640K, reserved 1048576K
}

Deoptimization events (10 events):
Event: 4.548 Thread 0x0000000015fb0800 Uncommon trap: reason=unstable_if action=reinterpret pc=0x00000000024dddcc method=com.android.dx.ssa.SCCP.simulateBranch(Lcom/android/dx/ssa/SsaInsn;)V @ 118
Event: 4.556 Thread 0x0000000015fb0800 Uncommon trap: reason=class_check action=maybe_recompile pc=0x0000000002457f78 method=com.android.dx.cf.code.BytecodeArray.parseInstruction(ILcom/android/dx/cf/code/BytecodeArray$Visitor;)I @ 1019
Event: 4.806 Thread 0x0000000015fb3800 Uncommon trap: reason=unstable_if action=reinterpret pc=0x0000000002469500 method=com.android.dx.ssa.MoveParamCombiner$1.visitNonMoveInsn(Lcom/android/dx/ssa/NormalSsaInsn;)V @ 27
Event: 4.821 Thread 0x0000000015fb0800 Uncommon trap: reason=unstable_if action=reinterpret pc=0x00000000023d8abc method=com.android.dx.util.IntList.binarysearch(I)I @ 105
Event: 4.836 Thread 0x0000000015fff800 Uncommon trap: reason=unstable_if action=reinterpret pc=0x000000000242a8d0 method=com.android.dx.ssa.SCCP.simulateStmt(Lcom/android/dx/ssa/SsaInsn;)V @ 59
Event: 4.836 Thread 0x0000000015fff800 Uncommon trap: reason=bimorphic action=maybe_recompile pc=0x000000000249c49c method=com.android.dx.ssa.LiteralOpUpgrader.tryReplacingWithConstant(Lcom/android/dx/ssa/NormalSsaInsn;)Z @ 62
Event: 4.836 Thread 0x0000000015fff800 Uncommon trap: reason=unstable_if action=reinterpret pc=0x00000000023d70dc method=com.android.dx.ssa.SsaMethod.updateOneDefinition(Lcom/android/dx/ssa/SsaInsn;Lcom/android/dx/rop/code/RegisterSpec;)V @ 4
Event: 5.132 Thread 0x0000000015fb3800 Uncommon trap: reason=bimorphic action=maybe_recompile pc=0x00000000025f8cf8 method=com.android.dx.cf.code.BytecodeArray.parseInstruction(ILcom/android/dx/cf/code/BytecodeArray$Visitor;)I @ 907
Event: 5.133 Thread 0x0000000015fb3800 Uncommon trap: reason=bimorphic action=maybe_recompile pc=0x00000000025f8cf8 method=com.android.dx.cf.code.BytecodeArray.parseInstruction(ILcom/android/dx/cf/code/BytecodeArray$Visitor;)I @ 907
Event: 5.151 Thread 0x0000000015fb3800 Uncommon trap: reason=unstable_if action=reinterpret pc=0x00000000025fc168 method=com.android.dx.cf.code.ByteCatchList.listFor(I)Lcom/android/dx/cf/code/ByteCatchList; @ 47

Internal exceptions (2 events):
Event: 0.054 Thread 0x0000000001ebe000 Exception <a 'java/lang/NoSuchMethodError': Method sun.misc.Unsafe.defineClass(Ljava/lang/String;[BII)Ljava/lang/Class; name or signature does not match> (0x00000000eab07c78) thrown at [C:\re\workspace\8-2-build-windows-amd64-cygwin\jdk8u102\7268\hotspot\sz
К9СтЂ?
Event: 0.055 Thread 0x0000000001ebe000 Exception <a 'java/lang/NoSuchMethodError': Method sun.misc.Unsafe.prefetchRead(Ljava/lang/Object;J)V name or signature does not match> (0x00000000eab07f60) thrown at [C:\re\workspace\8-2-build-windows-amd64-cygwin\jdk8u102\7268\hotspot\src\share\vm\prims\

Events (10 events):
Event: 4.836 Thread 0x0000000015fff800 DEOPT UNPACKING pc=0x000000000204582a sp=0x000000001652ebe8 mode 2
Event: 5.132 Thread 0x0000000015fb3800 Uncommon trap: trap_request=0xffffffc6 fr.pc=0x00000000025f8cf8
Event: 5.132 Thread 0x0000000015fb3800 DEOPT PACKING pc=0x00000000025f8cf8 sp=0x000000001682e970
Event: 5.132 Thread 0x0000000015fb3800 DEOPT UNPACKING pc=0x000000000204582a sp=0x000000001682e938 mode 2
Event: 5.133 Thread 0x0000000015fb3800 Uncommon trap: trap_request=0xffffffc6 fr.pc=0x00000000025f8cf8
Event: 5.133 Thread 0x0000000015fb3800 DEOPT PACKING pc=0x00000000025f8cf8 sp=0x000000001682e730
Event: 5.133 Thread 0x0000000015fb3800 DEOPT UNPACKING pc=0x000000000204582a sp=0x000000001682e6f8 mode 2
Event: 5.151 Thread 0x0000000015fb3800 Uncommon trap: trap_request=0xffffff65 fr.pc=0x00000000025fc168
Event: 5.151 Thread 0x0000000015fb3800 DEOPT PACKING pc=0x00000000025fc168 sp=0x000000001682eb00
Event: 5.151 Thread 0x0000000015fb3800 DEOPT UNPACKING pc=0x000000000204582a sp=0x000000001682e950 mode 2


Dynamic libraries:
0x00007ff60a4e0000 - 0x00007ff60a517000 	C:\Program Files\Java\jdk1.8.0_102\bin\java.exe
0x00007ffde1c50000 - 0x00007ffde1dfd000 	C:\Windows\SYSTEM32\ntdll.dll
0x00007ffddf310000 - 0x00007ffddf44e000 	C:\Windows\system32\KERNEL32.DLL
0x00007ffddeef0000 - 0x00007ffddf005000 	C:\Windows\system32\KERNELBASE.dll
0x00007ffddd930000 - 0x00007ffddd9be000 	C:\Windows\system32\apphelp.dll
0x00007ffdc1e50000 - 0x00007ffdc1ea3000 	C:\Windows\AppPatch\AppPatch64\AcGenral.DLL
0x00007ffde0ea0000 - 0x00007ffde0f4a000 	C:\Windows\system32\msvcrt.dll
0x00007ffddf0c0000 - 0x00007ffddf0ee000 	C:\Windows\system32\SspiCli.dll
0x00007ffde1bf0000 - 0x00007ffde1c44000 	C:\Windows\system32\SHLWAPI.dll
0x00007ffde11f0000 - 0x00007ffde1367000 	C:\Windows\system32\USER32.dll
0x00007ffde1a50000 - 0x00007ffde1be4000 	C:\Windows\system32\ole32.dll
0x00007ffddf770000 - 0x00007ffde0c99000 	C:\Windows\system32\SHELL32.dll
0x00007ffdde390000 - 0x00007ffdde3b1000 	C:\Windows\SYSTEM32\USERENV.dll
0x00007ffde0cb0000 - 0x00007ffde0d5a000 	C:\Windows\system32\ADVAPI32.dll
0x00007ffdd0870000 - 0x00007ffdd088e000 	C:\Windows\SYSTEM32\MPR.dll
0x00007ffde1910000 - 0x00007ffde1a50000 	C:\Windows\system32\RPCRT4.dll
0x00007ffde1190000 - 0x00007ffde11e9000 	C:\Windows\SYSTEM32\sechost.dll
0x00007ffde1380000 - 0x00007ffde1592000 	C:\Windows\SYSTEM32\combase.dll
0x00007ffddf5b0000 - 0x00007ffddf6fb000 	C:\Windows\system32\GDI32.dll
0x00007ffdded70000 - 0x00007ffdded85000 	C:\Windows\SYSTEM32\profapi.dll
0x00007ffddd340000 - 0x00007ffddd3f2000 	C:\Windows\SYSTEM32\SHCORE.dll
0x00007ffddf2d0000 - 0x00007ffddf306000 	C:\Windows\system32\IMM32.DLL
0x00007ffddf450000 - 0x00007ffddf5a2000 	C:\Windows\system32\MSCTF.dll
0x00007ffddcca0000 - 0x00007ffddcf1b000 	C:\Windows\WinSxS\amd64_microsoft.windows.common-controls_6595b64144ccf1df_6.0.9600.18006_none_623f33d3ecbe86e8\COMCTL32.dll
0x00000000691d0000 - 0x00000000692a1000 	C:\Program Files\Java\jdk1.8.0_102\jre\bin\msvcr100.dll
0x0000000068930000 - 0x00000000691ca000 	C:\Program Files\Java\jdk1.8.0_102\jre\bin\server\jvm.dll
0x00007ffdd50e0000 - 0x00007ffdd50e9000 	C:\Windows\SYSTEM32\WSOCK32.dll
0x00007ffdda5c0000 - 0x00007ffdda5e2000 	C:\Windows\SYSTEM32\WINMM.dll
0x00007ffdda5f0000 - 0x00007ffdda5fa000 	C:\Windows\SYSTEM32\VERSION.dll
0x00007ffde0ca0000 - 0x00007ffde0ca7000 	C:\Windows\system32\PSAPI.DLL
0x00007ffde0d60000 - 0x00007ffde0dba000 	C:\Windows\system32\WS2_32.dll
0x00007ffdda580000 - 0x00007ffdda5aa000 	C:\Windows\SYSTEM32\WINMMBASE.dll
0x00007ffddf700000 - 0x00007ffddf709000 	C:\Windows\system32\NSI.dll
0x00007ffddf070000 - 0x00007ffddf0bf000 	C:\Windows\SYSTEM32\cfgmgr32.dll
0x00007ffdddba0000 - 0x00007ffdddbc8000 	C:\Windows\SYSTEM32\DEVOBJ.dll
0x0000000068920000 - 0x000000006892f000 	C:\Program Files\Java\jdk1.8.0_102\jre\bin\verify.dll
0x00000000688f0000 - 0x0000000068919000 	C:\Program Files\Java\jdk1.8.0_102\jre\bin\java.dll
0x00000000688d0000 - 0x00000000688e6000 	C:\Program Files\Java\jdk1.8.0_102\jre\bin\zip.dll

VM Arguments:
jvm_args: -Djava.awt.headless=true -Xmx1024M -Dfile.encoding=windows-1252 -Duser.country=IN -Duser.language=en -Duser.variant 
java_command: com.android.dx.command.Main --dex --num-threads=4 --output C:\Users\Padhavi\Downloads\android files\ngoconnect\app\build\intermediates\pre-dexed\debug\com.google.firebase-firebase-database-connection-10.0.1_7fd1feb8dc218fb2e736a66b484f14de8499f127.jar C:\Users\Padhavi\Downloads\android files\ngoconnect\app\build\intermediates\exploded-aar\com.google.firebase\firebase-database-connection\10.0.1\jars\classes.jar
java_class_path (initial): C:\Users\Padhavi\AppData\Local\Android\sdk\build-tools\24.0.3\lib\dx.jar
Launcher Type: SUN_STANDARD

Environment Variables:
JAVA_HOME=C:\Program Files\Java\jdk1.8.0_121
PATH=C:\oraclexe\app\oracle\product\11.2.0\server\bin;C:\ProgramData\Oracle\Java\javapath;C:\Program Files\Broadcom\Broadcom 802.11;C:\Program Files (x86)\NVIDIA Corporation\PhysX\Common;C:\Program Files (x86)\Intel\iCLS Client\;C:\Program Files\Intel\iCLS Client\;C:\Windows\system32;C:\Windows;C:\Windows\System32\Wbem;C:\Windows\System32\WindowsPowerShell\v1.0\;C:\Program Files\Hewlett-Packard\SimplePass\;C:\Program Files\Intel\Intel(R) Management Engine Components\DAL;C:\Program Files\Intel\Intel(R) Management Engine Components\IPT;C:\Program Files (x86)\Intel\Intel(R) Management Engine Components\DAL;C:\Program Files (x86)\Intel\Intel(R) Management Engine Components\IPT;C:\Program Files (x86)\Windows Live\Shared;C:\Program Files (x86)\Common Files\lenovo\easyplussdk\bin;C:\Program Files\MATLAB\R2016a\bin;C:\Program Files\nodejs\;C:\Program Files\Git\cmd;C:\Users\Padhavi\AppData\Roaming\npm;C:\Program Files\PuTTY\;C:\oraclexe\app\oracle\product\11.2.0\server\bin;;C:\ProgramData\Oracle\Java\javapath;C:\Program Files\Broadcom\Broadcom 802.11;C:\Program Files (x86)\NVIDIA Corporation\PhysX\Common;C:\Program Files (x86)\Intel\iCLS Client\;C:\Program Files\Intel\iCLS Client\;C:\Windows\system32;C:\Windows;C:\Windows\System32\Wbem;C:\Windows\System32\WindowsPowerShell\v1.0\;C:\Program Files\Hewlett-Packard\SimplePass\;C:\Program Files\Intel\Intel(R) Management Engine Components\DAL;C:\Program Files\Intel\Intel(R) Management Engine Components\IPT;C:\Program Files (x86)\Intel\Intel(R) Management Engine Components\DAL;C:\Program Files (x86)\Intel\Intel(R) Management Engine Components\IPT;C:\Program Files (x86)\Windows Live\Shared;C:\Program Files (x86)\Common Files\lenovo\easyplussdk\bin;C:\Program Files\MATLAB\R2016a\bin;C:\Program Files\nodejs\;C:\Program Files (x86)\Skype\Phone\;c:\Python27\;C:\Python34\Scripts
USERNAME=Padhavi
OS=Windows_NT
PROCESSOR_IDENTIFIER=Intel64 Family 6 Model 69 Stepping 1, GenuineIntel



---------------  S Y S T E M  ---------------

OS: Windows 8.1 , 64 bit Build 9600 (6.3.9600.17415)

CPU:total 4 (2 cores per cpu, 2 threads per core) family 6 model 69 stepping 1, cmov, cx8, fxsr, mmx, sse, sse2, sse3, ssse3, sse4.1, sse4.2, popcnt, avx, avx2, aes, clmul, erms, lzcnt, ht, tsc, tscinvbit, bmi1, bmi2

Memory: 4k page, physical 8317080k(1096940k free), swap 11462808k(5772k free)

vm_info: Java HotSpot(TM) 64-Bit Server VM (25.102-b14) for windows-amd64 JRE (1.8.0_102-b14), built on Jun 22 2016 13:15:21 by "java_re" with MS VC++ 10.0 (VS2010)

time: Sun Jul 09 04:35:23 2017
elapsed time: 5 seconds (0d 0h 0m 5s)

