#
# There is insufficient memory for the Java Runtime Environment to continue.
# Native memory allocation (malloc) failed to allocate 260688 bytes for Chunk::new
# Possible reasons:
#   The system is out of physical RAM or swap space
#   In 32 bit mode, the process size limit was hit
# Possible solutions:
#   Reduce memory load on the system
#   Increase physical memory or swap space
#   Check if swap backing store is full
#   Use 64 bit Java on a 64 bit OS
#   Decrease Java heap size (-Xmx/-Xms)
#   Decrease number of Java threads
#   Decrease Java thread stack sizes (-Xss)
#   Set larger code cache with -XX:ReservedCodeCacheSize=
# This output file may be truncated or incomplete.
#
#  Out of Memory Error (allocation.cpp:390), pid=5972, tid=0x00000000000039ac
#
# JRE version: Java(TM) SE Runtime Environment (8.0_102-b14) (build 1.8.0_102-b14)
# Java VM: Java HotSpot(TM) 64-Bit Server VM (25.102-b14 mixed mode windows-amd64 compressed oops)
# Failed to write core dump. Minidumps are not enabled by default on client versions of Windows
#

---------------  T H R E A D  ---------------

Current thread (0x0000000001f4e800):  JavaThread "C2 CompilerThread0" daemon [_thread_in_native, id=14764, stack(0x00000000161d0000,0x00000000162d0000)]

Stack: [0x00000000161d0000,0x00000000162d0000]
[error occurred during error reporting (printing stack bounds), id 0xc0000005]

Native frames: (J=compiled Java code, j=interpreted, Vv=VM code, C=native code)


Current CompileTask:
C2:   5064 1462   !   4       com.android.dx.cf.code.BytecodeArray::parseInstruction (2764 bytes)


---------------  P R O C E S S  ---------------

Java Threads: ( => current thread )
  0x0000000016826000 JavaThread "pool-1-thread-4" [_thread_in_Java, id=10484, stack(0x00000000176d0000,0x00000000177d0000)]
  0x0000000016825000 JavaThread "pool-1-thread-3" [_thread_in_Java, id=5364, stack(0x00000000175d0000,0x00000000176d0000)]
  0x0000000016824800 JavaThread "pool-1-thread-2" [_thread_in_Java, id=660, stack(0x00000000174d0000,0x00000000175d0000)]
  0x0000000016823800 JavaThread "pool-2-thread-1" [_thread_blocked, id=14440, stack(0x00000000173d0000,0x00000000174d0000)]
  0x0000000016821000 JavaThread "pool-1-thread-1" [_thread_in_Java, id=5048, stack(0x00000000172d0000,0x00000000173d0000)]
  0x00000000164d3000 JavaThread "Service Thread" daemon [_thread_blocked, id=7832, stack(0x00000000168d0000,0x00000000169d0000)]
  0x0000000001fac000 JavaThread "C1 CompilerThread2" daemon [_thread_blocked, id=1824, stack(0x00000000163d0000,0x00000000164d0000)]
  0x0000000001f53000 JavaThread "C2 CompilerThread1" daemon [_thread_in_vm, id=5296, stack(0x00000000162d0000,0x00000000163d0000)]
=>0x0000000001f4e800 JavaThread "C2 CompilerThread0" daemon [_thread_in_native, id=14764, stack(0x00000000161d0000,0x00000000162d0000)]
  0x0000000001f4c000 JavaThread "Attach Listener" daemon [_thread_blocked, id=13644, stack(0x00000000160d0000,0x00000000161d0000)]
  0x0000000001f4b000 JavaThread "Signal Dispatcher" daemon [_thread_blocked, id=14632, stack(0x0000000015fd0000,0x00000000160d0000)]
  0x0000000001f3a800 JavaThread "Finalizer" daemon [_thread_blocked, id=11160, stack(0x0000000015df0000,0x0000000015ef0000)]
  0x0000000001070000 JavaThread "Reference Handler" daemon [_thread_blocked, id=13500, stack(0x0000000015cf0000,0x0000000015df0000)]
  0x0000000000f7e000 JavaThread "main" [_thread_in_Java, id=10648, stack(0x0000000000da0000,0x0000000000ea0000)]

Other Threads:
  0x0000000001f17000 VMThread [stack: 0x0000000015bf0000,0x0000000015cf0000] [id=10540]
  0x00000000164e3000 WatcherThread [stack: 0x00000000169d0000,0x0000000016ad0000] [id=7344]

VM state:not at safepoint (normal execution)

VM Mutex/Monitor currently owned by a thread: None

Heap:
 PSYoungGen      total 38400K, used 16836K [0x00000000eab00000, 0x00000000ed580000, 0x0000000100000000)
  eden space 33280K, 35% used [0x00000000eab00000,0x00000000eb676d80,0x00000000ecb80000)
  from space 5120K, 99% used [0x00000000ed080000,0x00000000ed57a558,0x00000000ed580000)
  to   space 5120K, 0% used [0x00000000ecb80000,0x00000000ecb80000,0x00000000ed080000)
 ParOldGen       total 87552K, used 5381K [0x00000000c0000000, 0x00000000c5580000, 0x00000000eab00000)
  object space 87552K, 6% used [0x00000000c0000000,0x00000000c05415c0,0x00000000c5580000)
 Metaspace       used 6104K, capacity 7088K, committed 7296K, reserved 1056768K
  class space    used 590K, capacity 616K, committed 640K, reserved 1048576K

Card table byte_map: [0x0000000001440000,0x0000000001650000] byte_map_base: 0x0000000000e40000

Marking Bits: (ParMarkBitMap*) 0x000000006914a6c0
 Begin Bits: [0x0000000012400000, 0x0000000013400000)
 End Bits:   [0x0000000013400000, 0x0000000014400000)

Polling page: 0x0000000000d30000

CodeCache: size=245760Kb used=6581Kb max_used=6598Kb free=239178Kb
 bounds [0x0000000003400000, 0x0000000003a80000, 0x0000000012400000]
 total_blobs=1837 nmethods=1574 adapters=176
 compilation: enabled

Compilation events (10 events):
Event: 5.056 Thread 0x0000000001fac000 1595       2       com.android.dx.dex.code.OutputFinisher::<init> (48 bytes)
Event: 5.056 Thread 0x0000000001fac000 nmethod 1595 0x0000000003a6c410 code [0x0000000003a6c580, 0x0000000003a6c7a8]
Event: 5.059 Thread 0x0000000001fac000 1596       2       java.util.Collections$UnmodifiableList::get (11 bytes)
Event: 5.059 Thread 0x0000000001fac000 nmethod 1596 0x0000000003a6c890 code [0x0000000003a6ca00, 0x0000000003a6cb88]
Event: 5.059 Thread 0x0000000001fac000 1597       2       com.android.dx.dex.code.RopTranslator::translateAndGetResult (48 bytes)
Event: 5.059 Thread 0x0000000001fac000 nmethod 1597 0x0000000003a6cc10 code [0x0000000003a6cdc0, 0x0000000003a6d158]
Event: 5.059 Thread 0x0000000001fac000 1598       2       com.android.dx.dex.code.OutputCollector::appendSuffixToOutput (45 bytes)
Event: 5.060 Thread 0x0000000001fac000 nmethod 1598 0x0000000003a6d3d0 code [0x0000000003a6d580, 0x0000000003a6da58]
Event: 5.062 Thread 0x0000000001fac000 1600       2       com.android.dx.ssa.back.FirstFitLocalCombiningAllocator::rangeContainsReserved (30 bytes)
Event: 5.062 Thread 0x0000000001fac000 nmethod 1600 0x0000000003a6e010 code [0x0000000003a6e180, 0x0000000003a6e3a8]

GC Heap History (4 events):
Event: 3.406 GC heap before
{Heap before GC invocations=1 (full 0):
 PSYoungGen      total 38400K, used 33280K [0x00000000eab00000, 0x00000000ed580000, 0x0000000100000000)
  eden space 33280K, 100% used [0x00000000eab00000,0x00000000ecb80000,0x00000000ecb80000)
  from space 5120K, 0% used [0x00000000ed080000,0x00000000ed080000,0x00000000ed580000)
  to   space 5120K, 0% used [0x00000000ecb80000,0x00000000ecb80000,0x00000000ed080000)
 ParOldGen       total 87552K, used 0K [0x00000000c0000000, 0x00000000c5580000, 0x00000000eab00000)
  object space 87552K, 0% used [0x00000000c0000000,0x00000000c0000000,0x00000000c5580000)
 Metaspace       used 5871K, capacity 6896K, committed 7040K, reserved 1056768K
  class space    used 590K, capacity 616K, committed 640K, reserved 1048576K
Event: 3.433 GC heap after
Heap after GC invocations=1 (full 0):
 PSYoungGen      total 38400K, used 5094K [0x00000000eab00000, 0x00000000ed580000, 0x0000000100000000)
  eden space 33280K, 0% used [0x00000000eab00000,0x00000000eab00000,0x00000000ecb80000)
  from space 5120K, 99% used [0x00000000ecb80000,0x00000000ed079b70,0x00000000ed080000)
  to   space 5120K, 0% used [0x00000000ed080000,0x00000000ed080000,0x00000000ed580000)
 ParOldGen       total 87552K, used 840K [0x00000000c0000000, 0x00000000c5580000, 0x00000000eab00000)
  object space 87552K, 0% used [0x00000000c0000000,0x00000000c00d23d0,0x00000000c5580000)
 Metaspace       used 5871K, capacity 6896K, committed 7040K, reserved 1056768K
  class space    used 590K, capacity 616K, committed 640K, reserved 1048576K
}
Event: 4.921 GC heap before
{Heap before GC invocations=2 (full 0):
 PSYoungGen      total 38400K, used 38374K [0x00000000eab00000, 0x00000000ed580000, 0x0000000100000000)
  eden space 33280K, 100% used [0x00000000eab00000,0x00000000ecb80000,0x00000000ecb80000)
  from space 5120K, 99% used [0x00000000ecb80000,0x00000000ed079b70,0x00000000ed080000)
  to   space 5120K, 0% used [0x00000000ed080000,0x00000000ed080000,0x00000000ed580000)
 ParOldGen       total 87552K, used 840K [0x00000000c0000000, 0x00000000c5580000, 0x00000000eab00000)
  object space 87552K, 0% used [0x00000000c0000000,0x00000000c00d23d0,0x00000000c5580000)
 Metaspace       used 6084K, capacity 7088K, committed 7296K, reserved 1056768K
  class space    used 590K, capacity 616K, committed 640K, reserved 1048576K
Event: 4.998 GC heap after
Heap after GC invocations=2 (full 0):
 PSYoungGen      total 38400K, used 5097K [0x00000000eab00000, 0x00000000ed580000, 0x0000000100000000)
  eden space 33280K, 0% used [0x00000000eab00000,0x00000000eab00000,0x00000000ecb80000)
  from space 5120K, 99% used [0x00000000ed080000,0x00000000ed57a558,0x00000000ed580000)
  to   space 5120K, 0% used [0x00000000ecb80000,0x00000000ecb80000,0x00000000ed080000)
 ParOldGen       total 87552K, used 5381K [0x00000000c0000000, 0x00000000c5580000, 0x00000000eab00000)
  object space 87552K, 6% used [0x00000000c0000000,0x00000000c05415c0,0x00000000c5580000)
 Metaspace       used 6084K, capacity 7088K, committed 7296K, reserved 1056768K
  class space    used 590K, capacity 616K, committed 640K, reserved 1048576K
}

Deoptimization events (10 events):
Event: 2.750 Thread 0x0000000016824800 Uncommon trap: reason=unstable_if action=reinterpret pc=0x000000000371e2fc method=com.android.dx.rop.code.LocalItem.hashCode()I @ 25
Event: 2.852 Thread 0x0000000016826000 Uncommon trap: reason=unstable_if action=reinterpret pc=0x00000000036f4ec4 method=com.android.dx.rop.code.RegisterSpec.equals(ILcom/android/dx/rop/type/TypeBearer;Lcom/android/dx/rop/code/LocalItem;)Z @ 42
Event: 3.164 Thread 0x0000000016826000 Uncommon trap: reason=bimorphic action=maybe_recompile pc=0x00000000036fa730 method=java.util.HashMap.getNode(ILjava/lang/Object;)Ljava/util/HashMap$Node; @ 126
Event: 4.134 Thread 0x0000000000f7e000 Uncommon trap: reason=unstable_if action=reinterpret pc=0x0000000003671bd0 method=java.lang.String.<init>([CII)V @ 18
Event: 4.141 Thread 0x0000000000f7e000 Uncommon trap: reason=unstable_if action=reinterpret pc=0x000000000365f838 method=java.lang.String.<init>([CII)V @ 18
Event: 4.503 Thread 0x0000000016824800 Uncommon trap: reason=unstable_if action=reinterpret pc=0x00000000039d6548 method=com.android.dx.ssa.SCCP.simulateBranch(Lcom/android/dx/ssa/SsaInsn;)V @ 64
Event: 4.567 Thread 0x0000000016826000 Uncommon trap: reason=unstable_if action=reinterpret pc=0x00000000036f6bdc method=com.android.dx.rop.cst.Constant.compareTo(Lcom/android/dx/rop/cst/Constant;)I @ 12
Event: 4.569 Thread 0x0000000016826000 Uncommon trap: reason=unstable_if action=reinterpret pc=0x00000000039d0738 method=com.android.dx.util.BitIntSet.has(I)Z @ 8
Event: 4.591 Thread 0x0000000016824800 Uncommon trap: reason=null_check action=make_not_entrant pc=0x00000000039ea2a0 method=com.android.dx.ssa.SsaRenamer.getLocalForNewReg(I)Lcom/android/dx/rop/code/LocalItem; @ 19
Event: 5.003 Thread 0x0000000000f7e000 Uncommon trap: reason=unloaded action=reinterpret pc=0x000000000380bff4 method=com.android.dx.cf.cst.ConstantPoolParser.parse0(ILjava/util/BitSet;)Lcom/android/dx/rop/cst/Constant; @ 198

Internal exceptions (3 events):
Event: 0.110 Thread 0x0000000000f7e000 Exception <a 'java/lang/NoSuchMethodError': Method sun.misc.Unsafe.defineClass(Ljava/lang/String;[BII)Ljava/lang/Class; name or signature does not match> (0x00000000eab07c78) thrown at [C:\re\workspace\8-2-build-windows-amd64-cygwin\jdk8u102\7268\hotspot\sﬂÌtxEº?
Event: 0.110 Thread 0x0000000000f7e000 Exception <a 'java/lang/NoSuchMethodError': Method sun.misc.Unsafe.prefetchRead(Ljava/lang/Object;J)V name or signature does not match> (0x00000000eab07f60) thrown at [C:\re\workspace\8-2-build-windows-amd64-cygwin\jdk8u102\7268\hotspot\src\share\vm\prims\D15El]@
Event: 4.591 Thread 0x0000000016824800 Implicit null exception at 0x00000000039e5af6 to 0x00000000039ea261

Events (10 events):
Event: 4.569 Thread 0x0000000016826000 DEOPT PACKING pc=0x00000000039d0738 sp=0x00000000177ce630
Event: 4.569 Thread 0x0000000016826000 DEOPT UNPACKING pc=0x000000000344582a sp=0x00000000177ce558 mode 2
Event: 4.591 Thread 0x0000000016824800 Uncommon trap: trap_request=0xfffffff4 fr.pc=0x00000000039ea2a0
Event: 4.591 Thread 0x0000000016824800 DEOPT PACKING pc=0x00000000039ea2a0 sp=0x00000000175ce7c0
Event: 4.591 Thread 0x0000000016824800 DEOPT UNPACKING pc=0x000000000344582a sp=0x00000000175ce5b0 mode 2
Event: 4.800 Executing VM operation: ParallelGCFailedAllocation
Event: 4.998 Executing VM operation: ParallelGCFailedAllocation done
Event: 5.003 Thread 0x0000000000f7e000 Uncommon trap: trap_request=0x000000d2 fr.pc=0x000000000380bff4
Event: 5.003 Thread 0x0000000000f7e000 DEOPT PACKING pc=0x000000000380bff4 sp=0x0000000000e9e630
Event: 5.003 Thread 0x0000000000f7e000 DEOPT UNPACKING pc=0x000000000344582a sp=0x0000000000e9e5f8 mode 2


Dynamic libraries:
0x00007ff60a4e0000 - 0x00007ff60a517000 	C:\Program Files\Java\jdk1.8.0_102\bin\java.exe
0x00007ffde1c50000 - 0x00007ffde1dfd000 	C:\Windows\SYSTEM32\ntdll.dll
0x00007ffddf310000 - 0x00007ffddf44e000 	C:\Windows\system32\KERNEL32.DLL
0x00007ffddeef0000 - 0x00007ffddf005000 	C:\Windows\system32\KERNELBASE.dll
0x00007ffddd930000 - 0x00007ffddd9be000 	C:\Windows\system32\apphelp.dll
0x00007ffdc1e50000 - 0x00007ffdc1ea3000 	C:\Windows\AppPatch\AppPatch64\AcGenral.DLL
0x00007ffde0ea0000 - 0x00007ffde0f4a000 	C:\Windows\system32\msvcrt.dll
0x00007ffddf0c0000 - 0x00007ffddf0ee000 	C:\Windows\system32\SspiCli.dll
0x00007ffde1bf0000 - 0x00007ffde1c44000 	C:\Windows\system32\SHLWAPI.dll
0x00007ffde11f0000 - 0x00007ffde1367000 	C:\Windows\system32\USER32.dll
0x00007ffde1a50000 - 0x00007ffde1be4000 	C:\Windows\system32\ole32.dll
0x00007ffddf770000 - 0x00007ffde0c99000 	C:\Windows\system32\SHELL32.dll
0x00007ffdde390000 - 0x00007ffdde3b1000 	C:\Windows\SYSTEM32\USERENV.dll
0x00007ffde0cb0000 - 0x00007ffde0d5a000 	C:\Windows\system32\ADVAPI32.dll
0x00007ffdd0870000 - 0x00007ffdd088e000 	C:\Windows\SYSTEM32\MPR.dll
0x00007ffde1910000 - 0x00007ffde1a50000 	C:\Windows\system32\RPCRT4.dll
0x00007ffde1190000 - 0x00007ffde11e9000 	C:\Windows\SYSTEM32\sechost.dll
0x00007ffde1380000 - 0x00007ffde1592000 	C:\Windows\SYSTEM32\combase.dll
0x00007ffddf5b0000 - 0x00007ffddf6fb000 	C:\Windows\system32\GDI32.dll
0x00007ffdded70000 - 0x00007ffdded85000 	C:\Windows\SYSTEM32\profapi.dll
0x00007ffddd340000 - 0x00007ffddd3f2000 	C:\Windows\SYSTEM32\SHCORE.dll
0x00007ffddf2d0000 - 0x00007ffddf306000 	C:\Windows\system32\IMM32.DLL
0x00007ffddf450000 - 0x00007ffddf5a2000 	C:\Windows\system32\MSCTF.dll
0x00007ffddcca0000 - 0x00007ffddcf1b000 	C:\Windows\WinSxS\amd64_microsoft.windows.common-controls_6595b64144ccf1df_6.0.9600.18006_none_623f33d3ecbe86e8\COMCTL32.dll
0x00000000691d0000 - 0x00000000692a1000 	C:\Program Files\Java\jdk1.8.0_102\jre\bin\msvcr100.dll
0x0000000068930000 - 0x00000000691ca000 	C:\Program Files\Java\jdk1.8.0_102\jre\bin\server\jvm.dll
0x00007ffdd50e0000 - 0x00007ffdd50e9000 	C:\Windows\SYSTEM32\WSOCK32.dll
0x00007ffdda5c0000 - 0x00007ffdda5e2000 	C:\Windows\SYSTEM32\WINMM.dll
0x00007ffdda5f0000 - 0x00007ffdda5fa000 	C:\Windows\SYSTEM32\VERSION.dll
0x00007ffde0ca0000 - 0x00007ffde0ca7000 	C:\Windows\system32\PSAPI.DLL
0x00007ffde0d60000 - 0x00007ffde0dba000 	C:\Windows\system32\WS2_32.dll
0x00007ffdda580000 - 0x00007ffdda5aa000 	C:\Windows\SYSTEM32\WINMMBASE.dll
0x00007ffddf700000 - 0x00007ffddf709000 	C:\Windows\system32\NSI.dll
0x00007ffddf070000 - 0x00007ffddf0bf000 	C:\Windows\SYSTEM32\cfgmgr32.dll
0x00007ffdddba0000 - 0x00007ffdddbc8000 	C:\Windows\SYSTEM32\DEVOBJ.dll
0x0000000068920000 - 0x000000006892f000 	C:\Program Files\Java\jdk1.8.0_102\jre\bin\verify.dll
0x00000000688f0000 - 0x0000000068919000 	C:\Program Files\Java\jdk1.8.0_102\jre\bin\java.dll
0x00000000688d0000 - 0x00000000688e6000 	C:\Program Files\Java\jdk1.8.0_102\jre\bin\zip.dll

VM Arguments:
jvm_args: -Djava.awt.headless=true -Xmx1024M -Dfile.encoding=windows-1252 -Duser.country=IN -Duser.language=en -Duser.variant 
java_command: com.android.dx.command.Main --dex --num-threads=4 --output C:\Users\Padhavi\Downloads\android files\ngoconnect\app\build\intermediates\pre-dexed\debug\com.android.support-appcompat-v7-25.0.1_6346817427d0239727c215b1623400837333e0f3.jar C:\Users\Padhavi\Downloads\android files\ngoconnect\app\build\intermediates\exploded-aar\com.android.support\appcompat-v7\25.0.1\jars\classes.jar
java_class_path (initial): C:\Users\Padhavi\AppData\Local\Android\sdk\build-tools\24.0.3\lib\dx.jar
Launcher Type: SUN_STANDARD

Environment Variables:
JAVA_HOME=C:\Program Files\Java\jdk1.8.0_121
PATH=C:\oraclexe\app\oracle\product\11.2.0\server\bin;C:\ProgramData\Oracle\Java\javapath;C:\Program Files\Broadcom\Broadcom 802.11;C:\Program Files (x86)\NVIDIA Corporation\PhysX\Common;C:\Program Files (x86)\Intel\iCLS Client\;C:\Program Files\Intel\iCLS Client\;C:\Windows\system32;C:\Windows;C:\Windows\System32\Wbem;C:\Windows\System32\WindowsPowerShell\v1.0\;C:\Program Files\Hewlett-Packard\SimplePass\;C:\Program Files\Intel\Intel(R) Management Engine Components\DAL;C:\Program Files\Intel\Intel(R) Management Engine Components\IPT;C:\Program Files (x86)\Intel\Intel(R) Management Engine Components\DAL;C:\Program Files (x86)\Intel\Intel(R) Management Engine Components\IPT;C:\Program Files (x86)\Windows Live\Shared;C:\Program Files (x86)\Common Files\lenovo\easyplussdk\bin;C:\Program Files\MATLAB\R2016a\bin;C:\Program Files\nodejs\;C:\Program Files\Git\cmd;C:\Users\Padhavi\AppData\Roaming\npm;C:\Program Files\PuTTY\;C:\oraclexe\app\oracle\product\11.2.0\server\bin;;C:\ProgramData\Oracle\Java\javapath;C:\Program Files\Broadcom\Broadcom 802.11;C:\Program Files (x86)\NVIDIA Corporation\PhysX\Common;C:\Program Files (x86)\Intel\iCLS Client\;C:\Program Files\Intel\iCLS Client\;C:\Windows\system32;C:\Windows;C:\Windows\System32\Wbem;C:\Windows\System32\WindowsPowerShell\v1.0\;C:\Program Files\Hewlett-Packard\SimplePass\;C:\Program Files\Intel\Intel(R) Management Engine Components\DAL;C:\Program Files\Intel\Intel(R) Management Engine Components\IPT;C:\Program Files (x86)\Intel\Intel(R) Management Engine Components\DAL;C:\Program Files (x86)\Intel\Intel(R) Management Engine Components\IPT;C:\Program Files (x86)\Windows Live\Shared;C:\Program Files (x86)\Common Files\lenovo\easyplussdk\bin;C:\Program Files\MATLAB\R2016a\bin;C:\Program Files\nodejs\;C:\Program Files (x86)\Skype\Phone\;c:\Python27\;C:\Python34\Scripts
USERNAME=Padhavi
OS=Windows_NT
PROCESSOR_IDENTIFIER=Intel64 Family 6 Model 69 Stepping 1, GenuineIntel



---------------  S Y S T E M  ---------------

OS: Windows 8.1 , 64 bit Build 9600 (6.3.9600.17415)

CPU:total 4 (2 cores per cpu, 2 threads per core) family 6 model 69 stepping 1, cmov, cx8, fxsr, mmx, sse, sse2, sse3, ssse3, sse4.1, sse4.2, popcnt, avx, avx2, aes, clmul, erms, lzcnt, ht, tsc, tscinvbit, bmi1, bmi2

Memory: 4k page, physical 8317080k(1156384k free), swap 11462808k(5360k free)

vm_info: Java HotSpot(TM) 64-Bit Server VM (25.102-b14) for windows-amd64 JRE (1.8.0_102-b14), built on Jun 22 2016 13:15:21 by "java_re" with MS VC++ 10.0 (VS2010)

time: Sun Jul 09 04:30:06 2017
elapsed time: 5 seconds (0d 0h 0m 5s)

