#
# There is insufficient memory for the Java Runtime Environment to continue.
# Native memory allocation (malloc) failed to allocate 181344 bytes for Chunk::new
# Possible reasons:
#   The system is out of physical RAM or swap space
#   In 32 bit mode, the process size limit was hit
# Possible solutions:
#   Reduce memory load on the system
#   Increase physical memory or swap space
#   Check if swap backing store is full
#   Use 64 bit Java on a 64 bit OS
#   Decrease Java heap size (-Xmx/-Xms)
#   Decrease number of Java threads
#   Decrease Java thread stack sizes (-Xss)
#   Set larger code cache with -XX:ReservedCodeCacheSize=
# This output file may be truncated or incomplete.
#
#  Out of Memory Error (allocation.cpp:390), pid=13936, tid=0x00000000000014d0
#
# JRE version: Java(TM) SE Runtime Environment (8.0_102-b14) (build 1.8.0_102-b14)
# Java VM: Java HotSpot(TM) 64-Bit Server VM (25.102-b14 mixed mode windows-amd64 compressed oops)
# Failed to write core dump. Minidumps are not enabled by default on client versions of Windows
#

---------------  T H R E A D  ---------------

Current thread (0x00000000149b3000):  JavaThread "C2 CompilerThread1" daemon [_thread_in_native, id=5328, stack(0x0000000016110000,0x0000000016210000)]

Stack: [0x0000000016110000,0x0000000016210000]
[error occurred during error reporting (printing stack bounds), id 0xc0000005]

Native frames: (J=compiled Java code, j=interpreted, Vv=VM code, C=native code)


Current CompileTask:
C2:   4813 1480       4       com.android.dx.dex.code.RopTranslator$LocalVariableAwareTranslationVisitor::visitPlainInsn (11 bytes)


---------------  P R O C E S S  ---------------

Java Threads: ( => current thread )
  0x000000001668f800 JavaThread "pool-1-thread-4" [_thread_blocked, id=9524, stack(0x0000000016d10000,0x0000000016e10000)]
  0x000000001668f000 JavaThread "pool-1-thread-3" [_thread_in_Java, id=14244, stack(0x0000000016c10000,0x0000000016d10000)]
  0x000000001668e000 JavaThread "pool-1-thread-2" [_thread_in_Java, id=8664, stack(0x0000000016b10000,0x0000000016c10000)]
  0x000000001668d800 JavaThread "pool-2-thread-1" [_thread_blocked, id=14884, stack(0x0000000016a10000,0x0000000016b10000)]
  0x000000001668a800 JavaThread "pool-1-thread-1" [_thread_blocked, id=11052, stack(0x0000000016910000,0x0000000016a10000)]
  0x0000000016351800 JavaThread "Service Thread" daemon [_thread_blocked, id=13036, stack(0x0000000016710000,0x0000000016810000)]
  0x00000000149c2000 JavaThread "C1 CompilerThread2" daemon [_thread_in_native, id=12872, stack(0x0000000016210000,0x0000000016310000)]
=>0x00000000149b3000 JavaThread "C2 CompilerThread1" daemon [_thread_in_native, id=5328, stack(0x0000000016110000,0x0000000016210000)]
  0x00000000149af000 JavaThread "C2 CompilerThread0" daemon [_thread_in_native, id=7928, stack(0x0000000016010000,0x0000000016110000)]
  0x00000000149ac000 JavaThread "Attach Listener" daemon [_thread_blocked, id=12784, stack(0x0000000015f10000,0x0000000016010000)]
  0x00000000149ab000 JavaThread "Signal Dispatcher" daemon [_thread_blocked, id=14780, stack(0x0000000015e10000,0x0000000015f10000)]
  0x000000001499a800 JavaThread "Finalizer" daemon [_thread_blocked, id=7620, stack(0x0000000015c30000,0x0000000015d30000)]
  0x00000000022d0000 JavaThread "Reference Handler" daemon [_thread_blocked, id=3844, stack(0x0000000015b30000,0x0000000015c30000)]
  0x000000000072e000 JavaThread "main" [_thread_in_Java, id=5288, stack(0x0000000002000000,0x0000000002100000)]

Other Threads:
  0x0000000014977000 VMThread [stack: 0x0000000015a30000,0x0000000015b30000] [id=10980]
  0x0000000016352000 WatcherThread [stack: 0x0000000016810000,0x0000000016910000] [id=15028]

VM state:not at safepoint (normal execution)

VM Mutex/Monitor currently owned by a thread:  ([mutex/lock_event])
[0x000000000072c4b0] CodeCache_lock - owner thread: 0x00000000149c2000
[0x00000000021e1c50] Compile_lock - owner thread: 0x00000000149c2000
[0x00000000021e1d50] MethodCompileQueue_lock - owner thread: 0x00000000149c2000

Heap:
 PSYoungGen      total 38400K, used 31792K [0x00000000eab00000, 0x00000000ed580000, 0x0000000100000000)
  eden space 33280K, 80% used [0x00000000eab00000,0x00000000ec512e28,0x00000000ecb80000)
  from space 5120K, 99% used [0x00000000ecb80000,0x00000000ed079268,0x00000000ed080000)
  to   space 5120K, 0% used [0x00000000ed080000,0x00000000ed080000,0x00000000ed580000)
 ParOldGen       total 87552K, used 890K [0x00000000c0000000, 0x00000000c5580000, 0x00000000eab00000)
  object space 87552K, 1% used [0x00000000c0000000,0x00000000c00de8e0,0x00000000c5580000)
 Metaspace       used 6049K, capacity 7024K, committed 7296K, reserved 1056768K
  class space    used 591K, capacity 616K, committed 640K, reserved 1048576K

Card table byte_map: [0x00000000116a0000,0x00000000118b0000] byte_map_base: 0x00000000110a0000

Marking Bits: (ParMarkBitMap*) 0x000000006914a6c0
 Begin Bits: [0x0000000011e10000, 0x0000000012e10000)
 End Bits:   [0x0000000012e10000, 0x0000000013e10000)

Polling page: 0x0000000000540000

CodeCache: size=245760Kb used=6108Kb max_used=6108Kb free=239651Kb
 bounds [0x00000000022e0000, 0x00000000028e0000, 0x00000000112e0000]
 total_blobs=1755 nmethods=1491 adapters=176
 compilation: enabled

Compilation events (10 events):
Event: 4.802 Thread 0x00000000149c2000 nmethod 1496 0x00000000028befd0 code [0x00000000028bf240, 0x00000000028c0298]
Event: 4.802 Thread 0x00000000149c2000 1497       3       com.android.dx.ssa.back.FirstFitLocalCombiningAllocator$Multiset::add (68 bytes)
Event: 4.803 Thread 0x00000000149c2000 nmethod 1497 0x00000000028a5e90 code [0x00000000028a6020, 0x00000000028a6310]
Event: 4.803 Thread 0x00000000149c2000 1498       1       com.android.dx.rop.cst.CstString::getType (4 bytes)
Event: 4.803 Thread 0x00000000149c2000 nmethod 1498 0x00000000028a5bd0 code [0x00000000028a5d20, 0x00000000028a5e30]
Event: 4.803 Thread 0x00000000149c2000 1499       3       com.android.dx.ssa.SsaBasicBlock::addMoveToEnd (172 bytes)
Event: 4.805 Thread 0x00000000149c2000 nmethod 1499 0x00000000028cfcd0 code [0x00000000028d0060, 0x00000000028d1f88]
Event: 4.806 Thread 0x00000000149c2000 1503   !   3       com.android.dx.cf.code.Merger::mergeStack (192 bytes)
Event: 4.808 Thread 0x00000000149c2000 nmethod 1503 0x00000000028bba50 code [0x00000000028bbde0, 0x00000000028bddd8]
Event: 4.808 Thread 0x00000000149c2000 1507       3       com.android.dx.ssa.SCCP::simulateBranch (666 bytes)

GC Heap History (2 events):
Event: 3.879 GC heap before
{Heap before GC invocations=1 (full 0):
 PSYoungGen      total 38400K, used 33280K [0x00000000eab00000, 0x00000000ed580000, 0x0000000100000000)
  eden space 33280K, 100% used [0x00000000eab00000,0x00000000ecb80000,0x00000000ecb80000)
  from space 5120K, 0% used [0x00000000ed080000,0x00000000ed080000,0x00000000ed580000)
  to   space 5120K, 0% used [0x00000000ecb80000,0x00000000ecb80000,0x00000000ed080000)
 ParOldGen       total 87552K, used 0K [0x00000000c0000000, 0x00000000c5580000, 0x00000000eab00000)
  object space 87552K, 0% used [0x00000000c0000000,0x00000000c0000000,0x00000000c5580000)
 Metaspace       used 5915K, capacity 6960K, committed 7040K, reserved 1056768K
  class space    used 590K, capacity 616K, committed 640K, reserved 1048576K
Event: 4.010 GC heap after
Heap after GC invocations=1 (full 0):
 PSYoungGen      total 38400K, used 5092K [0x00000000eab00000, 0x00000000ed580000, 0x0000000100000000)
  eden space 33280K, 0% used [0x00000000eab00000,0x00000000eab00000,0x00000000ecb80000)
  from space 5120K, 99% used [0x00000000ecb80000,0x00000000ed079268,0x00000000ed080000)
  to   space 5120K, 0% used [0x00000000ed080000,0x00000000ed080000,0x00000000ed580000)
 ParOldGen       total 87552K, used 890K [0x00000000c0000000, 0x00000000c5580000, 0x00000000eab00000)
  object space 87552K, 1% used [0x00000000c0000000,0x00000000c00de8e0,0x00000000c5580000)
 Metaspace       used 5915K, capacity 6960K, committed 7040K, reserved 1056768K
  class space    used 590K, capacity 616K, committed 640K, reserved 1048576K
}

Deoptimization events (10 events):
Event: 3.322 Thread 0x000000001668f800 Uncommon trap: reason=unstable_if action=reinterpret pc=0x0000000002522ba0 method=java.util.HashMap.getNode(ILjava/lang/Object;)Ljava/util/HashMap$Node; @ 129
Event: 3.697 Thread 0x000000001668f800 Uncommon trap: reason=unstable_if action=reinterpret pc=0x000000000262caec method=com.android.dx.rop.code.RegisterSpecSet.put(Lcom/android/dx/rop/code/RegisterSpec;)V @ 77
Event: 3.697 Thread 0x000000001668f800 Uncommon trap: reason=unstable_if action=reinterpret pc=0x0000000002684dac method=com.android.dx.rop.code.RegisterSpecSet.put(Lcom/android/dx/rop/code/RegisterSpec;)V @ 77
Event: 3.766 Thread 0x000000001668f000 Uncommon trap: reason=unstable_if action=reinterpret pc=0x0000000002624fc4 method=com.android.dx.rop.code.RegisterSpec.equals(ILcom/android/dx/rop/type/TypeBearer;Lcom/android/dx/rop/code/LocalItem;)Z @ 42
Event: 3.792 Thread 0x000000001668f000 Uncommon trap: reason=bimorphic action=maybe_recompile pc=0x000000000262b968 method=java.util.HashMap.getNode(ILjava/lang/Object;)Ljava/util/HashMap$Node; @ 126
Event: 3.839 Thread 0x000000001668e000 Uncommon trap: reason=bimorphic action=maybe_recompile pc=0x000000000262b968 method=java.util.HashMap.getNode(ILjava/lang/Object;)Ljava/util/HashMap$Node; @ 126
Event: 4.237 Thread 0x000000000072e000 Uncommon trap: reason=unstable_if action=reinterpret pc=0x00000000024a5150 method=java.lang.String.<init>([CII)V @ 18
Event: 4.239 Thread 0x000000000072e000 Uncommon trap: reason=unstable_if action=reinterpret pc=0x0000000002515778 method=java.lang.String.<init>([CII)V @ 18
Event: 4.247 Thread 0x000000000072e000 Uncommon trap: reason=unstable_if action=reinterpret pc=0x0000000002627edc method=com.android.dx.rop.cst.Constant.compareTo(Lcom/android/dx/rop/cst/Constant;)I @ 12
Event: 4.807 Thread 0x000000001668e000 Uncommon trap: reason=unstable_if action=reinterpret pc=0x000000000287b988 method=com.android.dx.ssa.SCCP.simulateBranch(Lcom/android/dx/ssa/SsaInsn;)V @ 64

Internal exceptions (2 events):
Event: 0.135 Thread 0x000000000072e000 Exception <a 'java/lang/NoSuchMethodError': Method sun.misc.Unsafe.defineClass(Ljava/lang/String;[BII)Ljava/lang/Class; name or signature does not match> (0x00000000eab07c78) thrown at [C:\re\workspace\8-2-build-windows-amd64-cygwin\jdk8u102\7268\hotspot\s¬èÿ¤KÁ?
Event: 0.135 Thread 0x000000000072e000 Exception <a 'java/lang/NoSuchMethodError': Method sun.misc.Unsafe.prefetchRead(Ljava/lang/Object;J)V name or signature does not match> (0x00000000eab07f60) thrown at [C:\re\workspace\8-2-build-windows-amd64-cygwin\jdk8u102\7268\hotspot\src\share\vm\prims\

Events (10 events):
Event: 4.239 Thread 0x000000000072e000 DEOPT PACKING pc=0x0000000002515778 sp=0x00000000020fea90
Event: 4.239 Thread 0x000000000072e000 DEOPT UNPACKING pc=0x000000000232582a sp=0x00000000020fea58 mode 2
Event: 4.247 Thread 0x000000000072e000 Uncommon trap: trap_request=0xffffff65 fr.pc=0x0000000002627edc
Event: 4.247 Thread 0x000000000072e000 DEOPT PACKING pc=0x0000000002627edc sp=0x00000000020fe2d0
Event: 4.247 Thread 0x000000000072e000 DEOPT UNPACKING pc=0x000000000232582a sp=0x00000000020fe270 mode 2
Event: 4.543 Executing VM operation: EnableBiasedLocking
Event: 4.566 Executing VM operation: EnableBiasedLocking done
Event: 4.807 Thread 0x000000001668e000 Uncommon trap: trap_request=0xffffff65 fr.pc=0x000000000287b988
Event: 4.807 Thread 0x000000001668e000 DEOPT PACKING pc=0x000000000287b988 sp=0x0000000016c0e970
Event: 4.807 Thread 0x000000001668e000 DEOPT UNPACKING pc=0x000000000232582a sp=0x0000000016c0e960 mode 2


Dynamic libraries:
0x00007ff60a4e0000 - 0x00007ff60a517000 	C:\Program Files\Java\jdk1.8.0_102\bin\java.exe
0x00007ffde1c50000 - 0x00007ffde1dfd000 	C:\Windows\SYSTEM32\ntdll.dll
0x00007ffddf310000 - 0x00007ffddf44e000 	C:\Windows\system32\KERNEL32.DLL
0x00007ffddeef0000 - 0x00007ffddf005000 	C:\Windows\system32\KERNELBASE.dll
0x00007ffddd930000 - 0x00007ffddd9be000 	C:\Windows\system32\apphelp.dll
0x00007ffdc1e50000 - 0x00007ffdc1ea3000 	C:\Windows\AppPatch\AppPatch64\AcGenral.DLL
0x00007ffde0ea0000 - 0x00007ffde0f4a000 	C:\Windows\system32\msvcrt.dll
0x00007ffddf0c0000 - 0x00007ffddf0ee000 	C:\Windows\system32\SspiCli.dll
0x00007ffde1bf0000 - 0x00007ffde1c44000 	C:\Windows\system32\SHLWAPI.dll
0x00007ffde11f0000 - 0x00007ffde1367000 	C:\Windows\system32\USER32.dll
0x00007ffde1a50000 - 0x00007ffde1be4000 	C:\Windows\system32\ole32.dll
0x00007ffddf770000 - 0x00007ffde0c99000 	C:\Windows\system32\SHELL32.dll
0x00007ffdde390000 - 0x00007ffdde3b1000 	C:\Windows\SYSTEM32\USERENV.dll
0x00007ffde0cb0000 - 0x00007ffde0d5a000 	C:\Windows\system32\ADVAPI32.dll
0x00007ffdd0870000 - 0x00007ffdd088e000 	C:\Windows\SYSTEM32\MPR.dll
0x00007ffde1910000 - 0x00007ffde1a50000 	C:\Windows\system32\RPCRT4.dll
0x00007ffde1190000 - 0x00007ffde11e9000 	C:\Windows\SYSTEM32\sechost.dll
0x00007ffde1380000 - 0x00007ffde1592000 	C:\Windows\SYSTEM32\combase.dll
0x00007ffddf5b0000 - 0x00007ffddf6fb000 	C:\Windows\system32\GDI32.dll
0x00007ffdded70000 - 0x00007ffdded85000 	C:\Windows\SYSTEM32\profapi.dll
0x00007ffddd340000 - 0x00007ffddd3f2000 	C:\Windows\SYSTEM32\SHCORE.dll
0x00007ffddf2d0000 - 0x00007ffddf306000 	C:\Windows\system32\IMM32.DLL
0x00007ffddf450000 - 0x00007ffddf5a2000 	C:\Windows\system32\MSCTF.dll
0x00007ffddcca0000 - 0x00007ffddcf1b000 	C:\Windows\WinSxS\amd64_microsoft.windows.common-controls_6595b64144ccf1df_6.0.9600.18006_none_623f33d3ecbe86e8\COMCTL32.dll
0x00000000691d0000 - 0x00000000692a1000 	C:\Program Files\Java\jdk1.8.0_102\jre\bin\msvcr100.dll
0x0000000068930000 - 0x00000000691ca000 	C:\Program Files\Java\jdk1.8.0_102\jre\bin\server\jvm.dll
0x00007ffdd50e0000 - 0x00007ffdd50e9000 	C:\Windows\SYSTEM32\WSOCK32.dll
0x00007ffdda5c0000 - 0x00007ffdda5e2000 	C:\Windows\SYSTEM32\WINMM.dll
0x00007ffdda5f0000 - 0x00007ffdda5fa000 	C:\Windows\SYSTEM32\VERSION.dll
0x00007ffde0ca0000 - 0x00007ffde0ca7000 	C:\Windows\system32\PSAPI.DLL
0x00007ffde0d60000 - 0x00007ffde0dba000 	C:\Windows\system32\WS2_32.dll
0x00007ffdda580000 - 0x00007ffdda5aa000 	C:\Windows\SYSTEM32\WINMMBASE.dll
0x00007ffddf700000 - 0x00007ffddf709000 	C:\Windows\system32\NSI.dll
0x00007ffddf070000 - 0x00007ffddf0bf000 	C:\Windows\SYSTEM32\cfgmgr32.dll
0x00007ffdddba0000 - 0x00007ffdddbc8000 	C:\Windows\SYSTEM32\DEVOBJ.dll
0x0000000068920000 - 0x000000006892f000 	C:\Program Files\Java\jdk1.8.0_102\jre\bin\verify.dll
0x00000000688f0000 - 0x0000000068919000 	C:\Program Files\Java\jdk1.8.0_102\jre\bin\java.dll
0x00000000688d0000 - 0x00000000688e6000 	C:\Program Files\Java\jdk1.8.0_102\jre\bin\zip.dll

VM Arguments:
jvm_args: -Djava.awt.headless=true -Xmx1024M -Dfile.encoding=windows-1252 -Duser.country=IN -Duser.language=en -Duser.variant 
java_command: com.android.dx.command.Main --dex --num-threads=4 --output C:\Users\Padhavi\Downloads\android files\ngoconnect\app\build\intermediates\pre-dexed\debug\com.android.support-appcompat-v7-25.0.1_6346817427d0239727c215b1623400837333e0f3.jar C:\Users\Padhavi\Downloads\android files\ngoconnect\app\build\intermediates\exploded-aar\com.android.support\appcompat-v7\25.0.1\jars\classes.jar
java_class_path (initial): C:\Users\Padhavi\AppData\Local\Android\sdk\build-tools\24.0.3\lib\dx.jar
Launcher Type: SUN_STANDARD

Environment Variables:
JAVA_HOME=C:\Program Files\Java\jdk1.8.0_121
PATH=C:\oraclexe\app\oracle\product\11.2.0\server\bin;C:\ProgramData\Oracle\Java\javapath;C:\Program Files\Broadcom\Broadcom 802.11;C:\Program Files (x86)\NVIDIA Corporation\PhysX\Common;C:\Program Files (x86)\Intel\iCLS Client\;C:\Program Files\Intel\iCLS Client\;C:\Windows\system32;C:\Windows;C:\Windows\System32\Wbem;C:\Windows\System32\WindowsPowerShell\v1.0\;C:\Program Files\Hewlett-Packard\SimplePass\;C:\Program Files\Intel\Intel(R) Management Engine Components\DAL;C:\Program Files\Intel\Intel(R) Management Engine Components\IPT;C:\Program Files (x86)\Intel\Intel(R) Management Engine Components\DAL;C:\Program Files (x86)\Intel\Intel(R) Management Engine Components\IPT;C:\Program Files (x86)\Windows Live\Shared;C:\Program Files (x86)\Common Files\lenovo\easyplussdk\bin;C:\Program Files\MATLAB\R2016a\bin;C:\Program Files\nodejs\;C:\Program Files\Git\cmd;C:\Users\Padhavi\AppData\Roaming\npm;C:\Program Files\PuTTY\;C:\oraclexe\app\oracle\product\11.2.0\server\bin;;C:\ProgramData\Oracle\Java\javapath;C:\Program Files\Broadcom\Broadcom 802.11;C:\Program Files (x86)\NVIDIA Corporation\PhysX\Common;C:\Program Files (x86)\Intel\iCLS Client\;C:\Program Files\Intel\iCLS Client\;C:\Windows\system32;C:\Windows;C:\Windows\System32\Wbem;C:\Windows\System32\WindowsPowerShell\v1.0\;C:\Program Files\Hewlett-Packard\SimplePass\;C:\Program Files\Intel\Intel(R) Management Engine Components\DAL;C:\Program Files\Intel\Intel(R) Management Engine Components\IPT;C:\Program Files (x86)\Intel\Intel(R) Management Engine Components\DAL;C:\Program Files (x86)\Intel\Intel(R) Management Engine Components\IPT;C:\Program Files (x86)\Windows Live\Shared;C:\Program Files (x86)\Common Files\lenovo\easyplussdk\bin;C:\Program Files\MATLAB\R2016a\bin;C:\Program Files\nodejs\;C:\Program Files (x86)\Skype\Phone\;c:\Python27\;C:\Python34\Scripts
USERNAME=Padhavi
OS=Windows_NT
PROCESSOR_IDENTIFIER=Intel64 Family 6 Model 69 Stepping 1, GenuineIntel



---------------  S Y S T E M  ---------------

OS: Windows 8.1 , 64 bit Build 9600 (6.3.9600.17415)

CPU:total 4 (2 cores per cpu, 2 threads per core) family 6 model 69 stepping 1, cmov, cx8, fxsr, mmx, sse, sse2, sse3, ssse3, sse4.1, sse4.2, popcnt, avx, avx2, aes, clmul, erms, lzcnt, ht, tsc, tscinvbit, bmi1, bmi2

Memory: 4k page, physical 8317080k(1001652k free), swap 11462808k(5288k free)

vm_info: Java HotSpot(TM) 64-Bit Server VM (25.102-b14) for windows-amd64 JRE (1.8.0_102-b14), built on Jun 22 2016 13:15:21 by "java_re" with MS VC++ 10.0 (VS2010)

time: Sun Jul 09 04:18:02 2017
elapsed time: 4 seconds (0d 0h 0m 4s)

