#
# There is insufficient memory for the Java Runtime Environment to continue.
# Native memory allocation (malloc) failed to allocate 149376 bytes for Chunk::new
# Possible reasons:
#   The system is out of physical RAM or swap space
#   In 32 bit mode, the process size limit was hit
# Possible solutions:
#   Reduce memory load on the system
#   Increase physical memory or swap space
#   Check if swap backing store is full
#   Use 64 bit Java on a 64 bit OS
#   Decrease Java heap size (-Xmx/-Xms)
#   Decrease number of Java threads
#   Decrease Java thread stack sizes (-Xss)
#   Set larger code cache with -XX:ReservedCodeCacheSize=
# This output file may be truncated or incomplete.
#
#  Out of Memory Error (allocation.cpp:390), pid=15060, tid=0x0000000000002198
#
# JRE version: Java(TM) SE Runtime Environment (8.0_102-b14) (build 1.8.0_102-b14)
# Java VM: Java HotSpot(TM) 64-Bit Server VM (25.102-b14 mixed mode windows-amd64 compressed oops)
# Failed to write core dump. Minidumps are not enabled by default on client versions of Windows
#

---------------  T H R E A D  ---------------

Current thread (0x000000001539e800):  JavaThread "C2 CompilerThread0" daemon [_thread_in_native, id=8600, stack(0x00000000169e0000,0x0000000016ae0000)]

Stack: [0x00000000169e0000,0x0000000016ae0000]
[error occurred during error reporting (printing stack bounds), id 0xc0000005]

Native frames: (J=compiled Java code, j=interpreted, Vv=VM code, C=native code)


Current CompileTask:
C2:   3834  998   !   4       com.android.dx.ssa.BasicRegisterMapper::map (44 bytes)


---------------  P R O C E S S  ---------------

Java Threads: ( => current thread )
  0x0000000016f0a000 JavaThread "pool-1-thread-4" [_thread_in_Java, id=13920, stack(0x00000000176e0000,0x00000000177e0000)]
  0x0000000016f09800 JavaThread "pool-1-thread-3" [_thread_in_Java, id=4832, stack(0x00000000175e0000,0x00000000176e0000)]
  0x0000000016f08800 JavaThread "pool-1-thread-2" [_thread_in_Java, id=12352, stack(0x00000000174e0000,0x00000000175e0000)]
  0x0000000016f08000 JavaThread "pool-2-thread-1" [_thread_blocked, id=14552, stack(0x00000000173e0000,0x00000000174e0000)]
  0x0000000016f05800 JavaThread "pool-1-thread-1" [_thread_blocked, id=14992, stack(0x00000000172e0000,0x00000000173e0000)]
  0x0000000016c0c800 JavaThread "Service Thread" daemon [_thread_blocked, id=13324, stack(0x00000000170e0000,0x00000000171e0000)]
  0x00000000153fd800 JavaThread "C1 CompilerThread2" daemon [_thread_in_vm, id=11364, stack(0x0000000016fe0000,0x00000000170e0000)]
  0x00000000153de800 JavaThread "C2 CompilerThread1" daemon [_thread_in_native, id=13592, stack(0x0000000016ae0000,0x0000000016be0000)]
=>0x000000001539e800 JavaThread "C2 CompilerThread0" daemon [_thread_in_native, id=8600, stack(0x00000000169e0000,0x0000000016ae0000)]
  0x000000001539c000 JavaThread "Attach Listener" daemon [_thread_blocked, id=9988, stack(0x00000000168e0000,0x00000000169e0000)]
  0x000000001539b000 JavaThread "Signal Dispatcher" daemon [_thread_blocked, id=2388, stack(0x00000000167e0000,0x00000000168e0000)]
  0x000000001538a800 JavaThread "Finalizer" daemon [_thread_blocked, id=11860, stack(0x0000000016600000,0x0000000016700000)]
  0x0000000001700000 JavaThread "Reference Handler" daemon [_thread_blocked, id=10700, stack(0x0000000016500000,0x0000000016600000)]
  0x00000000017ce000 JavaThread "main" [_thread_in_Java, id=12976, stack(0x00000000011d0000,0x00000000012d0000)]

Other Threads:
  0x0000000015367000 VMThread [stack: 0x0000000016400000,0x0000000016500000] [id=12804]
  0x0000000016c10800 WatcherThread [stack: 0x00000000171e0000,0x00000000172e0000] [id=7740]

VM state:not at safepoint (normal execution)

VM Mutex/Monitor currently owned by a thread: None

Heap:
 PSYoungGen      total 38400K, used 27984K [0x00000000eab00000, 0x00000000ed580000, 0x0000000100000000)
  eden space 33280K, 84% used [0x00000000eab00000,0x00000000ec6541b0,0x00000000ecb80000)
  from space 5120K, 0% used [0x00000000ed080000,0x00000000ed080000,0x00000000ed580000)
  to   space 5120K, 0% used [0x00000000ecb80000,0x00000000ecb80000,0x00000000ed080000)
 ParOldGen       total 87552K, used 0K [0x00000000c0000000, 0x00000000c5580000, 0x00000000eab00000)
  object space 87552K, 0% used [0x00000000c0000000,0x00000000c0000000,0x00000000c5580000)
 Metaspace       used 5778K, capacity 6832K, committed 7040K, reserved 1056768K
  class space    used 589K, capacity 616K, committed 640K, reserved 1048576K

Card table byte_map: [0x0000000001ba0000,0x0000000001db0000] byte_map_base: 0x00000000015a0000

Marking Bits: (ParMarkBitMap*) 0x000000006914a6c0
 Begin Bits: [0x0000000012800000, 0x0000000013800000)
 End Bits:   [0x0000000013800000, 0x0000000014800000)

Polling page: 0x0000000001180000

CodeCache: size=245760Kb used=4052Kb max_used=4052Kb free=241707Kb
 bounds [0x0000000003400000, 0x0000000003800000, 0x0000000012400000]
 total_blobs=1276 nmethods=1013 adapters=176
 compilation: enabled

Compilation events (10 events):
Event: 3.815 Thread 0x00000000153fd800  995       3       java.util.HashMap::resize (359 bytes)
Event: 3.816 Thread 0x000000001539e800  998   !   4       com.android.dx.ssa.BasicRegisterMapper::map (44 bytes)
Event: 3.817 Thread 0x00000000153fd800 nmethod 995 0x00000000037dc010 code [0x00000000037dc260, 0x00000000037dd488]
Event: 3.817 Thread 0x00000000153fd800  997       3       com.android.dx.ssa.back.FirstFitLocalCombiningAllocator::findNextUnreservedRopReg (12 bytes)
Event: 3.817 Thread 0x00000000153fd800 nmethod 997 0x00000000037e01d0 code [0x00000000037e0360, 0x00000000037e06a8]
Event: 3.817 Thread 0x00000000153fd800  996       3       com.android.dx.ssa.SsaMethod$1::visitPhiInsn (17 bytes)
Event: 3.818 Thread 0x00000000153fd800 nmethod 996 0x00000000037dfad0 code [0x00000000037dfc40, 0x00000000037e0030]
Event: 3.819 Thread 0x00000000153fd800  999       3       com.android.dx.ssa.SsaMethod::mapRegisters (87 bytes)
Event: 3.820 Thread 0x00000000153fd800 nmethod 999 0x00000000037e4d50 code [0x00000000037e4fc0, 0x00000000037e60e8]
Event: 3.820 Thread 0x00000000153fd800 1000       3       com.android.dx.dex.code.RopTranslator$1::visitPlainCstInsn (64 bytes)

GC Heap History (0 events):
No events

Deoptimization events (7 events):
Event: 1.376 Thread 0x00000000017ce000 Uncommon trap: reason=unstable_if action=reinterpret pc=0x000000000355ba14 method=java.lang.String.compareTo(Ljava/lang/String;)I @ 38
Event: 2.682 Thread 0x0000000016f05800 Uncommon trap: reason=unstable_if action=reinterpret pc=0x000000000363b9f8 method=java.util.HashMap.getNode(ILjava/lang/Object;)Ljava/util/HashMap$Node; @ 62
Event: 3.483 Thread 0x00000000017ce000 Uncommon trap: reason=unstable_if action=reinterpret pc=0x0000000003704adc method=com.android.dx.rop.code.LocalItem.hashCode()I @ 25
Event: 3.501 Thread 0x0000000016f08800 Uncommon trap: reason=bimorphic action=maybe_recompile pc=0x00000000036b9644 method=java.util.HashMap.getNode(ILjava/lang/Object;)Ljava/util/HashMap$Node; @ 126
Event: 3.549 Thread 0x0000000016f0a000 Uncommon trap: reason=class_check action=maybe_recompile pc=0x00000000036b968c method=com.android.dx.rop.type.Type.equals(Ljava/lang/Object;)Z @ 8
Event: 3.549 Thread 0x0000000016f0a000 Uncommon trap: reason=class_check action=maybe_recompile pc=0x00000000036b968c method=com.android.dx.rop.type.Type.equals(Ljava/lang/Object;)Z @ 8
Event: 3.553 Thread 0x0000000016f0a000 Uncommon trap: reason=unstable_if action=reinterpret pc=0x0000000003773370 method=com.android.dx.rop.code.LocalItem.hashCode()I @ 25

Internal exceptions (2 events):
Event: 0.239 Thread 0x00000000017ce000 Exception <a 'java/lang/NoSuchMethodError': Method sun.misc.Unsafe.defineClass(Ljava/lang/String;[BII)Ljava/lang/Class; name or signature does not match> (0x00000000eab07c78) thrown at [C:\re\workspace\8-2-build-windows-amd64-cygwin\jdk8u102\7268\hotspot\sÌ„Bã¥£Î?
Event: 0.239 Thread 0x00000000017ce000 Exception <a 'java/lang/NoSuchMethodError': Method sun.misc.Unsafe.prefetchRead(Ljava/lang/Object;J)V name or signature does not match> (0x00000000eab07f60) thrown at [C:\re\workspace\8-2-build-windows-amd64-cygwin\jdk8u102\7268\hotspot\src\share\vm\prims\

Events (10 events):
Event: 3.501 Thread 0x0000000016f08800 DEOPT UNPACKING pc=0x000000000344582a sp=0x00000000175dec38 mode 2
Event: 3.549 Thread 0x0000000016f0a000 Uncommon trap: trap_request=0xffffffde fr.pc=0x00000000036b968c
Event: 3.549 Thread 0x0000000016f0a000 DEOPT PACKING pc=0x00000000036b968c sp=0x00000000177de4b0
Event: 3.549 Thread 0x0000000016f0a000 DEOPT UNPACKING pc=0x000000000344582a sp=0x00000000177de238 mode 2
Event: 3.549 Thread 0x0000000016f0a000 Uncommon trap: trap_request=0xffffffde fr.pc=0x00000000036b968c
Event: 3.549 Thread 0x0000000016f0a000 DEOPT PACKING pc=0x00000000036b968c sp=0x00000000177de360
Event: 3.549 Thread 0x0000000016f0a000 DEOPT UNPACKING pc=0x000000000344582a sp=0x00000000177de0e8 mode 2
Event: 3.553 Thread 0x0000000016f0a000 Uncommon trap: trap_request=0xffffff65 fr.pc=0x0000000003773370
Event: 3.553 Thread 0x0000000016f0a000 DEOPT PACKING pc=0x0000000003773370 sp=0x00000000177de3d0
Event: 3.553 Thread 0x0000000016f0a000 DEOPT UNPACKING pc=0x000000000344582a sp=0x00000000177de1a0 mode 2


Dynamic libraries:
0x00007ff60a4e0000 - 0x00007ff60a517000 	C:\Program Files\Java\jdk1.8.0_102\bin\java.exe
0x00007ffde1c50000 - 0x00007ffde1dfd000 	C:\Windows\SYSTEM32\ntdll.dll
0x00007ffddf310000 - 0x00007ffddf44e000 	C:\Windows\system32\KERNEL32.DLL
0x00007ffddeef0000 - 0x00007ffddf005000 	C:\Windows\system32\KERNELBASE.dll
0x00007ffddd930000 - 0x00007ffddd9be000 	C:\Windows\system32\apphelp.dll
0x00007ffdc1e50000 - 0x00007ffdc1ea3000 	C:\Windows\AppPatch\AppPatch64\AcGenral.DLL
0x00007ffde0ea0000 - 0x00007ffde0f4a000 	C:\Windows\system32\msvcrt.dll
0x00007ffddf0c0000 - 0x00007ffddf0ee000 	C:\Windows\system32\SspiCli.dll
0x00007ffde1bf0000 - 0x00007ffde1c44000 	C:\Windows\system32\SHLWAPI.dll
0x00007ffde11f0000 - 0x00007ffde1367000 	C:\Windows\system32\USER32.dll
0x00007ffde1a50000 - 0x00007ffde1be4000 	C:\Windows\system32\ole32.dll
0x00007ffddf770000 - 0x00007ffde0c99000 	C:\Windows\system32\SHELL32.dll
0x00007ffdde390000 - 0x00007ffdde3b1000 	C:\Windows\SYSTEM32\USERENV.dll
0x00007ffde0cb0000 - 0x00007ffde0d5a000 	C:\Windows\system32\ADVAPI32.dll
0x00007ffdd0870000 - 0x00007ffdd088e000 	C:\Windows\SYSTEM32\MPR.dll
0x00007ffde1910000 - 0x00007ffde1a50000 	C:\Windows\system32\RPCRT4.dll
0x00007ffde1190000 - 0x00007ffde11e9000 	C:\Windows\SYSTEM32\sechost.dll
0x00007ffde1380000 - 0x00007ffde1592000 	C:\Windows\SYSTEM32\combase.dll
0x00007ffddf5b0000 - 0x00007ffddf6fb000 	C:\Windows\system32\GDI32.dll
0x00007ffdded70000 - 0x00007ffdded85000 	C:\Windows\SYSTEM32\profapi.dll
0x00007ffddd340000 - 0x00007ffddd3f2000 	C:\Windows\SYSTEM32\SHCORE.dll
0x00007ffddf2d0000 - 0x00007ffddf306000 	C:\Windows\system32\IMM32.DLL
0x00007ffddf450000 - 0x00007ffddf5a2000 	C:\Windows\system32\MSCTF.dll
0x00007ffddcca0000 - 0x00007ffddcf1b000 	C:\Windows\WinSxS\amd64_microsoft.windows.common-controls_6595b64144ccf1df_6.0.9600.18006_none_623f33d3ecbe86e8\COMCTL32.dll
0x00000000691d0000 - 0x00000000692a1000 	C:\Program Files\Java\jdk1.8.0_102\jre\bin\msvcr100.dll
0x0000000068930000 - 0x00000000691ca000 	C:\Program Files\Java\jdk1.8.0_102\jre\bin\server\jvm.dll
0x00007ffdd50e0000 - 0x00007ffdd50e9000 	C:\Windows\SYSTEM32\WSOCK32.dll
0x00007ffdda5c0000 - 0x00007ffdda5e2000 	C:\Windows\SYSTEM32\WINMM.dll
0x00007ffdda5f0000 - 0x00007ffdda5fa000 	C:\Windows\SYSTEM32\VERSION.dll
0x00007ffde0ca0000 - 0x00007ffde0ca7000 	C:\Windows\system32\PSAPI.DLL
0x00007ffde0d60000 - 0x00007ffde0dba000 	C:\Windows\system32\WS2_32.dll
0x00007ffdda580000 - 0x00007ffdda5aa000 	C:\Windows\SYSTEM32\WINMMBASE.dll
0x00007ffddf700000 - 0x00007ffddf709000 	C:\Windows\system32\NSI.dll
0x00007ffddf070000 - 0x00007ffddf0bf000 	C:\Windows\SYSTEM32\cfgmgr32.dll
0x00007ffdddba0000 - 0x00007ffdddbc8000 	C:\Windows\SYSTEM32\DEVOBJ.dll
0x0000000068920000 - 0x000000006892f000 	C:\Program Files\Java\jdk1.8.0_102\jre\bin\verify.dll
0x00000000688f0000 - 0x0000000068919000 	C:\Program Files\Java\jdk1.8.0_102\jre\bin\java.dll
0x00000000688d0000 - 0x00000000688e6000 	C:\Program Files\Java\jdk1.8.0_102\jre\bin\zip.dll

VM Arguments:
jvm_args: -Djava.awt.headless=true -Xmx1024M -Dfile.encoding=windows-1252 -Duser.country=IN -Duser.language=en -Duser.variant 
java_command: com.android.dx.command.Main --dex --num-threads=4 --output C:\Users\Padhavi\Downloads\android files\ngoconnect\app\build\intermediates\pre-dexed\debug\com.android.support-appcompat-v7-25.0.1_6346817427d0239727c215b1623400837333e0f3.jar C:\Users\Padhavi\Downloads\android files\ngoconnect\app\build\intermediates\exploded-aar\com.android.support\appcompat-v7\25.0.1\jars\classes.jar
java_class_path (initial): C:\Users\Padhavi\AppData\Local\Android\sdk\build-tools\24.0.3\lib\dx.jar
Launcher Type: SUN_STANDARD

Environment Variables:
JAVA_HOME=C:\Program Files\Java\jdk1.8.0_121
PATH=C:\oraclexe\app\oracle\product\11.2.0\server\bin;C:\ProgramData\Oracle\Java\javapath;C:\Program Files\Broadcom\Broadcom 802.11;C:\Program Files (x86)\NVIDIA Corporation\PhysX\Common;C:\Program Files (x86)\Intel\iCLS Client\;C:\Program Files\Intel\iCLS Client\;C:\Windows\system32;C:\Windows;C:\Windows\System32\Wbem;C:\Windows\System32\WindowsPowerShell\v1.0\;C:\Program Files\Hewlett-Packard\SimplePass\;C:\Program Files\Intel\Intel(R) Management Engine Components\DAL;C:\Program Files\Intel\Intel(R) Management Engine Components\IPT;C:\Program Files (x86)\Intel\Intel(R) Management Engine Components\DAL;C:\Program Files (x86)\Intel\Intel(R) Management Engine Components\IPT;C:\Program Files (x86)\Windows Live\Shared;C:\Program Files (x86)\Common Files\lenovo\easyplussdk\bin;C:\Program Files\MATLAB\R2016a\bin;C:\Program Files\nodejs\;C:\Program Files\Git\cmd;C:\Users\Padhavi\AppData\Roaming\npm;C:\Program Files\PuTTY\;C:\oraclexe\app\oracle\product\11.2.0\server\bin;;C:\ProgramData\Oracle\Java\javapath;C:\Program Files\Broadcom\Broadcom 802.11;C:\Program Files (x86)\NVIDIA Corporation\PhysX\Common;C:\Program Files (x86)\Intel\iCLS Client\;C:\Program Files\Intel\iCLS Client\;C:\Windows\system32;C:\Windows;C:\Windows\System32\Wbem;C:\Windows\System32\WindowsPowerShell\v1.0\;C:\Program Files\Hewlett-Packard\SimplePass\;C:\Program Files\Intel\Intel(R) Management Engine Components\DAL;C:\Program Files\Intel\Intel(R) Management Engine Components\IPT;C:\Program Files (x86)\Intel\Intel(R) Management Engine Components\DAL;C:\Program Files (x86)\Intel\Intel(R) Management Engine Components\IPT;C:\Program Files (x86)\Windows Live\Shared;C:\Program Files (x86)\Common Files\lenovo\easyplussdk\bin;C:\Program Files\MATLAB\R2016a\bin;C:\Program Files\nodejs\;C:\Program Files (x86)\Skype\Phone\;c:\Python27\;C:\Python34\Scripts
USERNAME=Padhavi
OS=Windows_NT
PROCESSOR_IDENTIFIER=Intel64 Family 6 Model 69 Stepping 1, GenuineIntel



---------------  S Y S T E M  ---------------

OS: Windows 8.1 , 64 bit Build 9600 (6.3.9600.17415)

CPU:total 4 (2 cores per cpu, 2 threads per core) family 6 model 69 stepping 1, cmov, cx8, fxsr, mmx, sse, sse2, sse3, ssse3, sse4.1, sse4.2, popcnt, avx, avx2, aes, clmul, erms, lzcnt, ht, tsc, tscinvbit, bmi1, bmi2

Memory: 4k page, physical 8317080k(1269980k free), swap 11462808k(5096k free)

vm_info: Java HotSpot(TM) 64-Bit Server VM (25.102-b14) for windows-amd64 JRE (1.8.0_102-b14), built on Jun 22 2016 13:15:21 by "java_re" with MS VC++ 10.0 (VS2010)

time: Sun Jul 09 04:20:55 2017
elapsed time: 3 seconds (0d 0h 0m 3s)

