#
# There is insufficient memory for the Java Runtime Environment to continue.
# Native memory allocation (malloc) failed to allocate 624736 bytes for Chunk::new
# Possible reasons:
#   The system is out of physical RAM or swap space
#   In 32 bit mode, the process size limit was hit
# Possible solutions:
#   Reduce memory load on the system
#   Increase physical memory or swap space
#   Check if swap backing store is full
#   Use 64 bit Java on a 64 bit OS
#   Decrease Java heap size (-Xmx/-Xms)
#   Decrease number of Java threads
#   Decrease Java thread stack sizes (-Xss)
#   Set larger code cache with -XX:ReservedCodeCacheSize=
# This output file may be truncated or incomplete.
#
#  Out of Memory Error (allocation.cpp:390), pid=8744, tid=0x000000000000307c
#
# JRE version: Java(TM) SE Runtime Environment (8.0_102-b14) (build 1.8.0_102-b14)
# Java VM: Java HotSpot(TM) 64-Bit Server VM (25.102-b14 mixed mode windows-amd64 compressed oops)
# Failed to write core dump. Minidumps are not enabled by default on client versions of Windows
#

---------------  T H R E A D  ---------------

Current thread (0x000000001529f000):  JavaThread "C2 CompilerThread0" daemon [_thread_in_native, id=12412, stack(0x00000000168e0000,0x00000000169e0000)]

Stack: [0x00000000168e0000,0x00000000169e0000]
[error occurred during error reporting (printing stack bounds), id 0xc0000005]

Native frames: (J=compiled Java code, j=interpreted, Vv=VM code, C=native code)


Current CompileTask:
C2:   3934 1594       4       com.android.dx.ssa.SCCP::simulatePhi (169 bytes)


---------------  P R O C E S S  ---------------

Java Threads: ( => current thread )
  0x0000000016d70800 JavaThread "pool-1-thread-4" [_thread_in_Java, id=12624, stack(0x00000000175e0000,0x00000000176e0000)]
  0x0000000016d70000 JavaThread "pool-1-thread-3" [_thread_blocked, id=14220, stack(0x00000000174e0000,0x00000000175e0000)]
  0x0000000016d6f000 JavaThread "pool-1-thread-2" [_thread_in_Java, id=9276, stack(0x00000000173e0000,0x00000000174e0000)]
  0x0000000016d42800 JavaThread "pool-2-thread-1" [_thread_blocked, id=11820, stack(0x00000000172e0000,0x00000000173e0000)]
  0x0000000016d41800 JavaThread "pool-1-thread-1" [_thread_in_Java, id=14960, stack(0x00000000171e0000,0x00000000172e0000)]
  0x0000000016ae6800 JavaThread "Service Thread" daemon [_thread_blocked, id=9828, stack(0x0000000016fe0000,0x00000000170e0000)]
  0x0000000016ae1000 JavaThread "C1 CompilerThread2" daemon [_thread_blocked, id=14044, stack(0x0000000016ee0000,0x0000000016fe0000)]
  0x00000000152a3000 JavaThread "C2 CompilerThread1" daemon [_thread_in_native, id=14400, stack(0x00000000169e0000,0x0000000016ae0000)]
=>0x000000001529f000 JavaThread "C2 CompilerThread0" daemon [_thread_in_native, id=12412, stack(0x00000000168e0000,0x00000000169e0000)]
  0x000000001529c000 JavaThread "Attach Listener" daemon [_thread_blocked, id=13348, stack(0x00000000167e0000,0x00000000168e0000)]
  0x000000001529b000 JavaThread "Signal Dispatcher" daemon [_thread_blocked, id=13492, stack(0x00000000166e0000,0x00000000167e0000)]
  0x000000001528a800 JavaThread "Finalizer" daemon [_thread_blocked, id=7800, stack(0x0000000016500000,0x0000000016600000)]
  0x0000000001710000 JavaThread "Reference Handler" daemon [_thread_blocked, id=2140, stack(0x0000000016400000,0x0000000016500000)]
  0x000000000161e000 JavaThread "main" [_thread_blocked, id=12108, stack(0x0000000001490000,0x0000000001590000)]

Other Threads:
  0x0000000015267800 VMThread [stack: 0x0000000016300000,0x0000000016400000] [id=11296]
  0x0000000016aeb800 WatcherThread [stack: 0x00000000170e0000,0x00000000171e0000] [id=13808]

VM state:not at safepoint (normal execution)

VM Mutex/Monitor currently owned by a thread: None

Heap:
 PSYoungGen      total 38400K, used 31054K [0x00000000eab00000, 0x00000000ef600000, 0x0000000100000000)
  eden space 33280K, 77% used [0x00000000eab00000,0x00000000ec454da0,0x00000000ecb80000)
  from space 5120K, 99% used [0x00000000ed080000,0x00000000ed57eaa8,0x00000000ed580000)
  to   space 5120K, 0% used [0x00000000ecb80000,0x00000000ecb80000,0x00000000ed080000)
 ParOldGen       total 87552K, used 6062K [0x00000000c0000000, 0x00000000c5580000, 0x00000000eab00000)
  object space 87552K, 6% used [0x00000000c0000000,0x00000000c05ebb90,0x00000000c5580000)
 Metaspace       used 6241K, capacity 7090K, committed 7296K, reserved 1056768K
  class space    used 598K, capacity 618K, committed 640K, reserved 1048576K

Card table byte_map: [0x0000000001ae0000,0x0000000001cf0000] byte_map_base: 0x00000000014e0000

Marking Bits: (ParMarkBitMap*) 0x000000006914a6c0
 Begin Bits: [0x0000000012700000, 0x0000000013700000)
 End Bits:   [0x0000000013700000, 0x0000000014700000)

Polling page: 0x0000000001060000

CodeCache: size=245760Kb used=6482Kb max_used=6482Kb free=239277Kb
 bounds [0x0000000003400000, 0x0000000003a60000, 0x0000000012400000]
 total_blobs=1855 nmethods=1586 adapters=181
 compilation: enabled

Compilation events (10 events):
Event: 3.929 Thread 0x0000000016ae1000 1605       2       java.util.zip.ZipFile::ensureOpenOrZipException (18 bytes)
Event: 3.929 Thread 0x0000000016ae1000 nmethod 1605 0x0000000003a54310 code [0x0000000003a54480, 0x0000000003a54648]
Event: 3.929 Thread 0x0000000016ae1000 1606       2       java.util.zip.ZipFile::access$1400 (14 bytes)
Event: 3.929 Thread 0x0000000016ae1000 nmethod 1606 0x0000000003a53fd0 code [0x0000000003a54120, 0x0000000003a54268]
Event: 3.930 Thread 0x0000000016ae1000 1609   !   2       java.util.zip.Inflater::setInput (74 bytes)
Event: 3.931 Thread 0x0000000016ae1000 nmethod 1609 0x0000000003a533d0 code [0x0000000003a53560, 0x0000000003a539d8]
Event: 3.932 Thread 0x0000000016ae1000 1610       2       com.android.dx.ssa.back.SsaToRop::moveParametersToHighRegisters (88 bytes)
Event: 3.932 Thread 0x0000000016ae1000 nmethod 1610 0x0000000003a52c10 code [0x0000000003a52da0, 0x0000000003a53158]
Event: 3.933 Thread 0x0000000016ae1000 1611       2       java.util.concurrent.ThreadPoolExecutor$Worker::unlock (7 bytes)
Event: 3.933 Thread 0x0000000016ae1000 nmethod 1611 0x0000000003a5a710 code [0x0000000003a5a880, 0x0000000003a5aa48]

GC Heap History (4 events):
Event: 2.167 GC heap before
{Heap before GC invocations=1 (full 0):
 PSYoungGen      total 38400K, used 33280K [0x00000000eab00000, 0x00000000ed580000, 0x0000000100000000)
  eden space 33280K, 100% used [0x00000000eab00000,0x00000000ecb80000,0x00000000ecb80000)
  from space 5120K, 0% used [0x00000000ed080000,0x00000000ed080000,0x00000000ed580000)
  to   space 5120K, 0% used [0x00000000ecb80000,0x00000000ecb80000,0x00000000ed080000)
 ParOldGen       total 87552K, used 0K [0x00000000c0000000, 0x00000000c5580000, 0x00000000eab00000)
  object space 87552K, 0% used [0x00000000c0000000,0x00000000c0000000,0x00000000c5580000)
 Metaspace       used 5975K, capacity 6898K, committed 7040K, reserved 1056768K
  class space    used 597K, capacity 618K, committed 640K, reserved 1048576K
Event: 2.179 GC heap after
Heap after GC invocations=1 (full 0):
 PSYoungGen      total 38400K, used 5098K [0x00000000eab00000, 0x00000000ed580000, 0x0000000100000000)
  eden space 33280K, 0% used [0x00000000eab00000,0x00000000eab00000,0x00000000ecb80000)
  from space 5120K, 99% used [0x00000000ecb80000,0x00000000ed07aab8,0x00000000ed080000)
  to   space 5120K, 0% used [0x00000000ed080000,0x00000000ed080000,0x00000000ed580000)
 ParOldGen       total 87552K, used 1606K [0x00000000c0000000, 0x00000000c5580000, 0x00000000eab00000)
  object space 87552K, 1% used [0x00000000c0000000,0x00000000c0191988,0x00000000c5580000)
 Metaspace       used 5975K, capacity 6898K, committed 7040K, reserved 1056768K
  class space    used 597K, capacity 618K, committed 640K, reserved 1048576K
}
Event: 3.047 GC heap before
{Heap before GC invocations=2 (full 0):
 PSYoungGen      total 38400K, used 38378K [0x00000000eab00000, 0x00000000ed580000, 0x0000000100000000)
  eden space 33280K, 100% used [0x00000000eab00000,0x00000000ecb80000,0x00000000ecb80000)
  from space 5120K, 99% used [0x00000000ecb80000,0x00000000ed07aab8,0x00000000ed080000)
  to   space 5120K, 0% used [0x00000000ed080000,0x00000000ed080000,0x00000000ed580000)
 ParOldGen       total 87552K, used 1606K [0x00000000c0000000, 0x00000000c5580000, 0x00000000eab00000)
  object space 87552K, 1% used [0x00000000c0000000,0x00000000c0191988,0x00000000c5580000)
 Metaspace       used 6198K, capacity 7090K, committed 7296K, reserved 1056768K
  class space    used 597K, capacity 618K, committed 640K, reserved 1048576K
Event: 3.666 GC heap after
Heap after GC invocations=2 (full 0):
 PSYoungGen      total 38400K, used 5114K [0x00000000eab00000, 0x00000000ef600000, 0x0000000100000000)
  eden space 33280K, 0% used [0x00000000eab00000,0x00000000eab00000,0x00000000ecb80000)
  from space 5120K, 99% used [0x00000000ed080000,0x00000000ed57eaa8,0x00000000ed580000)
  to   space 5120K, 0% used [0x00000000ecb80000,0x00000000ecb80000,0x00000000ed080000)
 ParOldGen       total 87552K, used 6062K [0x00000000c0000000, 0x00000000c5580000, 0x00000000eab00000)
  object space 87552K, 6% used [0x00000000c0000000,0x00000000c05ebb90,0x00000000c5580000)
 Metaspace       used 6198K, capacity 7090K, committed 7296K, reserved 1056768K
  class space    used 597K, capacity 618K, committed 640K, reserved 1048576K
}

Deoptimization events (10 events):
Event: 1.681 Thread 0x0000000016d6f000 Uncommon trap: reason=unstable_if action=reinterpret pc=0x0000000003660400 method=java.util.HashMap.getNode(ILjava/lang/Object;)Ljava/util/HashMap$Node; @ 129
Event: 1.681 Thread 0x0000000016d6f000 Uncommon trap: reason=unstable_if action=reinterpret pc=0x000000000361c710 method=java.util.HashMap.getNode(ILjava/lang/Object;)Ljava/util/HashMap$Node; @ 129
Event: 1.703 Thread 0x0000000016d70000 Uncommon trap: reason=class_check action=maybe_recompile pc=0x0000000003687230 method=com.android.dx.ssa.NormalSsaInsn.accept(Lcom/android/dx/ssa/SsaInsn$Visitor;)V @ 9
Event: 1.703 Thread 0x0000000016d70000 Uncommon trap: reason=class_check action=maybe_recompile pc=0x000000000366cd1c method=com.android.dx.ssa.NormalSsaInsn.accept(Lcom/android/dx/ssa/SsaInsn$Visitor;)V @ 9
Event: 1.703 Thread 0x0000000016d70000 Uncommon trap: reason=class_check action=maybe_recompile pc=0x000000000366cd1c method=com.android.dx.ssa.NormalSsaInsn.accept(Lcom/android/dx/ssa/SsaInsn$Visitor;)V @ 9
Event: 1.706 Thread 0x0000000016d70000 Uncommon trap: reason=class_check action=maybe_recompile pc=0x0000000003687230 method=com.android.dx.ssa.NormalSsaInsn.accept(Lcom/android/dx/ssa/SsaInsn$Visitor;)V @ 9
Event: 1.706 Thread 0x0000000016d70000 Uncommon trap: reason=class_check action=maybe_recompile pc=0x000000000366cd1c method=com.android.dx.ssa.NormalSsaInsn.accept(Lcom/android/dx/ssa/SsaInsn$Visitor;)V @ 9
Event: 2.006 Thread 0x0000000016d70000 Uncommon trap: reason=unstable_if action=reinterpret pc=0x00000000038045bc method=com.android.dx.util.IntList.binarysearch(I)I @ 105
Event: 3.747 Thread 0x0000000016d6f000 Uncommon trap: reason=unstable_if action=reinterpret pc=0x00000000039f22b0 method=com.android.dx.ssa.LiteralOpUpgrader$1.visitNonMoveInsn(Lcom/android/dx/ssa/NormalSsaInsn;)V @ 55
Event: 3.755 Thread 0x0000000016d6f000 Uncommon trap: reason=unstable_if action=reinterpret pc=0x00000000037ef41c method=com.android.dx.ssa.SsaMethod.updateOneDefinition(Lcom/android/dx/ssa/SsaInsn;Lcom/android/dx/rop/code/RegisterSpec;)V @ 4

Internal exceptions (2 events):
Event: 0.354 Thread 0x000000000161e000 Exception <a 'java/lang/NoSuchMethodError': Method sun.misc.Unsafe.defineClass(Ljava/lang/String;[BII)Ljava/lang/Class; name or signature does not match> (0x00000000eab07c78) thrown at [C:\re\workspace\8-2-build-windows-amd64-cygwin\jdk8u102\7268\hotspot\sZ¢ÇM)­Ö?
Event: 0.354 Thread 0x000000000161e000 Exception <a 'java/lang/NoSuchMethodError': Method sun.misc.Unsafe.prefetchRead(Ljava/lang/Object;J)V name or signature does not match> (0x00000000eab07f60) thrown at [C:\re\workspace\8-2-build-windows-amd64-cygwin\jdk8u102\7268\hotspot\src\share\vm\prims\

Events (10 events):
Event: 3.047 Executing VM operation: ParallelGCFailedAllocation
Event: 3.666 Executing VM operation: ParallelGCFailedAllocation done
Event: 3.747 Thread 0x0000000016d6f000 Uncommon trap: trap_request=0xffffff65 fr.pc=0x00000000039f22b0
Event: 3.747 Thread 0x0000000016d6f000 DEOPT PACKING pc=0x00000000039f22b0 sp=0x00000000174deda0
Event: 3.747 Thread 0x0000000016d6f000 DEOPT UNPACKING pc=0x000000000344582a sp=0x00000000174ded50 mode 2
Event: 3.747 loading class com/android/dx/rop/code/RegOps
Event: 3.747 loading class com/android/dx/rop/code/RegOps done
Event: 3.755 Thread 0x0000000016d6f000 Uncommon trap: trap_request=0xffffff65 fr.pc=0x00000000037ef41c
Event: 3.755 Thread 0x0000000016d6f000 DEOPT PACKING pc=0x00000000037ef41c sp=0x00000000174debb0
Event: 3.756 Thread 0x0000000016d6f000 DEOPT UNPACKING pc=0x000000000344582a sp=0x00000000174deb58 mode 2


Dynamic libraries:
0x00007ff60a4e0000 - 0x00007ff60a517000 	C:\Program Files\Java\jdk1.8.0_102\bin\java.exe
0x00007ffde1c50000 - 0x00007ffde1dfd000 	C:\Windows\SYSTEM32\ntdll.dll
0x00007ffddf310000 - 0x00007ffddf44e000 	C:\Windows\system32\KERNEL32.DLL
0x00007ffddeef0000 - 0x00007ffddf005000 	C:\Windows\system32\KERNELBASE.dll
0x00007ffddd930000 - 0x00007ffddd9be000 	C:\Windows\system32\apphelp.dll
0x00007ffdd0e90000 - 0x00007ffdd0ee3000 	C:\Windows\AppPatch\AppPatch64\AcGenral.DLL
0x00007ffde0ea0000 - 0x00007ffde0f4a000 	C:\Windows\system32\msvcrt.dll
0x00007ffddf0c0000 - 0x00007ffddf0ee000 	C:\Windows\system32\SspiCli.dll
0x00007ffde1bf0000 - 0x00007ffde1c44000 	C:\Windows\system32\SHLWAPI.dll
0x00007ffde11f0000 - 0x00007ffde1367000 	C:\Windows\system32\USER32.dll
0x00007ffde1a50000 - 0x00007ffde1be4000 	C:\Windows\system32\ole32.dll
0x00007ffddf770000 - 0x00007ffde0c99000 	C:\Windows\system32\SHELL32.dll
0x00007ffdde390000 - 0x00007ffdde3b1000 	C:\Windows\SYSTEM32\USERENV.dll
0x00007ffde0cb0000 - 0x00007ffde0d5a000 	C:\Windows\system32\ADVAPI32.dll
0x00007ffdd0870000 - 0x00007ffdd088e000 	C:\Windows\SYSTEM32\MPR.dll
0x00007ffde1910000 - 0x00007ffde1a50000 	C:\Windows\system32\RPCRT4.dll
0x00007ffde1190000 - 0x00007ffde11e9000 	C:\Windows\SYSTEM32\sechost.dll
0x00007ffde1380000 - 0x00007ffde1592000 	C:\Windows\SYSTEM32\combase.dll
0x00007ffddf5b0000 - 0x00007ffddf6fb000 	C:\Windows\system32\GDI32.dll
0x00007ffdded70000 - 0x00007ffdded85000 	C:\Windows\SYSTEM32\profapi.dll
0x00007ffddd340000 - 0x00007ffddd3f2000 	C:\Windows\SYSTEM32\SHCORE.dll
0x00007ffddf2d0000 - 0x00007ffddf306000 	C:\Windows\system32\IMM32.DLL
0x00007ffddf450000 - 0x00007ffddf5a2000 	C:\Windows\system32\MSCTF.dll
0x00007ffddcca0000 - 0x00007ffddcf1b000 	C:\Windows\WinSxS\amd64_microsoft.windows.common-controls_6595b64144ccf1df_6.0.9600.18006_none_623f33d3ecbe86e8\COMCTL32.dll
0x00000000691d0000 - 0x00000000692a1000 	C:\Program Files\Java\jdk1.8.0_102\jre\bin\msvcr100.dll
0x0000000068930000 - 0x00000000691ca000 	C:\Program Files\Java\jdk1.8.0_102\jre\bin\server\jvm.dll
0x00007ffdd50e0000 - 0x00007ffdd50e9000 	C:\Windows\SYSTEM32\WSOCK32.dll
0x00007ffdda5c0000 - 0x00007ffdda5e2000 	C:\Windows\SYSTEM32\WINMM.dll
0x00007ffdda5f0000 - 0x00007ffdda5fa000 	C:\Windows\SYSTEM32\VERSION.dll
0x00007ffde0ca0000 - 0x00007ffde0ca7000 	C:\Windows\system32\PSAPI.DLL
0x00007ffde0d60000 - 0x00007ffde0dba000 	C:\Windows\system32\WS2_32.dll
0x00007ffdda580000 - 0x00007ffdda5aa000 	C:\Windows\SYSTEM32\WINMMBASE.dll
0x00007ffddf700000 - 0x00007ffddf709000 	C:\Windows\system32\NSI.dll
0x00007ffddf070000 - 0x00007ffddf0bf000 	C:\Windows\SYSTEM32\cfgmgr32.dll
0x00007ffdddba0000 - 0x00007ffdddbc8000 	C:\Windows\SYSTEM32\DEVOBJ.dll
0x0000000068920000 - 0x000000006892f000 	C:\Program Files\Java\jdk1.8.0_102\jre\bin\verify.dll
0x00000000688f0000 - 0x0000000068919000 	C:\Program Files\Java\jdk1.8.0_102\jre\bin\java.dll
0x00000000688d0000 - 0x00000000688e6000 	C:\Program Files\Java\jdk1.8.0_102\jre\bin\zip.dll

VM Arguments:
jvm_args: -Djava.awt.headless=true -Xmx1024M -Dfile.encoding=windows-1252 -Duser.country=IN -Duser.language=en -Duser.variant 
java_command: com.android.dx.command.Main --dex --num-threads=4 --output C:\Users\Padhavi\Downloads\android files\ngoconnect\app\build\intermediates\pre-dexed\debug\com.google.android.gms-play-services-wearable-10.0.1_1a2741ba23d02c73eb94066e84b5d9f9a39fd1f0.jar C:\Users\Padhavi\Downloads\android files\ngoconnect\app\build\intermediates\exploded-aar\com.google.android.gms\play-services-wearable\10.0.1\jars\classes.jar
java_class_path (initial): C:\Users\Padhavi\AppData\Local\Android\sdk\build-tools\24.0.3\lib\dx.jar
Launcher Type: SUN_STANDARD

Environment Variables:
JAVA_HOME=C:\Program Files\Java\jdk1.8.0_121
PATH=C:\oraclexe\app\oracle\product\11.2.0\server\bin;C:\ProgramData\Oracle\Java\javapath;C:\Program Files\Broadcom\Broadcom 802.11;C:\Program Files (x86)\NVIDIA Corporation\PhysX\Common;C:\Program Files (x86)\Intel\iCLS Client\;C:\Program Files\Intel\iCLS Client\;C:\Windows\system32;C:\Windows;C:\Windows\System32\Wbem;C:\Windows\System32\WindowsPowerShell\v1.0\;C:\Program Files\Hewlett-Packard\SimplePass\;C:\Program Files\Intel\Intel(R) Management Engine Components\DAL;C:\Program Files\Intel\Intel(R) Management Engine Components\IPT;C:\Program Files (x86)\Intel\Intel(R) Management Engine Components\DAL;C:\Program Files (x86)\Intel\Intel(R) Management Engine Components\IPT;C:\Program Files (x86)\Windows Live\Shared;C:\Program Files (x86)\Common Files\lenovo\easyplussdk\bin;C:\Program Files\MATLAB\R2016a\bin;C:\Program Files\nodejs\;C:\Program Files\Git\cmd;C:\Users\Padhavi\AppData\Roaming\npm;C:\Program Files\PuTTY\;C:\oraclexe\app\oracle\product\11.2.0\server\bin;;C:\ProgramData\Oracle\Java\javapath;C:\Program Files\Broadcom\Broadcom 802.11;C:\Program Files (x86)\NVIDIA Corporation\PhysX\Common;C:\Program Files (x86)\Intel\iCLS Client\;C:\Program Files\Intel\iCLS Client\;C:\Windows\system32;C:\Windows;C:\Windows\System32\Wbem;C:\Windows\System32\WindowsPowerShell\v1.0\;C:\Program Files\Hewlett-Packard\SimplePass\;C:\Program Files\Intel\Intel(R) Management Engine Components\DAL;C:\Program Files\Intel\Intel(R) Management Engine Components\IPT;C:\Program Files (x86)\Intel\Intel(R) Management Engine Components\DAL;C:\Program Files (x86)\Intel\Intel(R) Management Engine Components\IPT;C:\Program Files (x86)\Windows Live\Shared;C:\Program Files (x86)\Common Files\lenovo\easyplussdk\bin;C:\Program Files\MATLAB\R2016a\bin;C:\Program Files\nodejs\;C:\Program Files (x86)\Skype\Phone\;c:\Python27\;C:\Python34\Scripts
USERNAME=Padhavi
OS=Windows_NT
PROCESSOR_IDENTIFIER=Intel64 Family 6 Model 69 Stepping 1, GenuineIntel



---------------  S Y S T E M  ---------------

OS: Windows 8.1 , 64 bit Build 9600 (6.3.9600.17415)

CPU:total 4 (2 cores per cpu, 2 threads per core) family 6 model 69 stepping 1, cmov, cx8, fxsr, mmx, sse, sse2, sse3, ssse3, sse4.1, sse4.2, popcnt, avx, avx2, aes, clmul, erms, lzcnt, ht, tsc, tscinvbit, bmi1, bmi2

Memory: 4k page, physical 8317080k(1285244k free), swap 11462808k(5420k free)

vm_info: Java HotSpot(TM) 64-Bit Server VM (25.102-b14) for windows-amd64 JRE (1.8.0_102-b14), built on Jun 22 2016 13:15:21 by "java_re" with MS VC++ 10.0 (VS2010)

time: Sun Jul 09 07:13:55 2017
elapsed time: 3 seconds (0d 0h 0m 3s)

