#
# There is insufficient memory for the Java Runtime Environment to continue.
# Native memory allocation (malloc) failed to allocate 224256 bytes for Chunk::new
# Possible reasons:
#   The system is out of physical RAM or swap space
#   In 32 bit mode, the process size limit was hit
# Possible solutions:
#   Reduce memory load on the system
#   Increase physical memory or swap space
#   Check if swap backing store is full
#   Use 64 bit Java on a 64 bit OS
#   Decrease Java heap size (-Xmx/-Xms)
#   Decrease number of Java threads
#   Decrease Java thread stack sizes (-Xss)
#   Set larger code cache with -XX:ReservedCodeCacheSize=
# This output file may be truncated or incomplete.
#
#  Out of Memory Error (allocation.cpp:390), pid=11572, tid=0x0000000000002cf0
#
# JRE version: Java(TM) SE Runtime Environment (8.0_102-b14) (build 1.8.0_102-b14)
# Java VM: Java HotSpot(TM) 64-Bit Server VM (25.102-b14 mixed mode windows-amd64 compressed oops)
# Failed to write core dump. Minidumps are not enabled by default on client versions of Windows
#

---------------  T H R E A D  ---------------

Current thread (0x000000001509e800):  JavaThread "C2 CompilerThread0" daemon [_thread_in_native, id=11504, stack(0x00000000166f0000,0x00000000167f0000)]

Stack: [0x00000000166f0000,0x00000000167f0000]
[error occurred during error reporting (printing stack bounds), id 0xc0000005]

Native frames: (J=compiled Java code, j=interpreted, Vv=VM code, C=native code)


Current CompileTask:
C2:   3952 1185       4       com.android.dx.ssa.back.LivenessAnalyzer::handleTailRecursion (94 bytes)


---------------  P R O C E S S  ---------------

Java Threads: ( => current thread )
  0x0000000016cf2800 JavaThread "pool-1-thread-4" [_thread_in_Java, id=5996, stack(0x0000000017bf0000,0x0000000017cf0000)]
  0x0000000016cf1800 JavaThread "pool-1-thread-3" [_thread_in_Java, id=13064, stack(0x0000000017af0000,0x0000000017bf0000)]
  0x0000000016cdf800 JavaThread "pool-1-thread-2" [_thread_in_vm, id=12448, stack(0x00000000179f0000,0x0000000017af0000)]
  0x0000000016dba800 JavaThread "pool-2-thread-1" [_thread_blocked, id=12116, stack(0x00000000178f0000,0x00000000179f0000)]
  0x0000000016d57800 JavaThread "pool-1-thread-1" [_thread_in_vm, id=13276, stack(0x00000000177f0000,0x00000000178f0000)]
  0x0000000016a05800 JavaThread "Service Thread" daemon [_thread_blocked, id=4832, stack(0x0000000016df0000,0x0000000016ef0000)]
  0x00000000150e1800 JavaThread "C1 CompilerThread2" daemon [_thread_blocked, id=14476, stack(0x00000000168f0000,0x00000000169f0000)]
  0x00000000150a3000 JavaThread "C2 CompilerThread1" daemon [_thread_blocked, id=7224, stack(0x00000000167f0000,0x00000000168f0000)]
=>0x000000001509e800 JavaThread "C2 CompilerThread0" daemon [_thread_in_native, id=11504, stack(0x00000000166f0000,0x00000000167f0000)]
  0x000000001509c000 JavaThread "Attach Listener" daemon [_thread_blocked, id=6588, stack(0x00000000165f0000,0x00000000166f0000)]
  0x000000001509b000 JavaThread "Signal Dispatcher" daemon [_thread_blocked, id=9668, stack(0x00000000164f0000,0x00000000165f0000)]
  0x000000001508a800 JavaThread "Finalizer" daemon [_thread_blocked, id=5092, stack(0x0000000016310000,0x0000000016410000)]
  0x0000000001560000 JavaThread "Reference Handler" daemon [_thread_blocked, id=10756, stack(0x0000000016210000,0x0000000016310000)]
  0x000000000146e000 JavaThread "main" [_thread_in_vm, id=13616, stack(0x0000000001350000,0x0000000001450000)]

Other Threads:
  0x0000000015067000 VMThread [stack: 0x0000000016110000,0x0000000016210000] [id=14952]
  0x0000000016a0d800 WatcherThread [stack: 0x0000000016ef0000,0x0000000016ff0000] [id=12948]

VM state:not at safepoint (normal execution)

VM Mutex/Monitor currently owned by a thread: None

Heap:
 PSYoungGen      total 38400K, used 32225K [0x00000000eab00000, 0x00000000ed580000, 0x0000000100000000)
  eden space 33280K, 96% used [0x00000000eab00000,0x00000000eca784c0,0x00000000ecb80000)
  from space 5120K, 0% used [0x00000000ed080000,0x00000000ed080000,0x00000000ed580000)
  to   space 5120K, 0% used [0x00000000ecb80000,0x00000000ecb80000,0x00000000ed080000)
 ParOldGen       total 87552K, used 0K [0x00000000c0000000, 0x00000000c5580000, 0x00000000eab00000)
  object space 87552K, 0% used [0x00000000c0000000,0x00000000c0000000,0x00000000c5580000)
 Metaspace       used 5900K, capacity 6960K, committed 7040K, reserved 1056768K
  class space    used 592K, capacity 616K, committed 640K, reserved 1048576K

Card table byte_map: [0x0000000001930000,0x0000000001b40000] byte_map_base: 0x0000000001330000

Marking Bits: (ParMarkBitMap*) 0x000000006914a6c0
 Begin Bits: [0x0000000012500000, 0x0000000013500000)
 End Bits:   [0x0000000013500000, 0x0000000014500000)

Polling page: 0x0000000000e00000

CodeCache: size=245760Kb used=4776Kb max_used=4776Kb free=240983Kb
 bounds [0x0000000003400000, 0x00000000038b0000, 0x0000000012400000]
 total_blobs=1458 nmethods=1194 adapters=176
 compilation: disabled (not enough contiguous free space left)

Compilation events (10 events):
Event: 3.941 Thread 0x00000000150e1800 1193       3       com.android.dx.rop.code.RopMethod::<init> (53 bytes)
Event: 3.941 Thread 0x00000000150e1800 nmethod 1193 0x00000000038abad0 code [0x00000000038abc60, 0x00000000038ac038]
Event: 3.942 Thread 0x00000000150e1800 1194   !   3       com.android.dx.rop.code.RegisterSpecSet::put (104 bytes)
Event: 3.943 Thread 0x00000000150e1800 nmethod 1194 0x00000000038a9f50 code [0x00000000038aa1a0, 0x00000000038ab148]
Event: 3.943 Thread 0x00000000150e1800 1195       3       com.android.dx.rop.code.RegisterSpecSet::mutableCopy (57 bytes)
Event: 3.943 Thread 0x00000000150e1800 nmethod 1195 0x00000000038a9510 code [0x00000000038a96c0, 0x00000000038a9c88]
Event: 3.943 Thread 0x00000000150e1800 1196       3       com.android.dx.dex.code.RopTranslator$1::visitPlainCstInsn (64 bytes)
Event: 3.944 Thread 0x00000000150e1800 nmethod 1196 0x00000000038ae850 code [0x00000000038ae9e0, 0x00000000038af1b0]
Event: 3.944 Thread 0x00000000150e1800 1197       3       com.android.dx.dex.code.RopTranslator$LocalVariableAwareTranslationVisitor::visitPlainCstInsn (11 bytes)
Event: 3.947 Thread 0x00000000150e1800 


GC Heap History (0 events):
No events

Deoptimization events (10 events):
Event: 3.380 Thread 0x0000000016cdf800 Uncommon trap: reason=class_check action=maybe_recompile pc=0x0000000003770a4c method=com.android.dx.rop.type.Type.equals(Ljava/lang/Object;)Z @ 8
Event: 3.381 Thread 0x0000000016cdf800 Uncommon trap: reason=unstable_if action=reinterpret pc=0x000000000360ec40 method=java.util.HashMap.getNode(ILjava/lang/Object;)Ljava/util/HashMap$Node; @ 62
Event: 3.381 Thread 0x0000000016cdf800 Uncommon trap: reason=unstable_if action=reinterpret pc=0x0000000003770a30 method=com.android.dx.rop.code.RegisterSpec.equals(ILcom/android/dx/rop/type/TypeBearer;Lcom/android/dx/rop/code/LocalItem;)Z @ 16
Event: 3.381 Thread 0x0000000016cdf800 Uncommon trap: reason=class_check action=maybe_recompile pc=0x0000000003750568 method=com.android.dx.rop.type.Type.equals(Ljava/lang/Object;)Z @ 8
Event: 3.381 Thread 0x0000000016cdf800 Uncommon trap: reason=class_check action=maybe_recompile pc=0x0000000003750568 method=com.android.dx.rop.type.Type.equals(Ljava/lang/Object;)Z @ 8
Event: 3.381 Thread 0x0000000016cdf800 Uncommon trap: reason=class_check action=maybe_recompile pc=0x0000000003750568 method=com.android.dx.rop.type.Type.equals(Ljava/lang/Object;)Z @ 8
Event: 3.701 Thread 0x0000000016cf2800 Uncommon trap: reason=unstable_if action=reinterpret pc=0x000000000364e170 method=java.util.BitSet.nextSetBit(I)I @ 87
Event: 3.942 Thread 0x0000000016cf1800 Uncommon trap: reason=unstable_if action=reinterpret pc=0x000000000378f62c method=com.android.dx.rop.code.RegisterSpecSet.put(Lcom/android/dx/rop/code/RegisterSpec;)V @ 77
Event: 3.942 Thread 0x0000000016cf1800 Uncommon trap: reason=unstable_if action=reinterpret pc=0x00000000038354ac method=com.android.dx.rop.code.RegisterSpecSet.put(Lcom/android/dx/rop/code/RegisterSpec;)V @ 77
Event: 3.945 Thread 0x0000000016cf2800 Uncommon trap: reason=unstable_if action=reinterpret pc=0x000000000370de60 method=java.util.HashMap.getNode(ILjava/lang/Object;)Ljava/util/HashMap$Node; @ 62

Internal exceptions (2 events):
Event: 0.136 Thread 0x000000000146e000 Exception <a 'java/lang/NoSuchMethodError': Method sun.misc.Unsafe.defineClass(Ljava/lang/String;[BII)Ljava/lang/Class; name or signature does not match> (0x00000000eab07c78) thrown at [C:\re\workspace\8-2-build-windows-amd64-cygwin\jdk8u102\7268\hotspot\sI×ymÁ?
Event: 0.136 Thread 0x000000000146e000 Exception <a 'java/lang/NoSuchMethodError': Method sun.misc.Unsafe.prefetchRead(Ljava/lang/Object;J)V name or signature does not match> (0x00000000eab07f60) thrown at [C:\re\workspace\8-2-build-windows-amd64-cygwin\jdk8u102\7268\hotspot\src\share\vm\prims\

Events (10 events):
Event: 3.771 Executing VM operation: ForceSafepoint done
Event: 3.942 Thread 0x0000000016cf1800 Uncommon trap: trap_request=0xffffff65 fr.pc=0x000000000378f62c
Event: 3.942 Thread 0x0000000016cf1800 DEOPT PACKING pc=0x000000000378f62c sp=0x0000000017bee7e0
Event: 3.942 Thread 0x0000000016cf1800 DEOPT UNPACKING pc=0x000000000344582a sp=0x0000000017bee768 mode 2
Event: 3.942 Thread 0x0000000016cf1800 Uncommon trap: trap_request=0xffffff65 fr.pc=0x00000000038354ac
Event: 3.942 Thread 0x0000000016cf1800 DEOPT PACKING pc=0x00000000038354ac sp=0x0000000017bee7d0
Event: 3.942 Thread 0x0000000016cf1800 DEOPT UNPACKING pc=0x000000000344582a sp=0x0000000017bee6f0 mode 2
Event: 3.945 Thread 0x0000000016cf2800 Uncommon trap: trap_request=0xffffff65 fr.pc=0x000000000370de60
Event: 3.945 Thread 0x0000000016cf2800 DEOPT PACKING pc=0x000000000370de60 sp=0x0000000017cee540
Event: 3.945 Thread 0x0000000016cf2800 DEOPT UNPACKING pc=0x000000000344582a sp=0x0000000017cee268 mode 2


Dynamic libraries:
0x00007ff60a4e0000 - 0x00007ff60a517000 	C:\Program Files\Java\jdk1.8.0_102\bin\java.exe
0x00007ffde1c50000 - 0x00007ffde1dfd000 	C:\Windows\SYSTEM32\ntdll.dll
0x00007ffddf310000 - 0x00007ffddf44e000 	C:\Windows\system32\KERNEL32.DLL
0x00007ffddeef0000 - 0x00007ffddf005000 	C:\Windows\system32\KERNELBASE.dll
0x00007ffddd930000 - 0x00007ffddd9be000 	C:\Windows\system32\apphelp.dll
0x00007ffdc1e50000 - 0x00007ffdc1ea3000 	C:\Windows\AppPatch\AppPatch64\AcGenral.DLL
0x00007ffde0ea0000 - 0x00007ffde0f4a000 	C:\Windows\system32\msvcrt.dll
0x00007ffddf0c0000 - 0x00007ffddf0ee000 	C:\Windows\system32\SspiCli.dll
0x00007ffde1bf0000 - 0x00007ffde1c44000 	C:\Windows\system32\SHLWAPI.dll
0x00007ffde11f0000 - 0x00007ffde1367000 	C:\Windows\system32\USER32.dll
0x00007ffde1a50000 - 0x00007ffde1be4000 	C:\Windows\system32\ole32.dll
0x00007ffddf770000 - 0x00007ffde0c99000 	C:\Windows\system32\SHELL32.dll
0x00007ffdde390000 - 0x00007ffdde3b1000 	C:\Windows\SYSTEM32\USERENV.dll
0x00007ffde0cb0000 - 0x00007ffde0d5a000 	C:\Windows\system32\ADVAPI32.dll
0x00007ffdd0870000 - 0x00007ffdd088e000 	C:\Windows\SYSTEM32\MPR.dll
0x00007ffde1910000 - 0x00007ffde1a50000 	C:\Windows\system32\RPCRT4.dll
0x00007ffde1190000 - 0x00007ffde11e9000 	C:\Windows\SYSTEM32\sechost.dll
0x00007ffde1380000 - 0x00007ffde1592000 	C:\Windows\SYSTEM32\combase.dll
0x00007ffddf5b0000 - 0x00007ffddf6fb000 	C:\Windows\system32\GDI32.dll
0x00007ffdded70000 - 0x00007ffdded85000 	C:\Windows\SYSTEM32\profapi.dll
0x00007ffddd340000 - 0x00007ffddd3f2000 	C:\Windows\SYSTEM32\SHCORE.dll
0x00007ffddf2d0000 - 0x00007ffddf306000 	C:\Windows\system32\IMM32.DLL
0x00007ffddf450000 - 0x00007ffddf5a2000 	C:\Windows\system32\MSCTF.dll
0x00007ffddcca0000 - 0x00007ffddcf1b000 	C:\Windows\WinSxS\amd64_microsoft.windows.common-controls_6595b64144ccf1df_6.0.9600.18006_none_623f33d3ecbe86e8\COMCTL32.dll
0x00000000691d0000 - 0x00000000692a1000 	C:\Program Files\Java\jdk1.8.0_102\jre\bin\msvcr100.dll
0x0000000068930000 - 0x00000000691ca000 	C:\Program Files\Java\jdk1.8.0_102\jre\bin\server\jvm.dll
0x00007ffdd50e0000 - 0x00007ffdd50e9000 	C:\Windows\SYSTEM32\WSOCK32.dll
0x00007ffdda5c0000 - 0x00007ffdda5e2000 	C:\Windows\SYSTEM32\WINMM.dll
0x00007ffdda5f0000 - 0x00007ffdda5fa000 	C:\Windows\SYSTEM32\VERSION.dll
0x00007ffde0ca0000 - 0x00007ffde0ca7000 	C:\Windows\system32\PSAPI.DLL
0x00007ffde0d60000 - 0x00007ffde0dba000 	C:\Windows\system32\WS2_32.dll
0x00007ffdda580000 - 0x00007ffdda5aa000 	C:\Windows\SYSTEM32\WINMMBASE.dll
0x00007ffddf700000 - 0x00007ffddf709000 	C:\Windows\system32\NSI.dll
0x00007ffddf070000 - 0x00007ffddf0bf000 	C:\Windows\SYSTEM32\cfgmgr32.dll
0x00007ffdddba0000 - 0x00007ffdddbc8000 	C:\Windows\SYSTEM32\DEVOBJ.dll
0x0000000068920000 - 0x000000006892f000 	C:\Program Files\Java\jdk1.8.0_102\jre\bin\verify.dll
0x00000000688f0000 - 0x0000000068919000 	C:\Program Files\Java\jdk1.8.0_102\jre\bin\java.dll
0x00000000688d0000 - 0x00000000688e6000 	C:\Program Files\Java\jdk1.8.0_102\jre\bin\zip.dll

VM Arguments:
jvm_args: -Djava.awt.headless=true -Xmx1024M -Dfile.encoding=windows-1252 -Duser.country=IN -Duser.language=en -Duser.variant 
java_command: com.android.dx.command.Main --dex --num-threads=4 --output C:\Users\Padhavi\Downloads\android files\ngoconnect\app\build\intermediates\pre-dexed\debug\com.android.support-support-compat-25.0.1_6f898ff750201100ec599e41fccfc5b7eaa3c48b.jar C:\Users\Padhavi\Downloads\android files\ngoconnect\app\build\intermediates\exploded-aar\com.android.support\support-compat\25.0.1\jars\classes.jar
java_class_path (initial): C:\Users\Padhavi\AppData\Local\Android\sdk\build-tools\24.0.3\lib\dx.jar
Launcher Type: SUN_STANDARD

Environment Variables:
JAVA_HOME=C:\Program Files\Java\jdk1.8.0_121
PATH=C:\oraclexe\app\oracle\product\11.2.0\server\bin;C:\ProgramData\Oracle\Java\javapath;C:\Program Files\Broadcom\Broadcom 802.11;C:\Program Files (x86)\NVIDIA Corporation\PhysX\Common;C:\Program Files (x86)\Intel\iCLS Client\;C:\Program Files\Intel\iCLS Client\;C:\Windows\system32;C:\Windows;C:\Windows\System32\Wbem;C:\Windows\System32\WindowsPowerShell\v1.0\;C:\Program Files\Hewlett-Packard\SimplePass\;C:\Program Files\Intel\Intel(R) Management Engine Components\DAL;C:\Program Files\Intel\Intel(R) Management Engine Components\IPT;C:\Program Files (x86)\Intel\Intel(R) Management Engine Components\DAL;C:\Program Files (x86)\Intel\Intel(R) Management Engine Components\IPT;C:\Program Files (x86)\Windows Live\Shared;C:\Program Files (x86)\Common Files\lenovo\easyplussdk\bin;C:\Program Files\MATLAB\R2016a\bin;C:\Program Files\nodejs\;C:\Program Files\Git\cmd;C:\Users\Padhavi\AppData\Roaming\npm;C:\Program Files\PuTTY\;C:\oraclexe\app\oracle\product\11.2.0\server\bin;;C:\ProgramData\Oracle\Java\javapath;C:\Program Files\Broadcom\Broadcom 802.11;C:\Program Files (x86)\NVIDIA Corporation\PhysX\Common;C:\Program Files (x86)\Intel\iCLS Client\;C:\Program Files\Intel\iCLS Client\;C:\Windows\system32;C:\Windows;C:\Windows\System32\Wbem;C:\Windows\System32\WindowsPowerShell\v1.0\;C:\Program Files\Hewlett-Packard\SimplePass\;C:\Program Files\Intel\Intel(R) Management Engine Components\DAL;C:\Program Files\Intel\Intel(R) Management Engine Components\IPT;C:\Program Files (x86)\Intel\Intel(R) Management Engine Components\DAL;C:\Program Files (x86)\Intel\Intel(R) Management Engine Components\IPT;C:\Program Files (x86)\Windows Live\Shared;C:\Program Files (x86)\Common Files\lenovo\easyplussdk\bin;C:\Program Files\MATLAB\R2016a\bin;C:\Program Files\nodejs\;C:\Program Files (x86)\Skype\Phone\;c:\Python27\;C:\Python34\Scripts
USERNAME=Padhavi
OS=Windows_NT
PROCESSOR_IDENTIFIER=Intel64 Family 6 Model 69 Stepping 1, GenuineIntel



---------------  S Y S T E M  ---------------

OS: Windows 8.1 , 64 bit Build 9600 (6.3.9600.17415)

CPU:total 4 (2 cores per cpu, 2 threads per core) family 6 model 69 stepping 1, cmov, cx8, fxsr, mmx, sse, sse2, sse3, ssse3, sse4.1, sse4.2, popcnt, avx, avx2, aes, clmul, erms, lzcnt, ht, tsc, tscinvbit, bmi1, bmi2

Memory: 4k page, physical 8317080k(1197108k free), swap 11462808k(4808k free)

vm_info: Java HotSpot(TM) 64-Bit Server VM (25.102-b14) for windows-amd64 JRE (1.8.0_102-b14), built on Jun 22 2016 13:15:21 by "java_re" with MS VC++ 10.0 (VS2010)

time: Sun Jul 09 04:25:13 2017
elapsed time: 3 seconds (0d 0h 0m 3s)

