#
# There is insufficient memory for the Java Runtime Environment to continue.
# Native memory allocation (malloc) failed to allocate 32744 bytes for ChunkPool::allocate
# Possible reasons:
#   The system is out of physical RAM or swap space
#   In 32 bit mode, the process size limit was hit
# Possible solutions:
#   Reduce memory load on the system
#   Increase physical memory or swap space
#   Check if swap backing store is full
#   Use 64 bit Java on a 64 bit OS
#   Decrease Java heap size (-Xmx/-Xms)
#   Decrease number of Java threads
#   Decrease Java thread stack sizes (-Xss)
#   Set larger code cache with -XX:ReservedCodeCacheSize=
# This output file may be truncated or incomplete.
#
#  Out of Memory Error (allocation.cpp:273), pid=7924, tid=0x0000000000003b78
#
# JRE version: Java(TM) SE Runtime Environment (8.0_102-b14) (build 1.8.0_102-b14)
# Java VM: Java HotSpot(TM) 64-Bit Server VM (25.102-b14 mixed mode windows-amd64 compressed oops)
# Failed to write core dump. Minidumps are not enabled by default on client versions of Windows
#

---------------  T H R E A D  ---------------

Current thread (0x0000000001f43000):  JavaThread "C2 CompilerThread1" daemon [_thread_in_native, id=15224, stack(0x00000000161f0000,0x00000000162f0000)]

Stack: [0x00000000161f0000,0x00000000162f0000]
[error occurred during error reporting (printing stack bounds), id 0xc0000005]

Native frames: (J=compiled Java code, j=interpreted, Vv=VM code, C=native code)


Current CompileTask:
C2:   6233 1492   !   4       com.android.dx.cf.code.BytecodeArray::parseInstruction (2764 bytes)


---------------  P R O C E S S  ---------------

Java Threads: ( => current thread )
  0x00000000166b8000 JavaThread "pool-1-thread-4" [_thread_in_Java, id=15204, stack(0x0000000016df0000,0x0000000016ef0000)]
  0x00000000166a3800 JavaThread "pool-1-thread-3" [_thread_in_Java, id=13080, stack(0x0000000016cf0000,0x0000000016df0000)]
  0x000000001665b800 JavaThread "pool-1-thread-2" [_thread_in_Java, id=11732, stack(0x0000000016bf0000,0x0000000016cf0000)]
  0x0000000016658000 JavaThread "pool-2-thread-1" [_thread_blocked, id=12820, stack(0x0000000016af0000,0x0000000016bf0000)]
  0x0000000016651000 JavaThread "pool-1-thread-1" [_thread_blocked, id=4508, stack(0x00000000169f0000,0x0000000016af0000)]
  0x0000000016436000 JavaThread "Service Thread" daemon [_thread_blocked, id=14452, stack(0x00000000167f0000,0x00000000168f0000)]
  0x0000000001f59000 JavaThread "C1 CompilerThread2" daemon [_thread_blocked, id=12684, stack(0x00000000162f0000,0x00000000163f0000)]
=>0x0000000001f43000 JavaThread "C2 CompilerThread1" daemon [_thread_in_native, id=15224, stack(0x00000000161f0000,0x00000000162f0000)]
  0x0000000001f3f000 JavaThread "C2 CompilerThread0" daemon [_thread_in_native, id=13432, stack(0x00000000160f0000,0x00000000161f0000)]
  0x0000000001f3c000 JavaThread "Attach Listener" daemon [_thread_blocked, id=13204, stack(0x0000000015ff0000,0x00000000160f0000)]
  0x0000000001f3b000 JavaThread "Signal Dispatcher" daemon [_thread_blocked, id=8880, stack(0x0000000015ef0000,0x0000000015ff0000)]
  0x0000000001f2a800 JavaThread "Finalizer" daemon [_thread_blocked, id=1916, stack(0x0000000015df0000,0x0000000015ef0000)]
  0x0000000001000000 JavaThread "Reference Handler" daemon [_thread_blocked, id=13372, stack(0x0000000015cf0000,0x0000000015df0000)]
  0x000000000106e000 JavaThread "main" [_thread_blocked, id=13364, stack(0x0000000000e00000,0x0000000000f00000)]

Other Threads:
  0x0000000001f07800 VMThread [stack: 0x0000000015bf0000,0x0000000015cf0000] [id=8664]
  0x000000001643b000 WatcherThread [stack: 0x00000000168f0000,0x00000000169f0000] [id=1240]

VM state:not at safepoint (normal execution)

VM Mutex/Monitor currently owned by a thread: None

Heap:
 PSYoungGen      total 71680K, used 22807K [0x00000000eab00000, 0x00000000ef600000, 0x0000000100000000)
  eden space 66560K, 26% used [0x00000000eab00000,0x00000000ebc4bbd8,0x00000000eec00000)
  from space 5120K, 99% used [0x00000000ef100000,0x00000000ef5fa1c8,0x00000000ef600000)
  to   space 5120K, 0% used [0x00000000eec00000,0x00000000eec00000,0x00000000ef100000)
 ParOldGen       total 87552K, used 7150K [0x00000000c0000000, 0x00000000c5580000, 0x00000000eab00000)
  object space 87552K, 8% used [0x00000000c0000000,0x00000000c06fba08,0x00000000c5580000)
 Metaspace       used 6174K, capacity 7090K, committed 7296K, reserved 1056768K
  class space    used 600K, capacity 618K, committed 640K, reserved 1048576K

Card table byte_map: [0x0000000001430000,0x0000000001640000] byte_map_base: 0x0000000000e30000

Marking Bits: (ParMarkBitMap*) 0x000000006914a6c0
 Begin Bits: [0x0000000012400000, 0x0000000013400000)
 End Bits:   [0x0000000013400000, 0x0000000014400000)

Polling page: 0x0000000000860000

CodeCache: size=245760Kb used=6499Kb max_used=6518Kb free=239260Kb
 bounds [0x0000000003400000, 0x0000000003a70000, 0x0000000012400000]
 total_blobs=1810 nmethods=1541 adapters=182
 compilation: enabled

Compilation events (10 events):
Event: 6.073 Thread 0x0000000001f59000 1589       1       sun.util.calendar.CalendarDate::getMinutes (5 bytes)
Event: 6.073 Thread 0x0000000001f59000 nmethod 1589 0x0000000003a57590 code [0x0000000003a576e0, 0x0000000003a577f0]
Event: 6.073 Thread 0x0000000001f59000 1590       1       sun.util.calendar.CalendarDate::getSeconds (5 bytes)
Event: 6.073 Thread 0x0000000001f59000 nmethod 1590 0x0000000003a57850 code [0x0000000003a579a0, 0x0000000003a57ab0]
Event: 6.073 Thread 0x0000000001f59000 1591       1       sun.util.calendar.CalendarDate::getMillis (5 bytes)
Event: 6.073 Thread 0x0000000001f59000 nmethod 1591 0x0000000003a57b10 code [0x0000000003a57c60, 0x0000000003a57d70]
Event: 6.074 Thread 0x0000000001f59000 1592       2       com.android.dx.cf.iface.StdMethod::<init> (40 bytes)
Event: 6.075 Thread 0x0000000001f59000 nmethod 1592 0x0000000003a57dd0 code [0x0000000003a57f80, 0x0000000003a582a8]
Event: 6.163 Thread 0x0000000001f3f000 nmethod 1520 0x0000000003a5d350 code [0x0000000003a5d5c0, 0x0000000003a5f628]
Event: 6.163 Thread 0x0000000001f3f000 1568 %     4       com.android.dx.ssa.SsaMethod::computeReachability @ 8 (131 bytes)

GC Heap History (4 events):
Event: 3.833 GC heap before
{Heap before GC invocations=1 (full 0):
 PSYoungGen      total 38400K, used 33280K [0x00000000eab00000, 0x00000000ed580000, 0x0000000100000000)
  eden space 33280K, 100% used [0x00000000eab00000,0x00000000ecb80000,0x00000000ecb80000)
  from space 5120K, 0% used [0x00000000ed080000,0x00000000ed080000,0x00000000ed580000)
  to   space 5120K, 0% used [0x00000000ecb80000,0x00000000ecb80000,0x00000000ed080000)
 ParOldGen       total 87552K, used 0K [0x00000000c0000000, 0x00000000c5580000, 0x00000000eab00000)
  object space 87552K, 0% used [0x00000000c0000000,0x00000000c0000000,0x00000000c5580000)
 Metaspace       used 5998K, capacity 6898K, committed 7040K, reserved 1056768K
  class space    used 599K, capacity 618K, committed 640K, reserved 1048576K
Event: 3.957 GC heap after
Heap after GC invocations=1 (full 0):
 PSYoungGen      total 38400K, used 5111K [0x00000000eab00000, 0x00000000ef600000, 0x0000000100000000)
  eden space 33280K, 0% used [0x00000000eab00000,0x00000000eab00000,0x00000000ecb80000)
  from space 5120K, 99% used [0x00000000ecb80000,0x00000000ed07dc88,0x00000000ed080000)
  to   space 5120K, 0% used [0x00000000ef100000,0x00000000ef100000,0x00000000ef600000)
 ParOldGen       total 87552K, used 1757K [0x00000000c0000000, 0x00000000c5580000, 0x00000000eab00000)
  object space 87552K, 2% used [0x00000000c0000000,0x00000000c01b7430,0x00000000c5580000)
 Metaspace       used 5998K, capacity 6898K, committed 7040K, reserved 1056768K
  class space    used 599K, capacity 618K, committed 640K, reserved 1048576K
}
Event: 5.239 GC heap before
{Heap before GC invocations=2 (full 0):
 PSYoungGen      total 38400K, used 38391K [0x00000000eab00000, 0x00000000ef600000, 0x0000000100000000)
  eden space 33280K, 100% used [0x00000000eab00000,0x00000000ecb80000,0x00000000ecb80000)
  from space 5120K, 99% used [0x00000000ecb80000,0x00000000ed07dc88,0x00000000ed080000)
  to   space 5120K, 0% used [0x00000000ef100000,0x00000000ef100000,0x00000000ef600000)
 ParOldGen       total 87552K, used 1757K [0x00000000c0000000, 0x00000000c5580000, 0x00000000eab00000)
  object space 87552K, 2% used [0x00000000c0000000,0x00000000c01b7430,0x00000000c5580000)
 Metaspace       used 6135K, capacity 7026K, committed 7296K, reserved 1056768K
  class space    used 600K, capacity 618K, committed 640K, reserved 1048576K
Event: 5.565 GC heap after
Heap after GC invocations=2 (full 0):
 PSYoungGen      total 71680K, used 5096K [0x00000000eab00000, 0x00000000ef600000, 0x0000000100000000)
  eden space 66560K, 0% used [0x00000000eab00000,0x00000000eab00000,0x00000000eec00000)
  from space 5120K, 99% used [0x00000000ef100000,0x00000000ef5fa1c8,0x00000000ef600000)
  to   space 5120K, 0% used [0x00000000eec00000,0x00000000eec00000,0x00000000ef100000)
 ParOldGen       total 87552K, used 7150K [0x00000000c0000000, 0x00000000c5580000, 0x00000000eab00000)
  object space 87552K, 8% used [0x00000000c0000000,0x00000000c06fba08,0x00000000c5580000)
 Metaspace       used 6135K, capacity 7026K, committed 7296K, reserved 1056768K
  class space    used 600K, capacity 618K, committed 640K, reserved 1048576K
}

Deoptimization events (10 events):
Event: 3.194 Thread 0x000000001665b800 Uncommon trap: reason=bimorphic action=maybe_recompile pc=0x000000000367a078 method=java.util.HashMap.getNode(ILjava/lang/Object;)Ljava/util/HashMap$Node; @ 126
Event: 4.074 Thread 0x000000001665b800 Uncommon trap: reason=unstable_if action=reinterpret pc=0x0000000003879784 method=java.util.HashMap.putVal(ILjava/lang/Object;Ljava/lang/Object;ZZ)Ljava/lang/Object; @ 94
Event: 4.124 Thread 0x00000000166a3800 Uncommon trap: reason=unstable_if action=reinterpret pc=0x000000000387cda4 method=com.android.dx.ssa.SCCP.simulateStmt(Lcom/android/dx/ssa/SsaInsn;)V @ 53
Event: 4.472 Thread 0x00000000166a3800 Uncommon trap: reason=unstable_if action=reinterpret pc=0x000000000380cca8 method=com.android.dx.rop.code.LocalItem.compareHandlesNulls(Lcom/android/dx/rop/cst/CstString;Lcom/android/dx/rop/cst/CstString;)I @ 8
Event: 5.202 Thread 0x000000000106e000 Uncommon trap: reason=bimorphic action=maybe_recompile pc=0x000000000397ee90 method=com.android.dx.cf.code.BytecodeArray.parseInstruction(ILcom/android/dx/cf/code/BytecodeArray$Visitor;)I @ 1130
Event: 5.202 Thread 0x000000000106e000 Uncommon trap: reason=bimorphic action=maybe_recompile pc=0x000000000397ea70 method=com.android.dx.cf.code.BytecodeArray.parseInstruction(ILcom/android/dx/cf/code/BytecodeArray$Visitor;)I @ 907
Event: 5.202 Thread 0x000000000106e000 Uncommon trap: reason=bimorphic action=maybe_recompile pc=0x000000000397ee90 method=com.android.dx.cf.code.BytecodeArray.parseInstruction(ILcom/android/dx/cf/code/BytecodeArray$Visitor;)I @ 1130
Event: 5.202 Thread 0x000000000106e000 Uncommon trap: reason=bimorphic action=maybe_recompile pc=0x000000000397eafc method=com.android.dx.cf.code.BytecodeArray.parseInstruction(ILcom/android/dx/cf/code/BytecodeArray$Visitor;)I @ 923
Event: 5.202 Thread 0x000000000106e000 Uncommon trap: reason=bimorphic action=maybe_recompile pc=0x000000000397ee90 method=com.android.dx.cf.code.BytecodeArray.parseInstruction(ILcom/android/dx/cf/code/BytecodeArray$Visitor;)I @ 1130
Event: 5.203 Thread 0x000000000106e000 Uncommon trap: reason=unstable_if action=reinterpret pc=0x00000000039d382c method=com.android.dx.cf.code.RopperMachine.run(Lcom/android/dx/cf/code/Frame;II)V @ 1500

Internal exceptions (4 events):
Event: 0.113 Thread 0x000000000106e000 Exception <a 'java/lang/NoSuchMethodError': Method sun.misc.Unsafe.defineClass(Ljava/lang/String;[BII)Ljava/lang/Class; name or signature does not match> (0x00000000eab07c78) thrown at [C:\re\workspace\8-2-build-windows-amd64-cygwin\jdk8u102\7268\hotspot\s’žð[§ã¼?
Event: 0.113 Thread 0x000000000106e000 Exception <a 'java/lang/NoSuchMethodError': Method sun.misc.Unsafe.prefetchRead(Ljava/lang/Object;J)V name or signature does not match> (0x00000000eab07f60) thrown at [C:\re\workspace\8-2-build-windows-amd64-cygwin\jdk8u102\7268\hotspot\src\share\vm\prims\Ö¦úõÙp@
Event: 2.430 Thread 0x000000001665b800 Implicit null exception at 0x00000000036e1eb6 to 0x00000000036e3735
Event: 4.472 Thread 0x00000000166a3800 Implicit null exception at 0x000000000380cae6 to 0x000000000380cc95

Events (10 events):
Event: 5.203 Thread 0x000000000106e000 DEOPT PACKING pc=0x00000000039d382c sp=0x0000000000efdce0
Event: 5.203 Thread 0x000000000106e000 DEOPT UNPACKING pc=0x000000000344582a sp=0x0000000000efdcb8 mode 2
Event: 5.235 Thread 0x00000000166a3800 DEOPT PACKING pc=0x000000000378532d sp=0x0000000016deea00
Event: 5.235 Thread 0x00000000166a3800 DEOPT UNPACKING pc=0x000000000344787f sp=0x0000000016dee798 mode 0
Event: 5.237 Executing VM operation: ParallelGCFailedAllocation
Event: 5.566 Executing VM operation: ParallelGCFailedAllocation done
Event: 6.013 Thread 0x00000000166b8000 DEOPT PACKING pc=0x000000000378532d sp=0x0000000016eeecf0
Event: 6.013 Thread 0x00000000166b8000 DEOPT UNPACKING pc=0x000000000344787f sp=0x0000000016eeea88 mode 0
Event: 6.042 Thread 0x000000001665b800 DEOPT PACKING pc=0x000000000378532d sp=0x0000000016cee710
Event: 6.042 Thread 0x000000001665b800 DEOPT UNPACKING pc=0x000000000344787f sp=0x0000000016cee4a8 mode 0


Dynamic libraries:
0x00007ff60a4e0000 - 0x00007ff60a517000 	C:\Program Files\Java\jdk1.8.0_102\bin\java.exe
0x00007ffde1c50000 - 0x00007ffde1dfd000 	C:\Windows\SYSTEM32\ntdll.dll
0x00007ffddf310000 - 0x00007ffddf44e000 	C:\Windows\system32\KERNEL32.DLL
0x00007ffddeef0000 - 0x00007ffddf005000 	C:\Windows\system32\KERNELBASE.dll
0x00007ffddd930000 - 0x00007ffddd9be000 	C:\Windows\system32\apphelp.dll
0x00007ffdc1e50000 - 0x00007ffdc1ea3000 	C:\Windows\AppPatch\AppPatch64\AcGenral.DLL
0x00007ffde0ea0000 - 0x00007ffde0f4a000 	C:\Windows\system32\msvcrt.dll
0x00007ffddf0c0000 - 0x00007ffddf0ee000 	C:\Windows\system32\SspiCli.dll
0x00007ffde1bf0000 - 0x00007ffde1c44000 	C:\Windows\system32\SHLWAPI.dll
0x00007ffde11f0000 - 0x00007ffde1367000 	C:\Windows\system32\USER32.dll
0x00007ffde1a50000 - 0x00007ffde1be4000 	C:\Windows\system32\ole32.dll
0x00007ffddf770000 - 0x00007ffde0c99000 	C:\Windows\system32\SHELL32.dll
0x00007ffdde390000 - 0x00007ffdde3b1000 	C:\Windows\SYSTEM32\USERENV.dll
0x00007ffde0cb0000 - 0x00007ffde0d5a000 	C:\Windows\system32\ADVAPI32.dll
0x00007ffdd0870000 - 0x00007ffdd088e000 	C:\Windows\SYSTEM32\MPR.dll
0x00007ffde1910000 - 0x00007ffde1a50000 	C:\Windows\system32\RPCRT4.dll
0x00007ffde1190000 - 0x00007ffde11e9000 	C:\Windows\SYSTEM32\sechost.dll
0x00007ffde1380000 - 0x00007ffde1592000 	C:\Windows\SYSTEM32\combase.dll
0x00007ffddf5b0000 - 0x00007ffddf6fb000 	C:\Windows\system32\GDI32.dll
0x00007ffdded70000 - 0x00007ffdded85000 	C:\Windows\SYSTEM32\profapi.dll
0x00007ffddd340000 - 0x00007ffddd3f2000 	C:\Windows\SYSTEM32\SHCORE.dll
0x00007ffddf2d0000 - 0x00007ffddf306000 	C:\Windows\system32\IMM32.DLL
0x00007ffddf450000 - 0x00007ffddf5a2000 	C:\Windows\system32\MSCTF.dll
0x00007ffddcca0000 - 0x00007ffddcf1b000 	C:\Windows\WinSxS\amd64_microsoft.windows.common-controls_6595b64144ccf1df_6.0.9600.18006_none_623f33d3ecbe86e8\COMCTL32.dll
0x00000000691d0000 - 0x00000000692a1000 	C:\Program Files\Java\jdk1.8.0_102\jre\bin\msvcr100.dll
0x0000000068930000 - 0x00000000691ca000 	C:\Program Files\Java\jdk1.8.0_102\jre\bin\server\jvm.dll
0x00007ffdd50e0000 - 0x00007ffdd50e9000 	C:\Windows\SYSTEM32\WSOCK32.dll
0x00007ffdda5c0000 - 0x00007ffdda5e2000 	C:\Windows\SYSTEM32\WINMM.dll
0x00007ffdda5f0000 - 0x00007ffdda5fa000 	C:\Windows\SYSTEM32\VERSION.dll
0x00007ffde0ca0000 - 0x00007ffde0ca7000 	C:\Windows\system32\PSAPI.DLL
0x00007ffde0d60000 - 0x00007ffde0dba000 	C:\Windows\system32\WS2_32.dll
0x00007ffdda580000 - 0x00007ffdda5aa000 	C:\Windows\SYSTEM32\WINMMBASE.dll
0x00007ffddf700000 - 0x00007ffddf709000 	C:\Windows\system32\NSI.dll
0x00007ffddf070000 - 0x00007ffddf0bf000 	C:\Windows\SYSTEM32\cfgmgr32.dll
0x00007ffdddba0000 - 0x00007ffdddbc8000 	C:\Windows\SYSTEM32\DEVOBJ.dll
0x0000000068920000 - 0x000000006892f000 	C:\Program Files\Java\jdk1.8.0_102\jre\bin\verify.dll
0x00000000688f0000 - 0x0000000068919000 	C:\Program Files\Java\jdk1.8.0_102\jre\bin\java.dll
0x00000000688d0000 - 0x00000000688e6000 	C:\Program Files\Java\jdk1.8.0_102\jre\bin\zip.dll

VM Arguments:
jvm_args: -Djava.awt.headless=true -Xmx1024M -Dfile.encoding=windows-1252 -Duser.country=IN -Duser.language=en -Duser.variant 
java_command: com.android.dx.command.Main --dex --num-threads=4 --output C:\Users\Padhavi\Downloads\android files\ngoconnect\app\build\intermediates\pre-dexed\debug\okhttp-2.5.0_473cb21835e85eea5a5bb6abf86c99226ed30cb2.jar C:\Users\Padhavi\.gradle\caches\modules-2\files-2.1\com.squareup.okhttp\okhttp\2.5.0\4de2b4ed3445c37ec1720a7d214712e845a24636\okhttp-2.5.0.jar
java_class_path (initial): C:\Users\Padhavi\AppData\Local\Android\sdk\build-tools\24.0.3\lib\dx.jar
Launcher Type: SUN_STANDARD

Environment Variables:
JAVA_HOME=C:\Program Files\Java\jdk1.8.0_121
PATH=C:\oraclexe\app\oracle\product\11.2.0\server\bin;C:\ProgramData\Oracle\Java\javapath;C:\Program Files\Broadcom\Broadcom 802.11;C:\Program Files (x86)\NVIDIA Corporation\PhysX\Common;C:\Program Files (x86)\Intel\iCLS Client\;C:\Program Files\Intel\iCLS Client\;C:\Windows\system32;C:\Windows;C:\Windows\System32\Wbem;C:\Windows\System32\WindowsPowerShell\v1.0\;C:\Program Files\Hewlett-Packard\SimplePass\;C:\Program Files\Intel\Intel(R) Management Engine Components\DAL;C:\Program Files\Intel\Intel(R) Management Engine Components\IPT;C:\Program Files (x86)\Intel\Intel(R) Management Engine Components\DAL;C:\Program Files (x86)\Intel\Intel(R) Management Engine Components\IPT;C:\Program Files (x86)\Windows Live\Shared;C:\Program Files (x86)\Common Files\lenovo\easyplussdk\bin;C:\Program Files\MATLAB\R2016a\bin;C:\Program Files\nodejs\;C:\Program Files\Git\cmd;C:\Users\Padhavi\AppData\Roaming\npm;C:\Program Files\PuTTY\;C:\oraclexe\app\oracle\product\11.2.0\server\bin;;C:\ProgramData\Oracle\Java\javapath;C:\Program Files\Broadcom\Broadcom 802.11;C:\Program Files (x86)\NVIDIA Corporation\PhysX\Common;C:\Program Files (x86)\Intel\iCLS Client\;C:\Program Files\Intel\iCLS Client\;C:\Windows\system32;C:\Windows;C:\Windows\System32\Wbem;C:\Windows\System32\WindowsPowerShell\v1.0\;C:\Program Files\Hewlett-Packard\SimplePass\;C:\Program Files\Intel\Intel(R) Management Engine Components\DAL;C:\Program Files\Intel\Intel(R) Management Engine Components\IPT;C:\Program Files (x86)\Intel\Intel(R) Management Engine Components\DAL;C:\Program Files (x86)\Intel\Intel(R) Management Engine Components\IPT;C:\Program Files (x86)\Windows Live\Shared;C:\Program Files (x86)\Common Files\lenovo\easyplussdk\bin;C:\Program Files\MATLAB\R2016a\bin;C:\Program Files\nodejs\;C:\Program Files (x86)\Skype\Phone\;c:\Python27\;C:\Python34\Scripts
USERNAME=Padhavi
OS=Windows_NT
PROCESSOR_IDENTIFIER=Intel64 Family 6 Model 69 Stepping 1, GenuineIntel



---------------  S Y S T E M  ---------------

OS: Windows 8.1 , 64 bit Build 9600 (6.3.9600.17415)

CPU:total 4 (2 cores per cpu, 2 threads per core) family 6 model 69 stepping 1, cmov, cx8, fxsr, mmx, sse, sse2, sse3, ssse3, sse4.1, sse4.2, popcnt, avx, avx2, aes, clmul, erms, lzcnt, ht, tsc, tscinvbit, bmi1, bmi2

Memory: 4k page, physical 8317080k(1053488k free), swap 11462808k(5112k free)

vm_info: Java HotSpot(TM) 64-Bit Server VM (25.102-b14) for windows-amd64 JRE (1.8.0_102-b14), built on Jun 22 2016 13:15:21 by "java_re" with MS VC++ 10.0 (VS2010)

time: Sun Jul 09 04:34:24 2017
elapsed time: 6 seconds (0d 0h 0m 6s)

