#
# There is insufficient memory for the Java Runtime Environment to continue.
# Native memory allocation (malloc) failed to allocate 561696 bytes for Chunk::new
# Possible reasons:
#   The system is out of physical RAM or swap space
#   In 32 bit mode, the process size limit was hit
# Possible solutions:
#   Reduce memory load on the system
#   Increase physical memory or swap space
#   Check if swap backing store is full
#   Use 64 bit Java on a 64 bit OS
#   Decrease Java heap size (-Xmx/-Xms)
#   Decrease number of Java threads
#   Decrease Java thread stack sizes (-Xss)
#   Set larger code cache with -XX:ReservedCodeCacheSize=
# This output file may be truncated or incomplete.
#
#  Out of Memory Error (allocation.cpp:390), pid=5544, tid=0x00000000000035c8
#
# JRE version: Java(TM) SE Runtime Environment (8.0_102-b14) (build 1.8.0_102-b14)
# Java VM: Java HotSpot(TM) 64-Bit Server VM (25.102-b14 mixed mode windows-amd64 compressed oops)
# Failed to write core dump. Minidumps are not enabled by default on client versions of Windows
#

---------------  T H R E A D  ---------------

Current thread (0x0000000015506000):  JavaThread "C2 CompilerThread1" daemon [_thread_in_native, id=13768, stack(0x0000000016c60000,0x0000000016d60000)]

Stack: [0x0000000016c60000,0x0000000016d60000]
[error occurred during error reporting (printing stack bounds), id 0xc0000005]

Native frames: (J=compiled Java code, j=interpreted, Vv=VM code, C=native code)


Current CompileTask:
C2:   8695 1480       4       com.android.dx.ssa.SCCP::simulatePhi (169 bytes)


---------------  P R O C E S S  ---------------

Java Threads: ( => current thread )
  0x000000001555c800 JavaThread "Service Thread" daemon [_thread_blocked, id=11672, stack(0x0000000017260000,0x0000000017360000)]
  0x000000001550e000 JavaThread "C1 CompilerThread2" daemon [_thread_in_vm, id=12044, stack(0x0000000016d60000,0x0000000016e60000)]
=>0x0000000015506000 JavaThread "C2 CompilerThread1" daemon [_thread_in_native, id=13768, stack(0x0000000016c60000,0x0000000016d60000)]
  0x00000000154ff000 JavaThread "C2 CompilerThread0" daemon [_thread_in_native, id=14400, stack(0x0000000016b60000,0x0000000016c60000)]
  0x00000000154fc000 JavaThread "Attach Listener" daemon [_thread_blocked, id=12236, stack(0x0000000016a60000,0x0000000016b60000)]
  0x00000000154fb000 JavaThread "Signal Dispatcher" daemon [_thread_blocked, id=12924, stack(0x0000000016960000,0x0000000016a60000)]
  0x00000000154ea800 JavaThread "Finalizer" daemon [_thread_blocked, id=9236, stack(0x0000000016780000,0x0000000016880000)]
  0x00000000019c0000 JavaThread "Reference Handler" daemon [_thread_blocked, id=13512, stack(0x0000000016680000,0x0000000016780000)]
  0x00000000018ce000 JavaThread "main" [_thread_blocked, id=9832, stack(0x00000000016e0000,0x00000000017e0000)]

Other Threads:
  0x00000000154c7000 VMThread [stack: 0x0000000016580000,0x0000000016680000] [id=15008]
  0x0000000016e9c000 WatcherThread [stack: 0x0000000017360000,0x0000000017460000] [id=9308]

VM state:synchronizing (normal execution)

VM Mutex/Monitor currently owned by a thread:  ([mutex/lock_event])
[0x00000000018cc4b0] CodeCache_lock - owner thread: 0x000000001550e000
[0x00000000018ccb80] Threads_lock - owner thread: 0x00000000154c7000
[0x00000000018d1e50] Compile_lock - owner thread: 0x000000001550e000
[0x00000000018d0750] MethodCompileQueue_lock - owner thread: 0x000000001550e000

Heap:
 PSYoungGen      total 71680K, used 46484K [0x00000000eab00000, 0x00000000ef600000, 0x0000000100000000)
  eden space 66560K, 62% used [0x00000000eab00000,0x00000000ed36c898,0x00000000eec00000)
  from space 5120K, 99% used [0x00000000ef100000,0x00000000ef5f87c8,0x00000000ef600000)
  to   space 5120K, 0% used [0x00000000eec00000,0x00000000eec00000,0x00000000ef100000)
 ParOldGen       total 87552K, used 5562K [0x00000000c0000000, 0x00000000c5580000, 0x00000000eab00000)
  object space 87552K, 6% used [0x00000000c0000000,0x00000000c056e9b0,0x00000000c5580000)
 Metaspace       used 6332K, capacity 7312K, committed 7680K, reserved 1058816K
  class space    used 609K, capacity 648K, committed 768K, reserved 1048576K

Card table byte_map: [0x0000000001d90000,0x0000000001fa0000] byte_map_base: 0x0000000001790000

Marking Bits: (ParMarkBitMap*) 0x000000006914a6c0
 Begin Bits: [0x0000000012960000, 0x0000000013960000)
 End Bits:   [0x0000000013960000, 0x0000000014960000)

Polling page: 0x0000000001690000

CodeCache: size=245760Kb used=7040Kb max_used=7040Kb free=238719Kb
 bounds [0x0000000003400000, 0x0000000003af0000, 0x0000000012400000]
 total_blobs=2042 nmethods=1778 adapters=176
 compilation: enabled

Compilation events (10 events):
Event: 5.607 Thread 0x000000001550e000 1611       2       com.android.dx.dex.code.RopTranslator::calculateParamsAreInOrder (37 bytes)
Event: 5.608 Thread 0x000000001550e000 nmethod 1611 0x0000000003a66d10 code [0x0000000003a66e80, 0x0000000003a671d8]
Event: 5.608 Thread 0x000000001550e000 1609       2       java.util.EnumSet::<init> (15 bytes)
Event: 5.608 Thread 0x000000001550e000 nmethod 1609 0x0000000003a67390 code [0x0000000003a674e0, 0x0000000003a67650]
Event: 5.608 Thread 0x000000001550e000 1613       2       com.android.dx.cf.code.RopperMachine::<init> (134 bytes)
Event: 5.609 Thread 0x000000001550e000 nmethod 1613 0x0000000003a676d0 code [0x0000000003a678a0, 0x0000000003a67df8]
Event: 5.609 Thread 0x000000001550e000 1614       2       com.android.dx.cf.code.Simulator::<init> (66 bytes)
Event: 5.609 Thread 0x000000001550e000 nmethod 1614 0x0000000003a68110 code [0x0000000003a682a0, 0x0000000003a68638]
Event: 5.609 Thread 0x000000001550e000 1612       2       com.android.dx.dex.code.DalvCode::<init> (68 bytes)
Event: 5.609 Thread 0x000000001550e000 nmethod 1612 0x0000000003a68810 code [0x0000000003a689a0, 0x0000000003a68cb8]

GC Heap History (4 events):
Event: 3.372 GC heap before
{Heap before GC invocations=1 (full 0):
 PSYoungGen      total 38400K, used 33280K [0x00000000eab00000, 0x00000000ed580000, 0x0000000100000000)
  eden space 33280K, 100% used [0x00000000eab00000,0x00000000ecb80000,0x00000000ecb80000)
  from space 5120K, 0% used [0x00000000ed080000,0x00000000ed080000,0x00000000ed580000)
  to   space 5120K, 0% used [0x00000000ecb80000,0x00000000ecb80000,0x00000000ed080000)
 ParOldGen       total 87552K, used 0K [0x00000000c0000000, 0x00000000c5580000, 0x00000000eab00000)
  object space 87552K, 0% used [0x00000000c0000000,0x00000000c0000000,0x00000000c5580000)
 Metaspace       used 5861K, capacity 6896K, committed 7040K, reserved 1056768K
  class space    used 591K, capacity 616K, committed 640K, reserved 1048576K
Event: 3.520 GC heap after
Heap after GC invocations=1 (full 0):
 PSYoungGen      total 38400K, used 5091K [0x00000000eab00000, 0x00000000ef600000, 0x0000000100000000)
  eden space 33280K, 0% used [0x00000000eab00000,0x00000000eab00000,0x00000000ecb80000)
  from space 5120K, 99% used [0x00000000ecb80000,0x00000000ed078e98,0x00000000ed080000)
  to   space 5120K, 0% used [0x00000000ef100000,0x00000000ef100000,0x00000000ef600000)
 ParOldGen       total 87552K, used 2089K [0x00000000c0000000, 0x00000000c5580000, 0x00000000eab00000)
  object space 87552K, 2% used [0x00000000c0000000,0x00000000c020a628,0x00000000c5580000)
 Metaspace       used 5861K, capacity 6896K, committed 7040K, reserved 1056768K
  class space    used 591K, capacity 616K, committed 640K, reserved 1048576K
}
Event: 4.722 GC heap before
{Heap before GC invocations=2 (full 0):
 PSYoungGen      total 38400K, used 38371K [0x00000000eab00000, 0x00000000ef600000, 0x0000000100000000)
  eden space 33280K, 100% used [0x00000000eab00000,0x00000000ecb80000,0x00000000ecb80000)
  from space 5120K, 99% used [0x00000000ecb80000,0x00000000ed078e98,0x00000000ed080000)
  to   space 5120K, 0% used [0x00000000ef100000,0x00000000ef100000,0x00000000ef600000)
 ParOldGen       total 87552K, used 2089K [0x00000000c0000000, 0x00000000c5580000, 0x00000000eab00000)
  object space 87552K, 2% used [0x00000000c0000000,0x00000000c020a628,0x00000000c5580000)
 Metaspace       used 6029K, capacity 7088K, committed 7296K, reserved 1056768K
  class space    used 591K, capacity 616K, committed 640K, reserved 1048576K
Event: 4.755 GC heap after
Heap after GC invocations=2 (full 0):
 PSYoungGen      total 71680K, used 5089K [0x00000000eab00000, 0x00000000ef600000, 0x0000000100000000)
  eden space 66560K, 0% used [0x00000000eab00000,0x00000000eab00000,0x00000000eec00000)
  from space 5120K, 99% used [0x00000000ef100000,0x00000000ef5f87c8,0x00000000ef600000)
  to   space 5120K, 0% used [0x00000000eec00000,0x00000000eec00000,0x00000000ef100000)
 ParOldGen       total 87552K, used 5562K [0x00000000c0000000, 0x00000000c5580000, 0x00000000eab00000)
  object space 87552K, 6% used [0x00000000c0000000,0x00000000c056e9b0,0x00000000c5580000)
 Metaspace       used 6029K, capacity 7088K, committed 7296K, reserved 1056768K
  class space    used 591K, capacity 616K, committed 640K, reserved 1048576K
}

Deoptimization events (10 events):
Event: 5.517 Thread 0x00000000170cf000 Uncommon trap: reason=bimorphic action=maybe_recompile pc=0x00000000039b72a8 method=com.android.dx.cf.code.BytecodeArray.parseInstruction(ILcom/android/dx/cf/code/BytecodeArray$Visitor;)I @ 1224
Event: 5.532 Thread 0x00000000170d4000 Uncommon trap: reason=unstable_if action=reinterpret pc=0x000000000376b12c method=com.android.dx.rop.code.RegisterSpecSet.put(Lcom/android/dx/rop/code/RegisterSpec;)V @ 77
Event: 5.532 Thread 0x00000000170d4000 Uncommon trap: reason=unstable_if action=reinterpret pc=0x000000000380c32c method=com.android.dx.rop.code.RegisterSpecSet.put(Lcom/android/dx/rop/code/RegisterSpec;)V @ 77
Event: 5.546 Thread 0x0000000016fd1000 Uncommon trap: reason=bimorphic action=maybe_recompile pc=0x0000000003737e10 method=java.util.HashMap.getNode(ILjava/lang/Object;)Ljava/util/HashMap$Node; @ 126
Event: 5.546 Thread 0x0000000016fd1000 Uncommon trap: reason=class_check action=maybe_recompile pc=0x0000000003840cc4 method=java.util.HashMap.putVal(ILjava/lang/Object;Ljava/lang/Object;ZZ)Ljava/lang/Object; @ 203
Event: 5.546 Thread 0x0000000016fd1000 Uncommon trap: reason=bimorphic action=maybe_recompile pc=0x0000000003737e10 method=java.util.HashMap.getNode(ILjava/lang/Object;)Ljava/util/HashMap$Node; @ 126
Event: 5.546 Thread 0x0000000016fd1000 Uncommon trap: reason=class_check action=maybe_recompile pc=0x0000000003840cc4 method=java.util.HashMap.putVal(ILjava/lang/Object;Ljava/lang/Object;ZZ)Ljava/lang/Object; @ 203
Event: 5.546 Thread 0x0000000016fd1000 Uncommon trap: reason=bimorphic action=maybe_recompile pc=0x0000000003737e10 method=java.util.HashMap.getNode(ILjava/lang/Object;)Ljava/util/HashMap$Node; @ 126
Event: 5.546 Thread 0x0000000016fd1000 Uncommon trap: reason=bimorphic action=maybe_recompile pc=0x0000000003737e10 method=java.util.HashMap.getNode(ILjava/lang/Object;)Ljava/util/HashMap$Node; @ 126
Event: 5.546 Thread 0x0000000016fd1000 Uncommon trap: reason=class_check action=maybe_recompile pc=0x0000000003840cc4 method=java.util.HashMap.putVal(ILjava/lang/Object;Ljava/lang/Object;ZZ)Ljava/lang/Object; @ 203

Internal exceptions (4 events):
Event: 0.283 Thread 0x00000000018ce000 Exception <a 'java/lang/NoSuchMethodError': Method sun.misc.Unsafe.defineClass(Ljava/lang/String;[BII)Ljava/lang/Class; name or signature does not match> (0x00000000eab07c78) thrown at [C:\re\workspace\8-2-build-windows-amd64-cygwin\jdk8u102\7268\hotspot\s1Ü@Ü¶Ò?
Event: 0.283 Thread 0x00000000018ce000 Exception <a 'java/lang/NoSuchMethodError': Method sun.misc.Unsafe.prefetchRead(Ljava/lang/Object;J)V name or signature does not match> (0x00000000eab07f60) thrown at [C:\re\workspace\8-2-build-windows-amd64-cygwin\jdk8u102\7268\hotspot\src\share\vm\prims\]fRU†Ä@
Event: 4.692 Thread 0x00000000170cf000 Implicit null exception at 0x0000000003723faf to 0x0000000003725849
Event: 4.692 Thread 0x00000000170cf000 Implicit null exception at 0x000000000371b313 to 0x000000000371c971

Events (10 events):
Event: 5.546 Thread 0x0000000016fd1000 DEOPT PACKING pc=0x0000000003737e10 sp=0x000000001755def0
Event: 5.546 Thread 0x0000000016fd1000 DEOPT UNPACKING pc=0x000000000344582a sp=0x000000001755de70 mode 2
Event: 5.546 Thread 0x0000000016fd1000 Uncommon trap: trap_request=0xffffffc6 fr.pc=0x0000000003737e10
Event: 5.546 Thread 0x0000000016fd1000 DEOPT PACKING pc=0x0000000003737e10 sp=0x000000001755df00
Event: 5.546 Thread 0x0000000016fd1000 DEOPT UNPACKING pc=0x000000000344582a sp=0x000000001755de80 mode 2
Event: 5.546 Thread 0x0000000016fd1000 Uncommon trap: trap_request=0xffffffde fr.pc=0x0000000003840cc4
Event: 5.546 Thread 0x0000000016fd1000 DEOPT PACKING pc=0x0000000003840cc4 sp=0x000000001755e3b0
Event: 5.546 Thread 0x0000000016fd1000 DEOPT UNPACKING pc=0x000000000344582a sp=0x000000001755e338 mode 2
Event: 5.552 Thread 0x0000000016fd1000 DEOPT PACKING pc=0x00000000038a827d sp=0x000000001755e5a0
Event: 5.552 Thread 0x0000000016fd1000 DEOPT UNPACKING pc=0x000000000344787f sp=0x000000001755e2d8 mode 0


Dynamic libraries:
0x00007ff60a4e0000 - 0x00007ff60a517000 	C:\Program Files\Java\jdk1.8.0_102\bin\java.exe
0x00007ffde1c50000 - 0x00007ffde1dfd000 	C:\Windows\SYSTEM32\ntdll.dll
0x00007ffddf310000 - 0x00007ffddf44e000 	C:\Windows\system32\KERNEL32.DLL
0x00007ffddeef0000 - 0x00007ffddf005000 	C:\Windows\system32\KERNELBASE.dll
0x00007ffddd930000 - 0x00007ffddd9be000 	C:\Windows\system32\apphelp.dll
0x00007ffdc1e50000 - 0x00007ffdc1ea3000 	C:\Windows\AppPatch\AppPatch64\AcGenral.DLL
0x00007ffde0ea0000 - 0x00007ffde0f4a000 	C:\Windows\system32\msvcrt.dll
0x00007ffddf0c0000 - 0x00007ffddf0ee000 	C:\Windows\system32\SspiCli.dll
0x00007ffde1bf0000 - 0x00007ffde1c44000 	C:\Windows\system32\SHLWAPI.dll
0x00007ffde11f0000 - 0x00007ffde1367000 	C:\Windows\system32\USER32.dll
0x00007ffde1a50000 - 0x00007ffde1be4000 	C:\Windows\system32\ole32.dll
0x00007ffddf770000 - 0x00007ffde0c99000 	C:\Windows\system32\SHELL32.dll
0x00007ffdde390000 - 0x00007ffdde3b1000 	C:\Windows\SYSTEM32\USERENV.dll
0x00007ffde0cb0000 - 0x00007ffde0d5a000 	C:\Windows\system32\ADVAPI32.dll
0x00007ffdd0870000 - 0x00007ffdd088e000 	C:\Windows\SYSTEM32\MPR.dll
0x00007ffde1910000 - 0x00007ffde1a50000 	C:\Windows\system32\RPCRT4.dll
0x00007ffde1190000 - 0x00007ffde11e9000 	C:\Windows\SYSTEM32\sechost.dll
0x00007ffde1380000 - 0x00007ffde1592000 	C:\Windows\SYSTEM32\combase.dll
0x00007ffddf5b0000 - 0x00007ffddf6fb000 	C:\Windows\system32\GDI32.dll
0x00007ffdded70000 - 0x00007ffdded85000 	C:\Windows\SYSTEM32\profapi.dll
0x00007ffddd340000 - 0x00007ffddd3f2000 	C:\Windows\SYSTEM32\SHCORE.dll
0x00007ffddf2d0000 - 0x00007ffddf306000 	C:\Windows\system32\IMM32.DLL
0x00007ffddf450000 - 0x00007ffddf5a2000 	C:\Windows\system32\MSCTF.dll
0x00007ffddcca0000 - 0x00007ffddcf1b000 	C:\Windows\WinSxS\amd64_microsoft.windows.common-controls_6595b64144ccf1df_6.0.9600.18006_none_623f33d3ecbe86e8\COMCTL32.dll
0x00000000691d0000 - 0x00000000692a1000 	C:\Program Files\Java\jdk1.8.0_102\jre\bin\msvcr100.dll
0x0000000068930000 - 0x00000000691ca000 	C:\Program Files\Java\jdk1.8.0_102\jre\bin\server\jvm.dll
0x00007ffdd50e0000 - 0x00007ffdd50e9000 	C:\Windows\SYSTEM32\WSOCK32.dll
0x00007ffdda5c0000 - 0x00007ffdda5e2000 	C:\Windows\SYSTEM32\WINMM.dll
0x00007ffdda5f0000 - 0x00007ffdda5fa000 	C:\Windows\SYSTEM32\VERSION.dll
0x00007ffde0ca0000 - 0x00007ffde0ca7000 	C:\Windows\system32\PSAPI.DLL
0x00007ffde0d60000 - 0x00007ffde0dba000 	C:\Windows\system32\WS2_32.dll
0x00007ffdda580000 - 0x00007ffdda5aa000 	C:\Windows\SYSTEM32\WINMMBASE.dll
0x00007ffddf700000 - 0x00007ffddf709000 	C:\Windows\system32\NSI.dll
0x00007ffddf070000 - 0x00007ffddf0bf000 	C:\Windows\SYSTEM32\cfgmgr32.dll
0x00007ffdddba0000 - 0x00007ffdddbc8000 	C:\Windows\SYSTEM32\DEVOBJ.dll
0x0000000068920000 - 0x000000006892f000 	C:\Program Files\Java\jdk1.8.0_102\jre\bin\verify.dll
0x00000000688f0000 - 0x0000000068919000 	C:\Program Files\Java\jdk1.8.0_102\jre\bin\java.dll
0x00000000688d0000 - 0x00000000688e6000 	C:\Program Files\Java\jdk1.8.0_102\jre\bin\zip.dll

VM Arguments:
jvm_args: -Djava.awt.headless=true -Xmx1024M -Dfile.encoding=windows-1252 -Duser.country=IN -Duser.language=en -Duser.variant 
java_command: com.android.dx.command.Main --dex --num-threads=4 --output C:\Users\Padhavi\Downloads\android files\ngoconnect\app\build\intermediates\pre-dexed\debug\com.android.support-support-fragment-25.0.1_4e7cc18c209c2501af001f2037f2f2aa4ba8e7e9.jar C:\Users\Padhavi\Downloads\android files\ngoconnect\app\build\intermediates\exploded-aar\com.android.support\support-fragment\25.0.1\jars\classes.jar
java_class_path (initial): C:\Users\Padhavi\AppData\Local\Android\sdk\build-tools\24.0.3\lib\dx.jar
Launcher Type: SUN_STANDARD

Environment Variables:
JAVA_HOME=C:\Program Files\Java\jdk1.8.0_121
PATH=C:\oraclexe\app\oracle\product\11.2.0\server\bin;C:\ProgramData\Oracle\Java\javapath;C:\Program Files\Broadcom\Broadcom 802.11;C:\Program Files (x86)\NVIDIA Corporation\PhysX\Common;C:\Program Files (x86)\Intel\iCLS Client\;C:\Program Files\Intel\iCLS Client\;C:\Windows\system32;C:\Windows;C:\Windows\System32\Wbem;C:\Windows\System32\WindowsPowerShell\v1.0\;C:\Program Files\Hewlett-Packard\SimplePass\;C:\Program Files\Intel\Intel(R) Management Engine Components\DAL;C:\Program Files\Intel\Intel(R) Management Engine Components\IPT;C:\Program Files (x86)\Intel\Intel(R) Management Engine Components\DAL;C:\Program Files (x86)\Intel\Intel(R) Management Engine Components\IPT;C:\Program Files (x86)\Windows Live\Shared;C:\Program Files (x86)\Common Files\lenovo\easyplussdk\bin;C:\Program Files\MATLAB\R2016a\bin;C:\Program Files\nodejs\;C:\Program Files\Git\cmd;C:\Users\Padhavi\AppData\Roaming\npm;C:\Program Files\PuTTY\;C:\oraclexe\app\oracle\product\11.2.0\server\bin;;C:\ProgramData\Oracle\Java\javapath;C:\Program Files\Broadcom\Broadcom 802.11;C:\Program Files (x86)\NVIDIA Corporation\PhysX\Common;C:\Program Files (x86)\Intel\iCLS Client\;C:\Program Files\Intel\iCLS Client\;C:\Windows\system32;C:\Windows;C:\Windows\System32\Wbem;C:\Windows\System32\WindowsPowerShell\v1.0\;C:\Program Files\Hewlett-Packard\SimplePass\;C:\Program Files\Intel\Intel(R) Management Engine Components\DAL;C:\Program Files\Intel\Intel(R) Management Engine Components\IPT;C:\Program Files (x86)\Intel\Intel(R) Management Engine Components\DAL;C:\Program Files (x86)\Intel\Intel(R) Management Engine Components\IPT;C:\Program Files (x86)\Windows Live\Shared;C:\Program Files (x86)\Common Files\lenovo\easyplussdk\bin;C:\Program Files\MATLAB\R2016a\bin;C:\Program Files\nodejs\;C:\Program Files (x86)\Skype\Phone\;c:\Python27\;C:\Python34\Scripts
USERNAME=Padhavi
OS=Windows_NT
PROCESSOR_IDENTIFIER=Intel64 Family 6 Model 69 Stepping 1, GenuineIntel



---------------  S Y S T E M  ---------------

OS: Windows 8.1 , 64 bit Build 9600 (6.3.9600.17415)

CPU:total 4 (2 cores per cpu, 2 threads per core) family 6 model 69 stepping 1, cmov, cx8, fxsr, mmx, sse, sse2, sse3, ssse3, sse4.1, sse4.2, popcnt, avx, avx2, aes, clmul, erms, lzcnt, ht, tsc, tscinvbit, bmi1, bmi2

Memory: 4k page, physical 8317080k(889228k free), swap 11462808k(106476k free)

vm_info: Java HotSpot(TM) 64-Bit Server VM (25.102-b14) for windows-amd64 JRE (1.8.0_102-b14), built on Jun 22 2016 13:15:21 by "java_re" with MS VC++ 10.0 (VS2010)

time: Sun Jul 09 03:29:32 2017
elapsed time: 10 seconds (0d 0h 0m 10s)

