#
# There is insufficient memory for the Java Runtime Environment to continue.
# Native memory allocation (malloc) failed to allocate 378256 bytes for Chunk::new
# Possible reasons:
#   The system is out of physical RAM or swap space
#   In 32 bit mode, the process size limit was hit
# Possible solutions:
#   Reduce memory load on the system
#   Increase physical memory or swap space
#   Check if swap backing store is full
#   Use 64 bit Java on a 64 bit OS
#   Decrease Java heap size (-Xmx/-Xms)
#   Decrease number of Java threads
#   Decrease Java thread stack sizes (-Xss)
#   Set larger code cache with -XX:ReservedCodeCacheSize=
# This output file may be truncated or incomplete.
#
#  Out of Memory Error (allocation.cpp:390), pid=11220, tid=0x0000000000002f80
#
# JRE version: Java(TM) SE Runtime Environment (8.0_102-b14) (build 1.8.0_102-b14)
# Java VM: Java HotSpot(TM) 64-Bit Server VM (25.102-b14 mixed mode windows-amd64 compressed oops)
# Failed to write core dump. Minidumps are not enabled by default on client versions of Windows
#

---------------  T H R E A D  ---------------

Current thread (0x0000000014ffa000):  JavaThread "C2 CompilerThread1" daemon [_thread_in_native, id=12160, stack(0x00000000165f0000,0x00000000166f0000)]

Stack: [0x00000000165f0000,0x00000000166f0000]
[error occurred during error reporting (printing stack bounds), id 0xc0000005]

Native frames: (J=compiled Java code, j=interpreted, Vv=VM code, C=native code)


Current CompileTask:
C2:   6233 1358       4       com.android.dx.ssa.DeadCodeRemover::isCircularNoSideEffect (140 bytes)


---------------  P R O C E S S  ---------------

Java Threads: ( => current thread )
  0x000000001698f000 JavaThread "pool-1-thread-4" [_thread_blocked, id=10484, stack(0x00000000171f0000,0x00000000172f0000)]
  0x000000001698e800 JavaThread "pool-1-thread-3" [_thread_in_vm, id=11160, stack(0x00000000170f0000,0x00000000171f0000)]
  0x000000001698d800 JavaThread "pool-1-thread-2" [_thread_blocked, id=8012, stack(0x0000000016ff0000,0x00000000170f0000)]
  0x0000000016989000 JavaThread "pool-2-thread-1" [_thread_blocked, id=13540, stack(0x0000000016ef0000,0x0000000016ff0000)]
  0x000000001697f800 JavaThread "pool-1-thread-1" [_thread_in_Java, id=11860, stack(0x0000000016df0000,0x0000000016ef0000)]
  0x000000001670f000 JavaThread "Service Thread" daemon [_thread_blocked, id=10136, stack(0x0000000016bf0000,0x0000000016cf0000)]
  0x00000000166f2000 JavaThread "C1 CompilerThread2" daemon [_thread_in_native, id=5652, stack(0x0000000016af0000,0x0000000016bf0000)]
=>0x0000000014ffa000 JavaThread "C2 CompilerThread1" daemon [_thread_in_native, id=12160, stack(0x00000000165f0000,0x00000000166f0000)]
  0x0000000014f9f800 JavaThread "C2 CompilerThread0" daemon [_thread_in_native, id=9864, stack(0x00000000164f0000,0x00000000165f0000)]
  0x0000000014f9c800 JavaThread "Attach Listener" daemon [_thread_blocked, id=14708, stack(0x00000000163f0000,0x00000000164f0000)]
  0x0000000014f9b800 JavaThread "Signal Dispatcher" daemon [_thread_blocked, id=14448, stack(0x00000000162f0000,0x00000000163f0000)]
  0x0000000014f8a800 JavaThread "Finalizer" daemon [_thread_blocked, id=10000, stack(0x0000000016110000,0x0000000016210000)]
  0x0000000001380000 JavaThread "Reference Handler" daemon [_thread_blocked, id=6188, stack(0x0000000016010000,0x0000000016110000)]
  0x0000000000dae000 JavaThread "main" [_thread_in_vm, id=14976, stack(0x00000000010e0000,0x00000000011e0000)]

Other Threads:
  0x0000000014f67800 VMThread [stack: 0x0000000015f10000,0x0000000016010000] [id=11684]
  0x0000000016713000 WatcherThread [stack: 0x0000000016cf0000,0x0000000016df0000] [id=14560]

VM state:synchronizing (normal execution)

VM Mutex/Monitor currently owned by a thread:  ([mutex/lock_event])
[0x0000000000dad0a0] Safepoint_lock - owner thread: 0x0000000014f67800
[0x0000000000dacc20] Threads_lock - owner thread: 0x0000000014f67800
[0x0000000000dad1a0] Heap_lock - owner thread: 0x0000000000dae000

Heap:
 PSYoungGen      total 38400K, used 38375K [0x00000000eab00000, 0x00000000ed580000, 0x0000000100000000)
  eden space 33280K, 100% used [0x00000000eab00000,0x00000000ecb80000,0x00000000ecb80000)
  from space 5120K, 99% used [0x00000000ecb80000,0x00000000ed079d20,0x00000000ed080000)
  to   space 5120K, 0% used [0x00000000ed080000,0x00000000ed080000,0x00000000ed580000)
 ParOldGen       total 87552K, used 2146K [0x00000000c0000000, 0x00000000c5580000, 0x00000000eab00000)
  object space 87552K, 2% used [0x00000000c0000000,0x00000000c02189e0,0x00000000c5580000)
 Metaspace       used 6104K, capacity 7026K, committed 7296K, reserved 1056768K
  class space    used 599K, capacity 618K, committed 640K, reserved 1048576K

Card table byte_map: [0x0000000001750000,0x0000000001960000] byte_map_base: 0x0000000001150000

Marking Bits: (ParMarkBitMap*) 0x000000006914a6c0
 Begin Bits: [0x0000000012400000, 0x0000000013400000)
 End Bits:   [0x0000000013400000, 0x0000000014400000)

Polling page: 0x0000000000cc0000

CodeCache: size=245760Kb used=5624Kb max_used=5624Kb free=240136Kb
 bounds [0x0000000003400000, 0x0000000003990000, 0x0000000012400000]
 total_blobs=1642 nmethods=1374 adapters=181
 compilation: enabled

Compilation events (10 events):
Event: 6.092 Thread 0x00000000166f2000 1399       2       com.android.dx.cf.direct.DirectClassFile::getAccessFlags (9 bytes)
Event: 6.092 Thread 0x00000000166f2000 nmethod 1399 0x000000000397f110 code [0x000000000397f280, 0x000000000397f408]
Event: 6.093 Thread 0x00000000166f2000 1400       2       com.android.dx.ssa.back.FirstFitLocalCombiningAllocator$Alignment$2::nextClearBit (26 bytes)
Event: 6.093 Thread 0x00000000166f2000 nmethod 1400 0x000000000397f4d0 code [0x000000000397f640, 0x000000000397f858]
Event: 6.094 Thread 0x00000000166f2000 1401       2       com.android.dx.rop.code.CstInsn::contentEquals (31 bytes)
Event: 6.095 Thread 0x00000000166f2000 nmethod 1401 0x000000000397f990 code [0x000000000397fb00, 0x000000000397fd18]
Event: 6.096 Thread 0x00000000166f2000 1402       2       com.android.dx.ssa.SCCP::simulateStmt (481 bytes)
Event: 6.098 Thread 0x00000000166f2000 nmethod 1402 0x000000000397fe10 code [0x0000000003980080, 0x0000000003980958]
Event: 6.098 Thread 0x00000000166f2000 1403       2       com.android.dx.ssa.LiteralOpUpgrader$1::visitPhiInsn (1 bytes)
Event: 6.098 Thread 0x00000000166f2000 nmethod 1403 0x0000000003981790 code [0x00000000039818e0, 0x0000000003981a30]

GC Heap History (2 events):
Event: 4.138 GC heap before
{Heap before GC invocations=1 (full 0):
 PSYoungGen      total 38400K, used 33280K [0x00000000eab00000, 0x00000000ed580000, 0x0000000100000000)
  eden space 33280K, 100% used [0x00000000eab00000,0x00000000ecb80000,0x00000000ecb80000)
  from space 5120K, 0% used [0x00000000ed080000,0x00000000ed080000,0x00000000ed580000)
  to   space 5120K, 0% used [0x00000000ecb80000,0x00000000ecb80000,0x00000000ed080000)
 ParOldGen       total 87552K, used 0K [0x00000000c0000000, 0x00000000c5580000, 0x00000000eab00000)
  object space 87552K, 0% used [0x00000000c0000000,0x00000000c0000000,0x00000000c5580000)
 Metaspace       used 5986K, capacity 6898K, committed 7040K, reserved 1056768K
  class space    used 598K, capacity 618K, committed 640K, reserved 1048576K
Event: 4.353 GC heap after
Heap after GC invocations=1 (full 0):
 PSYoungGen      total 38400K, used 5095K [0x00000000eab00000, 0x00000000ed580000, 0x0000000100000000)
  eden space 33280K, 0% used [0x00000000eab00000,0x00000000eab00000,0x00000000ecb80000)
  from space 5120K, 99% used [0x00000000ecb80000,0x00000000ed079d20,0x00000000ed080000)
  to   space 5120K, 0% used [0x00000000ed080000,0x00000000ed080000,0x00000000ed580000)
 ParOldGen       total 87552K, used 2146K [0x00000000c0000000, 0x00000000c5580000, 0x00000000eab00000)
  object space 87552K, 2% used [0x00000000c0000000,0x00000000c02189e0,0x00000000c5580000)
 Metaspace       used 5986K, capacity 6898K, committed 7040K, reserved 1056768K
  class space    used 598K, capacity 618K, committed 640K, reserved 1048576K
}

Deoptimization events (10 events):
Event: 3.353 Thread 0x0000000000dae000 Uncommon trap: reason=class_check action=maybe_recompile pc=0x0000000003699430 method=com.android.dx.ssa.NormalSsaInsn.accept(Lcom/android/dx/ssa/SsaInsn$Visitor;)V @ 9
Event: 3.353 Thread 0x0000000000dae000 Uncommon trap: reason=class_check action=maybe_recompile pc=0x0000000003699430 method=com.android.dx.ssa.NormalSsaInsn.accept(Lcom/android/dx/ssa/SsaInsn$Visitor;)V @ 9
Event: 3.801 Thread 0x000000001698d800 Uncommon trap: reason=unstable_if action=reinterpret pc=0x00000000036423b4 method=java.util.BitSet.ensureCapacity(I)V @ 6
Event: 3.861 Thread 0x000000001697f800 Uncommon trap: reason=unstable_if action=reinterpret pc=0x0000000003805e7c method=com.android.dx.util.IntList.binarysearch(I)I @ 105
Event: 3.872 Thread 0x000000001698f000 Uncommon trap: reason=class_check action=maybe_recompile pc=0x0000000003708470 method=com.android.dx.ssa.NormalSsaInsn.accept(Lcom/android/dx/ssa/SsaInsn$Visitor;)V @ 9
Event: 4.725 Thread 0x000000001698e800 Uncommon trap: reason=unstable_if action=reinterpret pc=0x00000000038f0480 method=java.util.HashMap.putVal(ILjava/lang/Object;Ljava/lang/Object;ZZ)Ljava/lang/Object; @ 94
Event: 5.289 Thread 0x000000001698e800 Uncommon trap: reason=unstable_if action=reinterpret pc=0x00000000037faa9c method=com.android.dx.ssa.SsaMethod.updateOneDefinition(Lcom/android/dx/ssa/SsaInsn;Lcom/android/dx/rop/code/RegisterSpec;)V @ 4
Event: 6.091 Thread 0x000000001698d800 Uncommon trap: reason=unstable_if action=reinterpret pc=0x000000000394aa18 method=com.android.dx.ssa.SCCP.simulateStmt(Lcom/android/dx/ssa/SsaInsn;)V @ 53
Event: 6.110 Thread 0x000000001698f000 Uncommon trap: reason=uninitialized action=reinterpret pc=0x00000000038d03c8 method=com.android.dx.cf.code.BytecodeArray.parseInstruction(ILcom/android/dx/cf/code/BytecodeArray$Visitor;)I @ 1079
Event: 6.117 Thread 0x000000001698f000 Uncommon trap: reason=bimorphic action=maybe_recompile pc=0x0000000003699b28 method=java.util.HashMap.getNode(ILjava/lang/Object;)Ljava/util/HashMap$Node; @ 126

Internal exceptions (2 events):
Event: 0.114 Thread 0x0000000000dae000 Exception <a 'java/lang/NoSuchMethodError': Method sun.misc.Unsafe.defineClass(Ljava/lang/String;[BII)Ljava/lang/Class; name or signature does not match> (0x00000000eab07c78) thrown at [C:\re\workspace\8-2-build-windows-amd64-cygwin\jdk8u102\7268\hotspot\sì‡—w^½?
Event: 0.115 Thread 0x0000000000dae000 Exception <a 'java/lang/NoSuchMethodError': Method sun.misc.Unsafe.prefetchRead(Ljava/lang/Object;J)V name or signature does not match> (0x00000000eab07f60) thrown at [C:\re\workspace\8-2-build-windows-amd64-cygwin\jdk8u102\7268\hotspot\src\share\vm\prims\

Events (10 events):
Event: 5.289 Thread 0x000000001698e800 DEOPT UNPACKING pc=0x000000000344582a sp=0x00000000171ee978 mode 2
Event: 6.091 Thread 0x000000001698d800 Uncommon trap: trap_request=0xffffff65 fr.pc=0x000000000394aa18
Event: 6.091 Thread 0x000000001698d800 DEOPT PACKING pc=0x000000000394aa18 sp=0x00000000170ee6d0
Event: 6.091 Thread 0x000000001698d800 DEOPT UNPACKING pc=0x000000000344582a sp=0x00000000170ee6c8 mode 2
Event: 6.110 Thread 0x000000001698f000 Uncommon trap: trap_request=0xffffffb5 fr.pc=0x00000000038d03c8
Event: 6.110 Thread 0x000000001698f000 DEOPT PACKING pc=0x00000000038d03c8 sp=0x00000000172ee930
Event: 6.110 Thread 0x000000001698f000 DEOPT UNPACKING pc=0x000000000344582a sp=0x00000000172ee8b0 mode 2
Event: 6.117 Thread 0x000000001698f000 Uncommon trap: trap_request=0xffffffc6 fr.pc=0x0000000003699b28
Event: 6.118 Thread 0x000000001698f000 DEOPT PACKING pc=0x0000000003699b28 sp=0x00000000172ee7d0
Event: 6.118 Thread 0x000000001698f000 DEOPT UNPACKING pc=0x000000000344582a sp=0x00000000172ee750 mode 2


Dynamic libraries:
0x00007ff60a4e0000 - 0x00007ff60a517000 	C:\Program Files\Java\jdk1.8.0_102\bin\java.exe
0x00007ffde1c50000 - 0x00007ffde1dfd000 	C:\Windows\SYSTEM32\ntdll.dll
0x00007ffddf310000 - 0x00007ffddf44e000 	C:\Windows\system32\KERNEL32.DLL
0x00007ffddeef0000 - 0x00007ffddf005000 	C:\Windows\system32\KERNELBASE.dll
0x00007ffddd930000 - 0x00007ffddd9be000 	C:\Windows\system32\apphelp.dll
0x00007ffdc1e50000 - 0x00007ffdc1ea3000 	C:\Windows\AppPatch\AppPatch64\AcGenral.DLL
0x00007ffde0ea0000 - 0x00007ffde0f4a000 	C:\Windows\system32\msvcrt.dll
0x00007ffddf0c0000 - 0x00007ffddf0ee000 	C:\Windows\system32\SspiCli.dll
0x00007ffde1bf0000 - 0x00007ffde1c44000 	C:\Windows\system32\SHLWAPI.dll
0x00007ffde11f0000 - 0x00007ffde1367000 	C:\Windows\system32\USER32.dll
0x00007ffde1a50000 - 0x00007ffde1be4000 	C:\Windows\system32\ole32.dll
0x00007ffddf770000 - 0x00007ffde0c99000 	C:\Windows\system32\SHELL32.dll
0x00007ffdde390000 - 0x00007ffdde3b1000 	C:\Windows\SYSTEM32\USERENV.dll
0x00007ffde0cb0000 - 0x00007ffde0d5a000 	C:\Windows\system32\ADVAPI32.dll
0x00007ffdd0870000 - 0x00007ffdd088e000 	C:\Windows\SYSTEM32\MPR.dll
0x00007ffde1910000 - 0x00007ffde1a50000 	C:\Windows\system32\RPCRT4.dll
0x00007ffde1190000 - 0x00007ffde11e9000 	C:\Windows\SYSTEM32\sechost.dll
0x00007ffde1380000 - 0x00007ffde1592000 	C:\Windows\SYSTEM32\combase.dll
0x00007ffddf5b0000 - 0x00007ffddf6fb000 	C:\Windows\system32\GDI32.dll
0x00007ffdded70000 - 0x00007ffdded85000 	C:\Windows\SYSTEM32\profapi.dll
0x00007ffddd340000 - 0x00007ffddd3f2000 	C:\Windows\SYSTEM32\SHCORE.dll
0x00007ffddf2d0000 - 0x00007ffddf306000 	C:\Windows\system32\IMM32.DLL
0x00007ffddf450000 - 0x00007ffddf5a2000 	C:\Windows\system32\MSCTF.dll
0x00007ffddcca0000 - 0x00007ffddcf1b000 	C:\Windows\WinSxS\amd64_microsoft.windows.common-controls_6595b64144ccf1df_6.0.9600.18006_none_623f33d3ecbe86e8\COMCTL32.dll
0x00000000691d0000 - 0x00000000692a1000 	C:\Program Files\Java\jdk1.8.0_102\jre\bin\msvcr100.dll
0x0000000068930000 - 0x00000000691ca000 	C:\Program Files\Java\jdk1.8.0_102\jre\bin\server\jvm.dll
0x00007ffdd50e0000 - 0x00007ffdd50e9000 	C:\Windows\SYSTEM32\WSOCK32.dll
0x00007ffdda5c0000 - 0x00007ffdda5e2000 	C:\Windows\SYSTEM32\WINMM.dll
0x00007ffdda5f0000 - 0x00007ffdda5fa000 	C:\Windows\SYSTEM32\VERSION.dll
0x00007ffde0ca0000 - 0x00007ffde0ca7000 	C:\Windows\system32\PSAPI.DLL
0x00007ffde0d60000 - 0x00007ffde0dba000 	C:\Windows\system32\WS2_32.dll
0x00007ffdda580000 - 0x00007ffdda5aa000 	C:\Windows\SYSTEM32\WINMMBASE.dll
0x00007ffddf700000 - 0x00007ffddf709000 	C:\Windows\system32\NSI.dll
0x00007ffddf070000 - 0x00007ffddf0bf000 	C:\Windows\SYSTEM32\cfgmgr32.dll
0x00007ffdddba0000 - 0x00007ffdddbc8000 	C:\Windows\SYSTEM32\DEVOBJ.dll
0x0000000068920000 - 0x000000006892f000 	C:\Program Files\Java\jdk1.8.0_102\jre\bin\verify.dll
0x00000000688f0000 - 0x0000000068919000 	C:\Program Files\Java\jdk1.8.0_102\jre\bin\java.dll
0x00000000688d0000 - 0x00000000688e6000 	C:\Program Files\Java\jdk1.8.0_102\jre\bin\zip.dll

VM Arguments:
jvm_args: -Djava.awt.headless=true -Xmx1024M -Dfile.encoding=windows-1252 -Duser.country=IN -Duser.language=en -Duser.variant 
java_command: com.android.dx.command.Main --dex --num-threads=4 --output C:\Users\Padhavi\Downloads\android files\ngoconnect\app\build\intermediates\pre-dexed\debug\com.google.firebase-firebase-analytics-impl-10.0.1_78552eb5ff3a821c6b1bb2f20eaf78815b86f410.jar C:\Users\Padhavi\Downloads\android files\ngoconnect\app\build\intermediates\exploded-aar\com.google.firebase\firebase-analytics-impl\10.0.1\jars\classes.jar
java_class_path (initial): C:\Users\Padhavi\AppData\Local\Android\sdk\build-tools\24.0.3\lib\dx.jar
Launcher Type: SUN_STANDARD

Environment Variables:
JAVA_HOME=C:\Program Files\Java\jdk1.8.0_121
PATH=C:\oraclexe\app\oracle\product\11.2.0\server\bin;C:\ProgramData\Oracle\Java\javapath;C:\Program Files\Broadcom\Broadcom 802.11;C:\Program Files (x86)\NVIDIA Corporation\PhysX\Common;C:\Program Files (x86)\Intel\iCLS Client\;C:\Program Files\Intel\iCLS Client\;C:\Windows\system32;C:\Windows;C:\Windows\System32\Wbem;C:\Windows\System32\WindowsPowerShell\v1.0\;C:\Program Files\Hewlett-Packard\SimplePass\;C:\Program Files\Intel\Intel(R) Management Engine Components\DAL;C:\Program Files\Intel\Intel(R) Management Engine Components\IPT;C:\Program Files (x86)\Intel\Intel(R) Management Engine Components\DAL;C:\Program Files (x86)\Intel\Intel(R) Management Engine Components\IPT;C:\Program Files (x86)\Windows Live\Shared;C:\Program Files (x86)\Common Files\lenovo\easyplussdk\bin;C:\Program Files\MATLAB\R2016a\bin;C:\Program Files\nodejs\;C:\Program Files\Git\cmd;C:\Users\Padhavi\AppData\Roaming\npm;C:\Program Files\PuTTY\;C:\oraclexe\app\oracle\product\11.2.0\server\bin;;C:\ProgramData\Oracle\Java\javapath;C:\Program Files\Broadcom\Broadcom 802.11;C:\Program Files (x86)\NVIDIA Corporation\PhysX\Common;C:\Program Files (x86)\Intel\iCLS Client\;C:\Program Files\Intel\iCLS Client\;C:\Windows\system32;C:\Windows;C:\Windows\System32\Wbem;C:\Windows\System32\WindowsPowerShell\v1.0\;C:\Program Files\Hewlett-Packard\SimplePass\;C:\Program Files\Intel\Intel(R) Management Engine Components\DAL;C:\Program Files\Intel\Intel(R) Management Engine Components\IPT;C:\Program Files (x86)\Intel\Intel(R) Management Engine Components\DAL;C:\Program Files (x86)\Intel\Intel(R) Management Engine Components\IPT;C:\Program Files (x86)\Windows Live\Shared;C:\Program Files (x86)\Common Files\lenovo\easyplussdk\bin;C:\Program Files\MATLAB\R2016a\bin;C:\Program Files\nodejs\;C:\Program Files (x86)\Skype\Phone\;c:\Python27\;C:\Python34\Scripts
USERNAME=Padhavi
OS=Windows_NT
PROCESSOR_IDENTIFIER=Intel64 Family 6 Model 69 Stepping 1, GenuineIntel



---------------  S Y S T E M  ---------------

OS: Windows 8.1 , 64 bit Build 9600 (6.3.9600.17415)

CPU:total 4 (2 cores per cpu, 2 threads per core) family 6 model 69 stepping 1, cmov, cx8, fxsr, mmx, sse, sse2, sse3, ssse3, sse4.1, sse4.2, popcnt, avx, avx2, aes, clmul, erms, lzcnt, ht, tsc, tscinvbit, bmi1, bmi2

Memory: 4k page, physical 8317080k(1053488k free), swap 11462808k(5112k free)

vm_info: Java HotSpot(TM) 64-Bit Server VM (25.102-b14) for windows-amd64 JRE (1.8.0_102-b14), built on Jun 22 2016 13:15:21 by "java_re" with MS VC++ 10.0 (VS2010)

time: Sun Jul 09 04:34:24 2017
elapsed time: 6 seconds (0d 0h 0m 6s)

