#
# There is insufficient memory for the Java Runtime Environment to continue.
# Native memory allocation (malloc) failed to allocate 213136 bytes for Chunk::new
# Possible reasons:
#   The system is out of physical RAM or swap space
#   In 32 bit mode, the process size limit was hit
# Possible solutions:
#   Reduce memory load on the system
#   Increase physical memory or swap space
#   Check if swap backing store is full
#   Use 64 bit Java on a 64 bit OS
#   Decrease Java heap size (-Xmx/-Xms)
#   Decrease number of Java threads
#   Decrease Java thread stack sizes (-Xss)
#   Set larger code cache with -XX:ReservedCodeCacheSize=
# This output file may be truncated or incomplete.
#
#  Out of Memory Error (allocation.cpp:390), pid=6188, tid=0x00000000000036c0
#
# JRE version: Java(TM) SE Runtime Environment (8.0_102-b14) (build 1.8.0_102-b14)
# Java VM: Java HotSpot(TM) 64-Bit Server VM (25.102-b14 mixed mode windows-amd64 compressed oops)
# Failed to write core dump. Minidumps are not enabled by default on client versions of Windows
#

---------------  T H R E A D  ---------------

Current thread (0x00000000145c9800):  JavaThread "C2 CompilerThread1" daemon [_thread_in_native, id=14016, stack(0x0000000015cb0000,0x0000000015db0000)]

Stack: [0x0000000015cb0000,0x0000000015db0000]
[error occurred during error reporting (printing stack bounds), id 0xc0000005]

Native frames: (J=compiled Java code, j=interpreted, Vv=VM code, C=native code)


Current CompileTask:
C2:   5239 1453       4       com.android.dx.ssa.SsaMethod::deleteInsns (239 bytes)


---------------  P R O C E S S  ---------------

Java Threads: ( => current thread )
  0x0000000016039000 JavaThread "pool-1-thread-4" [_thread_in_vm, id=7400, stack(0x00000000168b0000,0x00000000169b0000)]
  0x0000000016031800 JavaThread "pool-1-thread-3" [_thread_in_vm, id=1884, stack(0x00000000167b0000,0x00000000168b0000)]
  0x0000000016026800 JavaThread "pool-1-thread-2" [_thread_blocked, id=11596, stack(0x00000000166b0000,0x00000000167b0000)]
  0x0000000016005000 JavaThread "pool-2-thread-1" [_thread_blocked, id=10216, stack(0x00000000165b0000,0x00000000166b0000)]
  0x0000000016004800 JavaThread "pool-1-thread-1" [_thread_blocked, id=12856, stack(0x00000000164b0000,0x00000000165b0000)]
  0x0000000015db7000 JavaThread "Service Thread" daemon [_thread_blocked, id=12584, stack(0x00000000162b0000,0x00000000163b0000)]
  0x0000000015db2000 JavaThread "C1 CompilerThread2" daemon [_thread_in_native, id=13308, stack(0x00000000161b0000,0x00000000162b0000)]
=>0x00000000145c9800 JavaThread "C2 CompilerThread1" daemon [_thread_in_native, id=14016, stack(0x0000000015cb0000,0x0000000015db0000)]
  0x0000000014570000 JavaThread "C2 CompilerThread0" daemon [_thread_in_native, id=6448, stack(0x0000000015bb0000,0x0000000015cb0000)]
  0x000000001456d000 JavaThread "Attach Listener" daemon [_thread_blocked, id=968, stack(0x0000000015ab0000,0x0000000015bb0000)]
  0x000000001456c000 JavaThread "Signal Dispatcher" daemon [_thread_blocked, id=13388, stack(0x00000000159b0000,0x0000000015ab0000)]
  0x000000001455a000 JavaThread "Finalizer" daemon [_thread_blocked, id=8480, stack(0x00000000157d0000,0x00000000158d0000)]
  0x0000000014538800 JavaThread "Reference Handler" daemon [_thread_blocked, id=14308, stack(0x00000000156d0000,0x00000000157d0000)]
  0x00000000003be000 JavaThread "main" [_thread_blocked, id=14904, stack(0x0000000001c70000,0x0000000001d70000)]

Other Threads:
  0x0000000014537000 VMThread [stack: 0x00000000155d0000,0x00000000156d0000] [id=11600]
  0x0000000015dbb000 WatcherThread [stack: 0x00000000163b0000,0x00000000164b0000] [id=14672]

VM state:not at safepoint (normal execution)

VM Mutex/Monitor currently owned by a thread: None

Heap:
 PSYoungGen      total 38400K, used 21394K [0x00000000eab00000, 0x00000000ed580000, 0x0000000100000000)
  eden space 33280K, 48% used [0x00000000eab00000,0x00000000ebaeab90,0x00000000ecb80000)
  from space 5120K, 99% used [0x00000000ecb80000,0x00000000ed079c78,0x00000000ed080000)
  to   space 5120K, 0% used [0x00000000ed080000,0x00000000ed080000,0x00000000ed580000)
 ParOldGen       total 87552K, used 1159K [0x00000000c0000000, 0x00000000c5580000, 0x00000000eab00000)
  object space 87552K, 1% used [0x00000000c0000000,0x00000000c0121ce0,0x00000000c5580000)
 Metaspace       used 6006K, capacity 7024K, committed 7296K, reserved 1058816K
  class space    used 587K, capacity 616K, committed 640K, reserved 1048576K

Card table byte_map: [0x00000000113c0000,0x00000000115d0000] byte_map_base: 0x0000000010dc0000

Marking Bits: (ParMarkBitMap*) 0x000000006914a6c0
 Begin Bits: [0x00000000119d0000, 0x00000000129d0000)
 End Bits:   [0x00000000129d0000, 0x00000000139d0000)

Polling page: 0x0000000000340000

CodeCache: size=245760Kb used=6151Kb max_used=6151Kb free=239608Kb
 bounds [0x0000000002000000, 0x0000000002610000, 0x0000000011000000]
 total_blobs=1721 nmethods=1458 adapters=176
 compilation: enabled

Compilation events (10 events):
Event: 5.233 Thread 0x0000000015db2000 nmethod 1471 0x00000000025f9a50 code [0x00000000025f9ba0, 0x00000000025f9cd0]
Event: 5.233 Thread 0x0000000015db2000 1472       3       java.util.HashMap$EntrySet::iterator (12 bytes)
Event: 5.234 Thread 0x0000000015db2000 nmethod 1472 0x00000000025f9590 code [0x00000000025f9700, 0x00000000025f9968]
Event: 5.234 Thread 0x0000000015db2000 1473       3       java.util.ArrayList::sort (48 bytes)
Event: 5.234 Thread 0x0000000015db2000 nmethod 1473 0x00000000025f90d0 code [0x00000000025f9240, 0x00000000025f9498]
Event: 5.234 Thread 0x0000000015db2000 1474       3       java.util.TimSort::sort (229 bytes)
Event: 5.235 Thread 0x0000000015db2000 nmethod 1474 0x00000000026014d0 code [0x00000000026016c0, 0x0000000002601db8]
Event: 5.236 Thread 0x0000000015db2000 1475       3       com.android.dx.cf.code.ConcreteMethod::<init> (21 bytes)
Event: 5.237 Thread 0x0000000015db2000 nmethod 1475 0x00000000026022d0 code [0x00000000026024c0, 0x0000000002602cf8]
Event: 5.237 Thread 0x0000000015db2000 1476       3       com.android.dx.cf.code.LineNumberList::concat (92 bytes)

GC Heap History (2 events):
Event: 4.246 GC heap before
{Heap before GC invocations=1 (full 0):
 PSYoungGen      total 38400K, used 33280K [0x00000000eab00000, 0x00000000ed580000, 0x0000000100000000)
  eden space 33280K, 100% used [0x00000000eab00000,0x00000000ecb80000,0x00000000ecb80000)
  from space 5120K, 0% used [0x00000000ed080000,0x00000000ed080000,0x00000000ed580000)
  to   space 5120K, 0% used [0x00000000ecb80000,0x00000000ecb80000,0x00000000ed080000)
 ParOldGen       total 87552K, used 0K [0x00000000c0000000, 0x00000000c5580000, 0x00000000eab00000)
  object space 87552K, 0% used [0x00000000c0000000,0x00000000c0000000,0x00000000c5580000)
 Metaspace       used 5876K, capacity 6896K, committed 7040K, reserved 1056768K
  class space    used 586K, capacity 616K, committed 640K, reserved 1048576K
Event: 4.657 GC heap after
Heap after GC invocations=1 (full 0):
 PSYoungGen      total 38400K, used 5095K [0x00000000eab00000, 0x00000000ed580000, 0x0000000100000000)
  eden space 33280K, 0% used [0x00000000eab00000,0x00000000eab00000,0x00000000ecb80000)
  from space 5120K, 99% used [0x00000000ecb80000,0x00000000ed079c78,0x00000000ed080000)
  to   space 5120K, 0% used [0x00000000ed080000,0x00000000ed080000,0x00000000ed580000)
 ParOldGen       total 87552K, used 1159K [0x00000000c0000000, 0x00000000c5580000, 0x00000000eab00000)
  object space 87552K, 1% used [0x00000000c0000000,0x00000000c0121ce0,0x00000000c5580000)
 Metaspace       used 5876K, capacity 6896K, committed 7040K, reserved 1056768K
  class space    used 586K, capacity 616K, committed 640K, reserved 1048576K
}

Deoptimization events (10 events):
Event: 3.469 Thread 0x0000000016039000 Uncommon trap: reason=null_check action=make_not_entrant pc=0x0000000002316cec method=com.android.dx.ssa.SsaRenamer.getLocalForNewReg(I)Lcom/android/dx/rop/code/LocalItem; @ 19
Event: 3.469 Thread 0x0000000016039000 Uncommon trap: reason=null_check action=make_not_entrant pc=0x000000000230d514 method=com.android.dx.ssa.SsaRenamer.getLocalForNewReg(I)Lcom/android/dx/rop/code/LocalItem; @ 19
Event: 3.785 Thread 0x0000000016031800 Uncommon trap: reason=unstable_if action=reinterpret pc=0x000000000239e19c method=com.android.dx.rop.cst.Constant.compareTo(Lcom/android/dx/rop/cst/Constant;)I @ 12
Event: 4.768 Thread 0x0000000016026800 Uncommon trap: reason=uninitialized action=reinterpret pc=0x0000000002526124 method=com.android.dx.cf.code.BytecodeArray.parseInstruction(ILcom/android/dx/cf/code/BytecodeArray$Visitor;)I @ 999
Event: 4.779 Thread 0x0000000016026800 Uncommon trap: reason=bimorphic action=maybe_recompile pc=0x0000000002459514 method=java.util.HashMap.getNode(ILjava/lang/Object;)Ljava/util/HashMap$Node; @ 126
Event: 4.783 Thread 0x0000000016026800 Uncommon trap: reason=unstable_if action=reinterpret pc=0x000000000239376c method=com.android.dx.rop.code.RegisterSpecSet.put(Lcom/android/dx/rop/code/RegisterSpec;)V @ 77
Event: 4.783 Thread 0x0000000016026800 Uncommon trap: reason=unstable_if action=reinterpret pc=0x0000000002402820 method=com.android.dx.rop.code.RegisterSpecSet.put(Lcom/android/dx/rop/code/RegisterSpec;)V @ 77
Event: 4.784 Thread 0x0000000016026800 Uncommon trap: reason=bimorphic action=maybe_recompile pc=0x0000000002459514 method=java.util.HashMap.getNode(ILjava/lang/Object;)Ljava/util/HashMap$Node; @ 126
Event: 4.784 Thread 0x0000000016026800 Uncommon trap: reason=bimorphic action=maybe_recompile pc=0x0000000002459514 method=java.util.HashMap.getNode(ILjava/lang/Object;)Ljava/util/HashMap$Node; @ 126
Event: 4.784 Thread 0x0000000016026800 Uncommon trap: reason=bimorphic action=maybe_recompile pc=0x0000000002459514 method=java.util.HashMap.getNode(ILjava/lang/Object;)Ljava/util/HashMap$Node; @ 126

Internal exceptions (4 events):
Event: 0.138 Thread 0x00000000003be000 Exception <a 'java/lang/NoSuchMethodError': Method sun.misc.Unsafe.defineClass(Ljava/lang/String;[BII)Ljava/lang/Class; name or signature does not match> (0x00000000eab07c78) thrown at [C:\re\workspace\8-2-build-windows-amd64-cygwin\jdk8u102\7268\hotspot\s¼‚Pa©Á?
Event: 0.138 Thread 0x00000000003be000 Exception <a 'java/lang/NoSuchMethodError': Method sun.misc.Unsafe.prefetchRead(Ljava/lang/Object;J)V name or signature does not match> (0x00000000eab07f60) thrown at [C:\re\workspace\8-2-build-windows-amd64-cygwin\jdk8u102\7268\hotspot\src\share\vm\prims\§j8&À@
Event: 3.469 Thread 0x0000000016039000 Implicit null exception at 0x00000000023152d7 to 0x0000000002316ca5
Event: 3.469 Thread 0x0000000016039000 Implicit null exception at 0x000000000230bb8e to 0x000000000230d4ed

Events (10 events):
Event: 4.812 Thread 0x0000000016039000 DEOPT PACKING pc=0x00000000023558a5 sp=0x00000000169ae600
Event: 4.812 Thread 0x0000000016039000 DEOPT UNPACKING pc=0x000000000204787f sp=0x00000000169ae3e0 mode 0
Event: 4.838 Thread 0x0000000016039000 DEOPT PACKING pc=0x00000000023558a5 sp=0x00000000169ae700
Event: 4.838 Thread 0x0000000016039000 DEOPT UNPACKING pc=0x000000000204787f sp=0x00000000169ae4e0 mode 0
Event: 5.150 Executing VM operation: CollectForMetadataAllocation
Event: 5.172 Executing VM operation: CollectForMetadataAllocation done
Event: 5.207 Thread 0x0000000016039000 DEOPT PACKING pc=0x0000000002355a8f sp=0x00000000169ae690
Event: 5.207 Thread 0x0000000016039000 DEOPT UNPACKING pc=0x000000000204787f sp=0x00000000169ae470 mode 0
Event: 5.225 Thread 0x0000000016039000 DEOPT PACKING pc=0x0000000002368519 sp=0x00000000169ae6b0
Event: 5.225 Thread 0x0000000016039000 DEOPT UNPACKING pc=0x000000000204787f sp=0x00000000169ae478 mode 0


Dynamic libraries:
0x00007ff60a4e0000 - 0x00007ff60a517000 	C:\Program Files\Java\jdk1.8.0_102\bin\java.exe
0x00007ffde1c50000 - 0x00007ffde1dfd000 	C:\Windows\SYSTEM32\ntdll.dll
0x00007ffddf310000 - 0x00007ffddf44e000 	C:\Windows\system32\KERNEL32.DLL
0x00007ffddeef0000 - 0x00007ffddf005000 	C:\Windows\system32\KERNELBASE.dll
0x00007ffddd930000 - 0x00007ffddd9be000 	C:\Windows\system32\apphelp.dll
0x00007ffdc1e50000 - 0x00007ffdc1ea3000 	C:\Windows\AppPatch\AppPatch64\AcGenral.DLL
0x00007ffde0ea0000 - 0x00007ffde0f4a000 	C:\Windows\system32\msvcrt.dll
0x00007ffddf0c0000 - 0x00007ffddf0ee000 	C:\Windows\system32\SspiCli.dll
0x00007ffde1bf0000 - 0x00007ffde1c44000 	C:\Windows\system32\SHLWAPI.dll
0x00007ffde11f0000 - 0x00007ffde1367000 	C:\Windows\system32\USER32.dll
0x00007ffde1a50000 - 0x00007ffde1be4000 	C:\Windows\system32\ole32.dll
0x00007ffddf770000 - 0x00007ffde0c99000 	C:\Windows\system32\SHELL32.dll
0x00007ffdde390000 - 0x00007ffdde3b1000 	C:\Windows\SYSTEM32\USERENV.dll
0x00007ffde0cb0000 - 0x00007ffde0d5a000 	C:\Windows\system32\ADVAPI32.dll
0x00007ffdd0870000 - 0x00007ffdd088e000 	C:\Windows\SYSTEM32\MPR.dll
0x00007ffde1910000 - 0x00007ffde1a50000 	C:\Windows\system32\RPCRT4.dll
0x00007ffde1190000 - 0x00007ffde11e9000 	C:\Windows\SYSTEM32\sechost.dll
0x00007ffde1380000 - 0x00007ffde1592000 	C:\Windows\SYSTEM32\combase.dll
0x00007ffddf5b0000 - 0x00007ffddf6fb000 	C:\Windows\system32\GDI32.dll
0x00007ffdded70000 - 0x00007ffdded85000 	C:\Windows\SYSTEM32\profapi.dll
0x00007ffddd340000 - 0x00007ffddd3f2000 	C:\Windows\SYSTEM32\SHCORE.dll
0x00007ffddf2d0000 - 0x00007ffddf306000 	C:\Windows\system32\IMM32.DLL
0x00007ffddf450000 - 0x00007ffddf5a2000 	C:\Windows\system32\MSCTF.dll
0x00007ffddcca0000 - 0x00007ffddcf1b000 	C:\Windows\WinSxS\amd64_microsoft.windows.common-controls_6595b64144ccf1df_6.0.9600.18006_none_623f33d3ecbe86e8\COMCTL32.dll
0x00000000691d0000 - 0x00000000692a1000 	C:\Program Files\Java\jdk1.8.0_102\jre\bin\msvcr100.dll
0x0000000068930000 - 0x00000000691ca000 	C:\Program Files\Java\jdk1.8.0_102\jre\bin\server\jvm.dll
0x00007ffdd50e0000 - 0x00007ffdd50e9000 	C:\Windows\SYSTEM32\WSOCK32.dll
0x00007ffdda5c0000 - 0x00007ffdda5e2000 	C:\Windows\SYSTEM32\WINMM.dll
0x00007ffdda5f0000 - 0x00007ffdda5fa000 	C:\Windows\SYSTEM32\VERSION.dll
0x00007ffde0ca0000 - 0x00007ffde0ca7000 	C:\Windows\system32\PSAPI.DLL
0x00007ffde0d60000 - 0x00007ffde0dba000 	C:\Windows\system32\WS2_32.dll
0x00007ffdda580000 - 0x00007ffdda5aa000 	C:\Windows\SYSTEM32\WINMMBASE.dll
0x00007ffddf700000 - 0x00007ffddf709000 	C:\Windows\system32\NSI.dll
0x00007ffddf070000 - 0x00007ffddf0bf000 	C:\Windows\SYSTEM32\cfgmgr32.dll
0x00007ffdddba0000 - 0x00007ffdddbc8000 	C:\Windows\SYSTEM32\DEVOBJ.dll
0x0000000068920000 - 0x000000006892f000 	C:\Program Files\Java\jdk1.8.0_102\jre\bin\verify.dll
0x00000000688f0000 - 0x0000000068919000 	C:\Program Files\Java\jdk1.8.0_102\jre\bin\java.dll
0x00000000688d0000 - 0x00000000688e6000 	C:\Program Files\Java\jdk1.8.0_102\jre\bin\zip.dll

VM Arguments:
jvm_args: -Djava.awt.headless=true -Xmx1024M -Dfile.encoding=windows-1252 -Duser.country=IN -Duser.language=en -Duser.variant 
java_command: com.android.dx.command.Main --dex --num-threads=4 --output C:\Users\Padhavi\Downloads\android files\ngoconnect\app\build\intermediates\pre-dexed\debug\com.android.support-recyclerview-v7-25.0.1_aeb52fb7841ab256974f027b6fdb6f5a8aa687e0.jar C:\Users\Padhavi\Downloads\android files\ngoconnect\app\build\intermediates\exploded-aar\com.android.support\recyclerview-v7\25.0.1\jars\classes.jar
java_class_path (initial): C:\Users\Padhavi\AppData\Local\Android\sdk\build-tools\24.0.3\lib\dx.jar
Launcher Type: SUN_STANDARD

Environment Variables:
JAVA_HOME=C:\Program Files\Java\jdk1.8.0_121
PATH=C:\oraclexe\app\oracle\product\11.2.0\server\bin;C:\ProgramData\Oracle\Java\javapath;C:\Program Files\Broadcom\Broadcom 802.11;C:\Program Files (x86)\NVIDIA Corporation\PhysX\Common;C:\Program Files (x86)\Intel\iCLS Client\;C:\Program Files\Intel\iCLS Client\;C:\Windows\system32;C:\Windows;C:\Windows\System32\Wbem;C:\Windows\System32\WindowsPowerShell\v1.0\;C:\Program Files\Hewlett-Packard\SimplePass\;C:\Program Files\Intel\Intel(R) Management Engine Components\DAL;C:\Program Files\Intel\Intel(R) Management Engine Components\IPT;C:\Program Files (x86)\Intel\Intel(R) Management Engine Components\DAL;C:\Program Files (x86)\Intel\Intel(R) Management Engine Components\IPT;C:\Program Files (x86)\Windows Live\Shared;C:\Program Files (x86)\Common Files\lenovo\easyplussdk\bin;C:\Program Files\MATLAB\R2016a\bin;C:\Program Files\nodejs\;C:\Program Files\Git\cmd;C:\Users\Padhavi\AppData\Roaming\npm;C:\Program Files\PuTTY\;C:\oraclexe\app\oracle\product\11.2.0\server\bin;;C:\ProgramData\Oracle\Java\javapath;C:\Program Files\Broadcom\Broadcom 802.11;C:\Program Files (x86)\NVIDIA Corporation\PhysX\Common;C:\Program Files (x86)\Intel\iCLS Client\;C:\Program Files\Intel\iCLS Client\;C:\Windows\system32;C:\Windows;C:\Windows\System32\Wbem;C:\Windows\System32\WindowsPowerShell\v1.0\;C:\Program Files\Hewlett-Packard\SimplePass\;C:\Program Files\Intel\Intel(R) Management Engine Components\DAL;C:\Program Files\Intel\Intel(R) Management Engine Components\IPT;C:\Program Files (x86)\Intel\Intel(R) Management Engine Components\DAL;C:\Program Files (x86)\Intel\Intel(R) Management Engine Components\IPT;C:\Program Files (x86)\Windows Live\Shared;C:\Program Files (x86)\Common Files\lenovo\easyplussdk\bin;C:\Program Files\MATLAB\R2016a\bin;C:\Program Files\nodejs\;C:\Program Files (x86)\Skype\Phone\;c:\Python27\;C:\Python34\Scripts
USERNAME=Padhavi
OS=Windows_NT
PROCESSOR_IDENTIFIER=Intel64 Family 6 Model 69 Stepping 1, GenuineIntel



---------------  S Y S T E M  ---------------

OS: Windows 8.1 , 64 bit Build 9600 (6.3.9600.17415)

CPU:total 4 (2 cores per cpu, 2 threads per core) family 6 model 69 stepping 1, cmov, cx8, fxsr, mmx, sse, sse2, sse3, ssse3, sse4.1, sse4.2, popcnt, avx, avx2, aes, clmul, erms, lzcnt, ht, tsc, tscinvbit, bmi1, bmi2

Memory: 4k page, physical 8317080k(1213668k free), swap 11462808k(5408k free)

vm_info: Java HotSpot(TM) 64-Bit Server VM (25.102-b14) for windows-amd64 JRE (1.8.0_102-b14), built on Jun 22 2016 13:15:21 by "java_re" with MS VC++ 10.0 (VS2010)

time: Sun Jul 09 04:24:32 2017
elapsed time: 5 seconds (0d 0h 0m 5s)

