#
# There is insufficient memory for the Java Runtime Environment to continue.
# Native memory allocation (malloc) failed to allocate 262160 bytes for Chunk::new
# Possible reasons:
#   The system is out of physical RAM or swap space
#   In 32 bit mode, the process size limit was hit
# Possible solutions:
#   Reduce memory load on the system
#   Increase physical memory or swap space
#   Check if swap backing store is full
#   Use 64 bit Java on a 64 bit OS
#   Decrease Java heap size (-Xmx/-Xms)
#   Decrease number of Java threads
#   Decrease Java thread stack sizes (-Xss)
#   Set larger code cache with -XX:ReservedCodeCacheSize=
# This output file may be truncated or incomplete.
#
#  Out of Memory Error (allocation.cpp:390), pid=5312, tid=0x00000000000017ec
#
# JRE version: Java(TM) SE Runtime Environment (8.0_102-b14) (build 1.8.0_102-b14)
# Java VM: Java HotSpot(TM) 64-Bit Server VM (25.102-b14 mixed mode windows-amd64 compressed oops)
# Failed to write core dump. Minidumps are not enabled by default on client versions of Windows
#

---------------  T H R E A D  ---------------

Current thread (0x0000000001d61000):  JavaThread "C2 CompilerThread1" daemon [_thread_in_native, id=6124, stack(0x00000000160b0000,0x00000000161b0000)]

Stack: [0x00000000160b0000,0x00000000161b0000]
[error occurred during error reporting (printing stack bounds), id 0xc0000005]

Native frames: (J=compiled Java code, j=interpreted, Vv=VM code, C=native code)


Current CompileTask:
C2:   6425 1557       4       com.android.dx.ssa.SCCP::simulatePhi (169 bytes)


---------------  P R O C E S S  ---------------

Java Threads: ( => current thread )
  0x000000001643f000 JavaThread "pool-1-thread-4" [_thread_blocked, id=8436, stack(0x0000000016cb0000,0x0000000016db0000)]
  0x000000001643e800 JavaThread "pool-1-thread-3" [_thread_blocked, id=1432, stack(0x0000000016bb0000,0x0000000016cb0000)]
  0x000000001643d800 JavaThread "pool-1-thread-2" [_thread_in_Java, id=6576, stack(0x0000000016ab0000,0x0000000016bb0000)]
  0x000000001643c000 JavaThread "pool-2-thread-1" [_thread_blocked, id=13060, stack(0x00000000169b0000,0x0000000016ab0000)]
  0x0000000016432000 JavaThread "pool-1-thread-1" [_thread_in_Java, id=3684, stack(0x00000000168b0000,0x00000000169b0000)]
  0x00000000161b6000 JavaThread "Service Thread" daemon [_thread_blocked, id=13128, stack(0x00000000166b0000,0x00000000167b0000)]
  0x00000000161b1000 JavaThread "C1 CompilerThread2" daemon [_thread_blocked, id=15008, stack(0x00000000165b0000,0x00000000166b0000)]
=>0x0000000001d61000 JavaThread "C2 CompilerThread1" daemon [_thread_in_native, id=6124, stack(0x00000000160b0000,0x00000000161b0000)]
  0x0000000001d0e800 JavaThread "C2 CompilerThread0" daemon [_thread_in_native, id=14604, stack(0x0000000015fb0000,0x00000000160b0000)]
  0x0000000001d0c000 JavaThread "Attach Listener" daemon [_thread_blocked, id=15280, stack(0x0000000015eb0000,0x0000000015fb0000)]
  0x0000000001d0b000 JavaThread "Signal Dispatcher" daemon [_thread_blocked, id=12664, stack(0x0000000015db0000,0x0000000015eb0000)]
  0x0000000001cfa800 JavaThread "Finalizer" daemon [_thread_blocked, id=168, stack(0x0000000015bd0000,0x0000000015cd0000)]
  0x0000000000dd0000 JavaThread "Reference Handler" daemon [_thread_blocked, id=12852, stack(0x0000000015ad0000,0x0000000015bd0000)]
  0x0000000000dfe000 JavaThread "main" [_thread_blocked, id=12396, stack(0x0000000000890000,0x0000000000990000)]

Other Threads:
  0x0000000001cd7000 VMThread [stack: 0x00000000159d0000,0x0000000015ad0000] [id=7996]
  0x00000000161ba000 WatcherThread [stack: 0x00000000167b0000,0x00000000168b0000] [id=1056]

VM state:not at safepoint (normal execution)

VM Mutex/Monitor currently owned by a thread: None

Heap:
 PSYoungGen      total 38400K, used 24119K [0x00000000eab00000, 0x00000000ed580000, 0x0000000100000000)
  eden space 33280K, 57% used [0x00000000eab00000,0x00000000ebd943c8,0x00000000ecb80000)
  from space 5120K, 99% used [0x00000000ed080000,0x00000000ed579ab8,0x00000000ed580000)
  to   space 5120K, 0% used [0x00000000ecb80000,0x00000000ecb80000,0x00000000ed080000)
 ParOldGen       total 87552K, used 5724K [0x00000000c0000000, 0x00000000c5580000, 0x00000000eab00000)
  object space 87552K, 6% used [0x00000000c0000000,0x00000000c05972d8,0x00000000c5580000)
 Metaspace       used 6231K, capacity 7090K, committed 7296K, reserved 1056768K
  class space    used 599K, capacity 618K, committed 640K, reserved 1048576K

Card table byte_map: [0x00000000011e0000,0x00000000013f0000] byte_map_base: 0x0000000000be0000

Marking Bits: (ParMarkBitMap*) 0x000000006914a6c0
 Begin Bits: [0x0000000012400000, 0x0000000013400000)
 End Bits:   [0x0000000013400000, 0x0000000014400000)

Polling page: 0x0000000000cc0000

CodeCache: size=245760Kb used=6841Kb max_used=6852Kb free=238918Kb
 bounds [0x0000000003400000, 0x0000000003ac0000, 0x0000000012400000]
 total_blobs=1872 nmethods=1603 adapters=181
 compilation: enabled

Compilation events (10 events):
Event: 6.419 Thread 0x0000000001d0e800 nmethod 1605 0x0000000003ab6f50 code [0x0000000003ab7100, 0x0000000003ab7a08]
Event: 6.419 Thread 0x0000000001d0e800 1477       4       java.util.ArrayList$SubList::checkForComodification (23 bytes)
Event: 6.419 Thread 0x0000000001d0e800 nmethod 1477 0x000000000399d450 code [0x000000000399d580, 0x000000000399d618]
Event: 6.419 Thread 0x0000000001d0e800 1571       4       com.android.dx.util.BitIntSet$1::hasNext (13 bytes)
Event: 6.420 Thread 0x0000000001d0e800 nmethod 1571 0x000000000398dad0 code [0x000000000398dc00, 0x000000000398dc78]
Event: 6.420 Thread 0x0000000001d0e800 1447       4       com.android.dx.ssa.SsaInsn::<init> (29 bytes)
Event: 6.420 Thread 0x0000000001d0e800 nmethod 1447 0x00000000038fc150 code [0x00000000038fc280, 0x00000000038fc318]
Event: 6.420 Thread 0x0000000001d0e800 1440       4       com.android.dx.ssa.SsaMethod::blockIndexToRopLabel (21 bytes)
Event: 6.422 Thread 0x0000000001d0e800 nmethod 1440 0x0000000003ab5650 code [0x0000000003ab57a0, 0x0000000003ab5898]
Event: 6.422 Thread 0x0000000001d0e800 1592       4       com.android.dx.rop.code.RegisterSpecList::set (7 bytes)

GC Heap History (4 events):
Event: 4.557 GC heap before
{Heap before GC invocations=1 (full 0):
 PSYoungGen      total 38400K, used 33280K [0x00000000eab00000, 0x00000000ed580000, 0x0000000100000000)
  eden space 33280K, 100% used [0x00000000eab00000,0x00000000ecb80000,0x00000000ecb80000)
  from space 5120K, 0% used [0x00000000ed080000,0x00000000ed080000,0x00000000ed580000)
  to   space 5120K, 0% used [0x00000000ecb80000,0x00000000ecb80000,0x00000000ed080000)
 ParOldGen       total 87552K, used 0K [0x00000000c0000000, 0x00000000c5580000, 0x00000000eab00000)
  object space 87552K, 0% used [0x00000000c0000000,0x00000000c0000000,0x00000000c5580000)
 Metaspace       used 6030K, capacity 6962K, committed 7040K, reserved 1056768K
  class space    used 597K, capacity 618K, committed 640K, reserved 1048576K
Event: 4.609 GC heap after
Heap after GC invocations=1 (full 0):
 PSYoungGen      total 38400K, used 5092K [0x00000000eab00000, 0x00000000ed580000, 0x0000000100000000)
  eden space 33280K, 0% used [0x00000000eab00000,0x00000000eab00000,0x00000000ecb80000)
  from space 5120K, 99% used [0x00000000ecb80000,0x00000000ed079268,0x00000000ed080000)
  to   space 5120K, 0% used [0x00000000ed080000,0x00000000ed080000,0x00000000ed580000)
 ParOldGen       total 87552K, used 1237K [0x00000000c0000000, 0x00000000c5580000, 0x00000000eab00000)
  object space 87552K, 1% used [0x00000000c0000000,0x00000000c0135678,0x00000000c5580000)
 Metaspace       used 6030K, capacity 6962K, committed 7040K, reserved 1056768K
  class space    used 597K, capacity 618K, committed 640K, reserved 1048576K
}
Event: 6.072 GC heap before
{Heap before GC invocations=2 (full 0):
 PSYoungGen      total 38400K, used 38372K [0x00000000eab00000, 0x00000000ed580000, 0x0000000100000000)
  eden space 33280K, 100% used [0x00000000eab00000,0x00000000ecb80000,0x00000000ecb80000)
  from space 5120K, 99% used [0x00000000ecb80000,0x00000000ed079268,0x00000000ed080000)
  to   space 5120K, 0% used [0x00000000ed080000,0x00000000ed080000,0x00000000ed580000)
 ParOldGen       total 87552K, used 1237K [0x00000000c0000000, 0x00000000c5580000, 0x00000000eab00000)
  object space 87552K, 1% used [0x00000000c0000000,0x00000000c0135678,0x00000000c5580000)
 Metaspace       used 6188K, capacity 7026K, committed 7296K, reserved 1056768K
  class space    used 599K, capacity 618K, committed 640K, reserved 1048576K
Event: 6.207 GC heap after
Heap after GC invocations=2 (full 0):
 PSYoungGen      total 38400K, used 5094K [0x00000000eab00000, 0x00000000ed580000, 0x0000000100000000)
  eden space 33280K, 0% used [0x00000000eab00000,0x00000000eab00000,0x00000000ecb80000)
  from space 5120K, 99% used [0x00000000ed080000,0x00000000ed579ab8,0x00000000ed580000)
  to   space 5120K, 0% used [0x00000000ecb80000,0x00000000ecb80000,0x00000000ed080000)
 ParOldGen       total 87552K, used 5724K [0x00000000c0000000, 0x00000000c5580000, 0x00000000eab00000)
  object space 87552K, 6% used [0x00000000c0000000,0x00000000c05972d8,0x00000000c5580000)
 Metaspace       used 6188K, capacity 7026K, committed 7296K, reserved 1056768K
  class space    used 599K, capacity 618K, committed 640K, reserved 1048576K
}

Deoptimization events (10 events):
Event: 5.224 Thread 0x0000000016432000 Uncommon trap: reason=unstable_if action=reinterpret pc=0x000000000391030c method=com.android.dx.ssa.MoveParamCombiner$1.visitNonMoveInsn(Lcom/android/dx/ssa/NormalSsaInsn;)V @ 27
Event: 5.245 Thread 0x000000001643e800 Uncommon trap: reason=bimorphic action=maybe_recompile pc=0x000000000391beec method=com.android.dx.cf.code.BytecodeArray.parseInstruction(ILcom/android/dx/cf/code/BytecodeArray$Visitor;)I @ 2281
Event: 5.245 Thread 0x000000001643e800 Uncommon trap: reason=bimorphic action=maybe_recompile pc=0x000000000391beec method=com.android.dx.cf.code.BytecodeArray.parseInstruction(ILcom/android/dx/cf/code/BytecodeArray$Visitor;)I @ 2281
Event: 5.283 Thread 0x0000000000dfe000 Uncommon trap: reason=unstable_if action=reinterpret pc=0x000000000374e490 method=java.lang.String.<init>([CII)V @ 18
Event: 5.787 Thread 0x000000001643f000 Uncommon trap: reason=bimorphic action=maybe_recompile pc=0x0000000003889cc8 method=com.android.dx.ssa.SCCP.setLatticeValueTo(IILcom/android/dx/rop/cst/Constant;)Z @ 43
Event: 5.883 Thread 0x000000001643d800 Uncommon trap: reason=bimorphic action=maybe_recompile pc=0x0000000003889a38 method=com.android.dx.ssa.SCCP.simulatePhi(Lcom/android/dx/ssa/PhiInsn;)V @ 124
Event: 5.883 Thread 0x000000001643d800 Uncommon trap: reason=bimorphic action=maybe_recompile pc=0x0000000003889a38 method=com.android.dx.ssa.SCCP.simulatePhi(Lcom/android/dx/ssa/PhiInsn;)V @ 124
Event: 5.886 Thread 0x000000001643d800 Uncommon trap: reason=bimorphic action=maybe_recompile pc=0x0000000003889a38 method=com.android.dx.ssa.SCCP.simulatePhi(Lcom/android/dx/ssa/PhiInsn;)V @ 124
Event: 5.886 Thread 0x000000001643d800 Uncommon trap: reason=bimorphic action=maybe_recompile pc=0x0000000003889a38 method=com.android.dx.ssa.SCCP.simulatePhi(Lcom/android/dx/ssa/PhiInsn;)V @ 124
Event: 5.970 Thread 0x0000000000dfe000 Uncommon trap: reason=unstable_if action=reinterpret pc=0x00000000035eebb8 method=java.lang.String.<init>([CII)V @ 18

Internal exceptions (3 events):
Event: 0.184 Thread 0x0000000000dfe000 Exception <a 'java/lang/NoSuchMethodError': Method sun.misc.Unsafe.defineClass(Ljava/lang/String;[BII)Ljava/lang/Class; name or signature does not match> (0x00000000eab07c78) thrown at [C:\re\workspace\8-2-build-windows-amd64-cygwin\jdk8u102\7268\hotspot\sƒÕˆ1ã†Ç?
Event: 0.184 Thread 0x0000000000dfe000 Exception <a 'java/lang/NoSuchMethodError': Method sun.misc.Unsafe.prefetchRead(Ljava/lang/Object;J)V name or signature does not match> (0x00000000eab07f60) thrown at [C:\re\workspace\8-2-build-windows-amd64-cygwin\jdk8u102\7268\hotspot\src\share\vm\prims\¬ÿüÄÙf@
Event: 3.675 Thread 0x0000000000dfe000 Implicit null exception at 0x000000000370bba2 to 0x000000000370bc9a

Events (10 events):
Event: 5.886 Thread 0x000000001643d800 Uncommon trap: trap_request=0xffffffc6 fr.pc=0x0000000003889a38
Event: 5.886 Thread 0x000000001643d800 DEOPT PACKING pc=0x0000000003889a38 sp=0x0000000016baea80
Event: 5.886 Thread 0x000000001643d800 DEOPT UNPACKING pc=0x000000000344582a sp=0x0000000016baea58 mode 2
Event: 5.970 Thread 0x0000000000dfe000 Uncommon trap: trap_request=0xffffff65 fr.pc=0x00000000035eebb8
Event: 5.970 Thread 0x0000000000dfe000 DEOPT PACKING pc=0x00000000035eebb8 sp=0x000000000098e6a0
Event: 5.970 Thread 0x0000000000dfe000 DEOPT UNPACKING pc=0x000000000344582a sp=0x000000000098e668 mode 2
Event: 5.974 loading class com/android/dx/cf/attrib/AttExceptions
Event: 5.974 loading class com/android/dx/cf/attrib/AttExceptions done
Event: 5.978 Executing VM operation: ParallelGCFailedAllocation
Event: 6.207 Executing VM operation: ParallelGCFailedAllocation done


Dynamic libraries:
0x00007ff60a4e0000 - 0x00007ff60a517000 	C:\Program Files\Java\jdk1.8.0_102\bin\java.exe
0x00007ffde1c50000 - 0x00007ffde1dfd000 	C:\Windows\SYSTEM32\ntdll.dll
0x00007ffddf310000 - 0x00007ffddf44e000 	C:\Windows\system32\KERNEL32.DLL
0x00007ffddeef0000 - 0x00007ffddf005000 	C:\Windows\system32\KERNELBASE.dll
0x00007ffddd930000 - 0x00007ffddd9be000 	C:\Windows\system32\apphelp.dll
0x00007ffdc1e50000 - 0x00007ffdc1ea3000 	C:\Windows\AppPatch\AppPatch64\AcGenral.DLL
0x00007ffde0ea0000 - 0x00007ffde0f4a000 	C:\Windows\system32\msvcrt.dll
0x00007ffddf0c0000 - 0x00007ffddf0ee000 	C:\Windows\system32\SspiCli.dll
0x00007ffde1bf0000 - 0x00007ffde1c44000 	C:\Windows\system32\SHLWAPI.dll
0x00007ffde11f0000 - 0x00007ffde1367000 	C:\Windows\system32\USER32.dll
0x00007ffde1a50000 - 0x00007ffde1be4000 	C:\Windows\system32\ole32.dll
0x00007ffddf770000 - 0x00007ffde0c99000 	C:\Windows\system32\SHELL32.dll
0x00007ffdde390000 - 0x00007ffdde3b1000 	C:\Windows\SYSTEM32\USERENV.dll
0x00007ffde0cb0000 - 0x00007ffde0d5a000 	C:\Windows\system32\ADVAPI32.dll
0x00007ffdd0870000 - 0x00007ffdd088e000 	C:\Windows\SYSTEM32\MPR.dll
0x00007ffde1910000 - 0x00007ffde1a50000 	C:\Windows\system32\RPCRT4.dll
0x00007ffde1190000 - 0x00007ffde11e9000 	C:\Windows\SYSTEM32\sechost.dll
0x00007ffde1380000 - 0x00007ffde1592000 	C:\Windows\SYSTEM32\combase.dll
0x00007ffddf5b0000 - 0x00007ffddf6fb000 	C:\Windows\system32\GDI32.dll
0x00007ffdded70000 - 0x00007ffdded85000 	C:\Windows\SYSTEM32\profapi.dll
0x00007ffddd340000 - 0x00007ffddd3f2000 	C:\Windows\SYSTEM32\SHCORE.dll
0x00007ffddf2d0000 - 0x00007ffddf306000 	C:\Windows\system32\IMM32.DLL
0x00007ffddf450000 - 0x00007ffddf5a2000 	C:\Windows\system32\MSCTF.dll
0x00007ffddcca0000 - 0x00007ffddcf1b000 	C:\Windows\WinSxS\amd64_microsoft.windows.common-controls_6595b64144ccf1df_6.0.9600.18006_none_623f33d3ecbe86e8\COMCTL32.dll
0x00000000691d0000 - 0x00000000692a1000 	C:\Program Files\Java\jdk1.8.0_102\jre\bin\msvcr100.dll
0x0000000068930000 - 0x00000000691ca000 	C:\Program Files\Java\jdk1.8.0_102\jre\bin\server\jvm.dll
0x00007ffdd50e0000 - 0x00007ffdd50e9000 	C:\Windows\SYSTEM32\WSOCK32.dll
0x00007ffdda5c0000 - 0x00007ffdda5e2000 	C:\Windows\SYSTEM32\WINMM.dll
0x00007ffdda5f0000 - 0x00007ffdda5fa000 	C:\Windows\SYSTEM32\VERSION.dll
0x00007ffde0ca0000 - 0x00007ffde0ca7000 	C:\Windows\system32\PSAPI.DLL
0x00007ffde0d60000 - 0x00007ffde0dba000 	C:\Windows\system32\WS2_32.dll
0x00007ffdda580000 - 0x00007ffdda5aa000 	C:\Windows\SYSTEM32\WINMMBASE.dll
0x00007ffddf700000 - 0x00007ffddf709000 	C:\Windows\system32\NSI.dll
0x00007ffddf070000 - 0x00007ffddf0bf000 	C:\Windows\SYSTEM32\cfgmgr32.dll
0x00007ffdddba0000 - 0x00007ffdddbc8000 	C:\Windows\SYSTEM32\DEVOBJ.dll
0x0000000068920000 - 0x000000006892f000 	C:\Program Files\Java\jdk1.8.0_102\jre\bin\verify.dll
0x00000000688f0000 - 0x0000000068919000 	C:\Program Files\Java\jdk1.8.0_102\jre\bin\java.dll
0x00000000688d0000 - 0x00000000688e6000 	C:\Program Files\Java\jdk1.8.0_102\jre\bin\zip.dll

VM Arguments:
jvm_args: -Djava.awt.headless=true -Xmx1024M -Dfile.encoding=windows-1252 -Duser.country=IN -Duser.language=en -Duser.variant 
java_command: com.android.dx.command.Main --dex --num-threads=4 --output C:\Users\Padhavi\Downloads\android files\ngoconnect\app\build\intermediates\pre-dexed\debug\com.google.firebase-firebase-database-10.0.1_cabd3433895d8b22c2c2602c69cd18becd1ed857.jar C:\Users\Padhavi\Downloads\android files\ngoconnect\app\build\intermediates\exploded-aar\com.google.firebase\firebase-database\10.0.1\jars\classes.jar
java_class_path (initial): C:\Users\Padhavi\AppData\Local\Android\sdk\build-tools\24.0.3\lib\dx.jar
Launcher Type: SUN_STANDARD

Environment Variables:
JAVA_HOME=C:\Program Files\Java\jdk1.8.0_121
PATH=C:\oraclexe\app\oracle\product\11.2.0\server\bin;C:\ProgramData\Oracle\Java\javapath;C:\Program Files\Broadcom\Broadcom 802.11;C:\Program Files (x86)\NVIDIA Corporation\PhysX\Common;C:\Program Files (x86)\Intel\iCLS Client\;C:\Program Files\Intel\iCLS Client\;C:\Windows\system32;C:\Windows;C:\Windows\System32\Wbem;C:\Windows\System32\WindowsPowerShell\v1.0\;C:\Program Files\Hewlett-Packard\SimplePass\;C:\Program Files\Intel\Intel(R) Management Engine Components\DAL;C:\Program Files\Intel\Intel(R) Management Engine Components\IPT;C:\Program Files (x86)\Intel\Intel(R) Management Engine Components\DAL;C:\Program Files (x86)\Intel\Intel(R) Management Engine Components\IPT;C:\Program Files (x86)\Windows Live\Shared;C:\Program Files (x86)\Common Files\lenovo\easyplussdk\bin;C:\Program Files\MATLAB\R2016a\bin;C:\Program Files\nodejs\;C:\Program Files\Git\cmd;C:\Users\Padhavi\AppData\Roaming\npm;C:\Program Files\PuTTY\;C:\oraclexe\app\oracle\product\11.2.0\server\bin;;C:\ProgramData\Oracle\Java\javapath;C:\Program Files\Broadcom\Broadcom 802.11;C:\Program Files (x86)\NVIDIA Corporation\PhysX\Common;C:\Program Files (x86)\Intel\iCLS Client\;C:\Program Files\Intel\iCLS Client\;C:\Windows\system32;C:\Windows;C:\Windows\System32\Wbem;C:\Windows\System32\WindowsPowerShell\v1.0\;C:\Program Files\Hewlett-Packard\SimplePass\;C:\Program Files\Intel\Intel(R) Management Engine Components\DAL;C:\Program Files\Intel\Intel(R) Management Engine Components\IPT;C:\Program Files (x86)\Intel\Intel(R) Management Engine Components\DAL;C:\Program Files (x86)\Intel\Intel(R) Management Engine Components\IPT;C:\Program Files (x86)\Windows Live\Shared;C:\Program Files (x86)\Common Files\lenovo\easyplussdk\bin;C:\Program Files\MATLAB\R2016a\bin;C:\Program Files\nodejs\;C:\Program Files (x86)\Skype\Phone\;c:\Python27\;C:\Python34\Scripts
USERNAME=Padhavi
OS=Windows_NT
PROCESSOR_IDENTIFIER=Intel64 Family 6 Model 69 Stepping 1, GenuineIntel



---------------  S Y S T E M  ---------------

OS: Windows 8.1 , 64 bit Build 9600 (6.3.9600.17415)

CPU:total 4 (2 cores per cpu, 2 threads per core) family 6 model 69 stepping 1, cmov, cx8, fxsr, mmx, sse, sse2, sse3, ssse3, sse4.1, sse4.2, popcnt, avx, avx2, aes, clmul, erms, lzcnt, ht, tsc, tscinvbit, bmi1, bmi2

Memory: 4k page, physical 8317080k(1138876k free), swap 11462808k(5088k free)

vm_info: Java HotSpot(TM) 64-Bit Server VM (25.102-b14) for windows-amd64 JRE (1.8.0_102-b14), built on Jun 22 2016 13:15:21 by "java_re" with MS VC++ 10.0 (VS2010)

time: Sun Jul 09 04:29:11 2017
elapsed time: 6 seconds (0d 0h 0m 6s)

