JvmtiExport can_access_local_variables 0
JvmtiExport can_hotswap_or_post_breakpoint 0
JvmtiExport can_post_on_exceptions 0
# 293 ciObject found
ciMethod java/lang/Object <init> ()V 4097 1 545603 0 0
ciMethod java/lang/Object getClass ()Ljava/lang/Class; 3073 1 384 0 -1
ciMethod java/lang/Object equals (Ljava/lang/Object;)Z 4097 1 23936 0 -1
ciMethod java/util/Collection iterator ()Ljava/util/Iterator; 0 0 1 0 -1
ciMethod java/util/List iterator ()Ljava/util/Iterator; 0 0 1 0 -1
ciMethod java/util/AbstractList <init> ()V 2649 1 89030 0 32
ciMethod java/util/AbstractCollection <init> ()V 281 1 109184 0 0
ciMethod java/util/ArrayList <init> ()V 2129 1 54957 0 64
ciMethod java/util/ArrayList ensureCapacityInternal (I)V 641 1 184836 0 0
ciMethod java/util/ArrayList ensureExplicitCapacity (I)V 641 1 188904 0 544
ciMethod java/util/ArrayList grow (I)V 89 1 10259 0 544
ciMethod java/util/ArrayList hugeCapacity (I)I 0 0 1 0 -1
ciMethod java/util/ArrayList size ()I 1089 1 136 0 0
ciMethod java/util/ArrayList elementData (I)Ljava/lang/Object; 10825 1 695720 0 0
ciMethod java/util/ArrayList get (I)Ljava/lang/Object; 1977 1 678872 0 128
ciMethod java/util/ArrayList add (Ljava/lang/Object;)Z 641 1 180419 0 736
ciMethod java/util/ArrayList rangeCheck (I)V 1977 1 694295 0 0
ciMethod java/util/ArrayList iterator ()Ljava/util/Iterator; 2105 1 91029 0 192
ciMethod java/util/ArrayList access$100 (Ljava/util/ArrayList;)I 1425 1 178 0 0
ciMethod java/util/Collections unmodifiableList (Ljava/util/List;)Ljava/util/List; 4097 1 13434 0 0
ciMethod java/util/Collections$UnmodifiableRandomAccessList <init> (Ljava/util/List;)V 4097 1 13462 0 0
ciMethod java/util/Collections$UnmodifiableList <init> (Ljava/util/List;)V 4097 1 13494 0 0
ciMethod java/util/Collections$UnmodifiableCollection <init> (Ljava/util/Collection;)V 4097 1 13750 0 0
ciMethod java/util/Collections$UnmodifiableCollection iterator ()Ljava/util/Iterator; 4097 1 6824 0 640
ciMethod java/lang/Math max (II)I 233 1 45331 0 -1
ciMethod java/util/Iterator hasNext ()Z 0 0 1 0 -1
ciMethod java/util/Iterator next ()Ljava/lang/Object; 0 0 1 0 -1
ciMethod java/util/Arrays copyOf ([Ljava/lang/Object;I)[Ljava/lang/Object; 3249 1 21480 0 0
ciMethod java/util/Arrays copyOf ([Ljava/lang/Object;ILjava/lang/Class;)[Ljava/lang/Object; 3337 1 5622 0 -1
ciMethodData java/lang/Object <init> ()V 2 545663 orig 264 72 34 241 104 0 0 0 0 128 4 182 20 0 0 0 0 32 1 0 0 0 0 0 0 0 0 0 0 0 0 0 0 0 0 0 0 0 0 0 0 0 0 0 0 0 0 0 0 0 0 0 0 0 0 0 0 0 0 0 0 0 0 0 0 0 0 0 0 0 0 0 0 0 0 0 0 0 0 0 0 77 68 79 32 101 120 116 114 97 32 100 97 116 97 32 108 111 99 107 0 0 0 0 0 0 0 0 0 0 0 0 0 0 0 0 0 0 0 0 0 0 0 0 0 0 0 0 0 0 0 0 0 0 0 0 0 0 0 0 0 0 0 0 0 0 0 0 0 0 0 0 0 0 0 0 0 0 0 0 0 0 0 0 0 0 0 0 0 0 0 0 0 0 0 0 0 0 0 0 0 0 0 0 0 1 0 0 0 0 0 0 0 1 0 0 0 0 0 0 0 1 0 0 0 0 0 0 0 0 0 0 0 0 0 0 0 0 2 0 0 241 139 66 0 1 0 0 0 0 0 0 0 0 0 0 0 2 0 0 0 0 0 3 0 1 0 0 0 0 0 0 0 255 255 255 255 0 0 0 0 0 0 0 0 data 0 oops 0
ciMethod java/util/BitSet wordIndex (I)I 4097 1 52052 0 0
ciMethod java/util/BitSet checkInvariants ()V 2049 1 5742 0 32
ciMethod java/util/BitSet get (I)Z 1585 1 5318 0 160
ciMethod java/util/TreeMap getFirstEntry ()Ljava/util/TreeMap$Entry; 3073 1569 1494 0 0
ciMethod java/util/TreeMap successor (Ljava/util/TreeMap$Entry;)Ljava/util/TreeMap$Entry; 4097 1385 5906 0 0
ciMethod java/util/TreeMap access$100 (Ljava/util/TreeMap;)I 1833 1 229 0 0
ciMethodData java/util/ArrayList add (Ljava/lang/Object;)Z 2 181716 orig 264 72 34 241 104 0 0 0 0 32 219 194 20 0 0 0 0 144 1 0 0 0 0 0 0 0 0 0 0 0 0 0 0 0 0 0 0 0 0 0 0 0 0 0 0 0 0 0 0 0 0 0 0 0 0 0 0 0 0 0 0 0 0 0 0 0 0 0 0 0 0 0 0 0 0 0 0 0 0 0 0 77 68 79 32 101 120 116 114 97 32 100 97 116 97 32 108 111 99 107 0 0 0 0 0 0 0 0 0 0 0 0 0 0 0 0 0 0 0 0 0 0 0 0 0 0 0 0 0 0 0 0 0 0 0 0 0 0 0 0 0 0 0 0 0 0 0 0 0 0 0 0 0 0 0 0 0 0 0 0 0 0 0 0 0 0 0 0 0 0 0 0 0 0 0 0 0 0 0 0 0 0 0 0 0 17 0 0 0 0 0 0 0 0 0 0 0 0 0 0 0 1 0 0 0 0 0 0 0 0 0 0 0 0 0 0 0 80 0 0 0 33 44 22 0 1 0 0 0 0 0 0 0 0 0 0 0 2 0 0 0 0 0 15 0 2 0 0 0 64 0 0 0 255 255 255 255 2 0 7 0 0 0 0 0 data 8 0x70002 0x2c5c1 0x1a0104 0x0 0x186b6820 0x38 0x186b68d0 0x11 oops 2